[0.000000] (-) TimerEvent: {}
[0.000509] (udemy_ros2_pkg) JobQueued: {'identifier': 'udemy_ros2_pkg', 'dependencies': OrderedDict()}
[0.000609] (udemy_ros2_pkg) JobStarted: {'identifier': 'udemy_ros2_pkg'}
[0.006973] (udemy_ros2_pkg) JobProgress: {'identifier': 'udemy_ros2_pkg', 'progress': 'cmake'}
[0.007680] (udemy_ros2_pkg) JobProgress: {'identifier': 'udemy_ros2_pkg', 'progress': 'build'}
[0.008217] (udemy_ros2_pkg) Command: {'cmd': ['/usr/bin/cmake', '--build', '/home/mhpromit7473/Workspaces/ros2_py_ws/build/udemy_ros2_pkg', '--', '-j12', '-l12'], 'cwd': '/home/mhpromit7473/Workspaces/ros2_py_ws/build/udemy_ros2_pkg', 'env': OrderedDict([('GJS_DEBUG_TOPICS', 'JS ERROR;JS LOG'), ('LESSOPEN', '| /usr/bin/lesspipe %s'), ('USER', 'mhpromit7473'), ('LC_TIME', 'en_US.UTF-8'), ('XDG_SESSION_TYPE', 'wayland'), ('GIT_ASKPASS', '/usr/share/code/resources/app/extensions/git/dist/askpass.sh'), ('SHLVL', '1'), ('LD_LIBRARY_PATH', '/home/mhpromit7473/Workspaces/ros2_py_ws/install/udemy_ros2_pkg/lib:/opt/ros/humble/opt/rviz_ogre_vendor/lib:/opt/ros/humble/lib/x86_64-linux-gnu:/opt/ros/humble/lib'), ('HOME', '/home/mhpromit7473'), ('CHROME_DESKTOP', 'code-url-handler.desktop'), ('TERM_PROGRAM_VERSION', '1.94.0'), ('DESKTOP_SESSION', 'ubuntu'), ('GIO_LAUNCHED_DESKTOP_FILE', '/usr/share/applications/code.desktop'), ('ROS_PYTHON_VERSION', '3'), ('GNOME_SHELL_SESSION_MODE', 'ubuntu'), ('GTK_MODULES', 'gail:atk-bridge'), ('VSCODE_GIT_ASKPASS_MAIN', '/usr/share/code/resources/app/extensions/git/dist/askpass-main.js'), ('LC_MONETARY', 'en_US.UTF-8'), ('VSCODE_GIT_ASKPASS_NODE', '/usr/share/code/code'), ('MANAGERPID', '88752'), ('SYSTEMD_EXEC_PID', '88953'), ('IM_CONFIG_CHECK_ENV', '1'), ('DBUS_SESSION_BUS_ADDRESS', 'unix:path=/run/user/1000/bus'), ('COLORTERM', 'truecolor'), ('GIO_LAUNCHED_DESKTOP_FILE_PID', '100736'), ('IM_CONFIG_PHASE', '1'), ('WAYLAND_DISPLAY', 'wayland-0'), ('COLCON_PREFIX_PATH', '/home/mhpromit7473/Workspaces/ros2_py_ws/install'), ('ROS_DISTRO', 'humble'), ('LOGNAME', 'mhpromit7473'), ('JOURNAL_STREAM', '8:3660610'), ('_', '/usr/bin/colcon'), ('ROS_VERSION', '2'), ('XDG_SESSION_CLASS', 'user'), ('USERNAME', 'mhpromit7473'), ('TERM', 'xterm-256color'), ('GNOME_DESKTOP_SESSION_ID', 'this-is-deprecated'), ('ROS_LOCALHOST_ONLY', '0'), ('PATH', '/home/mhpromit7473/.local/bin:/opt/ros/humble/bin:/home/mhpromit7473/.local/bin:/usr/local/sbin:/usr/local/bin:/usr/sbin:/usr/bin:/sbin:/bin:/usr/games:/usr/local/games:/snap/bin:/snap/bin'), ('SESSION_MANAGER', 'local/rosdev:@/tmp/.ICE-unix/88924,unix/rosdev:/tmp/.ICE-unix/88924'), ('INVOCATION_ID', '28115835f77a4b959e3938aa7ec5d0ac'), ('PAPERSIZE', 'letter'), ('XDG_MENU_PREFIX', 'gnome-'), ('LC_ADDRESS', 'en_US.UTF-8'), ('GNOME_SETUP_DISPLAY', ':1'), ('XDG_RUNTIME_DIR', '/run/user/1000'), ('GDK_BACKEND', 'x11'), ('DISPLAY', ':0'), ('LANG', 'en_US.UTF-8'), ('XDG_CURRENT_DESKTOP', 'Unity'), ('LC_TELEPHONE', 'en_US.UTF-8'), ('XMODIFIERS', '@im=ibus'), ('XDG_SESSION_DESKTOP', 'ubuntu'), ('XAUTHORITY', '/run/user/1000/.mutter-Xwaylandauth.SA2FV2'), ('LS_COLORS', ''), ('VSCODE_GIT_IPC_HANDLE', '/run/user/1000/vscode-git-9b70c361e7.sock'), ('TERM_PROGRAM', 'vscode'), ('SSH_AGENT_LAUNCHER', 'gnome-keyring'), ('SSH_AUTH_SOCK', '/run/user/1000/keyring/ssh'), ('AMENT_PREFIX_PATH', '/home/mhpromit7473/Workspaces/ros2_py_ws/install/udemy_ros2_pkg:/opt/ros/humble'), ('ORIGINAL_XDG_CURRENT_DESKTOP', 'ubuntu:GNOME'), ('SHELL', '/bin/bash'), ('LC_NAME', 'en_US.UTF-8'), ('QT_ACCESSIBILITY', '1'), ('GDMSESSION', 'ubuntu'), ('LESSCLOSE', '/usr/bin/lesspipe %s %s'), ('LC_MEASUREMENT', 'en_US.UTF-8'), ('GJS_DEBUG_OUTPUT', 'stderr'), ('LC_IDENTIFICATION', 'en_US.UTF-8'), ('VSCODE_GIT_ASKPASS_EXTRA_ARGS', ''), ('QT_IM_MODULE', 'ibus'), ('PWD', '/home/mhpromit7473/Workspaces/ros2_py_ws/build/udemy_ros2_pkg'), ('LC_ALL', 'en_US.UTF-8'), ('XDG_CONFIG_DIRS', '/etc/xdg/xdg-ubuntu:/etc/xdg'), ('XDG_DATA_DIRS', '/usr/share/ubuntu:/usr/local/share/:/usr/share/:/var/lib/snapd/desktop'), ('PYTHONPATH', '/home/mhpromit7473/Workspaces/ros2_py_ws/install/udemy_ros2_pkg/local/lib/python3.10/dist-packages:/opt/ros/humble/lib/python3.10/site-packages:/opt/ros/humble/local/lib/python3.10/dist-packages'), ('LC_NUMERIC', 'en_US.UTF-8'), ('LC_PAPER', 'en_US.UTF-8'), ('COLCON', '1'), ('CMAKE_PREFIX_PATH', '/home/mhpromit7473/Workspaces/ros2_py_ws/install/udemy_ros2_pkg:/opt/ros/humble')]), 'shell': False}
[0.080619] (udemy_ros2_pkg) StdoutLine: {'line': b'[  2%] Built target udemy_ros2_pkg__cpp\n'}
[0.086734] (udemy_ros2_pkg) StdoutLine: {'line': b'[ 12%] Built target udemy_ros2_pkg__rosidl_generator_c\n'}
[0.092211] (udemy_ros2_pkg) StdoutLine: {'line': b'[ 12%] Built target ament_cmake_python_symlink_udemy_ros2_pkg\n'}
[0.095546] (udemy_ros2_pkg) StdoutLine: {'line': b'[ 12%] Built target ament_cmake_python_symlink_scripts\n'}
[0.099863] (-) TimerEvent: {}
[0.111222] (udemy_ros2_pkg) StdoutLine: {'line': b'[ 23%] Built target udemy_ros2_pkg__rosidl_typesupport_cpp\n'}
[0.112766] (udemy_ros2_pkg) StdoutLine: {'line': b'[ 34%] Built target udemy_ros2_pkg__rosidl_typesupport_introspection_cpp\n'}
[0.115649] (udemy_ros2_pkg) StdoutLine: {'line': b'[ 44%] Built target udemy_ros2_pkg__rosidl_typesupport_c\n'}
[0.117503] (udemy_ros2_pkg) StdoutLine: {'line': b'[ 57%] Built target udemy_ros2_pkg__rosidl_typesupport_introspection_c\n'}
[0.117789] (udemy_ros2_pkg) StdoutLine: {'line': b'[ 65%] Built target udemy_ros2_pkg__rosidl_typesupport_fastrtps_cpp\n'}
[0.123450] (udemy_ros2_pkg) StdoutLine: {'line': b'[ 76%] Built target udemy_ros2_pkg__rosidl_typesupport_fastrtps_c\n'}
[0.142543] (udemy_ros2_pkg) StdoutLine: {'line': b'[ 76%] Built target udemy_ros2_pkg\n'}
[0.163386] (udemy_ros2_pkg) StdoutLine: {'line': b'[ 78%] Built target udemy_ros2_pkg__py\n'}
[0.187450] (udemy_ros2_pkg) StdoutLine: {'line': b'[ 87%] Built target udemy_ros2_pkg__rosidl_generator_py\n'}
[0.199961] (-) TimerEvent: {}
[0.212772] (udemy_ros2_pkg) StdoutLine: {'line': b'[100%] Built target udemy_ros2_pkg__rosidl_typesupport_c__pyext\n'}
[0.213075] (udemy_ros2_pkg) StdoutLine: {'line': b'[100%] Built target udemy_ros2_pkg__rosidl_typesupport_introspection_c__pyext\n'}
[0.213186] (udemy_ros2_pkg) StdoutLine: {'line': b'[100%] Built target udemy_ros2_pkg__rosidl_typesupport_fastrtps_c__pyext\n'}
[0.269652] (udemy_ros2_pkg) StdoutLine: {'line': b'running egg_info\n'}
[0.270075] (udemy_ros2_pkg) StdoutLine: {'line': b'writing scripts.egg-info/PKG-INFO\n'}
[0.270267] (udemy_ros2_pkg) StdoutLine: {'line': b'writing dependency_links to scripts.egg-info/dependency_links.txt\n'}
[0.270356] (udemy_ros2_pkg) StdoutLine: {'line': b'writing top-level names to scripts.egg-info/top_level.txt\n'}
[0.272128] (udemy_ros2_pkg) StdoutLine: {'line': b"reading manifest file 'scripts.egg-info/SOURCES.txt'\n"}
[0.272574] (udemy_ros2_pkg) StdoutLine: {'line': b"writing manifest file 'scripts.egg-info/SOURCES.txt'\n"}
[0.281666] (udemy_ros2_pkg) StdoutLine: {'line': b'running egg_info\n'}
[0.282306] (udemy_ros2_pkg) StdoutLine: {'line': b'writing udemy_ros2_pkg.egg-info/PKG-INFO\n'}
[0.282438] (udemy_ros2_pkg) StdoutLine: {'line': b'writing dependency_links to udemy_ros2_pkg.egg-info/dependency_links.txt\n'}
[0.282648] (udemy_ros2_pkg) StdoutLine: {'line': b'writing top-level names to udemy_ros2_pkg.egg-info/top_level.txt\n'}
[0.284188] (udemy_ros2_pkg) StdoutLine: {'line': b"reading manifest file 'udemy_ros2_pkg.egg-info/SOURCES.txt'\n"}
[0.284727] (udemy_ros2_pkg) StdoutLine: {'line': b"writing manifest file 'udemy_ros2_pkg.egg-info/SOURCES.txt'\n"}
[0.296000] (udemy_ros2_pkg) StdoutLine: {'line': b'[100%] Built target ament_cmake_python_build_scripts_egg\n'}
[0.300044] (-) TimerEvent: {}
[0.306997] (udemy_ros2_pkg) StdoutLine: {'line': b'[100%] Built target ament_cmake_python_build_udemy_ros2_pkg_egg\n'}
[0.316500] (udemy_ros2_pkg) CommandEnded: {'returncode': 0}
[0.398633] (udemy_ros2_pkg) JobProgress: {'identifier': 'udemy_ros2_pkg', 'progress': 'install'}
[0.400123] (-) TimerEvent: {}
[0.407905] (udemy_ros2_pkg) Command: {'cmd': ['/usr/bin/cmake', '--install', '/home/mhpromit7473/Workspaces/ros2_py_ws/build/udemy_ros2_pkg'], 'cwd': '/home/mhpromit7473/Workspaces/ros2_py_ws/build/udemy_ros2_pkg', 'env': OrderedDict([('GJS_DEBUG_TOPICS', 'JS ERROR;JS LOG'), ('LESSOPEN', '| /usr/bin/lesspipe %s'), ('USER', 'mhpromit7473'), ('LC_TIME', 'en_US.UTF-8'), ('XDG_SESSION_TYPE', 'wayland'), ('GIT_ASKPASS', '/usr/share/code/resources/app/extensions/git/dist/askpass.sh'), ('SHLVL', '1'), ('LD_LIBRARY_PATH', '/home/mhpromit7473/Workspaces/ros2_py_ws/install/udemy_ros2_pkg/lib:/opt/ros/humble/opt/rviz_ogre_vendor/lib:/opt/ros/humble/lib/x86_64-linux-gnu:/opt/ros/humble/lib'), ('HOME', '/home/mhpromit7473'), ('CHROME_DESKTOP', 'code-url-handler.desktop'), ('TERM_PROGRAM_VERSION', '1.94.0'), ('DESKTOP_SESSION', 'ubuntu'), ('GIO_LAUNCHED_DESKTOP_FILE', '/usr/share/applications/code.desktop'), ('ROS_PYTHON_VERSION', '3'), ('GNOME_SHELL_SESSION_MODE', 'ubuntu'), ('GTK_MODULES', 'gail:atk-bridge'), ('VSCODE_GIT_ASKPASS_MAIN', '/usr/share/code/resources/app/extensions/git/dist/askpass-main.js'), ('LC_MONETARY', 'en_US.UTF-8'), ('VSCODE_GIT_ASKPASS_NODE', '/usr/share/code/code'), ('MANAGERPID', '88752'), ('SYSTEMD_EXEC_PID', '88953'), ('IM_CONFIG_CHECK_ENV', '1'), ('DBUS_SESSION_BUS_ADDRESS', 'unix:path=/run/user/1000/bus'), ('COLORTERM', 'truecolor'), ('GIO_LAUNCHED_DESKTOP_FILE_PID', '100736'), ('IM_CONFIG_PHASE', '1'), ('WAYLAND_DISPLAY', 'wayland-0'), ('COLCON_PREFIX_PATH', '/home/mhpromit7473/Workspaces/ros2_py_ws/install'), ('ROS_DISTRO', 'humble'), ('LOGNAME', 'mhpromit7473'), ('JOURNAL_STREAM', '8:3660610'), ('_', '/usr/bin/colcon'), ('ROS_VERSION', '2'), ('XDG_SESSION_CLASS', 'user'), ('USERNAME', 'mhpromit7473'), ('TERM', 'xterm-256color'), ('GNOME_DESKTOP_SESSION_ID', 'this-is-deprecated'), ('ROS_LOCALHOST_ONLY', '0'), ('PATH', '/home/mhpromit7473/.local/bin:/opt/ros/humble/bin:/home/mhpromit7473/.local/bin:/usr/local/sbin:/usr/local/bin:/usr/sbin:/usr/bin:/sbin:/bin:/usr/games:/usr/local/games:/snap/bin:/snap/bin'), ('SESSION_MANAGER', 'local/rosdev:@/tmp/.ICE-unix/88924,unix/rosdev:/tmp/.ICE-unix/88924'), ('INVOCATION_ID', '28115835f77a4b959e3938aa7ec5d0ac'), ('PAPERSIZE', 'letter'), ('XDG_MENU_PREFIX', 'gnome-'), ('LC_ADDRESS', 'en_US.UTF-8'), ('GNOME_SETUP_DISPLAY', ':1'), ('XDG_RUNTIME_DIR', '/run/user/1000'), ('GDK_BACKEND', 'x11'), ('DISPLAY', ':0'), ('LANG', 'en_US.UTF-8'), ('XDG_CURRENT_DESKTOP', 'Unity'), ('LC_TELEPHONE', 'en_US.UTF-8'), ('XMODIFIERS', '@im=ibus'), ('XDG_SESSION_DESKTOP', 'ubuntu'), ('XAUTHORITY', '/run/user/1000/.mutter-Xwaylandauth.SA2FV2'), ('LS_COLORS', ''), ('VSCODE_GIT_IPC_HANDLE', '/run/user/1000/vscode-git-9b70c361e7.sock'), ('TERM_PROGRAM', 'vscode'), ('SSH_AGENT_LAUNCHER', 'gnome-keyring'), ('SSH_AUTH_SOCK', '/run/user/1000/keyring/ssh'), ('AMENT_PREFIX_PATH', '/home/mhpromit7473/Workspaces/ros2_py_ws/install/udemy_ros2_pkg:/opt/ros/humble'), ('ORIGINAL_XDG_CURRENT_DESKTOP', 'ubuntu:GNOME'), ('SHELL', '/bin/bash'), ('LC_NAME', 'en_US.UTF-8'), ('QT_ACCESSIBILITY', '1'), ('GDMSESSION', 'ubuntu'), ('LESSCLOSE', '/usr/bin/lesspipe %s %s'), ('LC_MEASUREMENT', 'en_US.UTF-8'), ('GJS_DEBUG_OUTPUT', 'stderr'), ('LC_IDENTIFICATION', 'en_US.UTF-8'), ('VSCODE_GIT_ASKPASS_EXTRA_ARGS', ''), ('QT_IM_MODULE', 'ibus'), ('PWD', '/home/mhpromit7473/Workspaces/ros2_py_ws/build/udemy_ros2_pkg'), ('LC_ALL', 'en_US.UTF-8'), ('XDG_CONFIG_DIRS', '/etc/xdg/xdg-ubuntu:/etc/xdg'), ('XDG_DATA_DIRS', '/usr/share/ubuntu:/usr/local/share/:/usr/share/:/var/lib/snapd/desktop'), ('PYTHONPATH', '/home/mhpromit7473/Workspaces/ros2_py_ws/install/udemy_ros2_pkg/local/lib/python3.10/dist-packages:/opt/ros/humble/lib/python3.10/site-packages:/opt/ros/humble/local/lib/python3.10/dist-packages'), ('LC_NUMERIC', 'en_US.UTF-8'), ('LC_PAPER', 'en_US.UTF-8'), ('COLCON', '1'), ('CMAKE_PREFIX_PATH', '/home/mhpromit7473/Workspaces/ros2_py_ws/install/udemy_ros2_pkg:/opt/ros/humble')]), 'shell': False}
[0.415775] (udemy_ros2_pkg) StdoutLine: {'line': b'-- Install configuration: ""\n'}
[0.416451] (udemy_ros2_pkg) StdoutLine: {'line': b'-- Execute custom install script\n'}
[0.416626] (udemy_ros2_pkg) StdoutLine: {'line': b'-- Up-to-date symlink: /home/mhpromit7473/Workspaces/ros2_py_ws/install/udemy_ros2_pkg/share/ament_index/resource_index/rosidl_interfaces/udemy_ros2_pkg\n'}
[0.417046] (udemy_ros2_pkg) StdoutLine: {'line': b'-- Up-to-date symlink: /home/mhpromit7473/Workspaces/ros2_py_ws/install/udemy_ros2_pkg/include/udemy_ros2_pkg/udemy_ros2_pkg/action/detail/navigate__functions.h\n'}
[0.417198] (udemy_ros2_pkg) StdoutLine: {'line': b'-- Up-to-date symlink: /home/mhpromit7473/Workspaces/ros2_py_ws/install/udemy_ros2_pkg/include/udemy_ros2_pkg/udemy_ros2_pkg/action/detail/navigate__struct.h\n'}
[0.417291] (udemy_ros2_pkg) StdoutLine: {'line': b'-- Up-to-date symlink: /home/mhpromit7473/Workspaces/ros2_py_ws/install/udemy_ros2_pkg/include/udemy_ros2_pkg/udemy_ros2_pkg/action/detail/navigate__type_support.h\n'}
[0.417390] (udemy_ros2_pkg) StdoutLine: {'line': b'-- Up-to-date symlink: /home/mhpromit7473/Workspaces/ros2_py_ws/install/udemy_ros2_pkg/include/udemy_ros2_pkg/udemy_ros2_pkg/action/navigate.h\n'}
[0.417522] (udemy_ros2_pkg) StdoutLine: {'line': b'-- Up-to-date symlink: /home/mhpromit7473/Workspaces/ros2_py_ws/install/udemy_ros2_pkg/include/udemy_ros2_pkg/udemy_ros2_pkg/msg/rosidl_generator_c__visibility_control.h\n'}
[0.417616] (udemy_ros2_pkg) StdoutLine: {'line': b'-- Up-to-date symlink: /home/mhpromit7473/Workspaces/ros2_py_ws/install/udemy_ros2_pkg/include/udemy_ros2_pkg/udemy_ros2_pkg/srv/detail/odd_even_check__functions.h\n'}
[0.417717] (udemy_ros2_pkg) StdoutLine: {'line': b'-- Up-to-date symlink: /home/mhpromit7473/Workspaces/ros2_py_ws/install/udemy_ros2_pkg/include/udemy_ros2_pkg/udemy_ros2_pkg/srv/detail/odd_even_check__struct.h\n'}
[0.417815] (udemy_ros2_pkg) StdoutLine: {'line': b'-- Up-to-date symlink: /home/mhpromit7473/Workspaces/ros2_py_ws/install/udemy_ros2_pkg/include/udemy_ros2_pkg/udemy_ros2_pkg/srv/detail/odd_even_check__type_support.h\n'}
[0.417905] (udemy_ros2_pkg) StdoutLine: {'line': b'-- Up-to-date symlink: /home/mhpromit7473/Workspaces/ros2_py_ws/install/udemy_ros2_pkg/include/udemy_ros2_pkg/udemy_ros2_pkg/srv/detail/turn_camera__functions.h\n'}
[0.418047] (udemy_ros2_pkg) StdoutLine: {'line': b'-- Up-to-date symlink: /home/mhpromit7473/Workspaces/ros2_py_ws/install/udemy_ros2_pkg/include/udemy_ros2_pkg/udemy_ros2_pkg/srv/detail/turn_camera__struct.h\n'}
[0.418199] (udemy_ros2_pkg) StdoutLine: {'line': b'-- Up-to-date symlink: /home/mhpromit7473/Workspaces/ros2_py_ws/install/udemy_ros2_pkg/include/udemy_ros2_pkg/udemy_ros2_pkg/srv/detail/turn_camera__type_support.h\n'}
[0.418351] (udemy_ros2_pkg) StdoutLine: {'line': b'-- Up-to-date symlink: /home/mhpromit7473/Workspaces/ros2_py_ws/install/udemy_ros2_pkg/include/udemy_ros2_pkg/udemy_ros2_pkg/srv/odd_even_check.h\n'}
[0.418581] (udemy_ros2_pkg) StdoutLine: {'line': b'-- Up-to-date symlink: /home/mhpromit7473/Workspaces/ros2_py_ws/install/udemy_ros2_pkg/include/udemy_ros2_pkg/udemy_ros2_pkg/srv/turn_camera.h\n'}
[0.418700] (udemy_ros2_pkg) StdoutLine: {'line': b'-- Up-to-date symlink: /home/mhpromit7473/Workspaces/ros2_py_ws/install/udemy_ros2_pkg/share/udemy_ros2_pkg/environment/library_path.sh\n'}
[0.418772] (udemy_ros2_pkg) StdoutLine: {'line': b'-- Up-to-date symlink: /home/mhpromit7473/Workspaces/ros2_py_ws/install/udemy_ros2_pkg/share/udemy_ros2_pkg/environment/library_path.dsv\n'}
[0.418854] (udemy_ros2_pkg) StdoutLine: {'line': b'-- Up-to-date symlink: /home/mhpromit7473/Workspaces/ros2_py_ws/install/udemy_ros2_pkg/include/udemy_ros2_pkg/udemy_ros2_pkg/action/detail/navigate__rosidl_typesupport_fastrtps_c.h\n'}
[0.418949] (udemy_ros2_pkg) StdoutLine: {'line': b'-- Up-to-date symlink: /home/mhpromit7473/Workspaces/ros2_py_ws/install/udemy_ros2_pkg/include/udemy_ros2_pkg/udemy_ros2_pkg/msg/rosidl_typesupport_fastrtps_c__visibility_control.h\n'}
[0.419032] (udemy_ros2_pkg) StdoutLine: {'line': b'-- Up-to-date symlink: /home/mhpromit7473/Workspaces/ros2_py_ws/install/udemy_ros2_pkg/include/udemy_ros2_pkg/udemy_ros2_pkg/srv/detail/odd_even_check__rosidl_typesupport_fastrtps_c.h\n'}
[0.419112] (udemy_ros2_pkg) StdoutLine: {'line': b'-- Up-to-date symlink: /home/mhpromit7473/Workspaces/ros2_py_ws/install/udemy_ros2_pkg/include/udemy_ros2_pkg/udemy_ros2_pkg/srv/detail/turn_camera__rosidl_typesupport_fastrtps_c.h\n'}
[0.419187] (udemy_ros2_pkg) StdoutLine: {'line': b'-- Up-to-date symlink: /home/mhpromit7473/Workspaces/ros2_py_ws/install/udemy_ros2_pkg/include/udemy_ros2_pkg/udemy_ros2_pkg/action/detail/navigate__rosidl_typesupport_introspection_c.h\n'}
[0.419256] (udemy_ros2_pkg) StdoutLine: {'line': b'-- Up-to-date symlink: /home/mhpromit7473/Workspaces/ros2_py_ws/install/udemy_ros2_pkg/include/udemy_ros2_pkg/udemy_ros2_pkg/msg/rosidl_typesupport_introspection_c__visibility_control.h\n'}
[0.419342] (udemy_ros2_pkg) StdoutLine: {'line': b'-- Up-to-date symlink: /home/mhpromit7473/Workspaces/ros2_py_ws/install/udemy_ros2_pkg/include/udemy_ros2_pkg/udemy_ros2_pkg/srv/detail/odd_even_check__rosidl_typesupport_introspection_c.h\n'}
[0.419433] (udemy_ros2_pkg) StdoutLine: {'line': b'-- Up-to-date symlink: /home/mhpromit7473/Workspaces/ros2_py_ws/install/udemy_ros2_pkg/include/udemy_ros2_pkg/udemy_ros2_pkg/srv/detail/turn_camera__rosidl_typesupport_introspection_c.h\n'}
[0.419566] (udemy_ros2_pkg) StdoutLine: {'line': b'-- Up-to-date symlink: /home/mhpromit7473/Workspaces/ros2_py_ws/install/udemy_ros2_pkg/include/udemy_ros2_pkg/udemy_ros2_pkg/action/detail/navigate__builder.hpp\n'}
[0.419683] (udemy_ros2_pkg) StdoutLine: {'line': b'-- Up-to-date symlink: /home/mhpromit7473/Workspaces/ros2_py_ws/install/udemy_ros2_pkg/include/udemy_ros2_pkg/udemy_ros2_pkg/action/detail/navigate__struct.hpp\n'}
[0.419801] (udemy_ros2_pkg) StdoutLine: {'line': b'-- Up-to-date symlink: /home/mhpromit7473/Workspaces/ros2_py_ws/install/udemy_ros2_pkg/include/udemy_ros2_pkg/udemy_ros2_pkg/action/detail/navigate__traits.hpp\n'}
[0.419923] (udemy_ros2_pkg) StdoutLine: {'line': b'-- Up-to-date symlink: /home/mhpromit7473/Workspaces/ros2_py_ws/install/udemy_ros2_pkg/include/udemy_ros2_pkg/udemy_ros2_pkg/action/navigate.hpp\n'}
[0.420046] (udemy_ros2_pkg) StdoutLine: {'line': b'-- Up-to-date symlink: /home/mhpromit7473/Workspaces/ros2_py_ws/install/udemy_ros2_pkg/include/udemy_ros2_pkg/udemy_ros2_pkg/srv/detail/odd_even_check__builder.hpp\n'}
[0.420126] (udemy_ros2_pkg) StdoutLine: {'line': b'-- Up-to-date symlink: /home/mhpromit7473/Workspaces/ros2_py_ws/install/udemy_ros2_pkg/include/udemy_ros2_pkg/udemy_ros2_pkg/srv/detail/odd_even_check__struct.hpp\n'}
[0.420200] (udemy_ros2_pkg) StdoutLine: {'line': b'-- Up-to-date symlink: /home/mhpromit7473/Workspaces/ros2_py_ws/install/udemy_ros2_pkg/include/udemy_ros2_pkg/udemy_ros2_pkg/srv/detail/odd_even_check__traits.hpp\n'}
[0.420264] (udemy_ros2_pkg) StdoutLine: {'line': b'-- Up-to-date symlink: /home/mhpromit7473/Workspaces/ros2_py_ws/install/udemy_ros2_pkg/include/udemy_ros2_pkg/udemy_ros2_pkg/srv/detail/turn_camera__builder.hpp\n'}
[0.420360] (udemy_ros2_pkg) StdoutLine: {'line': b'-- Up-to-date symlink: /home/mhpromit7473/Workspaces/ros2_py_ws/install/udemy_ros2_pkg/include/udemy_ros2_pkg/udemy_ros2_pkg/srv/detail/turn_camera__struct.hpp\n'}
[0.420456] (udemy_ros2_pkg) StdoutLine: {'line': b'-- Up-to-date symlink: /home/mhpromit7473/Workspaces/ros2_py_ws/install/udemy_ros2_pkg/include/udemy_ros2_pkg/udemy_ros2_pkg/srv/detail/turn_camera__traits.hpp\n'}
[0.420541] (udemy_ros2_pkg) StdoutLine: {'line': b'-- Up-to-date symlink: /home/mhpromit7473/Workspaces/ros2_py_ws/install/udemy_ros2_pkg/include/udemy_ros2_pkg/udemy_ros2_pkg/srv/odd_even_check.hpp\n'}
[0.420616] (udemy_ros2_pkg) StdoutLine: {'line': b'-- Up-to-date symlink: /home/mhpromit7473/Workspaces/ros2_py_ws/install/udemy_ros2_pkg/include/udemy_ros2_pkg/udemy_ros2_pkg/srv/turn_camera.hpp\n'}
[0.420692] (udemy_ros2_pkg) StdoutLine: {'line': b'-- Up-to-date symlink: /home/mhpromit7473/Workspaces/ros2_py_ws/install/udemy_ros2_pkg/include/udemy_ros2_pkg/udemy_ros2_pkg/action/detail/navigate__rosidl_typesupport_fastrtps_cpp.hpp\n'}
[0.420823] (udemy_ros2_pkg) StdoutLine: {'line': b'-- Up-to-date symlink: /home/mhpromit7473/Workspaces/ros2_py_ws/install/udemy_ros2_pkg/include/udemy_ros2_pkg/udemy_ros2_pkg/msg/rosidl_typesupport_fastrtps_cpp__visibility_control.h\n'}
[0.421071] (udemy_ros2_pkg) StdoutLine: {'line': b'-- Up-to-date symlink: /home/mhpromit7473/Workspaces/ros2_py_ws/install/udemy_ros2_pkg/include/udemy_ros2_pkg/udemy_ros2_pkg/srv/detail/odd_even_check__rosidl_typesupport_fastrtps_cpp.hpp\n'}
[0.421222] (udemy_ros2_pkg) StdoutLine: {'line': b'-- Up-to-date symlink: /home/mhpromit7473/Workspaces/ros2_py_ws/install/udemy_ros2_pkg/include/udemy_ros2_pkg/udemy_ros2_pkg/srv/detail/turn_camera__rosidl_typesupport_fastrtps_cpp.hpp\n'}
[0.421453] (udemy_ros2_pkg) StdoutLine: {'line': b'-- Up-to-date symlink: /home/mhpromit7473/Workspaces/ros2_py_ws/install/udemy_ros2_pkg/include/udemy_ros2_pkg/udemy_ros2_pkg/action/detail/navigate__rosidl_typesupport_introspection_cpp.hpp\n'}
[0.421570] (udemy_ros2_pkg) StdoutLine: {'line': b'-- Up-to-date symlink: /home/mhpromit7473/Workspaces/ros2_py_ws/install/udemy_ros2_pkg/include/udemy_ros2_pkg/udemy_ros2_pkg/srv/detail/odd_even_check__rosidl_typesupport_introspection_cpp.hpp\n'}
[0.421641] (udemy_ros2_pkg) StdoutLine: {'line': b'-- Up-to-date symlink: /home/mhpromit7473/Workspaces/ros2_py_ws/install/udemy_ros2_pkg/include/udemy_ros2_pkg/udemy_ros2_pkg/srv/detail/turn_camera__rosidl_typesupport_introspection_cpp.hpp\n'}
[0.421706] (udemy_ros2_pkg) StdoutLine: {'line': b'-- Up-to-date symlink: /home/mhpromit7473/Workspaces/ros2_py_ws/install/udemy_ros2_pkg/share/udemy_ros2_pkg/environment/pythonpath.sh\n'}
[0.421771] (udemy_ros2_pkg) StdoutLine: {'line': b'-- Up-to-date symlink: /home/mhpromit7473/Workspaces/ros2_py_ws/install/udemy_ros2_pkg/share/udemy_ros2_pkg/environment/pythonpath.dsv\n'}
[0.421836] (udemy_ros2_pkg) StdoutLine: {'line': b'-- Up-to-date symlink: /home/mhpromit7473/Workspaces/ros2_py_ws/install/udemy_ros2_pkg/local/lib/python3.10/dist-packages/udemy_ros2_pkg-0.0.0-py3.10.egg-info/PKG-INFO\n'}
[0.421900] (udemy_ros2_pkg) StdoutLine: {'line': b'-- Up-to-date symlink: /home/mhpromit7473/Workspaces/ros2_py_ws/install/udemy_ros2_pkg/local/lib/python3.10/dist-packages/udemy_ros2_pkg-0.0.0-py3.10.egg-info/SOURCES.txt\n'}
[0.421966] (udemy_ros2_pkg) StdoutLine: {'line': b'-- Up-to-date symlink: /home/mhpromit7473/Workspaces/ros2_py_ws/install/udemy_ros2_pkg/local/lib/python3.10/dist-packages/udemy_ros2_pkg-0.0.0-py3.10.egg-info/dependency_links.txt\n'}
[0.422035] (udemy_ros2_pkg) StdoutLine: {'line': b'-- Up-to-date symlink: /home/mhpromit7473/Workspaces/ros2_py_ws/install/udemy_ros2_pkg/local/lib/python3.10/dist-packages/udemy_ros2_pkg-0.0.0-py3.10.egg-info/top_level.txt\n'}
[0.422127] (udemy_ros2_pkg) StdoutLine: {'line': b'-- Up-to-date symlink: /home/mhpromit7473/Workspaces/ros2_py_ws/install/udemy_ros2_pkg/local/lib/python3.10/dist-packages/udemy_ros2_pkg/__init__.py\n'}
[0.422245] (udemy_ros2_pkg) StdoutLine: {'line': b'-- Up-to-date symlink: /home/mhpromit7473/Workspaces/ros2_py_ws/install/udemy_ros2_pkg/local/lib/python3.10/dist-packages/udemy_ros2_pkg/_udemy_ros2_pkg_s.ep.rosidl_typesupport_c.c\n'}
[0.422316] (udemy_ros2_pkg) StdoutLine: {'line': b'-- Up-to-date symlink: /home/mhpromit7473/Workspaces/ros2_py_ws/install/udemy_ros2_pkg/local/lib/python3.10/dist-packages/udemy_ros2_pkg/_udemy_ros2_pkg_s.ep.rosidl_typesupport_fastrtps_c.c\n'}
[0.422386] (udemy_ros2_pkg) StdoutLine: {'line': b'-- Up-to-date symlink: /home/mhpromit7473/Workspaces/ros2_py_ws/install/udemy_ros2_pkg/local/lib/python3.10/dist-packages/udemy_ros2_pkg/_udemy_ros2_pkg_s.ep.rosidl_typesupport_introspection_c.c\n'}
[0.422457] (udemy_ros2_pkg) StdoutLine: {'line': b'-- Up-to-date symlink: /home/mhpromit7473/Workspaces/ros2_py_ws/install/udemy_ros2_pkg/local/lib/python3.10/dist-packages/udemy_ros2_pkg/action/__init__.py\n'}
[0.422587] (udemy_ros2_pkg) StdoutLine: {'line': b'-- Up-to-date symlink: /home/mhpromit7473/Workspaces/ros2_py_ws/install/udemy_ros2_pkg/local/lib/python3.10/dist-packages/udemy_ros2_pkg/action/_navigate.py\n'}
[0.422676] (udemy_ros2_pkg) StdoutLine: {'line': b'-- Up-to-date symlink: /home/mhpromit7473/Workspaces/ros2_py_ws/install/udemy_ros2_pkg/local/lib/python3.10/dist-packages/udemy_ros2_pkg/action/_navigate_s.c\n'}
[0.422744] (udemy_ros2_pkg) StdoutLine: {'line': b'-- Up-to-date symlink: /home/mhpromit7473/Workspaces/ros2_py_ws/install/udemy_ros2_pkg/local/lib/python3.10/dist-packages/udemy_ros2_pkg/libudemy_ros2_pkg__rosidl_generator_py.so\n'}
[0.422815] (udemy_ros2_pkg) StdoutLine: {'line': b'-- Up-to-date symlink: /home/mhpromit7473/Workspaces/ros2_py_ws/install/udemy_ros2_pkg/local/lib/python3.10/dist-packages/udemy_ros2_pkg/srv/__init__.py\n'}
[0.422882] (udemy_ros2_pkg) StdoutLine: {'line': b'-- Up-to-date symlink: /home/mhpromit7473/Workspaces/ros2_py_ws/install/udemy_ros2_pkg/local/lib/python3.10/dist-packages/udemy_ros2_pkg/srv/_odd_even_check.py\n'}
[0.422945] (udemy_ros2_pkg) StdoutLine: {'line': b'-- Up-to-date symlink: /home/mhpromit7473/Workspaces/ros2_py_ws/install/udemy_ros2_pkg/local/lib/python3.10/dist-packages/udemy_ros2_pkg/srv/_odd_even_check_s.c\n'}
[0.423008] (udemy_ros2_pkg) StdoutLine: {'line': b'-- Up-to-date symlink: /home/mhpromit7473/Workspaces/ros2_py_ws/install/udemy_ros2_pkg/local/lib/python3.10/dist-packages/udemy_ros2_pkg/srv/_turn_camera.py\n'}
[0.423094] (udemy_ros2_pkg) StdoutLine: {'line': b'-- Up-to-date symlink: /home/mhpromit7473/Workspaces/ros2_py_ws/install/udemy_ros2_pkg/local/lib/python3.10/dist-packages/udemy_ros2_pkg/srv/_turn_camera_s.c\n'}
[0.423163] (udemy_ros2_pkg) StdoutLine: {'line': b'-- Up-to-date symlink: /home/mhpromit7473/Workspaces/ros2_py_ws/install/udemy_ros2_pkg/local/lib/python3.10/dist-packages/udemy_ros2_pkg/udemy_ros2_pkg_s__rosidl_typesupport_c.cpython-310-x86_64-linux-gnu.so\n'}
[0.423231] (udemy_ros2_pkg) StdoutLine: {'line': b'-- Up-to-date symlink: /home/mhpromit7473/Workspaces/ros2_py_ws/install/udemy_ros2_pkg/local/lib/python3.10/dist-packages/udemy_ros2_pkg/udemy_ros2_pkg_s__rosidl_typesupport_fastrtps_c.cpython-310-x86_64-linux-gnu.so\n'}
[0.423322] (udemy_ros2_pkg) StdoutLine: {'line': b'-- Up-to-date symlink: /home/mhpromit7473/Workspaces/ros2_py_ws/install/udemy_ros2_pkg/local/lib/python3.10/dist-packages/udemy_ros2_pkg/udemy_ros2_pkg_s__rosidl_typesupport_introspection_c.cpython-310-x86_64-linux-gnu.so\n'}
[0.423391] (udemy_ros2_pkg) StdoutLine: {'line': b'-- Up-to-date symlink: /home/mhpromit7473/Workspaces/ros2_py_ws/install/udemy_ros2_pkg/local/lib/python3.10/dist-packages/udemy_ros2_pkg/udemy_ros2_pkg_s__rosidl_typesupport_fastrtps_c.cpython-310-x86_64-linux-gnu.so\n'}
[0.423458] (udemy_ros2_pkg) StdoutLine: {'line': b'-- Up-to-date symlink: /home/mhpromit7473/Workspaces/ros2_py_ws/install/udemy_ros2_pkg/local/lib/python3.10/dist-packages/udemy_ros2_pkg/udemy_ros2_pkg_s__rosidl_typesupport_introspection_c.cpython-310-x86_64-linux-gnu.so\n'}
[0.423536] (udemy_ros2_pkg) StdoutLine: {'line': b'-- Up-to-date symlink: /home/mhpromit7473/Workspaces/ros2_py_ws/install/udemy_ros2_pkg/local/lib/python3.10/dist-packages/udemy_ros2_pkg/udemy_ros2_pkg_s__rosidl_typesupport_c.cpython-310-x86_64-linux-gnu.so\n'}
[0.423626] (udemy_ros2_pkg) StdoutLine: {'line': b'-- Up-to-date symlink: /home/mhpromit7473/Workspaces/ros2_py_ws/install/udemy_ros2_pkg/share/udemy_ros2_pkg/srv/OddEvenCheck.idl\n'}
[0.423707] (udemy_ros2_pkg) StdoutLine: {'line': b'-- Up-to-date symlink: /home/mhpromit7473/Workspaces/ros2_py_ws/install/udemy_ros2_pkg/share/udemy_ros2_pkg/srv/TurnCamera.idl\n'}
[0.423789] (udemy_ros2_pkg) StdoutLine: {'line': b'-- Up-to-date symlink: /home/mhpromit7473/Workspaces/ros2_py_ws/install/udemy_ros2_pkg/share/udemy_ros2_pkg/action/Navigate.idl\n'}
[0.423878] (udemy_ros2_pkg) StdoutLine: {'line': b'-- Up-to-date symlink: /home/mhpromit7473/Workspaces/ros2_py_ws/install/udemy_ros2_pkg/share/udemy_ros2_pkg/srv/OddEvenCheck.srv\n'}
[0.423962] (udemy_ros2_pkg) StdoutLine: {'line': b'-- Up-to-date symlink: /home/mhpromit7473/Workspaces/ros2_py_ws/install/udemy_ros2_pkg/share/udemy_ros2_pkg/srv/OddEvenCheck_Request.msg\n'}
[0.424048] (udemy_ros2_pkg) StdoutLine: {'line': b'-- Up-to-date symlink: /home/mhpromit7473/Workspaces/ros2_py_ws/install/udemy_ros2_pkg/share/udemy_ros2_pkg/srv/OddEvenCheck_Response.msg\n'}
[0.424138] (udemy_ros2_pkg) StdoutLine: {'line': b'-- Up-to-date symlink: /home/mhpromit7473/Workspaces/ros2_py_ws/install/udemy_ros2_pkg/share/udemy_ros2_pkg/srv/TurnCamera.srv\n'}
[0.424224] (udemy_ros2_pkg) StdoutLine: {'line': b'-- Up-to-date symlink: /home/mhpromit7473/Workspaces/ros2_py_ws/install/udemy_ros2_pkg/share/udemy_ros2_pkg/srv/TurnCamera_Request.msg\n'}
[0.424319] (udemy_ros2_pkg) StdoutLine: {'line': b'-- Up-to-date symlink: /home/mhpromit7473/Workspaces/ros2_py_ws/install/udemy_ros2_pkg/share/udemy_ros2_pkg/srv/TurnCamera_Response.msg\n'}
[0.424388] (udemy_ros2_pkg) StdoutLine: {'line': b'-- Up-to-date symlink: /home/mhpromit7473/Workspaces/ros2_py_ws/install/udemy_ros2_pkg/share/udemy_ros2_pkg/action/Navigate.action\n'}
[0.424469] (udemy_ros2_pkg) StdoutLine: {'line': b'-- Up-to-date symlink: /home/mhpromit7473/Workspaces/ros2_py_ws/install/udemy_ros2_pkg/local/lib/python3.10/dist-packages/scripts-0.0.0-py3.10.egg-info/PKG-INFO\n'}
[0.424567] (udemy_ros2_pkg) StdoutLine: {'line': b'-- Up-to-date symlink: /home/mhpromit7473/Workspaces/ros2_py_ws/install/udemy_ros2_pkg/local/lib/python3.10/dist-packages/scripts-0.0.0-py3.10.egg-info/SOURCES.txt\n'}
[0.424640] (udemy_ros2_pkg) StdoutLine: {'line': b'-- Up-to-date symlink: /home/mhpromit7473/Workspaces/ros2_py_ws/install/udemy_ros2_pkg/local/lib/python3.10/dist-packages/scripts-0.0.0-py3.10.egg-info/dependency_links.txt\n'}
[0.424731] (udemy_ros2_pkg) StdoutLine: {'line': b'-- Up-to-date symlink: /home/mhpromit7473/Workspaces/ros2_py_ws/install/udemy_ros2_pkg/local/lib/python3.10/dist-packages/scripts-0.0.0-py3.10.egg-info/top_level.txt\n'}
[0.424823] (udemy_ros2_pkg) StdoutLine: {'line': b'-- Up-to-date symlink: /home/mhpromit7473/Workspaces/ros2_py_ws/install/udemy_ros2_pkg/local/lib/python3.10/dist-packages/scripts/__init__.py\n'}
[0.424896] (udemy_ros2_pkg) StdoutLine: {'line': b'-- Up-to-date symlink: /home/mhpromit7473/Workspaces/ros2_py_ws/install/udemy_ros2_pkg/local/lib/python3.10/dist-packages/scripts/action_client.py\n'}
[0.424987] (udemy_ros2_pkg) StdoutLine: {'line': b'-- Up-to-date symlink: /home/mhpromit7473/Workspaces/ros2_py_ws/install/udemy_ros2_pkg/local/lib/python3.10/dist-packages/scripts/action_server.py\n'}
[0.425063] (udemy_ros2_pkg) StdoutLine: {'line': b'-- Up-to-date symlink: /home/mhpromit7473/Workspaces/ros2_py_ws/install/udemy_ros2_pkg/local/lib/python3.10/dist-packages/scripts/publisher.py\n'}
[0.425166] (udemy_ros2_pkg) StdoutLine: {'line': b'-- Up-to-date symlink: /home/mhpromit7473/Workspaces/ros2_py_ws/install/udemy_ros2_pkg/local/lib/python3.10/dist-packages/scripts/rpm_pub.py\n'}
[0.425236] (udemy_ros2_pkg) StdoutLine: {'line': b'-- Up-to-date symlink: /home/mhpromit7473/Workspaces/ros2_py_ws/install/udemy_ros2_pkg/local/lib/python3.10/dist-packages/scripts/service_client.py\n'}
[0.425304] (udemy_ros2_pkg) StdoutLine: {'line': b'-- Up-to-date symlink: /home/mhpromit7473/Workspaces/ros2_py_ws/install/udemy_ros2_pkg/local/lib/python3.10/dist-packages/scripts/service_server.py\n'}
[0.425372] (udemy_ros2_pkg) StdoutLine: {'line': b'-- Up-to-date symlink: /home/mhpromit7473/Workspaces/ros2_py_ws/install/udemy_ros2_pkg/local/lib/python3.10/dist-packages/scripts/speed_calc.py\n'}
[0.425472] (udemy_ros2_pkg) StdoutLine: {'line': b'-- Up-to-date symlink: /home/mhpromit7473/Workspaces/ros2_py_ws/install/udemy_ros2_pkg/local/lib/python3.10/dist-packages/scripts/subscriber.py\n'}
[0.425580] (udemy_ros2_pkg) StdoutLine: {'line': b'-- Up-to-date symlink: /home/mhpromit7473/Workspaces/ros2_py_ws/install/udemy_ros2_pkg/local/lib/python3.10/dist-packages/scripts/turn_camera_client.py\n'}
[0.425649] (udemy_ros2_pkg) StdoutLine: {'line': b'-- Up-to-date symlink: /home/mhpromit7473/Workspaces/ros2_py_ws/install/udemy_ros2_pkg/local/lib/python3.10/dist-packages/scripts/turn_camera_server.py\n'}
[0.425718] (udemy_ros2_pkg) StdoutLine: {'line': b'-- Up-to-date symlink: /home/mhpromit7473/Workspaces/ros2_py_ws/install/udemy_ros2_pkg/lib/udemy_ros2_pkg/publisher.py\n'}
[0.425787] (udemy_ros2_pkg) StdoutLine: {'line': b'-- Up-to-date symlink: /home/mhpromit7473/Workspaces/ros2_py_ws/install/udemy_ros2_pkg/lib/udemy_ros2_pkg/subscriber.py\n'}
[0.425855] (udemy_ros2_pkg) StdoutLine: {'line': b'-- Up-to-date symlink: /home/mhpromit7473/Workspaces/ros2_py_ws/install/udemy_ros2_pkg/lib/udemy_ros2_pkg/rpm_pub.py\n'}
[0.425948] (udemy_ros2_pkg) StdoutLine: {'line': b'-- Up-to-date symlink: /home/mhpromit7473/Workspaces/ros2_py_ws/install/udemy_ros2_pkg/lib/udemy_ros2_pkg/speed_calc.py\n'}
[0.426019] (udemy_ros2_pkg) StdoutLine: {'line': b'-- Up-to-date symlink: /home/mhpromit7473/Workspaces/ros2_py_ws/install/udemy_ros2_pkg/lib/udemy_ros2_pkg/service_server.py\n'}
[0.426085] (udemy_ros2_pkg) StdoutLine: {'line': b'-- Up-to-date symlink: /home/mhpromit7473/Workspaces/ros2_py_ws/install/udemy_ros2_pkg/lib/udemy_ros2_pkg/service_client.py\n'}
[0.426149] (udemy_ros2_pkg) StdoutLine: {'line': b'-- Up-to-date symlink: /home/mhpromit7473/Workspaces/ros2_py_ws/install/udemy_ros2_pkg/lib/udemy_ros2_pkg/turn_camera_server.py\n'}
[0.426217] (udemy_ros2_pkg) StdoutLine: {'line': b'-- Up-to-date symlink: /home/mhpromit7473/Workspaces/ros2_py_ws/install/udemy_ros2_pkg/lib/udemy_ros2_pkg/turn_camera_client.py\n'}
[0.426285] (udemy_ros2_pkg) StdoutLine: {'line': b'-- Up-to-date symlink: /home/mhpromit7473/Workspaces/ros2_py_ws/install/udemy_ros2_pkg/lib/udemy_ros2_pkg/action_server.py\n'}
[0.426353] (udemy_ros2_pkg) StdoutLine: {'line': b'-- Up-to-date symlink: /home/mhpromit7473/Workspaces/ros2_py_ws/install/udemy_ros2_pkg/lib/udemy_ros2_pkg/action_client.py\n'}
[0.426440] (udemy_ros2_pkg) StdoutLine: {'line': b'-- Up-to-date symlink: /home/mhpromit7473/Workspaces/ros2_py_ws/install/udemy_ros2_pkg/share/udemy_ros2_pkg/launch/rpm_node.launch.py\n'}
[0.426620] (udemy_ros2_pkg) StdoutLine: {'line': b'-- Up-to-date symlink: /home/mhpromit7473/Workspaces/ros2_py_ws/install/udemy_ros2_pkg/share/udemy_ros2_pkg/launch/simulation.launch.py\n'}
[0.426756] (udemy_ros2_pkg) StdoutLine: {'line': b'-- Up-to-date symlink: /home/mhpromit7473/Workspaces/ros2_py_ws/install/udemy_ros2_pkg/share/udemy_ros2_pkg/launch/simulation_project.launch.py\n'}
[0.426850] (udemy_ros2_pkg) StdoutLine: {'line': b'-- Up-to-date symlink: /home/mhpromit7473/Workspaces/ros2_py_ws/install/udemy_ros2_pkg/share/udemy_ros2_pkg/launch/speed_project.launch.py\n'}
[0.426933] (udemy_ros2_pkg) StdoutLine: {'line': b'-- Up-to-date symlink: /home/mhpromit7473/Workspaces/ros2_py_ws/install/udemy_ros2_pkg/share/udemy_ros2_pkg/worlds/simulation_project_world.sdf\n'}
[0.427011] (udemy_ros2_pkg) StdoutLine: {'line': b'-- Up-to-date symlink: /home/mhpromit7473/Workspaces/ros2_py_ws/install/udemy_ros2_pkg/share/udemy_ros2_pkg/worlds/test_world.sdf\n'}
[0.427089] (udemy_ros2_pkg) StdoutLine: {'line': b'-- Up-to-date symlink: /home/mhpromit7473/Workspaces/ros2_py_ws/install/udemy_ros2_pkg/share/udemy_ros2_pkg/worlds/wheeled_model_world.sdf\n'}
[0.427174] (udemy_ros2_pkg) StdoutLine: {'line': b'-- Up-to-date symlink: /home/mhpromit7473/Workspaces/ros2_py_ws/install/udemy_ros2_pkg/share/udemy_ros2_pkg/models/ground_plane/model.config\n'}
[0.427334] (udemy_ros2_pkg) StdoutLine: {'line': b'-- Up-to-date symlink: /home/mhpromit7473/Workspaces/ros2_py_ws/install/udemy_ros2_pkg/share/udemy_ros2_pkg/models/ground_plane/my_ground_plane.sdf\n'}
[0.427510] (udemy_ros2_pkg) StdoutLine: {'line': b'-- Up-to-date symlink: /home/mhpromit7473/Workspaces/ros2_py_ws/install/udemy_ros2_pkg/share/udemy_ros2_pkg/models/project_robot_model/model.config\n'}
[0.427647] (udemy_ros2_pkg) StdoutLine: {'line': b'-- Up-to-date symlink: /home/mhpromit7473/Workspaces/ros2_py_ws/install/udemy_ros2_pkg/share/udemy_ros2_pkg/models/project_robot_model/model.sdf\n'}
[0.427770] (udemy_ros2_pkg) StdoutLine: {'line': b'-- Up-to-date symlink: /home/mhpromit7473/Workspaces/ros2_py_ws/install/udemy_ros2_pkg/share/udemy_ros2_pkg/models/wheeled_model/model.config\n'}
[0.427893] (udemy_ros2_pkg) StdoutLine: {'line': b'-- Up-to-date symlink: /home/mhpromit7473/Workspaces/ros2_py_ws/install/udemy_ros2_pkg/share/udemy_ros2_pkg/models/wheeled_model/model.sdf\n'}
[0.428069] (udemy_ros2_pkg) StdoutLine: {'line': b'-- Up-to-date symlink: /home/mhpromit7473/Workspaces/ros2_py_ws/install/udemy_ros2_pkg/share/ament_index/resource_index/package_run_dependencies/udemy_ros2_pkg\n'}
[0.428241] (udemy_ros2_pkg) StdoutLine: {'line': b'-- Up-to-date symlink: /home/mhpromit7473/Workspaces/ros2_py_ws/install/udemy_ros2_pkg/share/ament_index/resource_index/parent_prefix_path/udemy_ros2_pkg\n'}
[0.428409] (udemy_ros2_pkg) StdoutLine: {'line': b'-- Up-to-date symlink: /home/mhpromit7473/Workspaces/ros2_py_ws/install/udemy_ros2_pkg/share/udemy_ros2_pkg/environment/ament_prefix_path.sh\n'}
[0.428665] (udemy_ros2_pkg) StdoutLine: {'line': b'-- Up-to-date symlink: /home/mhpromit7473/Workspaces/ros2_py_ws/install/udemy_ros2_pkg/share/udemy_ros2_pkg/environment/ament_prefix_path.dsv\n'}
[0.428919] (udemy_ros2_pkg) StdoutLine: {'line': b'-- Up-to-date symlink: /home/mhpromit7473/Workspaces/ros2_py_ws/install/udemy_ros2_pkg/share/udemy_ros2_pkg/environment/path.sh\n'}
[0.429062] (udemy_ros2_pkg) StdoutLine: {'line': b'-- Up-to-date symlink: /home/mhpromit7473/Workspaces/ros2_py_ws/install/udemy_ros2_pkg/share/udemy_ros2_pkg/environment/path.dsv\n'}
[0.429194] (udemy_ros2_pkg) StdoutLine: {'line': b'-- Up-to-date symlink: /home/mhpromit7473/Workspaces/ros2_py_ws/install/udemy_ros2_pkg/share/udemy_ros2_pkg/local_setup.bash\n'}
[0.429318] (udemy_ros2_pkg) StdoutLine: {'line': b'-- Up-to-date symlink: /home/mhpromit7473/Workspaces/ros2_py_ws/install/udemy_ros2_pkg/share/udemy_ros2_pkg/local_setup.sh\n'}
[0.429434] (udemy_ros2_pkg) StdoutLine: {'line': b'-- Up-to-date symlink: /home/mhpromit7473/Workspaces/ros2_py_ws/install/udemy_ros2_pkg/share/udemy_ros2_pkg/local_setup.zsh\n'}
[0.429529] (udemy_ros2_pkg) StdoutLine: {'line': b'-- Up-to-date symlink: /home/mhpromit7473/Workspaces/ros2_py_ws/install/udemy_ros2_pkg/share/udemy_ros2_pkg/local_setup.dsv\n'}
[0.429618] (udemy_ros2_pkg) StdoutLine: {'line': b'-- Symlinking: /home/mhpromit7473/Workspaces/ros2_py_ws/install/udemy_ros2_pkg/share/udemy_ros2_pkg/package.dsv\n'}
[0.438751] (udemy_ros2_pkg) StdoutLine: {'line': b'-- Up-to-date symlink: /home/mhpromit7473/Workspaces/ros2_py_ws/install/udemy_ros2_pkg/share/ament_index/resource_index/packages/udemy_ros2_pkg\n'}
[0.438943] (udemy_ros2_pkg) StdoutLine: {'line': b'-- Up-to-date symlink: /home/mhpromit7473/Workspaces/ros2_py_ws/install/udemy_ros2_pkg/share/udemy_ros2_pkg/cmake/rosidl_cmake-extras.cmake\n'}
[0.439010] (udemy_ros2_pkg) StdoutLine: {'line': b'-- Up-to-date symlink: /home/mhpromit7473/Workspaces/ros2_py_ws/install/udemy_ros2_pkg/share/udemy_ros2_pkg/cmake/ament_cmake_export_dependencies-extras.cmake\n'}
[0.439117] (udemy_ros2_pkg) StdoutLine: {'line': b'-- Up-to-date symlink: /home/mhpromit7473/Workspaces/ros2_py_ws/install/udemy_ros2_pkg/share/udemy_ros2_pkg/cmake/ament_cmake_export_include_directories-extras.cmake\n'}
[0.439183] (udemy_ros2_pkg) StdoutLine: {'line': b'-- Up-to-date symlink: /home/mhpromit7473/Workspaces/ros2_py_ws/install/udemy_ros2_pkg/share/udemy_ros2_pkg/cmake/ament_cmake_export_libraries-extras.cmake\n'}
[0.439245] (udemy_ros2_pkg) StdoutLine: {'line': b'-- Up-to-date symlink: /home/mhpromit7473/Workspaces/ros2_py_ws/install/udemy_ros2_pkg/share/udemy_ros2_pkg/cmake/ament_cmake_export_targets-extras.cmake\n'}
[0.439325] (udemy_ros2_pkg) StdoutLine: {'line': b'-- Up-to-date symlink: /home/mhpromit7473/Workspaces/ros2_py_ws/install/udemy_ros2_pkg/share/udemy_ros2_pkg/cmake/rosidl_cmake_export_typesupport_targets-extras.cmake\n'}
[0.439415] (udemy_ros2_pkg) StdoutLine: {'line': b'-- Up-to-date symlink: /home/mhpromit7473/Workspaces/ros2_py_ws/install/udemy_ros2_pkg/share/udemy_ros2_pkg/cmake/rosidl_cmake_export_typesupport_libraries-extras.cmake\n'}
[0.439488] (udemy_ros2_pkg) StdoutLine: {'line': b'-- Up-to-date symlink: /home/mhpromit7473/Workspaces/ros2_py_ws/install/udemy_ros2_pkg/share/udemy_ros2_pkg/cmake/udemy_ros2_pkgConfig.cmake\n'}
[0.439561] (udemy_ros2_pkg) StdoutLine: {'line': b'-- Up-to-date symlink: /home/mhpromit7473/Workspaces/ros2_py_ws/install/udemy_ros2_pkg/share/udemy_ros2_pkg/cmake/udemy_ros2_pkgConfig-version.cmake\n'}
[0.439625] (udemy_ros2_pkg) StdoutLine: {'line': b'-- Up-to-date symlink: /home/mhpromit7473/Workspaces/ros2_py_ws/install/udemy_ros2_pkg/share/udemy_ros2_pkg/package.xml\n'}
[0.440164] (udemy_ros2_pkg) StdoutLine: {'line': b'-- Up-to-date: /home/mhpromit7473/Workspaces/ros2_py_ws/install/udemy_ros2_pkg/lib/libudemy_ros2_pkg__rosidl_generator_c.so\n'}
[0.440589] (udemy_ros2_pkg) StdoutLine: {'line': b'-- Up-to-date: /home/mhpromit7473/Workspaces/ros2_py_ws/install/udemy_ros2_pkg/lib/libudemy_ros2_pkg__rosidl_typesupport_fastrtps_c.so\n'}
[0.440998] (udemy_ros2_pkg) StdoutLine: {'line': b'-- Up-to-date: /home/mhpromit7473/Workspaces/ros2_py_ws/install/udemy_ros2_pkg/lib/libudemy_ros2_pkg__rosidl_typesupport_introspection_c.so\n'}
[0.441370] (udemy_ros2_pkg) StdoutLine: {'line': b'-- Up-to-date: /home/mhpromit7473/Workspaces/ros2_py_ws/install/udemy_ros2_pkg/lib/libudemy_ros2_pkg__rosidl_typesupport_c.so\n'}
[0.442040] (udemy_ros2_pkg) StdoutLine: {'line': b'-- Up-to-date: /home/mhpromit7473/Workspaces/ros2_py_ws/install/udemy_ros2_pkg/lib/libudemy_ros2_pkg__rosidl_typesupport_fastrtps_cpp.so\n'}
[0.442575] (udemy_ros2_pkg) StdoutLine: {'line': b'-- Up-to-date: /home/mhpromit7473/Workspaces/ros2_py_ws/install/udemy_ros2_pkg/lib/libudemy_ros2_pkg__rosidl_typesupport_introspection_cpp.so\n'}
[0.443244] (udemy_ros2_pkg) StdoutLine: {'line': b'-- Up-to-date: /home/mhpromit7473/Workspaces/ros2_py_ws/install/udemy_ros2_pkg/lib/libudemy_ros2_pkg__rosidl_typesupport_cpp.so\n'}
[0.470969] (udemy_ros2_pkg) StdoutLine: {'line': b"Listing '/home/mhpromit7473/Workspaces/ros2_py_ws/install/udemy_ros2_pkg/local/lib/python3.10/dist-packages/udemy_ros2_pkg'...\n"}
[0.471144] (udemy_ros2_pkg) StdoutLine: {'line': b"Listing '/home/mhpromit7473/Workspaces/ros2_py_ws/install/udemy_ros2_pkg/local/lib/python3.10/dist-packages/udemy_ros2_pkg/action'...\n"}
[0.471215] (udemy_ros2_pkg) StdoutLine: {'line': b"Listing '/home/mhpromit7473/Workspaces/ros2_py_ws/install/udemy_ros2_pkg/local/lib/python3.10/dist-packages/udemy_ros2_pkg/srv'...\n"}
[0.475303] (udemy_ros2_pkg) StdoutLine: {'line': b'-- Up-to-date: /home/mhpromit7473/Workspaces/ros2_py_ws/install/udemy_ros2_pkg/lib/libudemy_ros2_pkg__rosidl_generator_py.so\n'}
[0.497489] (udemy_ros2_pkg) StdoutLine: {'line': b"Listing '/home/mhpromit7473/Workspaces/ros2_py_ws/install/udemy_ros2_pkg/local/lib/python3.10/dist-packages/scripts'...\n"}
[0.500206] (-) TimerEvent: {}
[0.502392] (udemy_ros2_pkg) StdoutLine: {'line': b'-- Up-to-date: /home/mhpromit7473/Workspaces/ros2_py_ws/install/udemy_ros2_pkg/share/udemy_ros2_pkg/cmake/export_udemy_ros2_pkg__rosidl_generator_cExport.cmake\n'}
[0.502564] (udemy_ros2_pkg) StdoutLine: {'line': b'-- Up-to-date: /home/mhpromit7473/Workspaces/ros2_py_ws/install/udemy_ros2_pkg/share/udemy_ros2_pkg/cmake/export_udemy_ros2_pkg__rosidl_generator_cExport-noconfig.cmake\n'}
[0.502663] (udemy_ros2_pkg) StdoutLine: {'line': b'-- Up-to-date: /home/mhpromit7473/Workspaces/ros2_py_ws/install/udemy_ros2_pkg/share/udemy_ros2_pkg/cmake/export_udemy_ros2_pkg__rosidl_typesupport_fastrtps_cExport.cmake\n'}
[0.502756] (udemy_ros2_pkg) StdoutLine: {'line': b'-- Up-to-date: /home/mhpromit7473/Workspaces/ros2_py_ws/install/udemy_ros2_pkg/share/udemy_ros2_pkg/cmake/export_udemy_ros2_pkg__rosidl_typesupport_fastrtps_cExport-noconfig.cmake\n'}
[0.502953] (udemy_ros2_pkg) StdoutLine: {'line': b'-- Up-to-date: /home/mhpromit7473/Workspaces/ros2_py_ws/install/udemy_ros2_pkg/share/udemy_ros2_pkg/cmake/udemy_ros2_pkg__rosidl_typesupport_introspection_cExport.cmake\n'}
[0.503044] (udemy_ros2_pkg) StdoutLine: {'line': b'-- Up-to-date: /home/mhpromit7473/Workspaces/ros2_py_ws/install/udemy_ros2_pkg/share/udemy_ros2_pkg/cmake/udemy_ros2_pkg__rosidl_typesupport_introspection_cExport-noconfig.cmake\n'}
[0.503215] (udemy_ros2_pkg) StdoutLine: {'line': b'-- Up-to-date: /home/mhpromit7473/Workspaces/ros2_py_ws/install/udemy_ros2_pkg/share/udemy_ros2_pkg/cmake/udemy_ros2_pkg__rosidl_typesupport_cExport.cmake\n'}
[0.503299] (udemy_ros2_pkg) StdoutLine: {'line': b'-- Up-to-date: /home/mhpromit7473/Workspaces/ros2_py_ws/install/udemy_ros2_pkg/share/udemy_ros2_pkg/cmake/udemy_ros2_pkg__rosidl_typesupport_cExport-noconfig.cmake\n'}
[0.503471] (udemy_ros2_pkg) StdoutLine: {'line': b'-- Up-to-date: /home/mhpromit7473/Workspaces/ros2_py_ws/install/udemy_ros2_pkg/share/udemy_ros2_pkg/cmake/export_udemy_ros2_pkg__rosidl_generator_cppExport.cmake\n'}
[0.503700] (udemy_ros2_pkg) StdoutLine: {'line': b'-- Up-to-date: /home/mhpromit7473/Workspaces/ros2_py_ws/install/udemy_ros2_pkg/share/udemy_ros2_pkg/cmake/export_udemy_ros2_pkg__rosidl_typesupport_fastrtps_cppExport.cmake\n'}
[0.503805] (udemy_ros2_pkg) StdoutLine: {'line': b'-- Up-to-date: /home/mhpromit7473/Workspaces/ros2_py_ws/install/udemy_ros2_pkg/share/udemy_ros2_pkg/cmake/export_udemy_ros2_pkg__rosidl_typesupport_fastrtps_cppExport-noconfig.cmake\n'}
[0.503997] (udemy_ros2_pkg) StdoutLine: {'line': b'-- Up-to-date: /home/mhpromit7473/Workspaces/ros2_py_ws/install/udemy_ros2_pkg/share/udemy_ros2_pkg/cmake/udemy_ros2_pkg__rosidl_typesupport_introspection_cppExport.cmake\n'}
[0.504046] (udemy_ros2_pkg) StdoutLine: {'line': b'-- Up-to-date: /home/mhpromit7473/Workspaces/ros2_py_ws/install/udemy_ros2_pkg/share/udemy_ros2_pkg/cmake/udemy_ros2_pkg__rosidl_typesupport_introspection_cppExport-noconfig.cmake\n'}
[0.504295] (udemy_ros2_pkg) StdoutLine: {'line': b'-- Up-to-date: /home/mhpromit7473/Workspaces/ros2_py_ws/install/udemy_ros2_pkg/share/udemy_ros2_pkg/cmake/udemy_ros2_pkg__rosidl_typesupport_cppExport.cmake\n'}
[0.504345] (udemy_ros2_pkg) StdoutLine: {'line': b'-- Up-to-date: /home/mhpromit7473/Workspaces/ros2_py_ws/install/udemy_ros2_pkg/share/udemy_ros2_pkg/cmake/udemy_ros2_pkg__rosidl_typesupport_cppExport-noconfig.cmake\n'}
[0.504602] (udemy_ros2_pkg) StdoutLine: {'line': b'-- Up-to-date: /home/mhpromit7473/Workspaces/ros2_py_ws/install/udemy_ros2_pkg/share/udemy_ros2_pkg/cmake/export_udemy_ros2_pkg__rosidl_generator_pyExport.cmake\n'}
[0.504646] (udemy_ros2_pkg) StdoutLine: {'line': b'-- Up-to-date: /home/mhpromit7473/Workspaces/ros2_py_ws/install/udemy_ros2_pkg/share/udemy_ros2_pkg/cmake/export_udemy_ros2_pkg__rosidl_generator_pyExport-noconfig.cmake\n'}
[0.506715] (udemy_ros2_pkg) CommandEnded: {'returncode': 0}
[0.600329] (-) TimerEvent: {}
[0.615792] (udemy_ros2_pkg) JobEnded: {'identifier': 'udemy_ros2_pkg', 'rc': 0}
[0.616293] (-) EventReactorShutdown: {}
