[0.408s] DEBUG:colcon:Command line arguments: ['/usr/bin/colcon', 'build']
[0.409s] DEBUG:colcon:Parsed command line arguments: Namespace(log_base=None, log_level=None, verb_name='build', build_base='build', install_base='install', merge_install=False, symlink_install=False, test_result_base=None, continue_on_error=False, executor='parallel', parallel_workers=2, event_handlers=None, ignore_user_meta=False, metas=['./colcon.meta'], base_paths=['.'], packages_ignore=None, packages_ignore_regex=None, paths=None, packages_up_to=None, packages_up_to_regex=None, packages_above=None, packages_above_and_dependencies=None, packages_above_depth=None, packages_select_by_dep=None, packages_skip_by_dep=None, packages_skip_up_to=None, packages_select_build_failed=False, packages_skip_build_finished=False, packages_select_test_failures=False, packages_skip_test_passed=False, packages_select=None, packages_skip=None, packages_select_regex=None, packages_skip_regex=None, packages_start=None, packages_end=None, allow_overriding=[], cmake_args=None, cmake_target=None, cmake_target_skip_unavailable=False, cmake_clean_cache=False, cmake_clean_first=False, cmake_force_configure=False, ament_cmake_args=None, catkin_cmake_args=None, catkin_skip_building_tests=False, verb_parser=<colcon_defaults.argument_parser.defaults.DefaultArgumentsDecorator object at 0x7b2aef9ff940>, verb_extension=<colcon_core.verb.build.BuildVerb object at 0x7b2aef9ff430>, main=<bound method BuildVerb.main of <colcon_core.verb.build.BuildVerb object at 0x7b2aef9ff430>>)
[0.968s] Level 1:colcon.colcon_core.package_discovery:discover_packages(colcon_meta) check parameters
[0.968s] Level 1:colcon.colcon_core.package_discovery:discover_packages(recursive) check parameters
[0.968s] Level 1:colcon.colcon_core.package_discovery:discover_packages(ignore) check parameters
[0.969s] Level 1:colcon.colcon_core.package_discovery:discover_packages(path) check parameters
[0.969s] Level 1:colcon.colcon_core.package_discovery:discover_packages(colcon_meta) discover
[0.969s] Level 1:colcon.colcon_core.package_discovery:discover_packages(recursive) discover
[0.969s] INFO:colcon.colcon_core.package_discovery:Crawling recursively for packages in '/home/mhpromit7473/Workspaces/ros2_py_ws'
[0.969s] Level 1:colcon.colcon_core.package_identification:_identify(.) by extensions ['ignore', 'ignore_ament_install']
[0.970s] Level 1:colcon.colcon_core.package_identification:_identify(.) by extension 'ignore'
[0.970s] Level 1:colcon.colcon_core.package_identification:_identify(.) by extension 'ignore_ament_install'
[0.970s] Level 1:colcon.colcon_core.package_identification:_identify(.) by extensions ['colcon_pkg']
[0.970s] Level 1:colcon.colcon_core.package_identification:_identify(.) by extension 'colcon_pkg'
[0.970s] Level 1:colcon.colcon_core.package_identification:_identify(.) by extensions ['colcon_meta']
[0.970s] Level 1:colcon.colcon_core.package_identification:_identify(.) by extension 'colcon_meta'
[0.972s] Level 1:colcon.colcon_core.package_identification:_identify(.) by extensions ['ros']
[0.972s] Level 1:colcon.colcon_core.package_identification:_identify(.) by extension 'ros'
[1.020s] Level 1:colcon.colcon_core.package_identification:_identify(.) by extensions ['cmake', 'python']
[1.020s] Level 1:colcon.colcon_core.package_identification:_identify(.) by extension 'cmake'
[1.020s] Level 1:colcon.colcon_core.package_identification:_identify(.) by extension 'python'
[1.020s] Level 1:colcon.colcon_core.package_identification:_identify(.) by extensions ['python_setup_py']
[1.021s] Level 1:colcon.colcon_core.package_identification:_identify(.) by extension 'python_setup_py'
[1.021s] Level 1:colcon.colcon_core.package_identification:_identify(build) by extensions ['ignore', 'ignore_ament_install']
[1.021s] Level 1:colcon.colcon_core.package_identification:_identify(build) by extension 'ignore'
[1.022s] Level 1:colcon.colcon_core.package_identification:_identify(build) ignored
[1.022s] Level 1:colcon.colcon_core.package_identification:_identify(install) by extensions ['ignore', 'ignore_ament_install']
[1.022s] Level 1:colcon.colcon_core.package_identification:_identify(install) by extension 'ignore'
[1.022s] Level 1:colcon.colcon_core.package_identification:_identify(install) ignored
[1.023s] Level 1:colcon.colcon_core.package_identification:_identify(log) by extensions ['ignore', 'ignore_ament_install']
[1.023s] Level 1:colcon.colcon_core.package_identification:_identify(log) by extension 'ignore'
[1.023s] Level 1:colcon.colcon_core.package_identification:_identify(log) ignored
[1.023s] Level 1:colcon.colcon_core.package_identification:_identify(src) by extensions ['ignore', 'ignore_ament_install']
[1.024s] Level 1:colcon.colcon_core.package_identification:_identify(src) by extension 'ignore'
[1.024s] Level 1:colcon.colcon_core.package_identification:_identify(src) by extension 'ignore_ament_install'
[1.024s] Level 1:colcon.colcon_core.package_identification:_identify(src) by extensions ['colcon_pkg']
[1.024s] Level 1:colcon.colcon_core.package_identification:_identify(src) by extension 'colcon_pkg'
[1.024s] Level 1:colcon.colcon_core.package_identification:_identify(src) by extensions ['colcon_meta']
[1.024s] Level 1:colcon.colcon_core.package_identification:_identify(src) by extension 'colcon_meta'
[1.025s] Level 1:colcon.colcon_core.package_identification:_identify(src) by extensions ['ros']
[1.025s] Level 1:colcon.colcon_core.package_identification:_identify(src) by extension 'ros'
[1.025s] Level 1:colcon.colcon_core.package_identification:_identify(src) by extensions ['cmake', 'python']
[1.025s] Level 1:colcon.colcon_core.package_identification:_identify(src) by extension 'cmake'
[1.025s] Level 1:colcon.colcon_core.package_identification:_identify(src) by extension 'python'
[1.025s] Level 1:colcon.colcon_core.package_identification:_identify(src) by extensions ['python_setup_py']
[1.025s] Level 1:colcon.colcon_core.package_identification:_identify(src) by extension 'python_setup_py'
[1.026s] Level 1:colcon.colcon_core.package_identification:_identify(src/udemy_ros2_pkg) by extensions ['ignore', 'ignore_ament_install']
[1.026s] Level 1:colcon.colcon_core.package_identification:_identify(src/udemy_ros2_pkg) by extension 'ignore'
[1.026s] Level 1:colcon.colcon_core.package_identification:_identify(src/udemy_ros2_pkg) by extension 'ignore_ament_install'
[1.026s] Level 1:colcon.colcon_core.package_identification:_identify(src/udemy_ros2_pkg) by extensions ['colcon_pkg']
[1.026s] Level 1:colcon.colcon_core.package_identification:_identify(src/udemy_ros2_pkg) by extension 'colcon_pkg'
[1.027s] Level 1:colcon.colcon_core.package_identification:_identify(src/udemy_ros2_pkg) by extensions ['colcon_meta']
[1.027s] Level 1:colcon.colcon_core.package_identification:_identify(src/udemy_ros2_pkg) by extension 'colcon_meta'
[1.027s] Level 1:colcon.colcon_core.package_identification:_identify(src/udemy_ros2_pkg) by extensions ['ros']
[1.027s] Level 1:colcon.colcon_core.package_identification:_identify(src/udemy_ros2_pkg) by extension 'ros'
[1.036s] DEBUG:colcon.colcon_core.package_identification:Package 'src/udemy_ros2_pkg' with type 'ros.ament_cmake' and name 'udemy_ros2_pkg'
[1.037s] Level 1:colcon.colcon_core.package_discovery:discover_packages(recursive) using defaults
[1.037s] Level 1:colcon.colcon_core.package_discovery:discover_packages(ignore) discover
[1.037s] Level 1:colcon.colcon_core.package_discovery:discover_packages(ignore) using defaults
[1.037s] Level 1:colcon.colcon_core.package_discovery:discover_packages(path) discover
[1.038s] Level 1:colcon.colcon_core.package_discovery:discover_packages(path) using defaults
[1.105s] Level 1:colcon.colcon_core.package_discovery:discover_packages(prefix_path) check parameters
[1.105s] Level 1:colcon.colcon_core.package_discovery:discover_packages(prefix_path) discover
[1.111s] DEBUG:colcon.colcon_installed_package_information.package_discovery:Found 1 installed packages in /home/mhpromit7473/Workspaces/ros2_py_ws/install
[1.117s] DEBUG:colcon.colcon_installed_package_information.package_discovery:Found 270 installed packages in /opt/ros/humble
[1.122s] Level 1:colcon.colcon_core.package_discovery:discover_packages(prefix_path) using defaults
[1.289s] Level 5:colcon.colcon_core.verb:set package 'udemy_ros2_pkg' build argument 'cmake_args' from command line to 'None'
[1.290s] Level 5:colcon.colcon_core.verb:set package 'udemy_ros2_pkg' build argument 'cmake_target' from command line to 'None'
[1.290s] Level 5:colcon.colcon_core.verb:set package 'udemy_ros2_pkg' build argument 'cmake_target_skip_unavailable' from command line to 'False'
[1.290s] Level 5:colcon.colcon_core.verb:set package 'udemy_ros2_pkg' build argument 'cmake_clean_cache' from command line to 'False'
[1.290s] Level 5:colcon.colcon_core.verb:set package 'udemy_ros2_pkg' build argument 'cmake_clean_first' from command line to 'False'
[1.290s] Level 5:colcon.colcon_core.verb:set package 'udemy_ros2_pkg' build argument 'cmake_force_configure' from command line to 'False'
[1.290s] Level 5:colcon.colcon_core.verb:set package 'udemy_ros2_pkg' build argument 'ament_cmake_args' from command line to 'None'
[1.290s] Level 5:colcon.colcon_core.verb:set package 'udemy_ros2_pkg' build argument 'catkin_cmake_args' from command line to 'None'
[1.290s] Level 5:colcon.colcon_core.verb:set package 'udemy_ros2_pkg' build argument 'catkin_skip_building_tests' from command line to 'False'
[1.291s] DEBUG:colcon.colcon_core.verb:Building package 'udemy_ros2_pkg' with the following arguments: {'ament_cmake_args': None, 'build_base': '/home/mhpromit7473/Workspaces/ros2_py_ws/build/udemy_ros2_pkg', 'catkin_cmake_args': None, 'catkin_skip_building_tests': False, 'cmake_args': None, 'cmake_clean_cache': False, 'cmake_clean_first': False, 'cmake_force_configure': False, 'cmake_target': None, 'cmake_target_skip_unavailable': False, 'install_base': '/home/mhpromit7473/Workspaces/ros2_py_ws/install/udemy_ros2_pkg', 'merge_install': False, 'path': '/home/mhpromit7473/Workspaces/ros2_py_ws/src/udemy_ros2_pkg', 'symlink_install': False, 'test_result_base': None}
[1.291s] INFO:colcon.colcon_core.executor:Executing jobs using 'parallel' executor
[1.296s] DEBUG:colcon.colcon_parallel_executor.executor.parallel:run_until_complete
[1.296s] INFO:colcon.colcon_ros.task.ament_cmake.build:Building ROS package in '/home/mhpromit7473/Workspaces/ros2_py_ws/src/udemy_ros2_pkg' with build type 'ament_cmake'
[1.296s] INFO:colcon.colcon_cmake.task.cmake.build:Building CMake package in '/home/mhpromit7473/Workspaces/ros2_py_ws/src/udemy_ros2_pkg'
[1.303s] INFO:colcon.colcon_core.plugin_system:Skipping extension 'colcon_core.shell.bat': Not used on non-Windows systems
[1.303s] INFO:colcon.colcon_core.shell:Skip shell extension 'powershell' for command environment: Not usable outside of PowerShell
[1.304s] DEBUG:colcon.colcon_core.shell:Skip shell extension 'dsv' for command environment
[1.360s] DEBUG:colcon.colcon_core.event_handler.log_command:Invoking command in '/home/mhpromit7473/Workspaces/ros2_py_ws/build/udemy_ros2_pkg': CMAKE_PREFIX_PATH=${CMAKE_PREFIX_PATH}:/opt/ros/humble /usr/bin/cmake --build /home/mhpromit7473/Workspaces/ros2_py_ws/build/udemy_ros2_pkg -- -j2 -l2
[2.550s] DEBUG:colcon.colcon_core.event_handler.log_command:Invoked command in '/home/mhpromit7473/Workspaces/ros2_py_ws/build/udemy_ros2_pkg' returned '0': CMAKE_PREFIX_PATH=${CMAKE_PREFIX_PATH}:/opt/ros/humble /usr/bin/cmake --build /home/mhpromit7473/Workspaces/ros2_py_ws/build/udemy_ros2_pkg -- -j2 -l2
[2.743s] DEBUG:colcon.colcon_core.event_handler.log_command:Invoking command in '/home/mhpromit7473/Workspaces/ros2_py_ws/build/udemy_ros2_pkg': CMAKE_PREFIX_PATH=${CMAKE_PREFIX_PATH}:/opt/ros/humble /usr/bin/cmake --install /home/mhpromit7473/Workspaces/ros2_py_ws/build/udemy_ros2_pkg
[2.936s] Level 1:colcon.colcon_core.environment:create_environment_scripts_only(udemy_ros2_pkg)
[2.942s] DEBUG:colcon.colcon_core.event_handler.log_command:Invoked command in '/home/mhpromit7473/Workspaces/ros2_py_ws/build/udemy_ros2_pkg' returned '0': CMAKE_PREFIX_PATH=${CMAKE_PREFIX_PATH}:/opt/ros/humble /usr/bin/cmake --install /home/mhpromit7473/Workspaces/ros2_py_ws/build/udemy_ros2_pkg
[2.948s] Level 1:colcon.colcon_core.environment:checking '/home/mhpromit7473/Workspaces/ros2_py_ws/install/udemy_ros2_pkg' for CMake module files
[2.949s] Level 1:colcon.colcon_core.environment:checking '/home/mhpromit7473/Workspaces/ros2_py_ws/install/udemy_ros2_pkg' for CMake config files
[2.951s] Level 1:colcon.colcon_core.shell:create_environment_hook('udemy_ros2_pkg', 'cmake_prefix_path')
[2.951s] INFO:colcon.colcon_core.shell:Creating environment hook '/home/mhpromit7473/Workspaces/ros2_py_ws/install/udemy_ros2_pkg/share/udemy_ros2_pkg/hook/cmake_prefix_path.ps1'
[2.954s] INFO:colcon.colcon_core.shell:Creating environment descriptor '/home/mhpromit7473/Workspaces/ros2_py_ws/install/udemy_ros2_pkg/share/udemy_ros2_pkg/hook/cmake_prefix_path.dsv'
[2.956s] INFO:colcon.colcon_core.shell:Creating environment hook '/home/mhpromit7473/Workspaces/ros2_py_ws/install/udemy_ros2_pkg/share/udemy_ros2_pkg/hook/cmake_prefix_path.sh'
[2.960s] Level 1:colcon.colcon_core.environment:checking '/home/mhpromit7473/Workspaces/ros2_py_ws/install/udemy_ros2_pkg/lib'
[2.960s] Level 1:colcon.colcon_core.environment:checking '/home/mhpromit7473/Workspaces/ros2_py_ws/install/udemy_ros2_pkg/bin'
[2.961s] Level 1:colcon.colcon_core.environment:checking '/home/mhpromit7473/Workspaces/ros2_py_ws/install/udemy_ros2_pkg/lib/pkgconfig/udemy_ros2_pkg.pc'
[2.962s] Level 1:colcon.colcon_core.environment:checking '/home/mhpromit7473/Workspaces/ros2_py_ws/install/udemy_ros2_pkg/lib/python3.10/site-packages'
[2.962s] Level 1:colcon.colcon_core.environment:checking '/home/mhpromit7473/Workspaces/ros2_py_ws/install/udemy_ros2_pkg/bin'
[2.963s] INFO:colcon.colcon_core.shell:Creating package script '/home/mhpromit7473/Workspaces/ros2_py_ws/install/udemy_ros2_pkg/share/udemy_ros2_pkg/package.ps1'
[2.966s] INFO:colcon.colcon_core.shell:Creating package descriptor '/home/mhpromit7473/Workspaces/ros2_py_ws/install/udemy_ros2_pkg/share/udemy_ros2_pkg/package.dsv'
[2.969s] INFO:colcon.colcon_core.shell:Creating package script '/home/mhpromit7473/Workspaces/ros2_py_ws/install/udemy_ros2_pkg/share/udemy_ros2_pkg/package.sh'
[2.972s] INFO:colcon.colcon_core.shell:Creating package script '/home/mhpromit7473/Workspaces/ros2_py_ws/install/udemy_ros2_pkg/share/udemy_ros2_pkg/package.bash'
[2.975s] INFO:colcon.colcon_core.shell:Creating package script '/home/mhpromit7473/Workspaces/ros2_py_ws/install/udemy_ros2_pkg/share/udemy_ros2_pkg/package.zsh'
[2.978s] Level 1:colcon.colcon_core.environment:create_file_with_runtime_dependencies(/home/mhpromit7473/Workspaces/ros2_py_ws/install/udemy_ros2_pkg/share/colcon-core/packages/udemy_ros2_pkg)
[3.135s] Level 1:colcon.colcon_core.environment:create_environment_scripts_only(udemy_ros2_pkg)
[3.137s] Level 1:colcon.colcon_core.environment:checking '/home/mhpromit7473/Workspaces/ros2_py_ws/install/udemy_ros2_pkg' for CMake module files
[3.139s] Level 1:colcon.colcon_core.environment:checking '/home/mhpromit7473/Workspaces/ros2_py_ws/install/udemy_ros2_pkg' for CMake config files
[3.140s] Level 1:colcon.colcon_core.shell:create_environment_hook('udemy_ros2_pkg', 'cmake_prefix_path')
[3.140s] INFO:colcon.colcon_core.shell:Creating environment hook '/home/mhpromit7473/Workspaces/ros2_py_ws/install/udemy_ros2_pkg/share/udemy_ros2_pkg/hook/cmake_prefix_path.ps1'
[3.142s] INFO:colcon.colcon_core.shell:Creating environment descriptor '/home/mhpromit7473/Workspaces/ros2_py_ws/install/udemy_ros2_pkg/share/udemy_ros2_pkg/hook/cmake_prefix_path.dsv'
[3.143s] INFO:colcon.colcon_core.shell:Creating environment hook '/home/mhpromit7473/Workspaces/ros2_py_ws/install/udemy_ros2_pkg/share/udemy_ros2_pkg/hook/cmake_prefix_path.sh'
[3.145s] Level 1:colcon.colcon_core.environment:checking '/home/mhpromit7473/Workspaces/ros2_py_ws/install/udemy_ros2_pkg/lib'
[3.146s] Level 1:colcon.colcon_core.environment:checking '/home/mhpromit7473/Workspaces/ros2_py_ws/install/udemy_ros2_pkg/bin'
[3.146s] Level 1:colcon.colcon_core.environment:checking '/home/mhpromit7473/Workspaces/ros2_py_ws/install/udemy_ros2_pkg/lib/pkgconfig/udemy_ros2_pkg.pc'
[3.147s] Level 1:colcon.colcon_core.environment:checking '/home/mhpromit7473/Workspaces/ros2_py_ws/install/udemy_ros2_pkg/lib/python3.10/site-packages'
[3.147s] Level 1:colcon.colcon_core.environment:checking '/home/mhpromit7473/Workspaces/ros2_py_ws/install/udemy_ros2_pkg/bin'
[3.148s] INFO:colcon.colcon_core.shell:Creating package script '/home/mhpromit7473/Workspaces/ros2_py_ws/install/udemy_ros2_pkg/share/udemy_ros2_pkg/package.ps1'
[3.151s] INFO:colcon.colcon_core.shell:Creating package descriptor '/home/mhpromit7473/Workspaces/ros2_py_ws/install/udemy_ros2_pkg/share/udemy_ros2_pkg/package.dsv'
[3.153s] INFO:colcon.colcon_core.shell:Creating package script '/home/mhpromit7473/Workspaces/ros2_py_ws/install/udemy_ros2_pkg/share/udemy_ros2_pkg/package.sh'
[3.155s] INFO:colcon.colcon_core.shell:Creating package script '/home/mhpromit7473/Workspaces/ros2_py_ws/install/udemy_ros2_pkg/share/udemy_ros2_pkg/package.bash'
[3.156s] INFO:colcon.colcon_core.shell:Creating package script '/home/mhpromit7473/Workspaces/ros2_py_ws/install/udemy_ros2_pkg/share/udemy_ros2_pkg/package.zsh'
[3.157s] Level 1:colcon.colcon_core.environment:create_file_with_runtime_dependencies(/home/mhpromit7473/Workspaces/ros2_py_ws/install/udemy_ros2_pkg/share/colcon-core/packages/udemy_ros2_pkg)
[3.159s] DEBUG:colcon.colcon_parallel_executor.executor.parallel:closing loop
[3.159s] DEBUG:colcon.colcon_parallel_executor.executor.parallel:loop closed
[3.159s] DEBUG:colcon.colcon_parallel_executor.executor.parallel:run_until_complete finished with '0'
[3.159s] DEBUG:colcon.colcon_core.event_reactor:joining thread
[3.173s] INFO:colcon.colcon_core.plugin_system:Skipping extension 'colcon_notification.desktop_notification.terminal_notifier': Not used on non-Darwin systems
[3.173s] INFO:colcon.colcon_core.plugin_system:Skipping extension 'colcon_notification.desktop_notification.win32': Not used on non-Windows systems
[3.173s] INFO:colcon.colcon_notification.desktop_notification:Sending desktop notification using 'notify2'
[3.211s] DEBUG:colcon.colcon_core.event_reactor:joined thread
[3.212s] INFO:colcon.colcon_core.shell:Creating prefix script '/home/mhpromit7473/Workspaces/ros2_py_ws/install/local_setup.ps1'
[3.215s] INFO:colcon.colcon_core.shell:Creating prefix util module '/home/mhpromit7473/Workspaces/ros2_py_ws/install/_local_setup_util_ps1.py'
[3.220s] INFO:colcon.colcon_core.shell:Creating prefix chain script '/home/mhpromit7473/Workspaces/ros2_py_ws/install/setup.ps1'
[3.227s] INFO:colcon.colcon_core.shell:Creating prefix script '/home/mhpromit7473/Workspaces/ros2_py_ws/install/local_setup.sh'
[3.230s] INFO:colcon.colcon_core.shell:Creating prefix util module '/home/mhpromit7473/Workspaces/ros2_py_ws/install/_local_setup_util_sh.py'
[3.233s] INFO:colcon.colcon_core.shell:Creating prefix chain script '/home/mhpromit7473/Workspaces/ros2_py_ws/install/setup.sh'
[3.238s] INFO:colcon.colcon_core.shell:Creating prefix script '/home/mhpromit7473/Workspaces/ros2_py_ws/install/local_setup.bash'
[3.240s] INFO:colcon.colcon_core.shell:Creating prefix chain script '/home/mhpromit7473/Workspaces/ros2_py_ws/install/setup.bash'
[3.247s] INFO:colcon.colcon_core.shell:Creating prefix script '/home/mhpromit7473/Workspaces/ros2_py_ws/install/local_setup.zsh'
[3.252s] INFO:colcon.colcon_core.shell:Creating prefix chain script '/home/mhpromit7473/Workspaces/ros2_py_ws/install/setup.zsh'
