running egg_info
creating ../../build/my_py_pkg/my_py_pkg.egg-info
writing ../../build/my_py_pkg/my_py_pkg.egg-info/PKG-INFO
writing dependency_links to ../../build/my_py_pkg/my_py_pkg.egg-info/dependency_links.txt
writing entry points to ../../build/my_py_pkg/my_py_pkg.egg-info/entry_points.txt
writing requirements to ../../build/my_py_pkg/my_py_pkg.egg-info/requires.txt
writing top-level names to ../../build/my_py_pkg/my_py_pkg.egg-info/top_level.txt
writing manifest file '../../build/my_py_pkg/my_py_pkg.egg-info/SOURCES.txt'
reading manifest file '../../build/my_py_pkg/my_py_pkg.egg-info/SOURCES.txt'
writing manifest file '../../build/my_py_pkg/my_py_pkg.egg-info/SOURCES.txt'
running build
running build_py
creating /home/mhpromit7473/Workspaces/ros2_py_ws/build/my_py_pkg/build
creating /home/mhpromit7473/Workspaces/ros2_py_ws/build/my_py_pkg/build/lib
creating /home/mhpromit7473/Workspaces/ros2_py_ws/build/my_py_pkg/build/lib/my_py_pkg
copying my_py_pkg/subscriber2.py -> /home/mhpromit7473/Workspaces/ros2_py_ws/build/my_py_pkg/build/lib/my_py_pkg
copying my_py_pkg/publisher2.py -> /home/mhpromit7473/Workspaces/ros2_py_ws/build/my_py_pkg/build/lib/my_py_pkg
copying my_py_pkg/__init__.py -> /home/mhpromit7473/Workspaces/ros2_py_ws/build/my_py_pkg/build/lib/my_py_pkg
running install
running install_lib
creating /home/mhpromit7473/Workspaces/ros2_py_ws/install/my_py_pkg/lib/python3.10/site-packages/my_py_pkg
copying /home/mhpromit7473/Workspaces/ros2_py_ws/build/my_py_pkg/build/lib/my_py_pkg/subscriber2.py -> /home/mhpromit7473/Workspaces/ros2_py_ws/install/my_py_pkg/lib/python3.10/site-packages/my_py_pkg
copying /home/mhpromit7473/Workspaces/ros2_py_ws/build/my_py_pkg/build/lib/my_py_pkg/publisher2.py -> /home/mhpromit7473/Workspaces/ros2_py_ws/install/my_py_pkg/lib/python3.10/site-packages/my_py_pkg
copying /home/mhpromit7473/Workspaces/ros2_py_ws/build/my_py_pkg/build/lib/my_py_pkg/__init__.py -> /home/mhpromit7473/Workspaces/ros2_py_ws/install/my_py_pkg/lib/python3.10/site-packages/my_py_pkg
byte-compiling /home/mhpromit7473/Workspaces/ros2_py_ws/install/my_py_pkg/lib/python3.10/site-packages/my_py_pkg/subscriber2.py to subscriber2.cpython-310.pyc
byte-compiling /home/mhpromit7473/Workspaces/ros2_py_ws/install/my_py_pkg/lib/python3.10/site-packages/my_py_pkg/publisher2.py to publisher2.cpython-310.pyc
byte-compiling /home/mhpromit7473/Workspaces/ros2_py_ws/install/my_py_pkg/lib/python3.10/site-packages/my_py_pkg/__init__.py to __init__.cpython-310.pyc
running install_data
creating /home/mhpromit7473/Workspaces/ros2_py_ws/install/my_py_pkg/share/ament_index
creating /home/mhpromit7473/Workspaces/ros2_py_ws/install/my_py_pkg/share/ament_index/resource_index
creating /home/mhpromit7473/Workspaces/ros2_py_ws/install/my_py_pkg/share/ament_index/resource_index/packages
copying resource/my_py_pkg -> /home/mhpromit7473/Workspaces/ros2_py_ws/install/my_py_pkg/share/ament_index/resource_index/packages
copying package.xml -> /home/mhpromit7473/Workspaces/ros2_py_ws/install/my_py_pkg/share/my_py_pkg
running install_egg_info
Copying ../../build/my_py_pkg/my_py_pkg.egg-info to /home/mhpromit7473/Workspaces/ros2_py_ws/install/my_py_pkg/lib/python3.10/site-packages/my_py_pkg-0.0.0-py3.10.egg-info
running install_scripts
Installing my_publisher script to /home/mhpromit7473/Workspaces/ros2_py_ws/install/my_py_pkg/lib/my_py_pkg
Installing my_subscriber script to /home/mhpromit7473/Workspaces/ros2_py_ws/install/my_py_pkg/lib/my_py_pkg
writing list of installed files to '/home/mhpromit7473/Workspaces/ros2_py_ws/build/my_py_pkg/install.log'
