[2.039s] Invoking command in '/home/mhpromit7473/Workspaces/ros2_py_ws/src/my_py_pkg': PYTHONPATH=/home/mhpromit7473/Workspaces/ros2_py_ws/build/my_py_pkg/prefix_override:/usr/lib/python3/dist-packages/colcon_core/task/python/colcon_distutils_commands:/home/mhpromit7473/Workspaces/ros2_py_ws/install/my_py_pkg/lib/python3.10/site-packages:${PYTHONPATH} /usr/bin/python3 -W ignore:setup.py install is deprecated setup.py egg_info --egg-base ../../build/my_py_pkg build --build-base /home/mhpromit7473/Workspaces/ros2_py_ws/build/my_py_pkg/build install --record /home/mhpromit7473/Workspaces/ros2_py_ws/build/my_py_pkg/install.log --single-version-externally-managed install_data
[2.855s] running egg_info
[2.859s] creating ../../build/my_py_pkg/my_py_pkg.egg-info
[2.859s] writing ../../build/my_py_pkg/my_py_pkg.egg-info/PKG-INFO
[2.859s] writing dependency_links to ../../build/my_py_pkg/my_py_pkg.egg-info/dependency_links.txt
[2.866s] writing entry points to ../../build/my_py_pkg/my_py_pkg.egg-info/entry_points.txt
[2.867s] writing requirements to ../../build/my_py_pkg/my_py_pkg.egg-info/requires.txt
[2.867s] writing top-level names to ../../build/my_py_pkg/my_py_pkg.egg-info/top_level.txt
[2.867s] writing manifest file '../../build/my_py_pkg/my_py_pkg.egg-info/SOURCES.txt'
[2.883s] reading manifest file '../../build/my_py_pkg/my_py_pkg.egg-info/SOURCES.txt'
[2.884s] writing manifest file '../../build/my_py_pkg/my_py_pkg.egg-info/SOURCES.txt'
[2.885s] running build
[2.887s] running build_py
[2.888s] creating /home/mhpromit7473/Workspaces/ros2_py_ws/build/my_py_pkg/build
[2.889s] creating /home/mhpromit7473/Workspaces/ros2_py_ws/build/my_py_pkg/build/lib
[2.889s] creating /home/mhpromit7473/Workspaces/ros2_py_ws/build/my_py_pkg/build/lib/my_py_pkg
[2.893s] copying my_py_pkg/subscriber2.py -> /home/mhpromit7473/Workspaces/ros2_py_ws/build/my_py_pkg/build/lib/my_py_pkg
[2.895s] copying my_py_pkg/publisher2.py -> /home/mhpromit7473/Workspaces/ros2_py_ws/build/my_py_pkg/build/lib/my_py_pkg
[2.895s] copying my_py_pkg/__init__.py -> /home/mhpromit7473/Workspaces/ros2_py_ws/build/my_py_pkg/build/lib/my_py_pkg
[2.896s] running install
[2.896s] running install_lib
[2.898s] creating /home/mhpromit7473/Workspaces/ros2_py_ws/install/my_py_pkg/lib/python3.10/site-packages/my_py_pkg
[2.899s] copying /home/mhpromit7473/Workspaces/ros2_py_ws/build/my_py_pkg/build/lib/my_py_pkg/subscriber2.py -> /home/mhpromit7473/Workspaces/ros2_py_ws/install/my_py_pkg/lib/python3.10/site-packages/my_py_pkg
[2.899s] copying /home/mhpromit7473/Workspaces/ros2_py_ws/build/my_py_pkg/build/lib/my_py_pkg/publisher2.py -> /home/mhpromit7473/Workspaces/ros2_py_ws/install/my_py_pkg/lib/python3.10/site-packages/my_py_pkg
[2.900s] copying /home/mhpromit7473/Workspaces/ros2_py_ws/build/my_py_pkg/build/lib/my_py_pkg/__init__.py -> /home/mhpromit7473/Workspaces/ros2_py_ws/install/my_py_pkg/lib/python3.10/site-packages/my_py_pkg
[2.900s] byte-compiling /home/mhpromit7473/Workspaces/ros2_py_ws/install/my_py_pkg/lib/python3.10/site-packages/my_py_pkg/subscriber2.py to subscriber2.cpython-310.pyc
[2.901s] byte-compiling /home/mhpromit7473/Workspaces/ros2_py_ws/install/my_py_pkg/lib/python3.10/site-packages/my_py_pkg/publisher2.py to publisher2.cpython-310.pyc
[2.901s] byte-compiling /home/mhpromit7473/Workspaces/ros2_py_ws/install/my_py_pkg/lib/python3.10/site-packages/my_py_pkg/__init__.py to __init__.cpython-310.pyc
[2.906s] running install_data
[2.907s] creating /home/mhpromit7473/Workspaces/ros2_py_ws/install/my_py_pkg/share/ament_index
[2.907s] creating /home/mhpromit7473/Workspaces/ros2_py_ws/install/my_py_pkg/share/ament_index/resource_index
[2.909s] creating /home/mhpromit7473/Workspaces/ros2_py_ws/install/my_py_pkg/share/ament_index/resource_index/packages
[2.909s] copying resource/my_py_pkg -> /home/mhpromit7473/Workspaces/ros2_py_ws/install/my_py_pkg/share/ament_index/resource_index/packages
[2.909s] copying package.xml -> /home/mhpromit7473/Workspaces/ros2_py_ws/install/my_py_pkg/share/my_py_pkg
[2.910s] running install_egg_info
[2.912s] Copying ../../build/my_py_pkg/my_py_pkg.egg-info to /home/mhpromit7473/Workspaces/ros2_py_ws/install/my_py_pkg/lib/python3.10/site-packages/my_py_pkg-0.0.0-py3.10.egg-info
[2.922s] running install_scripts
[2.992s] Installing my_publisher script to /home/mhpromit7473/Workspaces/ros2_py_ws/install/my_py_pkg/lib/my_py_pkg
[2.993s] Installing my_subscriber script to /home/mhpromit7473/Workspaces/ros2_py_ws/install/my_py_pkg/lib/my_py_pkg
[2.993s] writing list of installed files to '/home/mhpromit7473/Workspaces/ros2_py_ws/build/my_py_pkg/install.log'
[3.066s] Invoked command in '/home/mhpromit7473/Workspaces/ros2_py_ws/src/my_py_pkg' returned '0': PYTHONPATH=/home/mhpromit7473/Workspaces/ros2_py_ws/build/my_py_pkg/prefix_override:/usr/lib/python3/dist-packages/colcon_core/task/python/colcon_distutils_commands:/home/mhpromit7473/Workspaces/ros2_py_ws/install/my_py_pkg/lib/python3.10/site-packages:${PYTHONPATH} /usr/bin/python3 -W ignore:setup.py install is deprecated setup.py egg_info --egg-base ../../build/my_py_pkg build --build-base /home/mhpromit7473/Workspaces/ros2_py_ws/build/my_py_pkg/build install --record /home/mhpromit7473/Workspaces/ros2_py_ws/build/my_py_pkg/install.log --single-version-externally-managed install_data
