[0.000000] (-) TimerEvent: {}
[0.000558] (udemy_ros2_pkg) JobQueued: {'identifier': 'udemy_ros2_pkg', 'dependencies': OrderedDict()}
[0.000582] (udemy_ros2_pkg) JobStarted: {'identifier': 'udemy_ros2_pkg'}
[0.007782] (udemy_ros2_pkg) JobProgress: {'identifier': 'udemy_ros2_pkg', 'progress': 'cmake'}
[0.007918] (udemy_ros2_pkg) Command: {'cmd': ['/usr/bin/cmake', '/home/mhpromit7473/Workspaces/ros2_py_ws/src/udemy_ros2_pkg', '-DAMENT_CMAKE_SYMLINK_INSTALL=1', '-DCMAKE_INSTALL_PREFIX=/home/mhpromit7473/Workspaces/ros2_py_ws/install/udemy_ros2_pkg'], 'cwd': '/home/mhpromit7473/Workspaces/ros2_py_ws/build/udemy_ros2_pkg', 'env': OrderedDict([('GJS_DEBUG_TOPICS', 'JS ERROR;JS LOG'), ('LESSOPEN', '| /usr/bin/lesspipe %s'), ('USER', 'mhpromit7473'), ('LC_TIME', 'en_US.UTF-8'), ('XDG_SESSION_TYPE', 'wayland'), ('GIT_ASKPASS', '/usr/share/code/resources/app/extensions/git/dist/askpass.sh'), ('SHLVL', '1'), ('LD_LIBRARY_PATH', '/home/mhpromit7473/Workspaces/ros2_py_ws/install/udemy_ros2_pkg/lib:/opt/ros/humble/opt/rviz_ogre_vendor/lib:/opt/ros/humble/lib/x86_64-linux-gnu:/opt/ros/humble/lib'), ('HOME', '/home/mhpromit7473'), ('CHROME_DESKTOP', 'code-url-handler.desktop'), ('TERM_PROGRAM_VERSION', '1.94.0'), ('DESKTOP_SESSION', 'ubuntu'), ('GIO_LAUNCHED_DESKTOP_FILE', '/usr/share/applications/code.desktop'), ('ROS_PYTHON_VERSION', '3'), ('GNOME_SHELL_SESSION_MODE', 'ubuntu'), ('GTK_MODULES', 'gail:atk-bridge'), ('VSCODE_GIT_ASKPASS_MAIN', '/usr/share/code/resources/app/extensions/git/dist/askpass-main.js'), ('LC_MONETARY', 'en_US.UTF-8'), ('VSCODE_GIT_ASKPASS_NODE', '/usr/share/code/code'), ('MANAGERPID', '1768'), ('SYSTEMD_EXEC_PID', '1942'), ('IM_CONFIG_CHECK_ENV', '1'), ('DBUS_SESSION_BUS_ADDRESS', 'unix:path=/run/user/1000/bus'), ('COLORTERM', 'truecolor'), ('GIO_LAUNCHED_DESKTOP_FILE_PID', '3811'), ('IM_CONFIG_PHASE', '1'), ('WAYLAND_DISPLAY', 'wayland-0'), ('COLCON_PREFIX_PATH', '/home/mhpromit7473/Workspaces/ros2_py_ws/install'), ('ROS_DISTRO', 'humble'), ('LOGNAME', 'mhpromit7473'), ('JOURNAL_STREAM', '8:20558'), ('_', '/usr/bin/colcon'), ('ROS_VERSION', '2'), ('XDG_SESSION_CLASS', 'user'), ('USERNAME', 'mhpromit7473'), ('TERM', 'xterm-256color'), ('GNOME_DESKTOP_SESSION_ID', 'this-is-deprecated'), ('ROS_LOCALHOST_ONLY', '0'), ('PATH', '/home/mhpromit7473/.local/bin:/opt/ros/humble/bin:/home/mhpromit7473/.local/bin:/usr/local/sbin:/usr/local/bin:/usr/sbin:/usr/bin:/sbin:/bin:/usr/games:/usr/local/games:/snap/bin:/snap/bin'), ('SESSION_MANAGER', 'local/rosdev:@/tmp/.ICE-unix/1911,unix/rosdev:/tmp/.ICE-unix/1911'), ('INVOCATION_ID', '8bc8f2198e214bd7ad45e7f5ed13ea18'), ('PAPERSIZE', 'letter'), ('XDG_MENU_PREFIX', 'gnome-'), ('LC_ADDRESS', 'en_US.UTF-8'), ('GNOME_SETUP_DISPLAY', ':1'), ('XDG_RUNTIME_DIR', '/run/user/1000'), ('GDK_BACKEND', 'x11'), ('DISPLAY', ':0'), ('LANG', 'en_US.UTF-8'), ('XDG_CURRENT_DESKTOP', 'Unity'), ('LC_TELEPHONE', 'en_US.UTF-8'), ('XMODIFIERS', '@im=ibus'), ('XDG_SESSION_DESKTOP', 'ubuntu'), ('XAUTHORITY', '/run/user/1000/.mutter-Xwaylandauth.DEYOV2'), ('LS_COLORS', ''), ('VSCODE_GIT_IPC_HANDLE', '/run/user/1000/vscode-git-9b70c361e7.sock'), ('TERM_PROGRAM', 'vscode'), ('SSH_AGENT_LAUNCHER', 'gnome-keyring'), ('SSH_AUTH_SOCK', '/run/user/1000/keyring/ssh'), ('AMENT_PREFIX_PATH', '/home/mhpromit7473/Workspaces/ros2_py_ws/install/udemy_ros2_pkg:/home/mhpromit7473/Workspaces/ros2_py_ws/install/my_py_pkg:/opt/ros/humble'), ('ORIGINAL_XDG_CURRENT_DESKTOP', 'ubuntu:GNOME'), ('SHELL', '/bin/bash'), ('LC_NAME', 'en_US.UTF-8'), ('QT_ACCESSIBILITY', '1'), ('GDMSESSION', 'ubuntu'), ('LESSCLOSE', '/usr/bin/lesspipe %s %s'), ('LC_MEASUREMENT', 'en_US.UTF-8'), ('GJS_DEBUG_OUTPUT', 'stderr'), ('LC_IDENTIFICATION', 'en_US.UTF-8'), ('VSCODE_GIT_ASKPASS_EXTRA_ARGS', ''), ('QT_IM_MODULE', 'ibus'), ('PWD', '/home/mhpromit7473/Workspaces/ros2_py_ws/build/udemy_ros2_pkg'), ('LC_ALL', 'en_US.UTF-8'), ('XDG_CONFIG_DIRS', '/etc/xdg/xdg-ubuntu:/etc/xdg'), ('XDG_DATA_DIRS', '/usr/share/ubuntu:/usr/local/share/:/usr/share/:/var/lib/snapd/desktop'), ('PYTHONPATH', '/home/mhpromit7473/Workspaces/ros2_py_ws/install/udemy_ros2_pkg/local/lib/python3.10/dist-packages:/home/mhpromit7473/Workspaces/ros2_py_ws/build/my_py_pkg:/home/mhpromit7473/Workspaces/ros2_py_ws/install/my_py_pkg/lib/python3.10/site-packages:/opt/ros/humble/lib/python3.10/site-packages:/opt/ros/humble/local/lib/python3.10/dist-packages'), ('LC_NUMERIC', 'en_US.UTF-8'), ('LC_PAPER', 'en_US.UTF-8'), ('COLCON', '1'), ('CMAKE_PREFIX_PATH', '/home/mhpromit7473/Workspaces/ros2_py_ws/install/udemy_ros2_pkg:/home/mhpromit7473/Workspaces/ros2_py_ws/install/my_py_pkg:/opt/ros/humble')]), 'shell': False}
[0.054617] (udemy_ros2_pkg) StdoutLine: {'line': b'-- The C compiler identification is GNU 11.4.0\n'}
[0.094497] (udemy_ros2_pkg) StdoutLine: {'line': b'-- The CXX compiler identification is GNU 11.4.0\n'}
[0.099474] (udemy_ros2_pkg) StdoutLine: {'line': b'-- Detecting C compiler ABI info\n'}
[0.099766] (-) TimerEvent: {}
[0.150338] (udemy_ros2_pkg) StdoutLine: {'line': b'-- Detecting C compiler ABI info - done\n'}
[0.155034] (udemy_ros2_pkg) StdoutLine: {'line': b'-- Check for working C compiler: /usr/bin/cc - skipped\n'}
[0.155256] (udemy_ros2_pkg) StdoutLine: {'line': b'-- Detecting C compile features\n'}
[0.155484] (udemy_ros2_pkg) StdoutLine: {'line': b'-- Detecting C compile features - done\n'}
[0.157342] (udemy_ros2_pkg) StdoutLine: {'line': b'-- Detecting CXX compiler ABI info\n'}
[0.199886] (-) TimerEvent: {}
[0.213783] (udemy_ros2_pkg) StdoutLine: {'line': b'-- Detecting CXX compiler ABI info - done\n'}
[0.218585] (udemy_ros2_pkg) StdoutLine: {'line': b'-- Check for working CXX compiler: /usr/bin/c++ - skipped\n'}
[0.218742] (udemy_ros2_pkg) StdoutLine: {'line': b'-- Detecting CXX compile features\n'}
[0.219051] (udemy_ros2_pkg) StdoutLine: {'line': b'-- Detecting CXX compile features - done\n'}
[0.220276] (udemy_ros2_pkg) StdoutLine: {'line': b'-- Found ament_cmake: 1.3.10 (/opt/ros/humble/share/ament_cmake/cmake)\n'}
[0.300006] (-) TimerEvent: {}
[0.318646] (udemy_ros2_pkg) StdoutLine: {'line': b'-- Found Python3: /usr/bin/python3 (found version "3.10.12") found components: Interpreter \n'}
[0.361696] (udemy_ros2_pkg) StdoutLine: {'line': b'-- Override CMake install command with custom implementation using symlinks instead of copying resources\n'}
[0.374534] (udemy_ros2_pkg) StdoutLine: {'line': b'-- Found rclpy: 3.3.14 (/opt/ros/humble/share/rclpy/cmake)\n'}
[0.374971] (udemy_ros2_pkg) StdoutLine: {'line': b'-- Found rosidl_default_generators: 1.2.0 (/opt/ros/humble/share/rosidl_default_generators/cmake)\n'}
[0.376374] (udemy_ros2_pkg) StdoutLine: {'line': b'-- Using all available rosidl_typesupport_c: rosidl_typesupport_fastrtps_c;rosidl_typesupport_introspection_c\n'}
[0.379119] (udemy_ros2_pkg) StdoutLine: {'line': b'-- Found rosidl_adapter: 3.1.5 (/opt/ros/humble/share/rosidl_adapter/cmake)\n'}
[0.400101] (-) TimerEvent: {}
[0.400333] (udemy_ros2_pkg) StdoutLine: {'line': b'-- Using all available rosidl_typesupport_cpp: rosidl_typesupport_fastrtps_cpp;rosidl_typesupport_introspection_cpp\n'}
[0.423495] (udemy_ros2_pkg) StdoutLine: {'line': b'-- Found OpenCV: /usr (found version "4.5.4") \n'}
[0.424116] (udemy_ros2_pkg) StdoutLine: {'line': b'-- Found cv_bridge: 3.2.1 (/opt/ros/humble/share/cv_bridge/cmake)\n'}
[0.459960] (udemy_ros2_pkg) StdoutLine: {'line': b'-- Found ros_ign_gazebo: 0.244.15 (/opt/ros/humble/share/ros_ign_gazebo/cmake)\n'}
[0.482886] (udemy_ros2_pkg) StdoutLine: {'line': b'-- Found rmw_implementation_cmake: 6.1.2 (/opt/ros/humble/share/rmw_implementation_cmake/cmake)\n'}
[0.484234] (udemy_ros2_pkg) StdoutLine: {'line': b'-- Found rmw_fastrtps_cpp: 6.2.7 (/opt/ros/humble/share/rmw_fastrtps_cpp/cmake)\n'}
[0.500210] (-) TimerEvent: {}
[0.549765] (udemy_ros2_pkg) StdoutLine: {'line': b'-- Found OpenSSL: /usr/lib/x86_64-linux-gnu/libcrypto.so (found version "3.0.2")  \n'}
[0.570580] (udemy_ros2_pkg) StdoutLine: {'line': b'-- Found FastRTPS: /opt/ros/humble/include  \n'}
[0.600312] (-) TimerEvent: {}
[0.602941] (udemy_ros2_pkg) StdoutLine: {'line': b"-- Using RMW implementation 'rmw_fastrtps_cpp' as default\n"}
[0.607743] (udemy_ros2_pkg) StdoutLine: {'line': b'-- Looking for pthread.h\n'}
[0.659557] (udemy_ros2_pkg) StdoutLine: {'line': b'-- Looking for pthread.h - found\n'}
[0.659771] (udemy_ros2_pkg) StdoutLine: {'line': b'-- Performing Test CMAKE_HAVE_LIBC_PTHREAD\n'}
[0.700410] (-) TimerEvent: {}
[0.716503] (udemy_ros2_pkg) StdoutLine: {'line': b'-- Performing Test CMAKE_HAVE_LIBC_PTHREAD - Success\n'}
[0.717734] (udemy_ros2_pkg) StdoutLine: {'line': b'-- Found Threads: TRUE  \n'}
[0.774654] (udemy_ros2_pkg) StdoutLine: {'line': b'-- Found Protobuf: /usr/lib/x86_64-linux-gnu/libprotobuf.so (found suitable version "3.12.4", minimum required is "3") \n'}
[0.800544] (-) TimerEvent: {}
[0.840714] (udemy_ros2_pkg) StdoutLine: {'line': b'-- Found Protobuf: /usr/lib/x86_64-linux-gnu/libprotobuf.so (found version "3.12.4") \n'}
[0.900652] (-) TimerEvent: {}
[1.000972] (-) TimerEvent: {}
[1.101256] (-) TimerEvent: {}
[1.201557] (-) TimerEvent: {}
[1.283594] (udemy_ros2_pkg) StdoutLine: {'line': b'-- Found ament_cmake_ros: 0.10.0 (/opt/ros/humble/share/ament_cmake_ros/cmake)\n'}
[1.301718] (-) TimerEvent: {}
[1.401954] (-) TimerEvent: {}
[1.482615] (udemy_ros2_pkg) StdoutLine: {'line': b'-- Using all available rosidl_typesupport_c: rosidl_typesupport_fastrtps_c;rosidl_typesupport_introspection_c\n'}
[1.502047] (-) TimerEvent: {}
[1.602289] (-) TimerEvent: {}
[1.702602] (-) TimerEvent: {}
[1.727696] (udemy_ros2_pkg) StdoutLine: {'line': b'-- Using all available rosidl_typesupport_cpp: rosidl_typesupport_fastrtps_cpp;rosidl_typesupport_introspection_cpp\n'}
[1.744940] (udemy_ros2_pkg) StdoutLine: {'line': b'-- Found PythonInterp: /usr/bin/python3 (found suitable version "3.10.12", minimum required is "3.6") \n'}
[1.745557] (udemy_ros2_pkg) StdoutLine: {'line': b'-- Found python_cmake_module: 0.10.0 (/opt/ros/humble/share/python_cmake_module/cmake)\n'}
[1.762170] (udemy_ros2_pkg) StdoutLine: {'line': b'-- Found PythonLibs: /usr/lib/x86_64-linux-gnu/libpython3.10.so (found suitable version "3.10.12", minimum required is "3.5") \n'}
[1.762355] (udemy_ros2_pkg) StdoutLine: {'line': b'-- Using PYTHON_EXECUTABLE: /usr/bin/python3\n'}
[1.762419] (udemy_ros2_pkg) StdoutLine: {'line': b'-- Using PYTHON_INCLUDE_DIRS: /usr/include/python3.10\n'}
[1.762477] (udemy_ros2_pkg) StdoutLine: {'line': b'-- Using PYTHON_LIBRARIES: /usr/lib/x86_64-linux-gnu/libpython3.10.so\n'}
[1.782278] (udemy_ros2_pkg) StdoutLine: {'line': b'-- Found PythonExtra: .so  \n'}
[1.802688] (-) TimerEvent: {}
[1.834667] (udemy_ros2_pkg) StdoutLine: {'line': b'-- Found ament_lint_auto: 0.12.11 (/opt/ros/humble/share/ament_lint_auto/cmake)\n'}
[1.844410] (udemy_ros2_pkg) StdoutLine: {'line': b"-- Added test 'flake8' to check Python code syntax and style conventions\n"}
[1.844857] (udemy_ros2_pkg) StdoutLine: {'line': b"-- Added test 'lint_cmake' to check CMake code style\n"}
[1.845187] (udemy_ros2_pkg) StdoutLine: {'line': b"-- Added test 'pep257' to check Python code against some of the docstring style conventions in PEP 257\n"}
[1.846205] (udemy_ros2_pkg) StdoutLine: {'line': b"-- Added test 'xmllint' to check XML markup files\n"}
[1.847887] (udemy_ros2_pkg) StdoutLine: {'line': b'-- Configuring done\n'}
[1.873694] (udemy_ros2_pkg) StdoutLine: {'line': b'-- Generating done\n'}
[1.875753] (udemy_ros2_pkg) StdoutLine: {'line': b'-- Build files have been written to: /home/mhpromit7473/Workspaces/ros2_py_ws/build/udemy_ros2_pkg\n'}
[1.885522] (udemy_ros2_pkg) CommandEnded: {'returncode': 0}
[1.886106] (udemy_ros2_pkg) JobProgress: {'identifier': 'udemy_ros2_pkg', 'progress': 'build'}
[1.886906] (udemy_ros2_pkg) Command: {'cmd': ['/usr/bin/cmake', '--build', '/home/mhpromit7473/Workspaces/ros2_py_ws/build/udemy_ros2_pkg', '--', '-j12', '-l12'], 'cwd': '/home/mhpromit7473/Workspaces/ros2_py_ws/build/udemy_ros2_pkg', 'env': OrderedDict([('GJS_DEBUG_TOPICS', 'JS ERROR;JS LOG'), ('LESSOPEN', '| /usr/bin/lesspipe %s'), ('USER', 'mhpromit7473'), ('LC_TIME', 'en_US.UTF-8'), ('XDG_SESSION_TYPE', 'wayland'), ('GIT_ASKPASS', '/usr/share/code/resources/app/extensions/git/dist/askpass.sh'), ('SHLVL', '1'), ('LD_LIBRARY_PATH', '/home/mhpromit7473/Workspaces/ros2_py_ws/install/udemy_ros2_pkg/lib:/opt/ros/humble/opt/rviz_ogre_vendor/lib:/opt/ros/humble/lib/x86_64-linux-gnu:/opt/ros/humble/lib'), ('HOME', '/home/mhpromit7473'), ('CHROME_DESKTOP', 'code-url-handler.desktop'), ('TERM_PROGRAM_VERSION', '1.94.0'), ('DESKTOP_SESSION', 'ubuntu'), ('GIO_LAUNCHED_DESKTOP_FILE', '/usr/share/applications/code.desktop'), ('ROS_PYTHON_VERSION', '3'), ('GNOME_SHELL_SESSION_MODE', 'ubuntu'), ('GTK_MODULES', 'gail:atk-bridge'), ('VSCODE_GIT_ASKPASS_MAIN', '/usr/share/code/resources/app/extensions/git/dist/askpass-main.js'), ('LC_MONETARY', 'en_US.UTF-8'), ('VSCODE_GIT_ASKPASS_NODE', '/usr/share/code/code'), ('MANAGERPID', '1768'), ('SYSTEMD_EXEC_PID', '1942'), ('IM_CONFIG_CHECK_ENV', '1'), ('DBUS_SESSION_BUS_ADDRESS', 'unix:path=/run/user/1000/bus'), ('COLORTERM', 'truecolor'), ('GIO_LAUNCHED_DESKTOP_FILE_PID', '3811'), ('IM_CONFIG_PHASE', '1'), ('WAYLAND_DISPLAY', 'wayland-0'), ('COLCON_PREFIX_PATH', '/home/mhpromit7473/Workspaces/ros2_py_ws/install'), ('ROS_DISTRO', 'humble'), ('LOGNAME', 'mhpromit7473'), ('JOURNAL_STREAM', '8:20558'), ('_', '/usr/bin/colcon'), ('ROS_VERSION', '2'), ('XDG_SESSION_CLASS', 'user'), ('USERNAME', 'mhpromit7473'), ('TERM', 'xterm-256color'), ('GNOME_DESKTOP_SESSION_ID', 'this-is-deprecated'), ('ROS_LOCALHOST_ONLY', '0'), ('PATH', '/home/mhpromit7473/.local/bin:/opt/ros/humble/bin:/home/mhpromit7473/.local/bin:/usr/local/sbin:/usr/local/bin:/usr/sbin:/usr/bin:/sbin:/bin:/usr/games:/usr/local/games:/snap/bin:/snap/bin'), ('SESSION_MANAGER', 'local/rosdev:@/tmp/.ICE-unix/1911,unix/rosdev:/tmp/.ICE-unix/1911'), ('INVOCATION_ID', '8bc8f2198e214bd7ad45e7f5ed13ea18'), ('PAPERSIZE', 'letter'), ('XDG_MENU_PREFIX', 'gnome-'), ('LC_ADDRESS', 'en_US.UTF-8'), ('GNOME_SETUP_DISPLAY', ':1'), ('XDG_RUNTIME_DIR', '/run/user/1000'), ('GDK_BACKEND', 'x11'), ('DISPLAY', ':0'), ('LANG', 'en_US.UTF-8'), ('XDG_CURRENT_DESKTOP', 'Unity'), ('LC_TELEPHONE', 'en_US.UTF-8'), ('XMODIFIERS', '@im=ibus'), ('XDG_SESSION_DESKTOP', 'ubuntu'), ('XAUTHORITY', '/run/user/1000/.mutter-Xwaylandauth.DEYOV2'), ('LS_COLORS', ''), ('VSCODE_GIT_IPC_HANDLE', '/run/user/1000/vscode-git-9b70c361e7.sock'), ('TERM_PROGRAM', 'vscode'), ('SSH_AGENT_LAUNCHER', 'gnome-keyring'), ('SSH_AUTH_SOCK', '/run/user/1000/keyring/ssh'), ('AMENT_PREFIX_PATH', '/home/mhpromit7473/Workspaces/ros2_py_ws/install/udemy_ros2_pkg:/home/mhpromit7473/Workspaces/ros2_py_ws/install/my_py_pkg:/opt/ros/humble'), ('ORIGINAL_XDG_CURRENT_DESKTOP', 'ubuntu:GNOME'), ('SHELL', '/bin/bash'), ('LC_NAME', 'en_US.UTF-8'), ('QT_ACCESSIBILITY', '1'), ('GDMSESSION', 'ubuntu'), ('LESSCLOSE', '/usr/bin/lesspipe %s %s'), ('LC_MEASUREMENT', 'en_US.UTF-8'), ('GJS_DEBUG_OUTPUT', 'stderr'), ('LC_IDENTIFICATION', 'en_US.UTF-8'), ('VSCODE_GIT_ASKPASS_EXTRA_ARGS', ''), ('QT_IM_MODULE', 'ibus'), ('PWD', '/home/mhpromit7473/Workspaces/ros2_py_ws/build/udemy_ros2_pkg'), ('LC_ALL', 'en_US.UTF-8'), ('XDG_CONFIG_DIRS', '/etc/xdg/xdg-ubuntu:/etc/xdg'), ('XDG_DATA_DIRS', '/usr/share/ubuntu:/usr/local/share/:/usr/share/:/var/lib/snapd/desktop'), ('PYTHONPATH', '/home/mhpromit7473/Workspaces/ros2_py_ws/install/udemy_ros2_pkg/local/lib/python3.10/dist-packages:/home/mhpromit7473/Workspaces/ros2_py_ws/build/my_py_pkg:/home/mhpromit7473/Workspaces/ros2_py_ws/install/my_py_pkg/lib/python3.10/site-packages:/opt/ros/humble/lib/python3.10/site-packages:/opt/ros/humble/local/lib/python3.10/dist-packages'), ('LC_NUMERIC', 'en_US.UTF-8'), ('LC_PAPER', 'en_US.UTF-8'), ('COLCON', '1'), ('CMAKE_PREFIX_PATH', '/home/mhpromit7473/Workspaces/ros2_py_ws/install/udemy_ros2_pkg:/home/mhpromit7473/Workspaces/ros2_py_ws/install/my_py_pkg:/opt/ros/humble')]), 'shell': False}
[1.902818] (-) TimerEvent: {}
[1.922145] (udemy_ros2_pkg) StdoutLine: {'line': b'[  2%] \x1b[34m\x1b[1mGenerating C code for ROS interfaces\x1b[0m\n'}
[1.930553] (udemy_ros2_pkg) StdoutLine: {'line': b'[  4%] \x1b[34m\x1b[1mGenerating C++ code for ROS interfaces\x1b[0m\n'}
[1.939925] (udemy_ros2_pkg) StdoutLine: {'line': b'[  4%] Built target ament_cmake_python_symlink_scripts\n'}
[1.940118] (udemy_ros2_pkg) StdoutLine: {'line': b'[  4%] Built target ament_cmake_python_symlink_udemy_ros2_pkg\n'}
[2.002928] (-) TimerEvent: {}
[2.103222] (-) TimerEvent: {}
[2.111253] (udemy_ros2_pkg) StdoutLine: {'line': b'running egg_info\n'}
[2.111559] (udemy_ros2_pkg) StdoutLine: {'line': b'creating scripts.egg-info\n'}
[2.111775] (udemy_ros2_pkg) StdoutLine: {'line': b'writing scripts.egg-info/PKG-INFO\n'}
[2.111889] (udemy_ros2_pkg) StdoutLine: {'line': b'writing dependency_links to scripts.egg-info/dependency_links.txt\n'}
[2.111996] (udemy_ros2_pkg) StdoutLine: {'line': b'writing top-level names to scripts.egg-info/top_level.txt\n'}
[2.112066] (udemy_ros2_pkg) StdoutLine: {'line': b"writing manifest file 'scripts.egg-info/SOURCES.txt'\n"}
[2.113506] (udemy_ros2_pkg) StdoutLine: {'line': b"reading manifest file 'scripts.egg-info/SOURCES.txt'\n"}
[2.113851] (udemy_ros2_pkg) StdoutLine: {'line': b"writing manifest file 'scripts.egg-info/SOURCES.txt'\n"}
[2.131324] (udemy_ros2_pkg) StdoutLine: {'line': b'running egg_info\n'}
[2.131713] (udemy_ros2_pkg) StdoutLine: {'line': b'creating udemy_ros2_pkg.egg-info\n'}
[2.131820] (udemy_ros2_pkg) StdoutLine: {'line': b'writing udemy_ros2_pkg.egg-info/PKG-INFO\n'}
[2.131909] (udemy_ros2_pkg) StdoutLine: {'line': b'writing dependency_links to udemy_ros2_pkg.egg-info/dependency_links.txt\n'}
[2.132015] (udemy_ros2_pkg) StdoutLine: {'line': b'writing top-level names to udemy_ros2_pkg.egg-info/top_level.txt\n'}
[2.132103] (udemy_ros2_pkg) StdoutLine: {'line': b"writing manifest file 'udemy_ros2_pkg.egg-info/SOURCES.txt'\n"}
[2.133278] (udemy_ros2_pkg) StdoutLine: {'line': b"reading manifest file 'udemy_ros2_pkg.egg-info/SOURCES.txt'\n"}
[2.133595] (udemy_ros2_pkg) StdoutLine: {'line': b"writing manifest file 'udemy_ros2_pkg.egg-info/SOURCES.txt'\n"}
[2.136590] (udemy_ros2_pkg) StdoutLine: {'line': b'[  4%] Built target ament_cmake_python_build_scripts_egg\n'}
[2.154379] (udemy_ros2_pkg) StdoutLine: {'line': b'[  4%] Built target ament_cmake_python_build_udemy_ros2_pkg_egg\n'}
[2.203313] (-) TimerEvent: {}
[2.303590] (-) TimerEvent: {}
[2.353882] (udemy_ros2_pkg) StdoutLine: {'line': b'[  4%] Built target udemy_ros2_pkg__cpp\n'}
[2.364545] (udemy_ros2_pkg) StdoutLine: {'line': b'[  6%] \x1b[34m\x1b[1mGenerating C++ introspection for ROS interfaces\x1b[0m\n'}
[2.364906] (udemy_ros2_pkg) StdoutLine: {'line': b'[  8%] \x1b[34m\x1b[1mGenerating C++ type support for eProsima Fast-RTPS\x1b[0m\n'}
[2.365079] (udemy_ros2_pkg) StdoutLine: {'line': b'[ 10%] \x1b[34m\x1b[1mGenerating C++ type support dispatch for ROS interfaces\x1b[0m\n'}
[2.385708] (udemy_ros2_pkg) StdoutLine: {'line': b'[ 12%] \x1b[32mBuilding C object CMakeFiles/udemy_ros2_pkg__rosidl_generator_c.dir/rosidl_generator_c/udemy_ros2_pkg/srv/detail/turn_camera__functions.c.o\x1b[0m\n'}
[2.386913] (udemy_ros2_pkg) StdoutLine: {'line': b'[ 14%] \x1b[32mBuilding C object CMakeFiles/udemy_ros2_pkg__rosidl_generator_c.dir/rosidl_generator_c/udemy_ros2_pkg/action/detail/navigate__functions.c.o\x1b[0m\n'}
[2.387277] (udemy_ros2_pkg) StdoutLine: {'line': b'[ 17%] \x1b[32mBuilding C object CMakeFiles/udemy_ros2_pkg__rosidl_generator_c.dir/rosidl_generator_c/udemy_ros2_pkg/srv/detail/odd_even_check__functions.c.o\x1b[0m\n'}
[2.403708] (-) TimerEvent: {}
[2.481282] (udemy_ros2_pkg) StdoutLine: {'line': b'[ 19%] \x1b[32m\x1b[1mLinking C shared library libudemy_ros2_pkg__rosidl_generator_c.so\x1b[0m\n'}
[2.503794] (-) TimerEvent: {}
[2.518849] (udemy_ros2_pkg) StdoutLine: {'line': b'[ 19%] Built target udemy_ros2_pkg__rosidl_generator_c\n'}
[2.526258] (udemy_ros2_pkg) StdoutLine: {'line': b'[ 21%] \x1b[34m\x1b[1mGenerating C type support dispatch for ROS interfaces\x1b[0m\n'}
[2.528260] (udemy_ros2_pkg) StdoutLine: {'line': b'[ 23%] \x1b[34m\x1b[1mGenerating C type support for eProsima Fast-RTPS\x1b[0m\n'}
[2.528514] (udemy_ros2_pkg) StdoutLine: {'line': b'[ 25%] \x1b[34m\x1b[1mGenerating C introspection for ROS interfaces\x1b[0m\n'}
[2.603963] (-) TimerEvent: {}
[2.704222] (-) TimerEvent: {}
[2.769728] (udemy_ros2_pkg) StdoutLine: {'line': b'[ 27%] \x1b[32mBuilding CXX object CMakeFiles/udemy_ros2_pkg__rosidl_typesupport_c.dir/rosidl_typesupport_c/udemy_ros2_pkg/srv/turn_camera__type_support.cpp.o\x1b[0m\n'}
[2.770855] (udemy_ros2_pkg) StdoutLine: {'line': b'[ 31%] \x1b[32mBuilding CXX object CMakeFiles/udemy_ros2_pkg__rosidl_typesupport_c.dir/rosidl_typesupport_c/udemy_ros2_pkg/action/navigate__type_support.cpp.o\x1b[0m\n'}
[2.770987] (udemy_ros2_pkg) StdoutLine: {'line': b'[ 31%] \x1b[32mBuilding CXX object CMakeFiles/udemy_ros2_pkg__rosidl_typesupport_c.dir/rosidl_typesupport_c/udemy_ros2_pkg/srv/odd_even_check__type_support.cpp.o\x1b[0m\n'}
[2.777338] (udemy_ros2_pkg) StdoutLine: {'line': b'[ 34%] \x1b[32mBuilding CXX object CMakeFiles/udemy_ros2_pkg__rosidl_typesupport_cpp.dir/rosidl_typesupport_cpp/udemy_ros2_pkg/srv/odd_even_check__type_support.cpp.o\x1b[0m\n'}
[2.777586] (udemy_ros2_pkg) StdoutLine: {'line': b'[ 38%] \x1b[32mBuilding CXX object CMakeFiles/udemy_ros2_pkg__rosidl_typesupport_cpp.dir/rosidl_typesupport_cpp/udemy_ros2_pkg/action/navigate__type_support.cpp.o\x1b[0m\n'}
[2.777692] (udemy_ros2_pkg) StdoutLine: {'line': b'[ 38%] \x1b[32mBuilding CXX object CMakeFiles/udemy_ros2_pkg__rosidl_typesupport_cpp.dir/rosidl_typesupport_cpp/udemy_ros2_pkg/srv/turn_camera__type_support.cpp.o\x1b[0m\n'}
[2.804792] (-) TimerEvent: {}
[2.813231] (udemy_ros2_pkg) StdoutLine: {'line': b'[ 40%] \x1b[32mBuilding CXX object CMakeFiles/udemy_ros2_pkg__rosidl_typesupport_introspection_cpp.dir/rosidl_typesupport_introspection_cpp/udemy_ros2_pkg/srv/detail/turn_camera__type_support.cpp.o\x1b[0m\n'}
[2.813437] (udemy_ros2_pkg) StdoutLine: {'line': b'[ 42%] \x1b[32mBuilding CXX object CMakeFiles/udemy_ros2_pkg__rosidl_typesupport_introspection_cpp.dir/rosidl_typesupport_introspection_cpp/udemy_ros2_pkg/srv/detail/odd_even_check__type_support.cpp.o\x1b[0m\n'}
[2.813535] (udemy_ros2_pkg) StdoutLine: {'line': b'[ 44%] \x1b[32mBuilding CXX object CMakeFiles/udemy_ros2_pkg__rosidl_typesupport_introspection_cpp.dir/rosidl_typesupport_introspection_cpp/udemy_ros2_pkg/action/detail/navigate__type_support.cpp.o\x1b[0m\n'}
[2.832518] (udemy_ros2_pkg) StdoutLine: {'line': b'[ 46%] \x1b[32m\x1b[1mLinking CXX shared library libudemy_ros2_pkg__rosidl_typesupport_c.so\x1b[0m\n'}
[2.884271] (udemy_ros2_pkg) StdoutLine: {'line': b'[ 46%] Built target udemy_ros2_pkg__rosidl_typesupport_c\n'}
[2.896314] (udemy_ros2_pkg) StdoutLine: {'line': b'[ 48%] \x1b[32mBuilding CXX object CMakeFiles/udemy_ros2_pkg__rosidl_typesupport_fastrtps_c.dir/rosidl_typesupport_fastrtps_c/udemy_ros2_pkg/srv/detail/turn_camera__type_support_c.cpp.o\x1b[0m\n'}
[2.896563] (udemy_ros2_pkg) StdoutLine: {'line': b'[ 51%] \x1b[32mBuilding CXX object CMakeFiles/udemy_ros2_pkg__rosidl_typesupport_fastrtps_c.dir/rosidl_typesupport_fastrtps_c/udemy_ros2_pkg/srv/detail/odd_even_check__type_support_c.cpp.o\x1b[0m\n'}
[2.898979] (udemy_ros2_pkg) StdoutLine: {'line': b'[ 53%] \x1b[32mBuilding CXX object CMakeFiles/udemy_ros2_pkg__rosidl_typesupport_fastrtps_c.dir/rosidl_typesupport_fastrtps_c/udemy_ros2_pkg/action/detail/navigate__type_support_c.cpp.o\x1b[0m\n'}
[2.904916] (-) TimerEvent: {}
[2.984250] (udemy_ros2_pkg) StdoutLine: {'line': b'[ 55%] \x1b[32mBuilding CXX object CMakeFiles/udemy_ros2_pkg__rosidl_typesupport_fastrtps_cpp.dir/rosidl_typesupport_fastrtps_cpp/udemy_ros2_pkg/srv/detail/dds_fastrtps/odd_even_check__type_support.cpp.o\x1b[0m\n'}
[2.984521] (udemy_ros2_pkg) StdoutLine: {'line': b'[ 57%] \x1b[32mBuilding CXX object CMakeFiles/udemy_ros2_pkg__rosidl_typesupport_fastrtps_cpp.dir/rosidl_typesupport_fastrtps_cpp/udemy_ros2_pkg/srv/detail/dds_fastrtps/turn_camera__type_support.cpp.o\x1b[0m\n'}
[3.005030] (-) TimerEvent: {}
[3.105424] (-) TimerEvent: {}
[3.137930] (udemy_ros2_pkg) StdoutLine: {'line': b'[ 59%] \x1b[32mBuilding C object CMakeFiles/udemy_ros2_pkg__rosidl_typesupport_introspection_c.dir/rosidl_typesupport_introspection_c/udemy_ros2_pkg/srv/detail/odd_even_check__type_support.c.o\x1b[0m\n'}
[3.145289] (udemy_ros2_pkg) StdoutLine: {'line': b'[ 61%] \x1b[32mBuilding CXX object CMakeFiles/udemy_ros2_pkg__rosidl_typesupport_fastrtps_cpp.dir/rosidl_typesupport_fastrtps_cpp/udemy_ros2_pkg/action/detail/dds_fastrtps/navigate__type_support.cpp.o\x1b[0m\n'}
[3.168383] (udemy_ros2_pkg) StdoutLine: {'line': b'[ 63%] \x1b[32mBuilding C object CMakeFiles/udemy_ros2_pkg__rosidl_typesupport_introspection_c.dir/rosidl_typesupport_introspection_c/udemy_ros2_pkg/srv/detail/turn_camera__type_support.c.o\x1b[0m\n'}
[3.196251] (udemy_ros2_pkg) StdoutLine: {'line': b'[ 65%] \x1b[32mBuilding C object CMakeFiles/udemy_ros2_pkg__rosidl_typesupport_introspection_c.dir/rosidl_typesupport_introspection_c/udemy_ros2_pkg/action/detail/navigate__type_support.c.o\x1b[0m\n'}
[3.205552] (-) TimerEvent: {}
[3.265257] (udemy_ros2_pkg) StdoutLine: {'line': b'[ 68%] \x1b[32m\x1b[1mLinking C shared library libudemy_ros2_pkg__rosidl_typesupport_introspection_c.so\x1b[0m\n'}
[3.294411] (udemy_ros2_pkg) StdoutLine: {'line': b'[ 68%] Built target udemy_ros2_pkg__rosidl_typesupport_introspection_c\n'}
[3.305672] (-) TimerEvent: {}
[3.379761] (udemy_ros2_pkg) StdoutLine: {'line': b'[ 70%] \x1b[32m\x1b[1mLinking CXX shared library libudemy_ros2_pkg__rosidl_typesupport_cpp.so\x1b[0m\n'}
[3.405871] (-) TimerEvent: {}
[3.419056] (udemy_ros2_pkg) StdoutLine: {'line': b'[ 70%] Built target udemy_ros2_pkg__rosidl_typesupport_cpp\n'}
[3.495073] (udemy_ros2_pkg) StdoutLine: {'line': b'[ 72%] \x1b[32m\x1b[1mLinking CXX shared library libudemy_ros2_pkg__rosidl_typesupport_fastrtps_c.so\x1b[0m\n'}
[3.497757] (udemy_ros2_pkg) StdoutLine: {'line': b'[ 74%] \x1b[32m\x1b[1mLinking CXX shared library libudemy_ros2_pkg__rosidl_typesupport_introspection_cpp.so\x1b[0m\n'}
[3.505958] (-) TimerEvent: {}
[3.569592] (udemy_ros2_pkg) StdoutLine: {'line': b'[ 74%] Built target udemy_ros2_pkg__rosidl_typesupport_introspection_cpp\n'}
[3.570572] (udemy_ros2_pkg) StdoutLine: {'line': b'[ 74%] Built target udemy_ros2_pkg__rosidl_typesupport_fastrtps_c\n'}
[3.606050] (-) TimerEvent: {}
[3.699062] (udemy_ros2_pkg) StdoutLine: {'line': b'[ 76%] \x1b[32m\x1b[1mLinking CXX shared library libudemy_ros2_pkg__rosidl_typesupport_fastrtps_cpp.so\x1b[0m\n'}
[3.706197] (-) TimerEvent: {}
[3.755731] (udemy_ros2_pkg) StdoutLine: {'line': b'[ 76%] Built target udemy_ros2_pkg__rosidl_typesupport_fastrtps_cpp\n'}
[3.771418] (udemy_ros2_pkg) StdoutLine: {'line': b'[ 76%] Built target udemy_ros2_pkg\n'}
[3.793220] (udemy_ros2_pkg) StdoutLine: {'line': b'[ 78%] \x1b[34m\x1b[1mGenerating Python code for ROS interfaces\x1b[0m\n'}
[3.806291] (-) TimerEvent: {}
[3.906659] (-) TimerEvent: {}
[4.006921] (-) TimerEvent: {}
[4.107301] (-) TimerEvent: {}
[4.207529] (-) TimerEvent: {}
[4.307766] (-) TimerEvent: {}
[4.362694] (udemy_ros2_pkg) StdoutLine: {'line': b'[ 78%] Built target udemy_ros2_pkg__py\n'}
[4.376405] (udemy_ros2_pkg) StdoutLine: {'line': b'[ 80%] \x1b[32mBuilding C object CMakeFiles/udemy_ros2_pkg__rosidl_generator_py.dir/rosidl_generator_py/udemy_ros2_pkg/srv/_odd_even_check_s.c.o\x1b[0m\n'}
[4.378650] (udemy_ros2_pkg) StdoutLine: {'line': b'[ 85%] \x1b[32mBuilding C object CMakeFiles/udemy_ros2_pkg__rosidl_generator_py.dir/rosidl_generator_py/udemy_ros2_pkg/srv/_turn_camera_s.c.o\x1b[0m\n'}
[4.378816] (udemy_ros2_pkg) StdoutLine: {'line': b'[ 85%] \x1b[32mBuilding C object CMakeFiles/udemy_ros2_pkg__rosidl_generator_py.dir/rosidl_generator_py/udemy_ros2_pkg/action/_navigate_s.c.o\x1b[0m\n'}
[4.407869] (-) TimerEvent: {}
[4.480454] (udemy_ros2_pkg) StdoutLine: {'line': b'[ 87%] \x1b[32m\x1b[1mLinking C shared library rosidl_generator_py/udemy_ros2_pkg/libudemy_ros2_pkg__rosidl_generator_py.so\x1b[0m\n'}
[4.507977] (-) TimerEvent: {}
[4.512010] (udemy_ros2_pkg) StdoutLine: {'line': b'[ 87%] Built target udemy_ros2_pkg__rosidl_generator_py\n'}
[4.531890] (udemy_ros2_pkg) StdoutLine: {'line': b'[ 93%] \x1b[32mBuilding C object CMakeFiles/udemy_ros2_pkg__rosidl_typesupport_c__pyext.dir/rosidl_generator_py/udemy_ros2_pkg/_udemy_ros2_pkg_s.ep.rosidl_typesupport_c.c.o\x1b[0m\n'}
[4.532064] (udemy_ros2_pkg) StdoutLine: {'line': b'[ 93%] \x1b[32mBuilding C object CMakeFiles/udemy_ros2_pkg__rosidl_typesupport_introspection_c__pyext.dir/rosidl_generator_py/udemy_ros2_pkg/_udemy_ros2_pkg_s.ep.rosidl_typesupport_introspection_c.c.o\x1b[0m\n'}
[4.532146] (udemy_ros2_pkg) StdoutLine: {'line': b'[ 93%] \x1b[32mBuilding C object CMakeFiles/udemy_ros2_pkg__rosidl_typesupport_fastrtps_c__pyext.dir/rosidl_generator_py/udemy_ros2_pkg/_udemy_ros2_pkg_s.ep.rosidl_typesupport_fastrtps_c.c.o\x1b[0m\n'}
[4.608077] (-) TimerEvent: {}
[4.621979] (udemy_ros2_pkg) StdoutLine: {'line': b'[ 97%] \x1b[32m\x1b[1mLinking C shared library rosidl_generator_py/udemy_ros2_pkg/udemy_ros2_pkg_s__rosidl_typesupport_fastrtps_c.cpython-310-x86_64-linux-gnu.so\x1b[0m\n'}
[4.622169] (udemy_ros2_pkg) StdoutLine: {'line': b'[ 97%] \x1b[32m\x1b[1mLinking C shared library rosidl_generator_py/udemy_ros2_pkg/udemy_ros2_pkg_s__rosidl_typesupport_introspection_c.cpython-310-x86_64-linux-gnu.so\x1b[0m\n'}
[4.661976] (udemy_ros2_pkg) StdoutLine: {'line': b'[ 97%] Built target udemy_ros2_pkg__rosidl_typesupport_fastrtps_c__pyext\n'}
[4.667939] (udemy_ros2_pkg) StdoutLine: {'line': b'[100%] \x1b[32m\x1b[1mLinking C shared library rosidl_generator_py/udemy_ros2_pkg/udemy_ros2_pkg_s__rosidl_typesupport_c.cpython-310-x86_64-linux-gnu.so\x1b[0m\n'}
[4.669246] (udemy_ros2_pkg) StdoutLine: {'line': b'[100%] Built target udemy_ros2_pkg__rosidl_typesupport_introspection_c__pyext\n'}
[4.701951] (udemy_ros2_pkg) StdoutLine: {'line': b'[100%] Built target udemy_ros2_pkg__rosidl_typesupport_c__pyext\n'}
[4.708170] (-) TimerEvent: {}
[4.710932] (udemy_ros2_pkg) CommandEnded: {'returncode': 0}
[4.794627] (udemy_ros2_pkg) JobProgress: {'identifier': 'udemy_ros2_pkg', 'progress': 'install'}
[4.802868] (udemy_ros2_pkg) Command: {'cmd': ['/usr/bin/cmake', '--install', '/home/mhpromit7473/Workspaces/ros2_py_ws/build/udemy_ros2_pkg'], 'cwd': '/home/mhpromit7473/Workspaces/ros2_py_ws/build/udemy_ros2_pkg', 'env': OrderedDict([('GJS_DEBUG_TOPICS', 'JS ERROR;JS LOG'), ('LESSOPEN', '| /usr/bin/lesspipe %s'), ('USER', 'mhpromit7473'), ('LC_TIME', 'en_US.UTF-8'), ('XDG_SESSION_TYPE', 'wayland'), ('GIT_ASKPASS', '/usr/share/code/resources/app/extensions/git/dist/askpass.sh'), ('SHLVL', '1'), ('LD_LIBRARY_PATH', '/home/mhpromit7473/Workspaces/ros2_py_ws/install/udemy_ros2_pkg/lib:/opt/ros/humble/opt/rviz_ogre_vendor/lib:/opt/ros/humble/lib/x86_64-linux-gnu:/opt/ros/humble/lib'), ('HOME', '/home/mhpromit7473'), ('CHROME_DESKTOP', 'code-url-handler.desktop'), ('TERM_PROGRAM_VERSION', '1.94.0'), ('DESKTOP_SESSION', 'ubuntu'), ('GIO_LAUNCHED_DESKTOP_FILE', '/usr/share/applications/code.desktop'), ('ROS_PYTHON_VERSION', '3'), ('GNOME_SHELL_SESSION_MODE', 'ubuntu'), ('GTK_MODULES', 'gail:atk-bridge'), ('VSCODE_GIT_ASKPASS_MAIN', '/usr/share/code/resources/app/extensions/git/dist/askpass-main.js'), ('LC_MONETARY', 'en_US.UTF-8'), ('VSCODE_GIT_ASKPASS_NODE', '/usr/share/code/code'), ('MANAGERPID', '1768'), ('SYSTEMD_EXEC_PID', '1942'), ('IM_CONFIG_CHECK_ENV', '1'), ('DBUS_SESSION_BUS_ADDRESS', 'unix:path=/run/user/1000/bus'), ('COLORTERM', 'truecolor'), ('GIO_LAUNCHED_DESKTOP_FILE_PID', '3811'), ('IM_CONFIG_PHASE', '1'), ('WAYLAND_DISPLAY', 'wayland-0'), ('COLCON_PREFIX_PATH', '/home/mhpromit7473/Workspaces/ros2_py_ws/install'), ('ROS_DISTRO', 'humble'), ('LOGNAME', 'mhpromit7473'), ('JOURNAL_STREAM', '8:20558'), ('_', '/usr/bin/colcon'), ('ROS_VERSION', '2'), ('XDG_SESSION_CLASS', 'user'), ('USERNAME', 'mhpromit7473'), ('TERM', 'xterm-256color'), ('GNOME_DESKTOP_SESSION_ID', 'this-is-deprecated'), ('ROS_LOCALHOST_ONLY', '0'), ('PATH', '/home/mhpromit7473/.local/bin:/opt/ros/humble/bin:/home/mhpromit7473/.local/bin:/usr/local/sbin:/usr/local/bin:/usr/sbin:/usr/bin:/sbin:/bin:/usr/games:/usr/local/games:/snap/bin:/snap/bin'), ('SESSION_MANAGER', 'local/rosdev:@/tmp/.ICE-unix/1911,unix/rosdev:/tmp/.ICE-unix/1911'), ('INVOCATION_ID', '8bc8f2198e214bd7ad45e7f5ed13ea18'), ('PAPERSIZE', 'letter'), ('XDG_MENU_PREFIX', 'gnome-'), ('LC_ADDRESS', 'en_US.UTF-8'), ('GNOME_SETUP_DISPLAY', ':1'), ('XDG_RUNTIME_DIR', '/run/user/1000'), ('GDK_BACKEND', 'x11'), ('DISPLAY', ':0'), ('LANG', 'en_US.UTF-8'), ('XDG_CURRENT_DESKTOP', 'Unity'), ('LC_TELEPHONE', 'en_US.UTF-8'), ('XMODIFIERS', '@im=ibus'), ('XDG_SESSION_DESKTOP', 'ubuntu'), ('XAUTHORITY', '/run/user/1000/.mutter-Xwaylandauth.DEYOV2'), ('LS_COLORS', ''), ('VSCODE_GIT_IPC_HANDLE', '/run/user/1000/vscode-git-9b70c361e7.sock'), ('TERM_PROGRAM', 'vscode'), ('SSH_AGENT_LAUNCHER', 'gnome-keyring'), ('SSH_AUTH_SOCK', '/run/user/1000/keyring/ssh'), ('AMENT_PREFIX_PATH', '/home/mhpromit7473/Workspaces/ros2_py_ws/install/udemy_ros2_pkg:/home/mhpromit7473/Workspaces/ros2_py_ws/install/my_py_pkg:/opt/ros/humble'), ('ORIGINAL_XDG_CURRENT_DESKTOP', 'ubuntu:GNOME'), ('SHELL', '/bin/bash'), ('LC_NAME', 'en_US.UTF-8'), ('QT_ACCESSIBILITY', '1'), ('GDMSESSION', 'ubuntu'), ('LESSCLOSE', '/usr/bin/lesspipe %s %s'), ('LC_MEASUREMENT', 'en_US.UTF-8'), ('GJS_DEBUG_OUTPUT', 'stderr'), ('LC_IDENTIFICATION', 'en_US.UTF-8'), ('VSCODE_GIT_ASKPASS_EXTRA_ARGS', ''), ('QT_IM_MODULE', 'ibus'), ('PWD', '/home/mhpromit7473/Workspaces/ros2_py_ws/build/udemy_ros2_pkg'), ('LC_ALL', 'en_US.UTF-8'), ('XDG_CONFIG_DIRS', '/etc/xdg/xdg-ubuntu:/etc/xdg'), ('XDG_DATA_DIRS', '/usr/share/ubuntu:/usr/local/share/:/usr/share/:/var/lib/snapd/desktop'), ('PYTHONPATH', '/home/mhpromit7473/Workspaces/ros2_py_ws/install/udemy_ros2_pkg/local/lib/python3.10/dist-packages:/home/mhpromit7473/Workspaces/ros2_py_ws/build/my_py_pkg:/home/mhpromit7473/Workspaces/ros2_py_ws/install/my_py_pkg/lib/python3.10/site-packages:/opt/ros/humble/lib/python3.10/site-packages:/opt/ros/humble/local/lib/python3.10/dist-packages'), ('LC_NUMERIC', 'en_US.UTF-8'), ('LC_PAPER', 'en_US.UTF-8'), ('COLCON', '1'), ('CMAKE_PREFIX_PATH', '/home/mhpromit7473/Workspaces/ros2_py_ws/install/udemy_ros2_pkg:/home/mhpromit7473/Workspaces/ros2_py_ws/install/my_py_pkg:/opt/ros/humble')]), 'shell': False}
[4.807141] (udemy_ros2_pkg) StdoutLine: {'line': b'-- Install configuration: ""\n'}
[4.807638] (udemy_ros2_pkg) StdoutLine: {'line': b'-- Execute custom install script\n'}
[4.807759] (udemy_ros2_pkg) StdoutLine: {'line': b'-- Symlinking: /home/mhpromit7473/Workspaces/ros2_py_ws/install/udemy_ros2_pkg/share/ament_index/resource_index/rosidl_interfaces/udemy_ros2_pkg\n'}
[4.808209] (-) TimerEvent: {}
[4.816600] (udemy_ros2_pkg) StdoutLine: {'line': b'-- Symlinking: /home/mhpromit7473/Workspaces/ros2_py_ws/install/udemy_ros2_pkg/include/udemy_ros2_pkg/udemy_ros2_pkg/action/detail/navigate__functions.h\n'}
[4.828102] (udemy_ros2_pkg) StdoutLine: {'line': b'-- Symlinking: /home/mhpromit7473/Workspaces/ros2_py_ws/install/udemy_ros2_pkg/include/udemy_ros2_pkg/udemy_ros2_pkg/action/detail/navigate__struct.h\n'}
[4.839389] (udemy_ros2_pkg) StdoutLine: {'line': b'-- Symlinking: /home/mhpromit7473/Workspaces/ros2_py_ws/install/udemy_ros2_pkg/include/udemy_ros2_pkg/udemy_ros2_pkg/action/detail/navigate__type_support.h\n'}
[4.848998] (udemy_ros2_pkg) StdoutLine: {'line': b'-- Symlinking: /home/mhpromit7473/Workspaces/ros2_py_ws/install/udemy_ros2_pkg/include/udemy_ros2_pkg/udemy_ros2_pkg/action/navigate.h\n'}
[4.856313] (udemy_ros2_pkg) StdoutLine: {'line': b'-- Symlinking: /home/mhpromit7473/Workspaces/ros2_py_ws/install/udemy_ros2_pkg/include/udemy_ros2_pkg/udemy_ros2_pkg/msg/rosidl_generator_c__visibility_control.h\n'}
[4.863084] (udemy_ros2_pkg) StdoutLine: {'line': b'-- Symlinking: /home/mhpromit7473/Workspaces/ros2_py_ws/install/udemy_ros2_pkg/include/udemy_ros2_pkg/udemy_ros2_pkg/srv/detail/odd_even_check__functions.h\n'}
[4.868949] (udemy_ros2_pkg) StdoutLine: {'line': b'-- Symlinking: /home/mhpromit7473/Workspaces/ros2_py_ws/install/udemy_ros2_pkg/include/udemy_ros2_pkg/udemy_ros2_pkg/srv/detail/odd_even_check__struct.h\n'}
[4.873900] (udemy_ros2_pkg) StdoutLine: {'line': b'-- Symlinking: /home/mhpromit7473/Workspaces/ros2_py_ws/install/udemy_ros2_pkg/include/udemy_ros2_pkg/udemy_ros2_pkg/srv/detail/odd_even_check__type_support.h\n'}
[4.879466] (udemy_ros2_pkg) StdoutLine: {'line': b'-- Symlinking: /home/mhpromit7473/Workspaces/ros2_py_ws/install/udemy_ros2_pkg/include/udemy_ros2_pkg/udemy_ros2_pkg/srv/detail/turn_camera__functions.h\n'}
[4.886389] (udemy_ros2_pkg) StdoutLine: {'line': b'-- Symlinking: /home/mhpromit7473/Workspaces/ros2_py_ws/install/udemy_ros2_pkg/include/udemy_ros2_pkg/udemy_ros2_pkg/srv/detail/turn_camera__struct.h\n'}
[4.892671] (udemy_ros2_pkg) StdoutLine: {'line': b'-- Symlinking: /home/mhpromit7473/Workspaces/ros2_py_ws/install/udemy_ros2_pkg/include/udemy_ros2_pkg/udemy_ros2_pkg/srv/detail/turn_camera__type_support.h\n'}
[4.901684] (udemy_ros2_pkg) StdoutLine: {'line': b'-- Symlinking: /home/mhpromit7473/Workspaces/ros2_py_ws/install/udemy_ros2_pkg/include/udemy_ros2_pkg/udemy_ros2_pkg/srv/odd_even_check.h\n'}
[4.906814] (udemy_ros2_pkg) StdoutLine: {'line': b'-- Symlinking: /home/mhpromit7473/Workspaces/ros2_py_ws/install/udemy_ros2_pkg/include/udemy_ros2_pkg/udemy_ros2_pkg/srv/turn_camera.h\n'}
[4.908286] (-) TimerEvent: {}
[4.914869] (udemy_ros2_pkg) StdoutLine: {'line': b'-- Symlinking: /home/mhpromit7473/Workspaces/ros2_py_ws/install/udemy_ros2_pkg/share/udemy_ros2_pkg/environment/library_path.sh\n'}
[4.919832] (udemy_ros2_pkg) StdoutLine: {'line': b'-- Symlinking: /home/mhpromit7473/Workspaces/ros2_py_ws/install/udemy_ros2_pkg/share/udemy_ros2_pkg/environment/library_path.dsv\n'}
[4.928443] (udemy_ros2_pkg) StdoutLine: {'line': b'-- Symlinking: /home/mhpromit7473/Workspaces/ros2_py_ws/install/udemy_ros2_pkg/include/udemy_ros2_pkg/udemy_ros2_pkg/action/detail/navigate__rosidl_typesupport_fastrtps_c.h\n'}
[4.936572] (udemy_ros2_pkg) StdoutLine: {'line': b'-- Symlinking: /home/mhpromit7473/Workspaces/ros2_py_ws/install/udemy_ros2_pkg/include/udemy_ros2_pkg/udemy_ros2_pkg/msg/rosidl_typesupport_fastrtps_c__visibility_control.h\n'}
[4.944073] (udemy_ros2_pkg) StdoutLine: {'line': b'-- Symlinking: /home/mhpromit7473/Workspaces/ros2_py_ws/install/udemy_ros2_pkg/include/udemy_ros2_pkg/udemy_ros2_pkg/srv/detail/odd_even_check__rosidl_typesupport_fastrtps_c.h\n'}
[4.951969] (udemy_ros2_pkg) StdoutLine: {'line': b'-- Symlinking: /home/mhpromit7473/Workspaces/ros2_py_ws/install/udemy_ros2_pkg/include/udemy_ros2_pkg/udemy_ros2_pkg/srv/detail/turn_camera__rosidl_typesupport_fastrtps_c.h\n'}
[4.959362] (udemy_ros2_pkg) StdoutLine: {'line': b'-- Symlinking: /home/mhpromit7473/Workspaces/ros2_py_ws/install/udemy_ros2_pkg/include/udemy_ros2_pkg/udemy_ros2_pkg/action/detail/navigate__rosidl_typesupport_introspection_c.h\n'}
[4.965232] (udemy_ros2_pkg) StdoutLine: {'line': b'-- Symlinking: /home/mhpromit7473/Workspaces/ros2_py_ws/install/udemy_ros2_pkg/include/udemy_ros2_pkg/udemy_ros2_pkg/msg/rosidl_typesupport_introspection_c__visibility_control.h\n'}
[4.971728] (udemy_ros2_pkg) StdoutLine: {'line': b'-- Symlinking: /home/mhpromit7473/Workspaces/ros2_py_ws/install/udemy_ros2_pkg/include/udemy_ros2_pkg/udemy_ros2_pkg/srv/detail/odd_even_check__rosidl_typesupport_introspection_c.h\n'}
[4.976982] (udemy_ros2_pkg) StdoutLine: {'line': b'-- Symlinking: /home/mhpromit7473/Workspaces/ros2_py_ws/install/udemy_ros2_pkg/include/udemy_ros2_pkg/udemy_ros2_pkg/srv/detail/turn_camera__rosidl_typesupport_introspection_c.h\n'}
[4.983612] (udemy_ros2_pkg) StdoutLine: {'line': b'-- Symlinking: /home/mhpromit7473/Workspaces/ros2_py_ws/install/udemy_ros2_pkg/include/udemy_ros2_pkg/udemy_ros2_pkg/action/detail/navigate__builder.hpp\n'}
[4.990137] (udemy_ros2_pkg) StdoutLine: {'line': b'-- Symlinking: /home/mhpromit7473/Workspaces/ros2_py_ws/install/udemy_ros2_pkg/include/udemy_ros2_pkg/udemy_ros2_pkg/action/detail/navigate__struct.hpp\n'}
[4.996898] (udemy_ros2_pkg) StdoutLine: {'line': b'-- Symlinking: /home/mhpromit7473/Workspaces/ros2_py_ws/install/udemy_ros2_pkg/include/udemy_ros2_pkg/udemy_ros2_pkg/action/detail/navigate__traits.hpp\n'}
[5.001863] (udemy_ros2_pkg) StdoutLine: {'line': b'-- Symlinking: /home/mhpromit7473/Workspaces/ros2_py_ws/install/udemy_ros2_pkg/include/udemy_ros2_pkg/udemy_ros2_pkg/action/navigate.hpp\n'}
[5.008440] (-) TimerEvent: {}
[5.008759] (udemy_ros2_pkg) StdoutLine: {'line': b'-- Symlinking: /home/mhpromit7473/Workspaces/ros2_py_ws/install/udemy_ros2_pkg/include/udemy_ros2_pkg/udemy_ros2_pkg/srv/detail/odd_even_check__builder.hpp\n'}
[5.013909] (udemy_ros2_pkg) StdoutLine: {'line': b'-- Symlinking: /home/mhpromit7473/Workspaces/ros2_py_ws/install/udemy_ros2_pkg/include/udemy_ros2_pkg/udemy_ros2_pkg/srv/detail/odd_even_check__struct.hpp\n'}
[5.019938] (udemy_ros2_pkg) StdoutLine: {'line': b'-- Symlinking: /home/mhpromit7473/Workspaces/ros2_py_ws/install/udemy_ros2_pkg/include/udemy_ros2_pkg/udemy_ros2_pkg/srv/detail/odd_even_check__traits.hpp\n'}
[5.026548] (udemy_ros2_pkg) StdoutLine: {'line': b'-- Symlinking: /home/mhpromit7473/Workspaces/ros2_py_ws/install/udemy_ros2_pkg/include/udemy_ros2_pkg/udemy_ros2_pkg/srv/detail/turn_camera__builder.hpp\n'}
[5.032903] (udemy_ros2_pkg) StdoutLine: {'line': b'-- Symlinking: /home/mhpromit7473/Workspaces/ros2_py_ws/install/udemy_ros2_pkg/include/udemy_ros2_pkg/udemy_ros2_pkg/srv/detail/turn_camera__struct.hpp\n'}
[5.039479] (udemy_ros2_pkg) StdoutLine: {'line': b'-- Symlinking: /home/mhpromit7473/Workspaces/ros2_py_ws/install/udemy_ros2_pkg/include/udemy_ros2_pkg/udemy_ros2_pkg/srv/detail/turn_camera__traits.hpp\n'}
[5.046353] (udemy_ros2_pkg) StdoutLine: {'line': b'-- Symlinking: /home/mhpromit7473/Workspaces/ros2_py_ws/install/udemy_ros2_pkg/include/udemy_ros2_pkg/udemy_ros2_pkg/srv/odd_even_check.hpp\n'}
[5.052628] (udemy_ros2_pkg) StdoutLine: {'line': b'-- Symlinking: /home/mhpromit7473/Workspaces/ros2_py_ws/install/udemy_ros2_pkg/include/udemy_ros2_pkg/udemy_ros2_pkg/srv/turn_camera.hpp\n'}
[5.059614] (udemy_ros2_pkg) StdoutLine: {'line': b'-- Symlinking: /home/mhpromit7473/Workspaces/ros2_py_ws/install/udemy_ros2_pkg/include/udemy_ros2_pkg/udemy_ros2_pkg/action/detail/navigate__rosidl_typesupport_fastrtps_cpp.hpp\n'}
[5.067552] (udemy_ros2_pkg) StdoutLine: {'line': b'-- Symlinking: /home/mhpromit7473/Workspaces/ros2_py_ws/install/udemy_ros2_pkg/include/udemy_ros2_pkg/udemy_ros2_pkg/msg/rosidl_typesupport_fastrtps_cpp__visibility_control.h\n'}
[5.072812] (udemy_ros2_pkg) StdoutLine: {'line': b'-- Symlinking: /home/mhpromit7473/Workspaces/ros2_py_ws/install/udemy_ros2_pkg/include/udemy_ros2_pkg/udemy_ros2_pkg/srv/detail/odd_even_check__rosidl_typesupport_fastrtps_cpp.hpp\n'}
[5.077747] (udemy_ros2_pkg) StdoutLine: {'line': b'-- Symlinking: /home/mhpromit7473/Workspaces/ros2_py_ws/install/udemy_ros2_pkg/include/udemy_ros2_pkg/udemy_ros2_pkg/srv/detail/turn_camera__rosidl_typesupport_fastrtps_cpp.hpp\n'}
[5.084641] (udemy_ros2_pkg) StdoutLine: {'line': b'-- Symlinking: /home/mhpromit7473/Workspaces/ros2_py_ws/install/udemy_ros2_pkg/include/udemy_ros2_pkg/udemy_ros2_pkg/action/detail/navigate__rosidl_typesupport_introspection_cpp.hpp\n'}
[5.089892] (udemy_ros2_pkg) StdoutLine: {'line': b'-- Symlinking: /home/mhpromit7473/Workspaces/ros2_py_ws/install/udemy_ros2_pkg/include/udemy_ros2_pkg/udemy_ros2_pkg/srv/detail/odd_even_check__rosidl_typesupport_introspection_cpp.hpp\n'}
[5.097850] (udemy_ros2_pkg) StdoutLine: {'line': b'-- Symlinking: /home/mhpromit7473/Workspaces/ros2_py_ws/install/udemy_ros2_pkg/include/udemy_ros2_pkg/udemy_ros2_pkg/srv/detail/turn_camera__rosidl_typesupport_introspection_cpp.hpp\n'}
[5.104633] (udemy_ros2_pkg) StdoutLine: {'line': b'-- Symlinking: /home/mhpromit7473/Workspaces/ros2_py_ws/install/udemy_ros2_pkg/share/udemy_ros2_pkg/environment/pythonpath.sh\n'}
[5.108501] (-) TimerEvent: {}
[5.110402] (udemy_ros2_pkg) StdoutLine: {'line': b'-- Symlinking: /home/mhpromit7473/Workspaces/ros2_py_ws/install/udemy_ros2_pkg/share/udemy_ros2_pkg/environment/pythonpath.dsv\n'}
[5.117967] (udemy_ros2_pkg) StdoutLine: {'line': b'-- Symlinking: /home/mhpromit7473/Workspaces/ros2_py_ws/install/udemy_ros2_pkg/local/lib/python3.10/dist-packages/udemy_ros2_pkg-0.0.0-py3.10.egg-info/PKG-INFO\n'}
[5.125864] (udemy_ros2_pkg) StdoutLine: {'line': b'-- Symlinking: /home/mhpromit7473/Workspaces/ros2_py_ws/install/udemy_ros2_pkg/local/lib/python3.10/dist-packages/udemy_ros2_pkg-0.0.0-py3.10.egg-info/SOURCES.txt\n'}
[5.131932] (udemy_ros2_pkg) StdoutLine: {'line': b'-- Symlinking: /home/mhpromit7473/Workspaces/ros2_py_ws/install/udemy_ros2_pkg/local/lib/python3.10/dist-packages/udemy_ros2_pkg-0.0.0-py3.10.egg-info/dependency_links.txt\n'}
[5.140144] (udemy_ros2_pkg) StdoutLine: {'line': b'-- Symlinking: /home/mhpromit7473/Workspaces/ros2_py_ws/install/udemy_ros2_pkg/local/lib/python3.10/dist-packages/udemy_ros2_pkg-0.0.0-py3.10.egg-info/top_level.txt\n'}
[5.146567] (udemy_ros2_pkg) StdoutLine: {'line': b'-- Symlinking: /home/mhpromit7473/Workspaces/ros2_py_ws/install/udemy_ros2_pkg/local/lib/python3.10/dist-packages/udemy_ros2_pkg/__init__.py\n'}
[5.152862] (udemy_ros2_pkg) StdoutLine: {'line': b'-- Symlinking: /home/mhpromit7473/Workspaces/ros2_py_ws/install/udemy_ros2_pkg/local/lib/python3.10/dist-packages/udemy_ros2_pkg/_udemy_ros2_pkg_s.ep.rosidl_typesupport_c.c\n'}
[5.158519] (udemy_ros2_pkg) StdoutLine: {'line': b'-- Symlinking: /home/mhpromit7473/Workspaces/ros2_py_ws/install/udemy_ros2_pkg/local/lib/python3.10/dist-packages/udemy_ros2_pkg/_udemy_ros2_pkg_s.ep.rosidl_typesupport_fastrtps_c.c\n'}
[5.165693] (udemy_ros2_pkg) StdoutLine: {'line': b'-- Symlinking: /home/mhpromit7473/Workspaces/ros2_py_ws/install/udemy_ros2_pkg/local/lib/python3.10/dist-packages/udemy_ros2_pkg/_udemy_ros2_pkg_s.ep.rosidl_typesupport_introspection_c.c\n'}
[5.172356] (udemy_ros2_pkg) StdoutLine: {'line': b'-- Symlinking: /home/mhpromit7473/Workspaces/ros2_py_ws/install/udemy_ros2_pkg/local/lib/python3.10/dist-packages/udemy_ros2_pkg/action/__init__.py\n'}
[5.177629] (udemy_ros2_pkg) StdoutLine: {'line': b'-- Symlinking: /home/mhpromit7473/Workspaces/ros2_py_ws/install/udemy_ros2_pkg/local/lib/python3.10/dist-packages/udemy_ros2_pkg/action/_navigate.py\n'}
[5.182270] (udemy_ros2_pkg) StdoutLine: {'line': b'-- Symlinking: /home/mhpromit7473/Workspaces/ros2_py_ws/install/udemy_ros2_pkg/local/lib/python3.10/dist-packages/udemy_ros2_pkg/action/_navigate_s.c\n'}
[5.189152] (udemy_ros2_pkg) StdoutLine: {'line': b'-- Symlinking: /home/mhpromit7473/Workspaces/ros2_py_ws/install/udemy_ros2_pkg/local/lib/python3.10/dist-packages/udemy_ros2_pkg/libudemy_ros2_pkg__rosidl_generator_py.so\n'}
[5.196271] (udemy_ros2_pkg) StdoutLine: {'line': b'-- Symlinking: /home/mhpromit7473/Workspaces/ros2_py_ws/install/udemy_ros2_pkg/local/lib/python3.10/dist-packages/udemy_ros2_pkg/srv/__init__.py\n'}
[5.203551] (udemy_ros2_pkg) StdoutLine: {'line': b'-- Symlinking: /home/mhpromit7473/Workspaces/ros2_py_ws/install/udemy_ros2_pkg/local/lib/python3.10/dist-packages/udemy_ros2_pkg/srv/_odd_even_check.py\n'}
[5.208613] (-) TimerEvent: {}
[5.212673] (udemy_ros2_pkg) StdoutLine: {'line': b'-- Symlinking: /home/mhpromit7473/Workspaces/ros2_py_ws/install/udemy_ros2_pkg/local/lib/python3.10/dist-packages/udemy_ros2_pkg/srv/_odd_even_check_s.c\n'}
[5.217957] (udemy_ros2_pkg) StdoutLine: {'line': b'-- Symlinking: /home/mhpromit7473/Workspaces/ros2_py_ws/install/udemy_ros2_pkg/local/lib/python3.10/dist-packages/udemy_ros2_pkg/srv/_turn_camera.py\n'}
[5.224634] (udemy_ros2_pkg) StdoutLine: {'line': b'-- Symlinking: /home/mhpromit7473/Workspaces/ros2_py_ws/install/udemy_ros2_pkg/local/lib/python3.10/dist-packages/udemy_ros2_pkg/srv/_turn_camera_s.c\n'}
[5.230858] (udemy_ros2_pkg) StdoutLine: {'line': b'-- Symlinking: /home/mhpromit7473/Workspaces/ros2_py_ws/install/udemy_ros2_pkg/local/lib/python3.10/dist-packages/udemy_ros2_pkg/udemy_ros2_pkg_s__rosidl_typesupport_c.cpython-310-x86_64-linux-gnu.so\n'}
[5.238699] (udemy_ros2_pkg) StdoutLine: {'line': b'-- Symlinking: /home/mhpromit7473/Workspaces/ros2_py_ws/install/udemy_ros2_pkg/local/lib/python3.10/dist-packages/udemy_ros2_pkg/udemy_ros2_pkg_s__rosidl_typesupport_fastrtps_c.cpython-310-x86_64-linux-gnu.so\n'}
[5.243645] (udemy_ros2_pkg) StdoutLine: {'line': b'-- Symlinking: /home/mhpromit7473/Workspaces/ros2_py_ws/install/udemy_ros2_pkg/local/lib/python3.10/dist-packages/udemy_ros2_pkg/udemy_ros2_pkg_s__rosidl_typesupport_introspection_c.cpython-310-x86_64-linux-gnu.so\n'}
[5.251010] (udemy_ros2_pkg) StdoutLine: {'line': b'-- Up-to-date symlink: /home/mhpromit7473/Workspaces/ros2_py_ws/install/udemy_ros2_pkg/local/lib/python3.10/dist-packages/udemy_ros2_pkg/udemy_ros2_pkg_s__rosidl_typesupport_fastrtps_c.cpython-310-x86_64-linux-gnu.so\n'}
[5.251254] (udemy_ros2_pkg) StdoutLine: {'line': b'-- Up-to-date symlink: /home/mhpromit7473/Workspaces/ros2_py_ws/install/udemy_ros2_pkg/local/lib/python3.10/dist-packages/udemy_ros2_pkg/udemy_ros2_pkg_s__rosidl_typesupport_introspection_c.cpython-310-x86_64-linux-gnu.so\n'}
[5.251373] (udemy_ros2_pkg) StdoutLine: {'line': b'-- Up-to-date symlink: /home/mhpromit7473/Workspaces/ros2_py_ws/install/udemy_ros2_pkg/local/lib/python3.10/dist-packages/udemy_ros2_pkg/udemy_ros2_pkg_s__rosidl_typesupport_c.cpython-310-x86_64-linux-gnu.so\n'}
[5.251488] (udemy_ros2_pkg) StdoutLine: {'line': b'-- Symlinking: /home/mhpromit7473/Workspaces/ros2_py_ws/install/udemy_ros2_pkg/share/udemy_ros2_pkg/srv/OddEvenCheck.idl\n'}
[5.258838] (udemy_ros2_pkg) StdoutLine: {'line': b'-- Symlinking: /home/mhpromit7473/Workspaces/ros2_py_ws/install/udemy_ros2_pkg/share/udemy_ros2_pkg/srv/TurnCamera.idl\n'}
[5.266000] (udemy_ros2_pkg) StdoutLine: {'line': b'-- Symlinking: /home/mhpromit7473/Workspaces/ros2_py_ws/install/udemy_ros2_pkg/share/udemy_ros2_pkg/action/Navigate.idl\n'}
[5.272825] (udemy_ros2_pkg) StdoutLine: {'line': b'-- Symlinking: /home/mhpromit7473/Workspaces/ros2_py_ws/install/udemy_ros2_pkg/share/udemy_ros2_pkg/srv/OddEvenCheck.srv\n'}
[5.278940] (udemy_ros2_pkg) StdoutLine: {'line': b'-- Symlinking: /home/mhpromit7473/Workspaces/ros2_py_ws/install/udemy_ros2_pkg/share/udemy_ros2_pkg/srv/OddEvenCheck_Request.msg\n'}
[5.285963] (udemy_ros2_pkg) StdoutLine: {'line': b'-- Symlinking: /home/mhpromit7473/Workspaces/ros2_py_ws/install/udemy_ros2_pkg/share/udemy_ros2_pkg/srv/OddEvenCheck_Response.msg\n'}
[5.290814] (udemy_ros2_pkg) StdoutLine: {'line': b'-- Symlinking: /home/mhpromit7473/Workspaces/ros2_py_ws/install/udemy_ros2_pkg/share/udemy_ros2_pkg/srv/TurnCamera.srv\n'}
[5.295539] (udemy_ros2_pkg) StdoutLine: {'line': b'-- Symlinking: /home/mhpromit7473/Workspaces/ros2_py_ws/install/udemy_ros2_pkg/share/udemy_ros2_pkg/srv/TurnCamera_Request.msg\n'}
[5.302102] (udemy_ros2_pkg) StdoutLine: {'line': b'-- Symlinking: /home/mhpromit7473/Workspaces/ros2_py_ws/install/udemy_ros2_pkg/share/udemy_ros2_pkg/srv/TurnCamera_Response.msg\n'}
[5.307414] (udemy_ros2_pkg) StdoutLine: {'line': b'-- Symlinking: /home/mhpromit7473/Workspaces/ros2_py_ws/install/udemy_ros2_pkg/share/udemy_ros2_pkg/action/Navigate.action\n'}
[5.308711] (-) TimerEvent: {}
[5.315032] (udemy_ros2_pkg) StdoutLine: {'line': b'-- Symlinking: /home/mhpromit7473/Workspaces/ros2_py_ws/install/udemy_ros2_pkg/local/lib/python3.10/dist-packages/scripts-0.0.0-py3.10.egg-info/PKG-INFO\n'}
[5.320579] (udemy_ros2_pkg) StdoutLine: {'line': b'-- Symlinking: /home/mhpromit7473/Workspaces/ros2_py_ws/install/udemy_ros2_pkg/local/lib/python3.10/dist-packages/scripts-0.0.0-py3.10.egg-info/SOURCES.txt\n'}
[5.328296] (udemy_ros2_pkg) StdoutLine: {'line': b'-- Symlinking: /home/mhpromit7473/Workspaces/ros2_py_ws/install/udemy_ros2_pkg/local/lib/python3.10/dist-packages/scripts-0.0.0-py3.10.egg-info/dependency_links.txt\n'}
[5.335519] (udemy_ros2_pkg) StdoutLine: {'line': b'-- Symlinking: /home/mhpromit7473/Workspaces/ros2_py_ws/install/udemy_ros2_pkg/local/lib/python3.10/dist-packages/scripts-0.0.0-py3.10.egg-info/top_level.txt\n'}
[5.343126] (udemy_ros2_pkg) StdoutLine: {'line': b'-- Symlinking: /home/mhpromit7473/Workspaces/ros2_py_ws/install/udemy_ros2_pkg/local/lib/python3.10/dist-packages/scripts/__init__.py\n'}
[5.350791] (udemy_ros2_pkg) StdoutLine: {'line': b'-- Symlinking: /home/mhpromit7473/Workspaces/ros2_py_ws/install/udemy_ros2_pkg/local/lib/python3.10/dist-packages/scripts/action_client.py\n'}
[5.356009] (udemy_ros2_pkg) StdoutLine: {'line': b'-- Symlinking: /home/mhpromit7473/Workspaces/ros2_py_ws/install/udemy_ros2_pkg/local/lib/python3.10/dist-packages/scripts/action_server.py\n'}
[5.361009] (udemy_ros2_pkg) StdoutLine: {'line': b'-- Symlinking: /home/mhpromit7473/Workspaces/ros2_py_ws/install/udemy_ros2_pkg/local/lib/python3.10/dist-packages/scripts/publisher.py\n'}
[5.368350] (udemy_ros2_pkg) StdoutLine: {'line': b'-- Symlinking: /home/mhpromit7473/Workspaces/ros2_py_ws/install/udemy_ros2_pkg/local/lib/python3.10/dist-packages/scripts/rpm_pub.py\n'}
[5.372891] (udemy_ros2_pkg) StdoutLine: {'line': b'-- Symlinking: /home/mhpromit7473/Workspaces/ros2_py_ws/install/udemy_ros2_pkg/local/lib/python3.10/dist-packages/scripts/service_client.py\n'}
[5.377459] (udemy_ros2_pkg) StdoutLine: {'line': b'-- Symlinking: /home/mhpromit7473/Workspaces/ros2_py_ws/install/udemy_ros2_pkg/local/lib/python3.10/dist-packages/scripts/service_server.py\n'}
[5.384484] (udemy_ros2_pkg) StdoutLine: {'line': b'-- Symlinking: /home/mhpromit7473/Workspaces/ros2_py_ws/install/udemy_ros2_pkg/local/lib/python3.10/dist-packages/scripts/speed_calc.py\n'}
[5.389444] (udemy_ros2_pkg) StdoutLine: {'line': b'-- Symlinking: /home/mhpromit7473/Workspaces/ros2_py_ws/install/udemy_ros2_pkg/local/lib/python3.10/dist-packages/scripts/subscriber.py\n'}
[5.394793] (udemy_ros2_pkg) StdoutLine: {'line': b'-- Symlinking: /home/mhpromit7473/Workspaces/ros2_py_ws/install/udemy_ros2_pkg/local/lib/python3.10/dist-packages/scripts/turn_camera_client.py\n'}
[5.400433] (udemy_ros2_pkg) StdoutLine: {'line': b'-- Symlinking: /home/mhpromit7473/Workspaces/ros2_py_ws/install/udemy_ros2_pkg/local/lib/python3.10/dist-packages/scripts/turn_camera_server.py\n'}
[5.406994] (udemy_ros2_pkg) StdoutLine: {'line': b'-- Symlinking: /home/mhpromit7473/Workspaces/ros2_py_ws/install/udemy_ros2_pkg/lib/udemy_ros2_pkg/publisher.py\n'}
[5.408761] (-) TimerEvent: {}
[5.413768] (udemy_ros2_pkg) StdoutLine: {'line': b'-- Symlinking: /home/mhpromit7473/Workspaces/ros2_py_ws/install/udemy_ros2_pkg/lib/udemy_ros2_pkg/subscriber.py\n'}
[5.420046] (udemy_ros2_pkg) StdoutLine: {'line': b'-- Symlinking: /home/mhpromit7473/Workspaces/ros2_py_ws/install/udemy_ros2_pkg/lib/udemy_ros2_pkg/rpm_pub.py\n'}
[5.427810] (udemy_ros2_pkg) StdoutLine: {'line': b'-- Symlinking: /home/mhpromit7473/Workspaces/ros2_py_ws/install/udemy_ros2_pkg/lib/udemy_ros2_pkg/speed_calc.py\n'}
[5.434236] (udemy_ros2_pkg) StdoutLine: {'line': b'-- Symlinking: /home/mhpromit7473/Workspaces/ros2_py_ws/install/udemy_ros2_pkg/lib/udemy_ros2_pkg/service_server.py\n'}
[5.441112] (udemy_ros2_pkg) StdoutLine: {'line': b'-- Symlinking: /home/mhpromit7473/Workspaces/ros2_py_ws/install/udemy_ros2_pkg/lib/udemy_ros2_pkg/service_client.py\n'}
[5.449314] (udemy_ros2_pkg) StdoutLine: {'line': b'-- Symlinking: /home/mhpromit7473/Workspaces/ros2_py_ws/install/udemy_ros2_pkg/lib/udemy_ros2_pkg/turn_camera_server.py\n'}
[5.454129] (udemy_ros2_pkg) StdoutLine: {'line': b'-- Symlinking: /home/mhpromit7473/Workspaces/ros2_py_ws/install/udemy_ros2_pkg/lib/udemy_ros2_pkg/turn_camera_client.py\n'}
[5.461093] (udemy_ros2_pkg) StdoutLine: {'line': b'-- Symlinking: /home/mhpromit7473/Workspaces/ros2_py_ws/install/udemy_ros2_pkg/lib/udemy_ros2_pkg/action_server.py\n'}
[5.466873] (udemy_ros2_pkg) StdoutLine: {'line': b'-- Symlinking: /home/mhpromit7473/Workspaces/ros2_py_ws/install/udemy_ros2_pkg/lib/udemy_ros2_pkg/action_client.py\n'}
[5.472783] (udemy_ros2_pkg) StdoutLine: {'line': b'-- Symlinking: /home/mhpromit7473/Workspaces/ros2_py_ws/install/udemy_ros2_pkg/share/udemy_ros2_pkg/launch/rpm_node.launch.py\n'}
[5.478419] (udemy_ros2_pkg) StdoutLine: {'line': b'-- Symlinking: /home/mhpromit7473/Workspaces/ros2_py_ws/install/udemy_ros2_pkg/share/udemy_ros2_pkg/launch/speed_project.launch.py\n'}
[5.485304] (udemy_ros2_pkg) StdoutLine: {'line': b'-- Symlinking: /home/mhpromit7473/Workspaces/ros2_py_ws/install/udemy_ros2_pkg/share/udemy_ros2_pkg/worlds/test_world.sdf\n'}
[5.490764] (udemy_ros2_pkg) StdoutLine: {'line': b'-- Symlinking: /home/mhpromit7473/Workspaces/ros2_py_ws/install/udemy_ros2_pkg/share/udemy_ros2_pkg/worlds/wheeled_model_world.sdf\n'}
[5.498744] (udemy_ros2_pkg) StdoutLine: {'line': b'-- Symlinking: /home/mhpromit7473/Workspaces/ros2_py_ws/install/udemy_ros2_pkg/share/udemy_ros2_pkg/models/ground_plane/model.config\n'}
[5.505703] (udemy_ros2_pkg) StdoutLine: {'line': b'-- Symlinking: /home/mhpromit7473/Workspaces/ros2_py_ws/install/udemy_ros2_pkg/share/udemy_ros2_pkg/models/ground_plane/my_ground_plane.sdf\n'}
[5.508846] (-) TimerEvent: {}
[5.511843] (udemy_ros2_pkg) StdoutLine: {'line': b'-- Symlinking: /home/mhpromit7473/Workspaces/ros2_py_ws/install/udemy_ros2_pkg/share/udemy_ros2_pkg/models/wheeled_model/model.config\n'}
[5.518163] (udemy_ros2_pkg) StdoutLine: {'line': b'-- Symlinking: /home/mhpromit7473/Workspaces/ros2_py_ws/install/udemy_ros2_pkg/share/udemy_ros2_pkg/models/wheeled_model/model.sdf\n'}
[5.526516] (udemy_ros2_pkg) StdoutLine: {'line': b'-- Symlinking: /home/mhpromit7473/Workspaces/ros2_py_ws/install/udemy_ros2_pkg/share/ament_index/resource_index/package_run_dependencies/udemy_ros2_pkg\n'}
[5.531677] (udemy_ros2_pkg) StdoutLine: {'line': b'-- Symlinking: /home/mhpromit7473/Workspaces/ros2_py_ws/install/udemy_ros2_pkg/share/ament_index/resource_index/parent_prefix_path/udemy_ros2_pkg\n'}
[5.539845] (udemy_ros2_pkg) StdoutLine: {'line': b'-- Symlinking: /home/mhpromit7473/Workspaces/ros2_py_ws/install/udemy_ros2_pkg/share/udemy_ros2_pkg/environment/ament_prefix_path.sh\n'}
[5.545084] (udemy_ros2_pkg) StdoutLine: {'line': b'-- Symlinking: /home/mhpromit7473/Workspaces/ros2_py_ws/install/udemy_ros2_pkg/share/udemy_ros2_pkg/environment/ament_prefix_path.dsv\n'}
[5.552915] (udemy_ros2_pkg) StdoutLine: {'line': b'-- Symlinking: /home/mhpromit7473/Workspaces/ros2_py_ws/install/udemy_ros2_pkg/share/udemy_ros2_pkg/environment/path.sh\n'}
[5.558672] (udemy_ros2_pkg) StdoutLine: {'line': b'-- Symlinking: /home/mhpromit7473/Workspaces/ros2_py_ws/install/udemy_ros2_pkg/share/udemy_ros2_pkg/environment/path.dsv\n'}
[5.566306] (udemy_ros2_pkg) StdoutLine: {'line': b'-- Symlinking: /home/mhpromit7473/Workspaces/ros2_py_ws/install/udemy_ros2_pkg/share/udemy_ros2_pkg/local_setup.bash\n'}
[5.571505] (udemy_ros2_pkg) StdoutLine: {'line': b'-- Symlinking: /home/mhpromit7473/Workspaces/ros2_py_ws/install/udemy_ros2_pkg/share/udemy_ros2_pkg/local_setup.sh\n'}
[5.578164] (udemy_ros2_pkg) StdoutLine: {'line': b'-- Symlinking: /home/mhpromit7473/Workspaces/ros2_py_ws/install/udemy_ros2_pkg/share/udemy_ros2_pkg/local_setup.zsh\n'}
[5.583905] (udemy_ros2_pkg) StdoutLine: {'line': b'-- Symlinking: /home/mhpromit7473/Workspaces/ros2_py_ws/install/udemy_ros2_pkg/share/udemy_ros2_pkg/local_setup.dsv\n'}
[5.591391] (udemy_ros2_pkg) StdoutLine: {'line': b'-- Symlinking: /home/mhpromit7473/Workspaces/ros2_py_ws/install/udemy_ros2_pkg/share/udemy_ros2_pkg/package.dsv\n'}
[5.598758] (udemy_ros2_pkg) StdoutLine: {'line': b'-- Symlinking: /home/mhpromit7473/Workspaces/ros2_py_ws/install/udemy_ros2_pkg/share/ament_index/resource_index/packages/udemy_ros2_pkg\n'}
[5.604550] (udemy_ros2_pkg) StdoutLine: {'line': b'-- Symlinking: /home/mhpromit7473/Workspaces/ros2_py_ws/install/udemy_ros2_pkg/share/udemy_ros2_pkg/cmake/rosidl_cmake-extras.cmake\n'}
[5.608929] (-) TimerEvent: {}
[5.611420] (udemy_ros2_pkg) StdoutLine: {'line': b'-- Symlinking: /home/mhpromit7473/Workspaces/ros2_py_ws/install/udemy_ros2_pkg/share/udemy_ros2_pkg/cmake/ament_cmake_export_dependencies-extras.cmake\n'}
[5.616518] (udemy_ros2_pkg) StdoutLine: {'line': b'-- Symlinking: /home/mhpromit7473/Workspaces/ros2_py_ws/install/udemy_ros2_pkg/share/udemy_ros2_pkg/cmake/ament_cmake_export_include_directories-extras.cmake\n'}
[5.624410] (udemy_ros2_pkg) StdoutLine: {'line': b'-- Symlinking: /home/mhpromit7473/Workspaces/ros2_py_ws/install/udemy_ros2_pkg/share/udemy_ros2_pkg/cmake/ament_cmake_export_libraries-extras.cmake\n'}
[5.630968] (udemy_ros2_pkg) StdoutLine: {'line': b'-- Symlinking: /home/mhpromit7473/Workspaces/ros2_py_ws/install/udemy_ros2_pkg/share/udemy_ros2_pkg/cmake/ament_cmake_export_targets-extras.cmake\n'}
[5.638528] (udemy_ros2_pkg) StdoutLine: {'line': b'-- Symlinking: /home/mhpromit7473/Workspaces/ros2_py_ws/install/udemy_ros2_pkg/share/udemy_ros2_pkg/cmake/rosidl_cmake_export_typesupport_targets-extras.cmake\n'}
[5.644478] (udemy_ros2_pkg) StdoutLine: {'line': b'-- Symlinking: /home/mhpromit7473/Workspaces/ros2_py_ws/install/udemy_ros2_pkg/share/udemy_ros2_pkg/cmake/rosidl_cmake_export_typesupport_libraries-extras.cmake\n'}
[5.652664] (udemy_ros2_pkg) StdoutLine: {'line': b'-- Symlinking: /home/mhpromit7473/Workspaces/ros2_py_ws/install/udemy_ros2_pkg/share/udemy_ros2_pkg/cmake/udemy_ros2_pkgConfig.cmake\n'}
[5.660185] (udemy_ros2_pkg) StdoutLine: {'line': b'-- Symlinking: /home/mhpromit7473/Workspaces/ros2_py_ws/install/udemy_ros2_pkg/share/udemy_ros2_pkg/cmake/udemy_ros2_pkgConfig-version.cmake\n'}
[5.666188] (udemy_ros2_pkg) StdoutLine: {'line': b'-- Symlinking: /home/mhpromit7473/Workspaces/ros2_py_ws/install/udemy_ros2_pkg/share/udemy_ros2_pkg/package.xml\n'}
[5.673646] (udemy_ros2_pkg) StdoutLine: {'line': b'-- Installing: /home/mhpromit7473/Workspaces/ros2_py_ws/install/udemy_ros2_pkg/lib/libudemy_ros2_pkg__rosidl_generator_c.so\n'}
[5.673832] (udemy_ros2_pkg) StdoutLine: {'line': b'-- Set runtime path of "/home/mhpromit7473/Workspaces/ros2_py_ws/install/udemy_ros2_pkg/lib/libudemy_ros2_pkg__rosidl_generator_c.so" to ""\n'}
[5.673941] (udemy_ros2_pkg) StdoutLine: {'line': b'-- Installing: /home/mhpromit7473/Workspaces/ros2_py_ws/install/udemy_ros2_pkg/lib/libudemy_ros2_pkg__rosidl_typesupport_fastrtps_c.so\n'}
[5.674081] (udemy_ros2_pkg) StdoutLine: {'line': b'-- Set runtime path of "/home/mhpromit7473/Workspaces/ros2_py_ws/install/udemy_ros2_pkg/lib/libudemy_ros2_pkg__rosidl_typesupport_fastrtps_c.so" to ""\n'}
[5.674179] (udemy_ros2_pkg) StdoutLine: {'line': b'-- Installing: /home/mhpromit7473/Workspaces/ros2_py_ws/install/udemy_ros2_pkg/lib/libudemy_ros2_pkg__rosidl_typesupport_introspection_c.so\n'}
[5.674289] (udemy_ros2_pkg) StdoutLine: {'line': b'-- Set runtime path of "/home/mhpromit7473/Workspaces/ros2_py_ws/install/udemy_ros2_pkg/lib/libudemy_ros2_pkg__rosidl_typesupport_introspection_c.so" to ""\n'}
[5.674355] (udemy_ros2_pkg) StdoutLine: {'line': b'-- Installing: /home/mhpromit7473/Workspaces/ros2_py_ws/install/udemy_ros2_pkg/lib/libudemy_ros2_pkg__rosidl_typesupport_c.so\n'}
[5.674535] (udemy_ros2_pkg) StdoutLine: {'line': b'-- Set runtime path of "/home/mhpromit7473/Workspaces/ros2_py_ws/install/udemy_ros2_pkg/lib/libudemy_ros2_pkg__rosidl_typesupport_c.so" to ""\n'}
[5.674664] (udemy_ros2_pkg) StdoutLine: {'line': b'-- Installing: /home/mhpromit7473/Workspaces/ros2_py_ws/install/udemy_ros2_pkg/lib/libudemy_ros2_pkg__rosidl_typesupport_fastrtps_cpp.so\n'}
[5.674737] (udemy_ros2_pkg) StdoutLine: {'line': b'-- Set runtime path of "/home/mhpromit7473/Workspaces/ros2_py_ws/install/udemy_ros2_pkg/lib/libudemy_ros2_pkg__rosidl_typesupport_fastrtps_cpp.so" to ""\n'}
[5.674809] (udemy_ros2_pkg) StdoutLine: {'line': b'-- Installing: /home/mhpromit7473/Workspaces/ros2_py_ws/install/udemy_ros2_pkg/lib/libudemy_ros2_pkg__rosidl_typesupport_introspection_cpp.so\n'}
[5.674905] (udemy_ros2_pkg) StdoutLine: {'line': b'-- Set runtime path of "/home/mhpromit7473/Workspaces/ros2_py_ws/install/udemy_ros2_pkg/lib/libudemy_ros2_pkg__rosidl_typesupport_introspection_cpp.so" to ""\n'}
[5.674974] (udemy_ros2_pkg) StdoutLine: {'line': b'-- Installing: /home/mhpromit7473/Workspaces/ros2_py_ws/install/udemy_ros2_pkg/lib/libudemy_ros2_pkg__rosidl_typesupport_cpp.so\n'}
[5.675058] (udemy_ros2_pkg) StdoutLine: {'line': b'-- Set runtime path of "/home/mhpromit7473/Workspaces/ros2_py_ws/install/udemy_ros2_pkg/lib/libudemy_ros2_pkg__rosidl_typesupport_cpp.so" to ""\n'}
[5.702530] (udemy_ros2_pkg) StdoutLine: {'line': b"Listing '/home/mhpromit7473/Workspaces/ros2_py_ws/install/udemy_ros2_pkg/local/lib/python3.10/dist-packages/udemy_ros2_pkg'...\n"}
[5.702680] (udemy_ros2_pkg) StdoutLine: {'line': b"Compiling '/home/mhpromit7473/Workspaces/ros2_py_ws/install/udemy_ros2_pkg/local/lib/python3.10/dist-packages/udemy_ros2_pkg/__init__.py'...\n"}
[5.702744] (udemy_ros2_pkg) StdoutLine: {'line': b"Listing '/home/mhpromit7473/Workspaces/ros2_py_ws/install/udemy_ros2_pkg/local/lib/python3.10/dist-packages/udemy_ros2_pkg/action'...\n"}
[5.702801] (udemy_ros2_pkg) StdoutLine: {'line': b"Compiling '/home/mhpromit7473/Workspaces/ros2_py_ws/install/udemy_ros2_pkg/local/lib/python3.10/dist-packages/udemy_ros2_pkg/action/__init__.py'...\n"}
[5.702856] (udemy_ros2_pkg) StdoutLine: {'line': b"Compiling '/home/mhpromit7473/Workspaces/ros2_py_ws/install/udemy_ros2_pkg/local/lib/python3.10/dist-packages/udemy_ros2_pkg/action/_navigate.py'...\n"}
[5.702920] (udemy_ros2_pkg) StdoutLine: {'line': b"Listing '/home/mhpromit7473/Workspaces/ros2_py_ws/install/udemy_ros2_pkg/local/lib/python3.10/dist-packages/udemy_ros2_pkg/srv'...\n"}
[5.702974] (udemy_ros2_pkg) StdoutLine: {'line': b"Compiling '/home/mhpromit7473/Workspaces/ros2_py_ws/install/udemy_ros2_pkg/local/lib/python3.10/dist-packages/udemy_ros2_pkg/srv/__init__.py'...\n"}
[5.703028] (udemy_ros2_pkg) StdoutLine: {'line': b"Compiling '/home/mhpromit7473/Workspaces/ros2_py_ws/install/udemy_ros2_pkg/local/lib/python3.10/dist-packages/udemy_ros2_pkg/srv/_odd_even_check.py'...\n"}
[5.703082] (udemy_ros2_pkg) StdoutLine: {'line': b"Compiling '/home/mhpromit7473/Workspaces/ros2_py_ws/install/udemy_ros2_pkg/local/lib/python3.10/dist-packages/udemy_ros2_pkg/srv/_turn_camera.py'...\n"}
[5.705514] (udemy_ros2_pkg) StdoutLine: {'line': b'-- Installing: /home/mhpromit7473/Workspaces/ros2_py_ws/install/udemy_ros2_pkg/lib/libudemy_ros2_pkg__rosidl_generator_py.so\n'}
[5.705740] (udemy_ros2_pkg) StdoutLine: {'line': b'-- Set runtime path of "/home/mhpromit7473/Workspaces/ros2_py_ws/install/udemy_ros2_pkg/lib/libudemy_ros2_pkg__rosidl_generator_py.so" to ""\n'}
[5.709039] (-) TimerEvent: {}
[5.728857] (udemy_ros2_pkg) StdoutLine: {'line': b"Listing '/home/mhpromit7473/Workspaces/ros2_py_ws/install/udemy_ros2_pkg/local/lib/python3.10/dist-packages/scripts'...\n"}
[5.729021] (udemy_ros2_pkg) StdoutLine: {'line': b"Compiling '/home/mhpromit7473/Workspaces/ros2_py_ws/install/udemy_ros2_pkg/local/lib/python3.10/dist-packages/scripts/__init__.py'...\n"}
[5.729092] (udemy_ros2_pkg) StdoutLine: {'line': b"Compiling '/home/mhpromit7473/Workspaces/ros2_py_ws/install/udemy_ros2_pkg/local/lib/python3.10/dist-packages/scripts/action_client.py'...\n"}
[5.729154] (udemy_ros2_pkg) StdoutLine: {'line': b"Compiling '/home/mhpromit7473/Workspaces/ros2_py_ws/install/udemy_ros2_pkg/local/lib/python3.10/dist-packages/scripts/action_server.py'...\n"}
[5.729224] (udemy_ros2_pkg) StdoutLine: {'line': b"Compiling '/home/mhpromit7473/Workspaces/ros2_py_ws/install/udemy_ros2_pkg/local/lib/python3.10/dist-packages/scripts/publisher.py'...\n"}
[5.729296] (udemy_ros2_pkg) StdoutLine: {'line': b"Compiling '/home/mhpromit7473/Workspaces/ros2_py_ws/install/udemy_ros2_pkg/local/lib/python3.10/dist-packages/scripts/rpm_pub.py'...\n"}
[5.729361] (udemy_ros2_pkg) StdoutLine: {'line': b"Compiling '/home/mhpromit7473/Workspaces/ros2_py_ws/install/udemy_ros2_pkg/local/lib/python3.10/dist-packages/scripts/service_client.py'...\n"}
[5.729423] (udemy_ros2_pkg) StdoutLine: {'line': b"Compiling '/home/mhpromit7473/Workspaces/ros2_py_ws/install/udemy_ros2_pkg/local/lib/python3.10/dist-packages/scripts/service_server.py'...\n"}
[5.729483] (udemy_ros2_pkg) StdoutLine: {'line': b"Compiling '/home/mhpromit7473/Workspaces/ros2_py_ws/install/udemy_ros2_pkg/local/lib/python3.10/dist-packages/scripts/speed_calc.py'...\n"}
[5.729544] (udemy_ros2_pkg) StdoutLine: {'line': b"Compiling '/home/mhpromit7473/Workspaces/ros2_py_ws/install/udemy_ros2_pkg/local/lib/python3.10/dist-packages/scripts/subscriber.py'...\n"}
[5.729612] (udemy_ros2_pkg) StdoutLine: {'line': b"Compiling '/home/mhpromit7473/Workspaces/ros2_py_ws/install/udemy_ros2_pkg/local/lib/python3.10/dist-packages/scripts/turn_camera_client.py'...\n"}
[5.729669] (udemy_ros2_pkg) StdoutLine: {'line': b"Compiling '/home/mhpromit7473/Workspaces/ros2_py_ws/install/udemy_ros2_pkg/local/lib/python3.10/dist-packages/scripts/turn_camera_server.py'...\n"}
[5.731774] (udemy_ros2_pkg) StdoutLine: {'line': b'-- Installing: /home/mhpromit7473/Workspaces/ros2_py_ws/install/udemy_ros2_pkg/share/udemy_ros2_pkg/cmake/export_udemy_ros2_pkg__rosidl_generator_cExport.cmake\n'}
[5.731859] (udemy_ros2_pkg) StdoutLine: {'line': b'-- Installing: /home/mhpromit7473/Workspaces/ros2_py_ws/install/udemy_ros2_pkg/share/udemy_ros2_pkg/cmake/export_udemy_ros2_pkg__rosidl_generator_cExport-noconfig.cmake\n'}
[5.731946] (udemy_ros2_pkg) StdoutLine: {'line': b'-- Installing: /home/mhpromit7473/Workspaces/ros2_py_ws/install/udemy_ros2_pkg/share/udemy_ros2_pkg/cmake/export_udemy_ros2_pkg__rosidl_typesupport_fastrtps_cExport.cmake\n'}
[5.732019] (udemy_ros2_pkg) StdoutLine: {'line': b'-- Installing: /home/mhpromit7473/Workspaces/ros2_py_ws/install/udemy_ros2_pkg/share/udemy_ros2_pkg/cmake/export_udemy_ros2_pkg__rosidl_typesupport_fastrtps_cExport-noconfig.cmake\n'}
[5.732080] (udemy_ros2_pkg) StdoutLine: {'line': b'-- Installing: /home/mhpromit7473/Workspaces/ros2_py_ws/install/udemy_ros2_pkg/share/udemy_ros2_pkg/cmake/udemy_ros2_pkg__rosidl_typesupport_introspection_cExport.cmake\n'}
[5.732156] (udemy_ros2_pkg) StdoutLine: {'line': b'-- Installing: /home/mhpromit7473/Workspaces/ros2_py_ws/install/udemy_ros2_pkg/share/udemy_ros2_pkg/cmake/udemy_ros2_pkg__rosidl_typesupport_introspection_cExport-noconfig.cmake\n'}
[5.732272] (udemy_ros2_pkg) StdoutLine: {'line': b'-- Installing: /home/mhpromit7473/Workspaces/ros2_py_ws/install/udemy_ros2_pkg/share/udemy_ros2_pkg/cmake/udemy_ros2_pkg__rosidl_typesupport_cExport.cmake\n'}
[5.732367] (udemy_ros2_pkg) StdoutLine: {'line': b'-- Installing: /home/mhpromit7473/Workspaces/ros2_py_ws/install/udemy_ros2_pkg/share/udemy_ros2_pkg/cmake/udemy_ros2_pkg__rosidl_typesupport_cExport-noconfig.cmake\n'}
[5.732436] (udemy_ros2_pkg) StdoutLine: {'line': b'-- Installing: /home/mhpromit7473/Workspaces/ros2_py_ws/install/udemy_ros2_pkg/share/udemy_ros2_pkg/cmake/export_udemy_ros2_pkg__rosidl_generator_cppExport.cmake\n'}
[5.732497] (udemy_ros2_pkg) StdoutLine: {'line': b'-- Installing: /home/mhpromit7473/Workspaces/ros2_py_ws/install/udemy_ros2_pkg/share/udemy_ros2_pkg/cmake/export_udemy_ros2_pkg__rosidl_typesupport_fastrtps_cppExport.cmake\n'}
[5.732560] (udemy_ros2_pkg) StdoutLine: {'line': b'-- Installing: /home/mhpromit7473/Workspaces/ros2_py_ws/install/udemy_ros2_pkg/share/udemy_ros2_pkg/cmake/export_udemy_ros2_pkg__rosidl_typesupport_fastrtps_cppExport-noconfig.cmake\n'}
[5.732622] (udemy_ros2_pkg) StdoutLine: {'line': b'-- Installing: /home/mhpromit7473/Workspaces/ros2_py_ws/install/udemy_ros2_pkg/share/udemy_ros2_pkg/cmake/udemy_ros2_pkg__rosidl_typesupport_introspection_cppExport.cmake\n'}
[5.732702] (udemy_ros2_pkg) StdoutLine: {'line': b'-- Installing: /home/mhpromit7473/Workspaces/ros2_py_ws/install/udemy_ros2_pkg/share/udemy_ros2_pkg/cmake/udemy_ros2_pkg__rosidl_typesupport_introspection_cppExport-noconfig.cmake\n'}
[5.732814] (udemy_ros2_pkg) StdoutLine: {'line': b'-- Installing: /home/mhpromit7473/Workspaces/ros2_py_ws/install/udemy_ros2_pkg/share/udemy_ros2_pkg/cmake/udemy_ros2_pkg__rosidl_typesupport_cppExport.cmake\n'}
[5.732876] (udemy_ros2_pkg) StdoutLine: {'line': b'-- Installing: /home/mhpromit7473/Workspaces/ros2_py_ws/install/udemy_ros2_pkg/share/udemy_ros2_pkg/cmake/udemy_ros2_pkg__rosidl_typesupport_cppExport-noconfig.cmake\n'}
[5.732943] (udemy_ros2_pkg) StdoutLine: {'line': b'-- Installing: /home/mhpromit7473/Workspaces/ros2_py_ws/install/udemy_ros2_pkg/share/udemy_ros2_pkg/cmake/export_udemy_ros2_pkg__rosidl_generator_pyExport.cmake\n'}
[5.733009] (udemy_ros2_pkg) StdoutLine: {'line': b'-- Installing: /home/mhpromit7473/Workspaces/ros2_py_ws/install/udemy_ros2_pkg/share/udemy_ros2_pkg/cmake/export_udemy_ros2_pkg__rosidl_generator_pyExport-noconfig.cmake\n'}
[5.734278] (udemy_ros2_pkg) CommandEnded: {'returncode': 0}
[5.809196] (-) TimerEvent: {}
[5.821020] (udemy_ros2_pkg) JobEnded: {'identifier': 'udemy_ros2_pkg', 'rc': 0}
[5.821665] (-) EventReactorShutdown: {}
