[0.052s] Invoking command in '/home/mhpromit7473/Workspaces/ros2_py_ws/build/udemy_ros2_pkg': CMAKE_PREFIX_PATH=/opt/ros/humble /usr/bin/cmake /home/mhpromit7473/Workspaces/ros2_py_ws/src/udemy_ros2_pkg -DCMAKE_INSTALL_PREFIX=/home/mhpromit7473/Workspaces/ros2_py_ws/install/udemy_ros2_pkg
[0.417s] -- The C compiler identification is GNU 11.4.0
[0.669s] -- The CXX compiler identification is GNU 11.4.0
[0.726s] -- Detecting C compiler ABI info
[1.023s] -- Detecting C compiler ABI info - done
[1.045s] -- Check for working C compiler: /usr/bin/cc - skipped
[1.050s] -- Detecting C compile features
[1.052s] -- Detecting C compile features - done
[1.067s] -- Detecting CXX compiler ABI info
[1.416s] -- Detecting CXX compiler ABI info - done
[1.437s] -- Check for working CXX compiler: /usr/bin/c++ - skipped
[1.440s] -- Detecting CXX compile features
[1.440s] -- Detecting CXX compile features - done
[1.486s] -- Found ament_cmake: 1.3.10 (/opt/ros/humble/share/ament_cmake/cmake)
[2.030s] -- Found Python3: /usr/bin/python3 (found version "3.10.12") found components: Interpreter 
[2.412s] -- Found ament_lint_auto: 0.12.11 (/opt/ros/humble/share/ament_lint_auto/cmake)
[2.716s] -- Added test 'lint_cmake' to check CMake code style
[2.725s] -- Added test 'xmllint' to check XML markup files
[2.736s] -- Configuring done
[2.744s] -- Generating done
[2.747s] -- Build files have been written to: /home/mhpromit7473/Workspaces/ros2_py_ws/build/udemy_ros2_pkg
[2.761s] Invoked command in '/home/mhpromit7473/Workspaces/ros2_py_ws/build/udemy_ros2_pkg' returned '0': CMAKE_PREFIX_PATH=/opt/ros/humble /usr/bin/cmake /home/mhpromit7473/Workspaces/ros2_py_ws/src/udemy_ros2_pkg -DCMAKE_INSTALL_PREFIX=/home/mhpromit7473/Workspaces/ros2_py_ws/install/udemy_ros2_pkg
[2.768s] Invoking command in '/home/mhpromit7473/Workspaces/ros2_py_ws/build/udemy_ros2_pkg': CMAKE_PREFIX_PATH=/opt/ros/humble /usr/bin/cmake --build /home/mhpromit7473/Workspaces/ros2_py_ws/build/udemy_ros2_pkg -- -j2 -l2
[2.911s] Invoked command in '/home/mhpromit7473/Workspaces/ros2_py_ws/build/udemy_ros2_pkg' returned '0': CMAKE_PREFIX_PATH=/opt/ros/humble /usr/bin/cmake --build /home/mhpromit7473/Workspaces/ros2_py_ws/build/udemy_ros2_pkg -- -j2 -l2
[3.104s] Invoking command in '/home/mhpromit7473/Workspaces/ros2_py_ws/build/udemy_ros2_pkg': CMAKE_PREFIX_PATH=/opt/ros/humble /usr/bin/cmake --install /home/mhpromit7473/Workspaces/ros2_py_ws/build/udemy_ros2_pkg
[3.128s] -- Install configuration: ""
[3.128s] -- Installing: /home/mhpromit7473/Workspaces/ros2_py_ws/install/udemy_ros2_pkg/share/ament_index/resource_index/package_run_dependencies/udemy_ros2_pkg
[3.129s] -- Installing: /home/mhpromit7473/Workspaces/ros2_py_ws/install/udemy_ros2_pkg/share/ament_index/resource_index/parent_prefix_path/udemy_ros2_pkg
[3.130s] -- Installing: /home/mhpromit7473/Workspaces/ros2_py_ws/install/udemy_ros2_pkg/share/udemy_ros2_pkg/environment/ament_prefix_path.sh
[3.131s] -- Installing: /home/mhpromit7473/Workspaces/ros2_py_ws/install/udemy_ros2_pkg/share/udemy_ros2_pkg/environment/ament_prefix_path.dsv
[3.131s] -- Installing: /home/mhpromit7473/Workspaces/ros2_py_ws/install/udemy_ros2_pkg/share/udemy_ros2_pkg/environment/path.sh
[3.132s] -- Installing: /home/mhpromit7473/Workspaces/ros2_py_ws/install/udemy_ros2_pkg/share/udemy_ros2_pkg/environment/path.dsv
[3.133s] -- Installing: /home/mhpromit7473/Workspaces/ros2_py_ws/install/udemy_ros2_pkg/share/udemy_ros2_pkg/local_setup.bash
[3.133s] -- Installing: /home/mhpromit7473/Workspaces/ros2_py_ws/install/udemy_ros2_pkg/share/udemy_ros2_pkg/local_setup.sh
[3.134s] -- Installing: /home/mhpromit7473/Workspaces/ros2_py_ws/install/udemy_ros2_pkg/share/udemy_ros2_pkg/local_setup.zsh
[3.135s] -- Installing: /home/mhpromit7473/Workspaces/ros2_py_ws/install/udemy_ros2_pkg/share/udemy_ros2_pkg/local_setup.dsv
[3.136s] -- Installing: /home/mhpromit7473/Workspaces/ros2_py_ws/install/udemy_ros2_pkg/share/udemy_ros2_pkg/package.dsv
[3.138s] -- Installing: /home/mhpromit7473/Workspaces/ros2_py_ws/install/udemy_ros2_pkg/share/ament_index/resource_index/packages/udemy_ros2_pkg
[3.138s] -- Installing: /home/mhpromit7473/Workspaces/ros2_py_ws/install/udemy_ros2_pkg/share/udemy_ros2_pkg/cmake/udemy_ros2_pkgConfig.cmake
[3.138s] -- Installing: /home/mhpromit7473/Workspaces/ros2_py_ws/install/udemy_ros2_pkg/share/udemy_ros2_pkg/cmake/udemy_ros2_pkgConfig-version.cmake
[3.139s] -- Installing: /home/mhpromit7473/Workspaces/ros2_py_ws/install/udemy_ros2_pkg/share/udemy_ros2_pkg/package.xml
[3.146s] Invoked command in '/home/mhpromit7473/Workspaces/ros2_py_ws/build/udemy_ros2_pkg' returned '0': CMAKE_PREFIX_PATH=/opt/ros/humble /usr/bin/cmake --install /home/mhpromit7473/Workspaces/ros2_py_ws/build/udemy_ros2_pkg
