[0.000000] (-) TimerEvent: {}
[0.000249] (udemy_ros2_pkg) JobQueued: {'identifier': 'udemy_ros2_pkg', 'dependencies': OrderedDict()}
[0.000866] (udemy_ros2_pkg) JobStarted: {'identifier': 'udemy_ros2_pkg'}
[0.011986] (udemy_ros2_pkg) JobProgress: {'identifier': 'udemy_ros2_pkg', 'progress': 'cmake'}
[0.012740] (udemy_ros2_pkg) JobProgress: {'identifier': 'udemy_ros2_pkg', 'progress': 'build'}
[0.013473] (udemy_ros2_pkg) Command: {'cmd': ['/usr/bin/cmake', '--build', '/home/mhpromit7473/Workspaces/ros2_py_ws/build/udemy_ros2_pkg', '--', '-j12', '-l12'], 'cwd': '/home/mhpromit7473/Workspaces/ros2_py_ws/build/udemy_ros2_pkg', 'env': OrderedDict([('GJS_DEBUG_TOPICS', 'JS ERROR;JS LOG'), ('LESSOPEN', '| /usr/bin/lesspipe %s'), ('USER', 'mhpromit7473'), ('LC_TIME', 'en_US.UTF-8'), ('XDG_SESSION_TYPE', 'wayland'), ('GIT_ASKPASS', '/usr/share/code/resources/app/extensions/git/dist/askpass.sh'), ('SHLVL', '1'), ('LD_LIBRARY_PATH', '/home/mhpromit7473/Workspaces/ros2_py_ws/install/udemy_ros2_pkg/lib:/opt/ros/humble/opt/rviz_ogre_vendor/lib:/opt/ros/humble/lib/x86_64-linux-gnu:/opt/ros/humble/lib'), ('HOME', '/home/mhpromit7473'), ('CHROME_DESKTOP', 'code-url-handler.desktop'), ('TERM_PROGRAM_VERSION', '1.94.0'), ('DESKTOP_SESSION', 'ubuntu'), ('GIO_LAUNCHED_DESKTOP_FILE', '/usr/share/applications/code.desktop'), ('ROS_PYTHON_VERSION', '3'), ('GNOME_SHELL_SESSION_MODE', 'ubuntu'), ('GTK_MODULES', 'gail:atk-bridge'), ('VSCODE_GIT_ASKPASS_MAIN', '/usr/share/code/resources/app/extensions/git/dist/askpass-main.js'), ('LC_MONETARY', 'en_US.UTF-8'), ('VSCODE_GIT_ASKPASS_NODE', '/usr/share/code/code'), ('MANAGERPID', '1846'), ('SYSTEMD_EXEC_PID', '2023'), ('IM_CONFIG_CHECK_ENV', '1'), ('DBUS_SESSION_BUS_ADDRESS', 'unix:path=/run/user/1000/bus'), ('COLORTERM', 'truecolor'), ('GIO_LAUNCHED_DESKTOP_FILE_PID', '9720'), ('IM_CONFIG_PHASE', '1'), ('WAYLAND_DISPLAY', 'wayland-0'), ('COLCON_PREFIX_PATH', '/home/mhpromit7473/Workspaces/ros2_py_ws/install'), ('ROS_DISTRO', 'humble'), ('LOGNAME', 'mhpromit7473'), ('JOURNAL_STREAM', '8:20651'), ('_', '/usr/bin/colcon'), ('ROS_VERSION', '2'), ('XDG_SESSION_CLASS', 'user'), ('USERNAME', 'mhpromit7473'), ('TERM', 'xterm-256color'), ('GNOME_DESKTOP_SESSION_ID', 'this-is-deprecated'), ('ROS_LOCALHOST_ONLY', '0'), ('PATH', '/home/mhpromit7473/.local/bin:/opt/ros/humble/bin:/home/mhpromit7473/.local/bin:/usr/local/sbin:/usr/local/bin:/usr/sbin:/usr/bin:/sbin:/bin:/usr/games:/usr/local/games:/snap/bin:/snap/bin'), ('SESSION_MANAGER', 'local/rosdev:@/tmp/.ICE-unix/1992,unix/rosdev:/tmp/.ICE-unix/1992'), ('INVOCATION_ID', '5a47ddadc4eb4478bbec7f4617295cf8'), ('PAPERSIZE', 'letter'), ('XDG_MENU_PREFIX', 'gnome-'), ('LC_ADDRESS', 'en_US.UTF-8'), ('GNOME_SETUP_DISPLAY', ':1'), ('XDG_RUNTIME_DIR', '/run/user/1000'), ('GDK_BACKEND', 'x11'), ('DISPLAY', ':0'), ('LANG', 'en_US.UTF-8'), ('XDG_CURRENT_DESKTOP', 'Unity'), ('LC_TELEPHONE', 'en_US.UTF-8'), ('XMODIFIERS', '@im=ibus'), ('XDG_SESSION_DESKTOP', 'ubuntu'), ('XAUTHORITY', '/run/user/1000/.mutter-Xwaylandauth.SLM5U2'), ('LS_COLORS', ''), ('VSCODE_GIT_IPC_HANDLE', '/run/user/1000/vscode-git-9b70c361e7.sock'), ('TERM_PROGRAM', 'vscode'), ('SSH_AGENT_LAUNCHER', 'gnome-keyring'), ('SSH_AUTH_SOCK', '/run/user/1000/keyring/ssh'), ('AMENT_PREFIX_PATH', '/home/mhpromit7473/Workspaces/ros2_py_ws/install/udemy_ros2_pkg:/opt/ros/humble'), ('ORIGINAL_XDG_CURRENT_DESKTOP', 'ubuntu:GNOME'), ('SHELL', '/bin/bash'), ('LC_NAME', 'en_US.UTF-8'), ('QT_ACCESSIBILITY', '1'), ('GDMSESSION', 'ubuntu'), ('LESSCLOSE', '/usr/bin/lesspipe %s %s'), ('LC_MEASUREMENT', 'en_US.UTF-8'), ('GJS_DEBUG_OUTPUT', 'stderr'), ('LC_IDENTIFICATION', 'en_US.UTF-8'), ('VSCODE_GIT_ASKPASS_EXTRA_ARGS', ''), ('QT_IM_MODULE', 'ibus'), ('PWD', '/home/mhpromit7473/Workspaces/ros2_py_ws/build/udemy_ros2_pkg'), ('LC_ALL', 'en_US.UTF-8'), ('XDG_CONFIG_DIRS', '/etc/xdg/xdg-ubuntu:/etc/xdg'), ('XDG_DATA_DIRS', '/usr/share/ubuntu:/usr/local/share/:/usr/share/:/var/lib/snapd/desktop'), ('PYTHONPATH', '/home/mhpromit7473/Workspaces/ros2_py_ws/install/udemy_ros2_pkg/local/lib/python3.10/dist-packages:/opt/ros/humble/lib/python3.10/site-packages:/opt/ros/humble/local/lib/python3.10/dist-packages'), ('LC_NUMERIC', 'en_US.UTF-8'), ('LC_PAPER', 'en_US.UTF-8'), ('COLCON', '1'), ('CMAKE_PREFIX_PATH', '/home/mhpromit7473/Workspaces/ros2_py_ws/install/udemy_ros2_pkg:/opt/ros/humble')]), 'shell': False}
[0.084858] (udemy_ros2_pkg) StdoutLine: {'line': b'[  2%] Built target udemy_ros2_pkg__cpp\n'}
[0.085218] (udemy_ros2_pkg) StdoutLine: {'line': b'[  2%] Built target ament_cmake_python_symlink_udemy_ros2_pkg\n'}
[0.085781] (udemy_ros2_pkg) StdoutLine: {'line': b'[ 12%] Built target udemy_ros2_pkg__rosidl_generator_c\n'}
[0.096794] (udemy_ros2_pkg) StdoutLine: {'line': b'[ 12%] Built target ament_cmake_python_symlink_scripts\n'}
[0.099816] (-) TimerEvent: {}
[0.112118] (udemy_ros2_pkg) StdoutLine: {'line': b'[ 23%] Built target udemy_ros2_pkg__rosidl_typesupport_introspection_c\n'}
[0.114574] (udemy_ros2_pkg) StdoutLine: {'line': b'[ 40%] Built target udemy_ros2_pkg__rosidl_typesupport_introspection_cpp\n'}
[0.114919] (udemy_ros2_pkg) StdoutLine: {'line': b'[ 44%] Built target udemy_ros2_pkg__rosidl_typesupport_cpp\n'}
[0.115004] (udemy_ros2_pkg) StdoutLine: {'line': b'[ 55%] Built target udemy_ros2_pkg__rosidl_typesupport_fastrtps_cpp\n'}
[0.115557] (udemy_ros2_pkg) StdoutLine: {'line': b'[ 65%] Built target udemy_ros2_pkg__rosidl_typesupport_fastrtps_c\n'}
[0.117088] (udemy_ros2_pkg) StdoutLine: {'line': b'[ 76%] Built target udemy_ros2_pkg__rosidl_typesupport_c\n'}
[0.138638] (udemy_ros2_pkg) StdoutLine: {'line': b'[ 76%] Built target udemy_ros2_pkg\n'}
[0.167908] (udemy_ros2_pkg) StdoutLine: {'line': b'[ 78%] Built target udemy_ros2_pkg__py\n'}
[0.194516] (udemy_ros2_pkg) StdoutLine: {'line': b'[ 87%] Built target udemy_ros2_pkg__rosidl_generator_py\n'}
[0.199908] (-) TimerEvent: {}
[0.218394] (udemy_ros2_pkg) StdoutLine: {'line': b'[ 91%] Built target udemy_ros2_pkg__rosidl_typesupport_c__pyext\n'}
[0.218922] (udemy_ros2_pkg) StdoutLine: {'line': b'[ 95%] Built target udemy_ros2_pkg__rosidl_typesupport_introspection_c__pyext\n'}
[0.221190] (udemy_ros2_pkg) StdoutLine: {'line': b'[100%] Built target udemy_ros2_pkg__rosidl_typesupport_fastrtps_c__pyext\n'}
[0.300137] (-) TimerEvent: {}
[0.398737] (udemy_ros2_pkg) StdoutLine: {'line': b'running egg_info\n'}
[0.399222] (udemy_ros2_pkg) StdoutLine: {'line': b'writing udemy_ros2_pkg.egg-info/PKG-INFO\n'}
[0.399433] (udemy_ros2_pkg) StdoutLine: {'line': b'writing dependency_links to udemy_ros2_pkg.egg-info/dependency_links.txt\n'}
[0.399621] (udemy_ros2_pkg) StdoutLine: {'line': b'writing top-level names to udemy_ros2_pkg.egg-info/top_level.txt\n'}
[0.400181] (-) TimerEvent: {}
[0.402915] (udemy_ros2_pkg) StdoutLine: {'line': b"reading manifest file 'udemy_ros2_pkg.egg-info/SOURCES.txt'\n"}
[0.403401] (udemy_ros2_pkg) StdoutLine: {'line': b"writing manifest file 'udemy_ros2_pkg.egg-info/SOURCES.txt'\n"}
[0.405546] (udemy_ros2_pkg) StdoutLine: {'line': b'running egg_info\n'}
[0.406525] (udemy_ros2_pkg) StdoutLine: {'line': b'writing scripts.egg-info/PKG-INFO\n'}
[0.406894] (udemy_ros2_pkg) StdoutLine: {'line': b'writing dependency_links to scripts.egg-info/dependency_links.txt\n'}
[0.407744] (udemy_ros2_pkg) StdoutLine: {'line': b'writing top-level names to scripts.egg-info/top_level.txt\n'}
[0.410613] (udemy_ros2_pkg) StdoutLine: {'line': b"reading manifest file 'scripts.egg-info/SOURCES.txt'\n"}
[0.411127] (udemy_ros2_pkg) StdoutLine: {'line': b"writing manifest file 'scripts.egg-info/SOURCES.txt'\n"}
[0.447741] (udemy_ros2_pkg) StdoutLine: {'line': b'[100%] Built target ament_cmake_python_build_udemy_ros2_pkg_egg\n'}
[0.457570] (udemy_ros2_pkg) StdoutLine: {'line': b'[100%] Built target ament_cmake_python_build_scripts_egg\n'}
[0.466591] (udemy_ros2_pkg) CommandEnded: {'returncode': 0}
[0.500331] (-) TimerEvent: {}
[0.588912] (udemy_ros2_pkg) JobProgress: {'identifier': 'udemy_ros2_pkg', 'progress': 'install'}
[0.600463] (-) TimerEvent: {}
[0.605251] (udemy_ros2_pkg) Command: {'cmd': ['/usr/bin/cmake', '--install', '/home/mhpromit7473/Workspaces/ros2_py_ws/build/udemy_ros2_pkg'], 'cwd': '/home/mhpromit7473/Workspaces/ros2_py_ws/build/udemy_ros2_pkg', 'env': OrderedDict([('GJS_DEBUG_TOPICS', 'JS ERROR;JS LOG'), ('LESSOPEN', '| /usr/bin/lesspipe %s'), ('USER', 'mhpromit7473'), ('LC_TIME', 'en_US.UTF-8'), ('XDG_SESSION_TYPE', 'wayland'), ('GIT_ASKPASS', '/usr/share/code/resources/app/extensions/git/dist/askpass.sh'), ('SHLVL', '1'), ('LD_LIBRARY_PATH', '/home/mhpromit7473/Workspaces/ros2_py_ws/install/udemy_ros2_pkg/lib:/opt/ros/humble/opt/rviz_ogre_vendor/lib:/opt/ros/humble/lib/x86_64-linux-gnu:/opt/ros/humble/lib'), ('HOME', '/home/mhpromit7473'), ('CHROME_DESKTOP', 'code-url-handler.desktop'), ('TERM_PROGRAM_VERSION', '1.94.0'), ('DESKTOP_SESSION', 'ubuntu'), ('GIO_LAUNCHED_DESKTOP_FILE', '/usr/share/applications/code.desktop'), ('ROS_PYTHON_VERSION', '3'), ('GNOME_SHELL_SESSION_MODE', 'ubuntu'), ('GTK_MODULES', 'gail:atk-bridge'), ('VSCODE_GIT_ASKPASS_MAIN', '/usr/share/code/resources/app/extensions/git/dist/askpass-main.js'), ('LC_MONETARY', 'en_US.UTF-8'), ('VSCODE_GIT_ASKPASS_NODE', '/usr/share/code/code'), ('MANAGERPID', '1846'), ('SYSTEMD_EXEC_PID', '2023'), ('IM_CONFIG_CHECK_ENV', '1'), ('DBUS_SESSION_BUS_ADDRESS', 'unix:path=/run/user/1000/bus'), ('COLORTERM', 'truecolor'), ('GIO_LAUNCHED_DESKTOP_FILE_PID', '9720'), ('IM_CONFIG_PHASE', '1'), ('WAYLAND_DISPLAY', 'wayland-0'), ('COLCON_PREFIX_PATH', '/home/mhpromit7473/Workspaces/ros2_py_ws/install'), ('ROS_DISTRO', 'humble'), ('LOGNAME', 'mhpromit7473'), ('JOURNAL_STREAM', '8:20651'), ('_', '/usr/bin/colcon'), ('ROS_VERSION', '2'), ('XDG_SESSION_CLASS', 'user'), ('USERNAME', 'mhpromit7473'), ('TERM', 'xterm-256color'), ('GNOME_DESKTOP_SESSION_ID', 'this-is-deprecated'), ('ROS_LOCALHOST_ONLY', '0'), ('PATH', '/home/mhpromit7473/.local/bin:/opt/ros/humble/bin:/home/mhpromit7473/.local/bin:/usr/local/sbin:/usr/local/bin:/usr/sbin:/usr/bin:/sbin:/bin:/usr/games:/usr/local/games:/snap/bin:/snap/bin'), ('SESSION_MANAGER', 'local/rosdev:@/tmp/.ICE-unix/1992,unix/rosdev:/tmp/.ICE-unix/1992'), ('INVOCATION_ID', '5a47ddadc4eb4478bbec7f4617295cf8'), ('PAPERSIZE', 'letter'), ('XDG_MENU_PREFIX', 'gnome-'), ('LC_ADDRESS', 'en_US.UTF-8'), ('GNOME_SETUP_DISPLAY', ':1'), ('XDG_RUNTIME_DIR', '/run/user/1000'), ('GDK_BACKEND', 'x11'), ('DISPLAY', ':0'), ('LANG', 'en_US.UTF-8'), ('XDG_CURRENT_DESKTOP', 'Unity'), ('LC_TELEPHONE', 'en_US.UTF-8'), ('XMODIFIERS', '@im=ibus'), ('XDG_SESSION_DESKTOP', 'ubuntu'), ('XAUTHORITY', '/run/user/1000/.mutter-Xwaylandauth.SLM5U2'), ('LS_COLORS', ''), ('VSCODE_GIT_IPC_HANDLE', '/run/user/1000/vscode-git-9b70c361e7.sock'), ('TERM_PROGRAM', 'vscode'), ('SSH_AGENT_LAUNCHER', 'gnome-keyring'), ('SSH_AUTH_SOCK', '/run/user/1000/keyring/ssh'), ('AMENT_PREFIX_PATH', '/home/mhpromit7473/Workspaces/ros2_py_ws/install/udemy_ros2_pkg:/opt/ros/humble'), ('ORIGINAL_XDG_CURRENT_DESKTOP', 'ubuntu:GNOME'), ('SHELL', '/bin/bash'), ('LC_NAME', 'en_US.UTF-8'), ('QT_ACCESSIBILITY', '1'), ('GDMSESSION', 'ubuntu'), ('LESSCLOSE', '/usr/bin/lesspipe %s %s'), ('LC_MEASUREMENT', 'en_US.UTF-8'), ('GJS_DEBUG_OUTPUT', 'stderr'), ('LC_IDENTIFICATION', 'en_US.UTF-8'), ('VSCODE_GIT_ASKPASS_EXTRA_ARGS', ''), ('QT_IM_MODULE', 'ibus'), ('PWD', '/home/mhpromit7473/Workspaces/ros2_py_ws/build/udemy_ros2_pkg'), ('LC_ALL', 'en_US.UTF-8'), ('XDG_CONFIG_DIRS', '/etc/xdg/xdg-ubuntu:/etc/xdg'), ('XDG_DATA_DIRS', '/usr/share/ubuntu:/usr/local/share/:/usr/share/:/var/lib/snapd/desktop'), ('PYTHONPATH', '/home/mhpromit7473/Workspaces/ros2_py_ws/install/udemy_ros2_pkg/local/lib/python3.10/dist-packages:/opt/ros/humble/lib/python3.10/site-packages:/opt/ros/humble/local/lib/python3.10/dist-packages'), ('LC_NUMERIC', 'en_US.UTF-8'), ('LC_PAPER', 'en_US.UTF-8'), ('COLCON', '1'), ('CMAKE_PREFIX_PATH', '/home/mhpromit7473/Workspaces/ros2_py_ws/install/udemy_ros2_pkg:/opt/ros/humble')]), 'shell': False}
[0.618767] (udemy_ros2_pkg) StdoutLine: {'line': b'-- Install configuration: ""\n'}
[0.620452] (udemy_ros2_pkg) StdoutLine: {'line': b'-- Execute custom install script\n'}
[0.620803] (udemy_ros2_pkg) StdoutLine: {'line': b'-- Up-to-date symlink: /home/mhpromit7473/Workspaces/ros2_py_ws/install/udemy_ros2_pkg/share/ament_index/resource_index/rosidl_interfaces/udemy_ros2_pkg\n'}
[0.622081] (udemy_ros2_pkg) StdoutLine: {'line': b'-- Up-to-date symlink: /home/mhpromit7473/Workspaces/ros2_py_ws/install/udemy_ros2_pkg/include/udemy_ros2_pkg/udemy_ros2_pkg/action/detail/navigate__functions.h\n'}
[0.622217] (udemy_ros2_pkg) StdoutLine: {'line': b'-- Up-to-date symlink: /home/mhpromit7473/Workspaces/ros2_py_ws/install/udemy_ros2_pkg/include/udemy_ros2_pkg/udemy_ros2_pkg/action/detail/navigate__struct.h\n'}
[0.622330] (udemy_ros2_pkg) StdoutLine: {'line': b'-- Up-to-date symlink: /home/mhpromit7473/Workspaces/ros2_py_ws/install/udemy_ros2_pkg/include/udemy_ros2_pkg/udemy_ros2_pkg/action/detail/navigate__type_support.h\n'}
[0.622434] (udemy_ros2_pkg) StdoutLine: {'line': b'-- Up-to-date symlink: /home/mhpromit7473/Workspaces/ros2_py_ws/install/udemy_ros2_pkg/include/udemy_ros2_pkg/udemy_ros2_pkg/action/navigate.h\n'}
[0.622544] (udemy_ros2_pkg) StdoutLine: {'line': b'-- Up-to-date symlink: /home/mhpromit7473/Workspaces/ros2_py_ws/install/udemy_ros2_pkg/include/udemy_ros2_pkg/udemy_ros2_pkg/msg/rosidl_generator_c__visibility_control.h\n'}
[0.622979] (udemy_ros2_pkg) StdoutLine: {'line': b'-- Up-to-date symlink: /home/mhpromit7473/Workspaces/ros2_py_ws/install/udemy_ros2_pkg/include/udemy_ros2_pkg/udemy_ros2_pkg/srv/detail/odd_even_check__functions.h\n'}
[0.623104] (udemy_ros2_pkg) StdoutLine: {'line': b'-- Up-to-date symlink: /home/mhpromit7473/Workspaces/ros2_py_ws/install/udemy_ros2_pkg/include/udemy_ros2_pkg/udemy_ros2_pkg/srv/detail/odd_even_check__struct.h\n'}
[0.623239] (udemy_ros2_pkg) StdoutLine: {'line': b'-- Up-to-date symlink: /home/mhpromit7473/Workspaces/ros2_py_ws/install/udemy_ros2_pkg/include/udemy_ros2_pkg/udemy_ros2_pkg/srv/detail/odd_even_check__type_support.h\n'}
[0.623317] (udemy_ros2_pkg) StdoutLine: {'line': b'-- Up-to-date symlink: /home/mhpromit7473/Workspaces/ros2_py_ws/install/udemy_ros2_pkg/include/udemy_ros2_pkg/udemy_ros2_pkg/srv/detail/turn_camera__functions.h\n'}
[0.623397] (udemy_ros2_pkg) StdoutLine: {'line': b'-- Up-to-date symlink: /home/mhpromit7473/Workspaces/ros2_py_ws/install/udemy_ros2_pkg/include/udemy_ros2_pkg/udemy_ros2_pkg/srv/detail/turn_camera__struct.h\n'}
[0.623499] (udemy_ros2_pkg) StdoutLine: {'line': b'-- Up-to-date symlink: /home/mhpromit7473/Workspaces/ros2_py_ws/install/udemy_ros2_pkg/include/udemy_ros2_pkg/udemy_ros2_pkg/srv/detail/turn_camera__type_support.h\n'}
[0.623577] (udemy_ros2_pkg) StdoutLine: {'line': b'-- Up-to-date symlink: /home/mhpromit7473/Workspaces/ros2_py_ws/install/udemy_ros2_pkg/include/udemy_ros2_pkg/udemy_ros2_pkg/srv/odd_even_check.h\n'}
[0.623679] (udemy_ros2_pkg) StdoutLine: {'line': b'-- Up-to-date symlink: /home/mhpromit7473/Workspaces/ros2_py_ws/install/udemy_ros2_pkg/include/udemy_ros2_pkg/udemy_ros2_pkg/srv/turn_camera.h\n'}
[0.623775] (udemy_ros2_pkg) StdoutLine: {'line': b'-- Up-to-date symlink: /home/mhpromit7473/Workspaces/ros2_py_ws/install/udemy_ros2_pkg/share/udemy_ros2_pkg/environment/library_path.sh\n'}
[0.623902] (udemy_ros2_pkg) StdoutLine: {'line': b'-- Up-to-date symlink: /home/mhpromit7473/Workspaces/ros2_py_ws/install/udemy_ros2_pkg/share/udemy_ros2_pkg/environment/library_path.dsv\n'}
[0.624346] (udemy_ros2_pkg) StdoutLine: {'line': b'-- Up-to-date symlink: /home/mhpromit7473/Workspaces/ros2_py_ws/install/udemy_ros2_pkg/include/udemy_ros2_pkg/udemy_ros2_pkg/action/detail/navigate__rosidl_typesupport_fastrtps_c.h\n'}
[0.624436] (udemy_ros2_pkg) StdoutLine: {'line': b'-- Up-to-date symlink: /home/mhpromit7473/Workspaces/ros2_py_ws/install/udemy_ros2_pkg/include/udemy_ros2_pkg/udemy_ros2_pkg/msg/rosidl_typesupport_fastrtps_c__visibility_control.h\n'}
[0.624529] (udemy_ros2_pkg) StdoutLine: {'line': b'-- Up-to-date symlink: /home/mhpromit7473/Workspaces/ros2_py_ws/install/udemy_ros2_pkg/include/udemy_ros2_pkg/udemy_ros2_pkg/srv/detail/odd_even_check__rosidl_typesupport_fastrtps_c.h\n'}
[0.624644] (udemy_ros2_pkg) StdoutLine: {'line': b'-- Up-to-date symlink: /home/mhpromit7473/Workspaces/ros2_py_ws/install/udemy_ros2_pkg/include/udemy_ros2_pkg/udemy_ros2_pkg/srv/detail/turn_camera__rosidl_typesupport_fastrtps_c.h\n'}
[0.625011] (udemy_ros2_pkg) StdoutLine: {'line': b'-- Up-to-date symlink: /home/mhpromit7473/Workspaces/ros2_py_ws/install/udemy_ros2_pkg/include/udemy_ros2_pkg/udemy_ros2_pkg/action/detail/navigate__rosidl_typesupport_introspection_c.h\n'}
[0.625097] (udemy_ros2_pkg) StdoutLine: {'line': b'-- Up-to-date symlink: /home/mhpromit7473/Workspaces/ros2_py_ws/install/udemy_ros2_pkg/include/udemy_ros2_pkg/udemy_ros2_pkg/msg/rosidl_typesupport_introspection_c__visibility_control.h\n'}
[0.625185] (udemy_ros2_pkg) StdoutLine: {'line': b'-- Up-to-date symlink: /home/mhpromit7473/Workspaces/ros2_py_ws/install/udemy_ros2_pkg/include/udemy_ros2_pkg/udemy_ros2_pkg/srv/detail/odd_even_check__rosidl_typesupport_introspection_c.h\n'}
[0.625274] (udemy_ros2_pkg) StdoutLine: {'line': b'-- Up-to-date symlink: /home/mhpromit7473/Workspaces/ros2_py_ws/install/udemy_ros2_pkg/include/udemy_ros2_pkg/udemy_ros2_pkg/srv/detail/turn_camera__rosidl_typesupport_introspection_c.h\n'}
[0.625644] (udemy_ros2_pkg) StdoutLine: {'line': b'-- Up-to-date symlink: /home/mhpromit7473/Workspaces/ros2_py_ws/install/udemy_ros2_pkg/include/udemy_ros2_pkg/udemy_ros2_pkg/action/detail/navigate__builder.hpp\n'}
[0.625757] (udemy_ros2_pkg) StdoutLine: {'line': b'-- Up-to-date symlink: /home/mhpromit7473/Workspaces/ros2_py_ws/install/udemy_ros2_pkg/include/udemy_ros2_pkg/udemy_ros2_pkg/action/detail/navigate__struct.hpp\n'}
[0.625866] (udemy_ros2_pkg) StdoutLine: {'line': b'-- Up-to-date symlink: /home/mhpromit7473/Workspaces/ros2_py_ws/install/udemy_ros2_pkg/include/udemy_ros2_pkg/udemy_ros2_pkg/action/detail/navigate__traits.hpp\n'}
[0.625974] (udemy_ros2_pkg) StdoutLine: {'line': b'-- Up-to-date symlink: /home/mhpromit7473/Workspaces/ros2_py_ws/install/udemy_ros2_pkg/include/udemy_ros2_pkg/udemy_ros2_pkg/action/navigate.hpp\n'}
[0.626067] (udemy_ros2_pkg) StdoutLine: {'line': b'-- Up-to-date symlink: /home/mhpromit7473/Workspaces/ros2_py_ws/install/udemy_ros2_pkg/include/udemy_ros2_pkg/udemy_ros2_pkg/srv/detail/odd_even_check__builder.hpp\n'}
[0.626175] (udemy_ros2_pkg) StdoutLine: {'line': b'-- Up-to-date symlink: /home/mhpromit7473/Workspaces/ros2_py_ws/install/udemy_ros2_pkg/include/udemy_ros2_pkg/udemy_ros2_pkg/srv/detail/odd_even_check__struct.hpp\n'}
[0.626277] (udemy_ros2_pkg) StdoutLine: {'line': b'-- Up-to-date symlink: /home/mhpromit7473/Workspaces/ros2_py_ws/install/udemy_ros2_pkg/include/udemy_ros2_pkg/udemy_ros2_pkg/srv/detail/odd_even_check__traits.hpp\n'}
[0.626374] (udemy_ros2_pkg) StdoutLine: {'line': b'-- Up-to-date symlink: /home/mhpromit7473/Workspaces/ros2_py_ws/install/udemy_ros2_pkg/include/udemy_ros2_pkg/udemy_ros2_pkg/srv/detail/turn_camera__builder.hpp\n'}
[0.626479] (udemy_ros2_pkg) StdoutLine: {'line': b'-- Up-to-date symlink: /home/mhpromit7473/Workspaces/ros2_py_ws/install/udemy_ros2_pkg/include/udemy_ros2_pkg/udemy_ros2_pkg/srv/detail/turn_camera__struct.hpp\n'}
[0.626585] (udemy_ros2_pkg) StdoutLine: {'line': b'-- Up-to-date symlink: /home/mhpromit7473/Workspaces/ros2_py_ws/install/udemy_ros2_pkg/include/udemy_ros2_pkg/udemy_ros2_pkg/srv/detail/turn_camera__traits.hpp\n'}
[0.626702] (udemy_ros2_pkg) StdoutLine: {'line': b'-- Up-to-date symlink: /home/mhpromit7473/Workspaces/ros2_py_ws/install/udemy_ros2_pkg/include/udemy_ros2_pkg/udemy_ros2_pkg/srv/odd_even_check.hpp\n'}
[0.626804] (udemy_ros2_pkg) StdoutLine: {'line': b'-- Up-to-date symlink: /home/mhpromit7473/Workspaces/ros2_py_ws/install/udemy_ros2_pkg/include/udemy_ros2_pkg/udemy_ros2_pkg/srv/turn_camera.hpp\n'}
[0.627330] (udemy_ros2_pkg) StdoutLine: {'line': b'-- Up-to-date symlink: /home/mhpromit7473/Workspaces/ros2_py_ws/install/udemy_ros2_pkg/include/udemy_ros2_pkg/udemy_ros2_pkg/action/detail/navigate__rosidl_typesupport_fastrtps_cpp.hpp\n'}
[0.627455] (udemy_ros2_pkg) StdoutLine: {'line': b'-- Up-to-date symlink: /home/mhpromit7473/Workspaces/ros2_py_ws/install/udemy_ros2_pkg/include/udemy_ros2_pkg/udemy_ros2_pkg/msg/rosidl_typesupport_fastrtps_cpp__visibility_control.h\n'}
[0.627720] (udemy_ros2_pkg) StdoutLine: {'line': b'-- Up-to-date symlink: /home/mhpromit7473/Workspaces/ros2_py_ws/install/udemy_ros2_pkg/include/udemy_ros2_pkg/udemy_ros2_pkg/srv/detail/odd_even_check__rosidl_typesupport_fastrtps_cpp.hpp\n'}
[0.627945] (udemy_ros2_pkg) StdoutLine: {'line': b'-- Up-to-date symlink: /home/mhpromit7473/Workspaces/ros2_py_ws/install/udemy_ros2_pkg/include/udemy_ros2_pkg/udemy_ros2_pkg/srv/detail/turn_camera__rosidl_typesupport_fastrtps_cpp.hpp\n'}
[0.628371] (udemy_ros2_pkg) StdoutLine: {'line': b'-- Up-to-date symlink: /home/mhpromit7473/Workspaces/ros2_py_ws/install/udemy_ros2_pkg/include/udemy_ros2_pkg/udemy_ros2_pkg/action/detail/navigate__rosidl_typesupport_introspection_cpp.hpp\n'}
[0.628566] (udemy_ros2_pkg) StdoutLine: {'line': b'-- Up-to-date symlink: /home/mhpromit7473/Workspaces/ros2_py_ws/install/udemy_ros2_pkg/include/udemy_ros2_pkg/udemy_ros2_pkg/srv/detail/odd_even_check__rosidl_typesupport_introspection_cpp.hpp\n'}
[0.628779] (udemy_ros2_pkg) StdoutLine: {'line': b'-- Up-to-date symlink: /home/mhpromit7473/Workspaces/ros2_py_ws/install/udemy_ros2_pkg/include/udemy_ros2_pkg/udemy_ros2_pkg/srv/detail/turn_camera__rosidl_typesupport_introspection_cpp.hpp\n'}
[0.629057] (udemy_ros2_pkg) StdoutLine: {'line': b'-- Up-to-date symlink: /home/mhpromit7473/Workspaces/ros2_py_ws/install/udemy_ros2_pkg/share/udemy_ros2_pkg/environment/pythonpath.sh\n'}
[0.630197] (udemy_ros2_pkg) StdoutLine: {'line': b'-- Up-to-date symlink: /home/mhpromit7473/Workspaces/ros2_py_ws/install/udemy_ros2_pkg/share/udemy_ros2_pkg/environment/pythonpath.dsv\n'}
[0.630908] (udemy_ros2_pkg) StdoutLine: {'line': b'-- Up-to-date symlink: /home/mhpromit7473/Workspaces/ros2_py_ws/install/udemy_ros2_pkg/local/lib/python3.10/dist-packages/udemy_ros2_pkg-0.0.0-py3.10.egg-info/PKG-INFO\n'}
[0.631107] (udemy_ros2_pkg) StdoutLine: {'line': b'-- Up-to-date symlink: /home/mhpromit7473/Workspaces/ros2_py_ws/install/udemy_ros2_pkg/local/lib/python3.10/dist-packages/udemy_ros2_pkg-0.0.0-py3.10.egg-info/SOURCES.txt\n'}
[0.631181] (udemy_ros2_pkg) StdoutLine: {'line': b'-- Up-to-date symlink: /home/mhpromit7473/Workspaces/ros2_py_ws/install/udemy_ros2_pkg/local/lib/python3.10/dist-packages/udemy_ros2_pkg-0.0.0-py3.10.egg-info/dependency_links.txt\n'}
[0.631236] (udemy_ros2_pkg) StdoutLine: {'line': b'-- Up-to-date symlink: /home/mhpromit7473/Workspaces/ros2_py_ws/install/udemy_ros2_pkg/local/lib/python3.10/dist-packages/udemy_ros2_pkg-0.0.0-py3.10.egg-info/top_level.txt\n'}
[0.632030] (udemy_ros2_pkg) StdoutLine: {'line': b'-- Up-to-date symlink: /home/mhpromit7473/Workspaces/ros2_py_ws/install/udemy_ros2_pkg/local/lib/python3.10/dist-packages/udemy_ros2_pkg/__init__.py\n'}
[0.632395] (udemy_ros2_pkg) StdoutLine: {'line': b'-- Up-to-date symlink: /home/mhpromit7473/Workspaces/ros2_py_ws/install/udemy_ros2_pkg/local/lib/python3.10/dist-packages/udemy_ros2_pkg/_udemy_ros2_pkg_s.ep.rosidl_typesupport_c.c\n'}
[0.632551] (udemy_ros2_pkg) StdoutLine: {'line': b'-- Up-to-date symlink: /home/mhpromit7473/Workspaces/ros2_py_ws/install/udemy_ros2_pkg/local/lib/python3.10/dist-packages/udemy_ros2_pkg/_udemy_ros2_pkg_s.ep.rosidl_typesupport_fastrtps_c.c\n'}
[0.632879] (udemy_ros2_pkg) StdoutLine: {'line': b'-- Up-to-date symlink: /home/mhpromit7473/Workspaces/ros2_py_ws/install/udemy_ros2_pkg/local/lib/python3.10/dist-packages/udemy_ros2_pkg/_udemy_ros2_pkg_s.ep.rosidl_typesupport_introspection_c.c\n'}
[0.633200] (udemy_ros2_pkg) StdoutLine: {'line': b'-- Up-to-date symlink: /home/mhpromit7473/Workspaces/ros2_py_ws/install/udemy_ros2_pkg/local/lib/python3.10/dist-packages/udemy_ros2_pkg/action/__init__.py\n'}
[0.633344] (udemy_ros2_pkg) StdoutLine: {'line': b'-- Up-to-date symlink: /home/mhpromit7473/Workspaces/ros2_py_ws/install/udemy_ros2_pkg/local/lib/python3.10/dist-packages/udemy_ros2_pkg/action/_navigate.py\n'}
[0.633790] (udemy_ros2_pkg) StdoutLine: {'line': b'-- Up-to-date symlink: /home/mhpromit7473/Workspaces/ros2_py_ws/install/udemy_ros2_pkg/local/lib/python3.10/dist-packages/udemy_ros2_pkg/action/_navigate_s.c\n'}
[0.634315] (udemy_ros2_pkg) StdoutLine: {'line': b'-- Up-to-date symlink: /home/mhpromit7473/Workspaces/ros2_py_ws/install/udemy_ros2_pkg/local/lib/python3.10/dist-packages/udemy_ros2_pkg/libudemy_ros2_pkg__rosidl_generator_py.so\n'}
[0.634550] (udemy_ros2_pkg) StdoutLine: {'line': b'-- Up-to-date symlink: /home/mhpromit7473/Workspaces/ros2_py_ws/install/udemy_ros2_pkg/local/lib/python3.10/dist-packages/udemy_ros2_pkg/srv/__init__.py\n'}
[0.634771] (udemy_ros2_pkg) StdoutLine: {'line': b'-- Up-to-date symlink: /home/mhpromit7473/Workspaces/ros2_py_ws/install/udemy_ros2_pkg/local/lib/python3.10/dist-packages/udemy_ros2_pkg/srv/_odd_even_check.py\n'}
[0.634946] (udemy_ros2_pkg) StdoutLine: {'line': b'-- Up-to-date symlink: /home/mhpromit7473/Workspaces/ros2_py_ws/install/udemy_ros2_pkg/local/lib/python3.10/dist-packages/udemy_ros2_pkg/srv/_odd_even_check_s.c\n'}
[0.635095] (udemy_ros2_pkg) StdoutLine: {'line': b'-- Up-to-date symlink: /home/mhpromit7473/Workspaces/ros2_py_ws/install/udemy_ros2_pkg/local/lib/python3.10/dist-packages/udemy_ros2_pkg/srv/_turn_camera.py\n'}
[0.635543] (udemy_ros2_pkg) StdoutLine: {'line': b'-- Up-to-date symlink: /home/mhpromit7473/Workspaces/ros2_py_ws/install/udemy_ros2_pkg/local/lib/python3.10/dist-packages/udemy_ros2_pkg/srv/_turn_camera_s.c\n'}
[0.635683] (udemy_ros2_pkg) StdoutLine: {'line': b'-- Up-to-date symlink: /home/mhpromit7473/Workspaces/ros2_py_ws/install/udemy_ros2_pkg/local/lib/python3.10/dist-packages/udemy_ros2_pkg/udemy_ros2_pkg_s__rosidl_typesupport_c.cpython-310-x86_64-linux-gnu.so\n'}
[0.635794] (udemy_ros2_pkg) StdoutLine: {'line': b'-- Up-to-date symlink: /home/mhpromit7473/Workspaces/ros2_py_ws/install/udemy_ros2_pkg/local/lib/python3.10/dist-packages/udemy_ros2_pkg/udemy_ros2_pkg_s__rosidl_typesupport_fastrtps_c.cpython-310-x86_64-linux-gnu.so\n'}
[0.635960] (udemy_ros2_pkg) StdoutLine: {'line': b'-- Up-to-date symlink: /home/mhpromit7473/Workspaces/ros2_py_ws/install/udemy_ros2_pkg/local/lib/python3.10/dist-packages/udemy_ros2_pkg/udemy_ros2_pkg_s__rosidl_typesupport_introspection_c.cpython-310-x86_64-linux-gnu.so\n'}
[0.636085] (udemy_ros2_pkg) StdoutLine: {'line': b'-- Up-to-date symlink: /home/mhpromit7473/Workspaces/ros2_py_ws/install/udemy_ros2_pkg/local/lib/python3.10/dist-packages/udemy_ros2_pkg/udemy_ros2_pkg_s__rosidl_typesupport_fastrtps_c.cpython-310-x86_64-linux-gnu.so\n'}
[0.636198] (udemy_ros2_pkg) StdoutLine: {'line': b'-- Up-to-date symlink: /home/mhpromit7473/Workspaces/ros2_py_ws/install/udemy_ros2_pkg/local/lib/python3.10/dist-packages/udemy_ros2_pkg/udemy_ros2_pkg_s__rosidl_typesupport_introspection_c.cpython-310-x86_64-linux-gnu.so\n'}
[0.636363] (udemy_ros2_pkg) StdoutLine: {'line': b'-- Up-to-date symlink: /home/mhpromit7473/Workspaces/ros2_py_ws/install/udemy_ros2_pkg/local/lib/python3.10/dist-packages/udemy_ros2_pkg/udemy_ros2_pkg_s__rosidl_typesupport_c.cpython-310-x86_64-linux-gnu.so\n'}
[0.636619] (udemy_ros2_pkg) StdoutLine: {'line': b'-- Up-to-date symlink: /home/mhpromit7473/Workspaces/ros2_py_ws/install/udemy_ros2_pkg/share/udemy_ros2_pkg/srv/OddEvenCheck.idl\n'}
[0.637250] (udemy_ros2_pkg) StdoutLine: {'line': b'-- Up-to-date symlink: /home/mhpromit7473/Workspaces/ros2_py_ws/install/udemy_ros2_pkg/share/udemy_ros2_pkg/srv/TurnCamera.idl\n'}
[0.637476] (udemy_ros2_pkg) StdoutLine: {'line': b'-- Up-to-date symlink: /home/mhpromit7473/Workspaces/ros2_py_ws/install/udemy_ros2_pkg/share/udemy_ros2_pkg/action/Navigate.idl\n'}
[0.637696] (udemy_ros2_pkg) StdoutLine: {'line': b'-- Up-to-date symlink: /home/mhpromit7473/Workspaces/ros2_py_ws/install/udemy_ros2_pkg/share/udemy_ros2_pkg/srv/OddEvenCheck.srv\n'}
[0.637875] (udemy_ros2_pkg) StdoutLine: {'line': b'-- Up-to-date symlink: /home/mhpromit7473/Workspaces/ros2_py_ws/install/udemy_ros2_pkg/share/udemy_ros2_pkg/srv/OddEvenCheck_Request.msg\n'}
[0.637988] (udemy_ros2_pkg) StdoutLine: {'line': b'-- Up-to-date symlink: /home/mhpromit7473/Workspaces/ros2_py_ws/install/udemy_ros2_pkg/share/udemy_ros2_pkg/srv/OddEvenCheck_Response.msg\n'}
[0.638148] (udemy_ros2_pkg) StdoutLine: {'line': b'-- Up-to-date symlink: /home/mhpromit7473/Workspaces/ros2_py_ws/install/udemy_ros2_pkg/share/udemy_ros2_pkg/srv/TurnCamera.srv\n'}
[0.638455] (udemy_ros2_pkg) StdoutLine: {'line': b'-- Up-to-date symlink: /home/mhpromit7473/Workspaces/ros2_py_ws/install/udemy_ros2_pkg/share/udemy_ros2_pkg/srv/TurnCamera_Request.msg\n'}
[0.638672] (udemy_ros2_pkg) StdoutLine: {'line': b'-- Up-to-date symlink: /home/mhpromit7473/Workspaces/ros2_py_ws/install/udemy_ros2_pkg/share/udemy_ros2_pkg/srv/TurnCamera_Response.msg\n'}
[0.638876] (udemy_ros2_pkg) StdoutLine: {'line': b'-- Up-to-date symlink: /home/mhpromit7473/Workspaces/ros2_py_ws/install/udemy_ros2_pkg/share/udemy_ros2_pkg/action/Navigate.action\n'}
[0.639012] (udemy_ros2_pkg) StdoutLine: {'line': b'-- Up-to-date symlink: /home/mhpromit7473/Workspaces/ros2_py_ws/install/udemy_ros2_pkg/local/lib/python3.10/dist-packages/scripts-0.0.0-py3.10.egg-info/PKG-INFO\n'}
[0.639132] (udemy_ros2_pkg) StdoutLine: {'line': b'-- Up-to-date symlink: /home/mhpromit7473/Workspaces/ros2_py_ws/install/udemy_ros2_pkg/local/lib/python3.10/dist-packages/scripts-0.0.0-py3.10.egg-info/SOURCES.txt\n'}
[0.639248] (udemy_ros2_pkg) StdoutLine: {'line': b'-- Up-to-date symlink: /home/mhpromit7473/Workspaces/ros2_py_ws/install/udemy_ros2_pkg/local/lib/python3.10/dist-packages/scripts-0.0.0-py3.10.egg-info/dependency_links.txt\n'}
[0.639511] (udemy_ros2_pkg) StdoutLine: {'line': b'-- Up-to-date symlink: /home/mhpromit7473/Workspaces/ros2_py_ws/install/udemy_ros2_pkg/local/lib/python3.10/dist-packages/scripts-0.0.0-py3.10.egg-info/top_level.txt\n'}
[0.639581] (udemy_ros2_pkg) StdoutLine: {'line': b'-- Up-to-date symlink: /home/mhpromit7473/Workspaces/ros2_py_ws/install/udemy_ros2_pkg/local/lib/python3.10/dist-packages/scripts/__init__.py\n'}
[0.639734] (udemy_ros2_pkg) StdoutLine: {'line': b'-- Up-to-date symlink: /home/mhpromit7473/Workspaces/ros2_py_ws/install/udemy_ros2_pkg/local/lib/python3.10/dist-packages/scripts/action_client.py\n'}
[0.639792] (udemy_ros2_pkg) StdoutLine: {'line': b'-- Up-to-date symlink: /home/mhpromit7473/Workspaces/ros2_py_ws/install/udemy_ros2_pkg/local/lib/python3.10/dist-packages/scripts/action_server.py\n'}
[0.639842] (udemy_ros2_pkg) StdoutLine: {'line': b'-- Up-to-date symlink: /home/mhpromit7473/Workspaces/ros2_py_ws/install/udemy_ros2_pkg/local/lib/python3.10/dist-packages/scripts/publisher.py\n'}
[0.639890] (udemy_ros2_pkg) StdoutLine: {'line': b'-- Up-to-date symlink: /home/mhpromit7473/Workspaces/ros2_py_ws/install/udemy_ros2_pkg/local/lib/python3.10/dist-packages/scripts/rpm_pub.py\n'}
[0.639938] (udemy_ros2_pkg) StdoutLine: {'line': b'-- Up-to-date symlink: /home/mhpromit7473/Workspaces/ros2_py_ws/install/udemy_ros2_pkg/local/lib/python3.10/dist-packages/scripts/service_client.py\n'}
[0.640093] (udemy_ros2_pkg) StdoutLine: {'line': b'-- Up-to-date symlink: /home/mhpromit7473/Workspaces/ros2_py_ws/install/udemy_ros2_pkg/local/lib/python3.10/dist-packages/scripts/service_server.py\n'}
[0.640237] (udemy_ros2_pkg) StdoutLine: {'line': b'-- Up-to-date symlink: /home/mhpromit7473/Workspaces/ros2_py_ws/install/udemy_ros2_pkg/local/lib/python3.10/dist-packages/scripts/speed_calc.py\n'}
[0.640328] (udemy_ros2_pkg) StdoutLine: {'line': b'-- Up-to-date symlink: /home/mhpromit7473/Workspaces/ros2_py_ws/install/udemy_ros2_pkg/local/lib/python3.10/dist-packages/scripts/subscriber.py\n'}
[0.640378] (udemy_ros2_pkg) StdoutLine: {'line': b'-- Up-to-date symlink: /home/mhpromit7473/Workspaces/ros2_py_ws/install/udemy_ros2_pkg/local/lib/python3.10/dist-packages/scripts/turn_camera_client.py\n'}
[0.640427] (udemy_ros2_pkg) StdoutLine: {'line': b'-- Up-to-date symlink: /home/mhpromit7473/Workspaces/ros2_py_ws/install/udemy_ros2_pkg/local/lib/python3.10/dist-packages/scripts/turn_camera_server.py\n'}
[0.640472] (udemy_ros2_pkg) StdoutLine: {'line': b'-- Up-to-date symlink: /home/mhpromit7473/Workspaces/ros2_py_ws/install/udemy_ros2_pkg/lib/udemy_ros2_pkg/publisher.py\n'}
[0.640519] (udemy_ros2_pkg) StdoutLine: {'line': b'-- Up-to-date symlink: /home/mhpromit7473/Workspaces/ros2_py_ws/install/udemy_ros2_pkg/lib/udemy_ros2_pkg/subscriber.py\n'}
[0.640589] (udemy_ros2_pkg) StdoutLine: {'line': b'-- Up-to-date symlink: /home/mhpromit7473/Workspaces/ros2_py_ws/install/udemy_ros2_pkg/lib/udemy_ros2_pkg/rpm_pub.py\n'}
[0.640680] (udemy_ros2_pkg) StdoutLine: {'line': b'-- Up-to-date symlink: /home/mhpromit7473/Workspaces/ros2_py_ws/install/udemy_ros2_pkg/lib/udemy_ros2_pkg/speed_calc.py\n'}
[0.640727] (udemy_ros2_pkg) StdoutLine: {'line': b'-- Up-to-date symlink: /home/mhpromit7473/Workspaces/ros2_py_ws/install/udemy_ros2_pkg/lib/udemy_ros2_pkg/service_server.py\n'}
[0.640773] (udemy_ros2_pkg) StdoutLine: {'line': b'-- Up-to-date symlink: /home/mhpromit7473/Workspaces/ros2_py_ws/install/udemy_ros2_pkg/lib/udemy_ros2_pkg/service_client.py\n'}
[0.640876] (udemy_ros2_pkg) StdoutLine: {'line': b'-- Up-to-date symlink: /home/mhpromit7473/Workspaces/ros2_py_ws/install/udemy_ros2_pkg/lib/udemy_ros2_pkg/turn_camera_server.py\n'}
[0.640989] (udemy_ros2_pkg) StdoutLine: {'line': b'-- Up-to-date symlink: /home/mhpromit7473/Workspaces/ros2_py_ws/install/udemy_ros2_pkg/lib/udemy_ros2_pkg/turn_camera_client.py\n'}
[0.641044] (udemy_ros2_pkg) StdoutLine: {'line': b'-- Up-to-date symlink: /home/mhpromit7473/Workspaces/ros2_py_ws/install/udemy_ros2_pkg/lib/udemy_ros2_pkg/action_server.py\n'}
[0.641293] (udemy_ros2_pkg) StdoutLine: {'line': b'-- Up-to-date symlink: /home/mhpromit7473/Workspaces/ros2_py_ws/install/udemy_ros2_pkg/lib/udemy_ros2_pkg/action_client.py\n'}
[0.641529] (udemy_ros2_pkg) StdoutLine: {'line': b'-- Up-to-date symlink: /home/mhpromit7473/Workspaces/ros2_py_ws/install/udemy_ros2_pkg/share/udemy_ros2_pkg/launch/rpm_node.launch.py\n'}
[0.641763] (udemy_ros2_pkg) StdoutLine: {'line': b'-- Up-to-date symlink: /home/mhpromit7473/Workspaces/ros2_py_ws/install/udemy_ros2_pkg/share/udemy_ros2_pkg/launch/simulation.launch.py\n'}
[0.642007] (udemy_ros2_pkg) StdoutLine: {'line': b'-- Up-to-date symlink: /home/mhpromit7473/Workspaces/ros2_py_ws/install/udemy_ros2_pkg/share/udemy_ros2_pkg/launch/simulation_project.launch.py\n'}
[0.642238] (udemy_ros2_pkg) StdoutLine: {'line': b'-- Up-to-date symlink: /home/mhpromit7473/Workspaces/ros2_py_ws/install/udemy_ros2_pkg/share/udemy_ros2_pkg/launch/speed_project.launch.py\n'}
[0.642329] (udemy_ros2_pkg) StdoutLine: {'line': b'-- Up-to-date symlink: /home/mhpromit7473/Workspaces/ros2_py_ws/install/udemy_ros2_pkg/share/udemy_ros2_pkg/worlds/simulation_project_world.sdf\n'}
[0.642414] (udemy_ros2_pkg) StdoutLine: {'line': b'-- Up-to-date symlink: /home/mhpromit7473/Workspaces/ros2_py_ws/install/udemy_ros2_pkg/share/udemy_ros2_pkg/worlds/test_world.sdf\n'}
[0.642559] (udemy_ros2_pkg) StdoutLine: {'line': b'-- Up-to-date symlink: /home/mhpromit7473/Workspaces/ros2_py_ws/install/udemy_ros2_pkg/share/udemy_ros2_pkg/worlds/wheeled_model_world.sdf\n'}
[0.642708] (udemy_ros2_pkg) StdoutLine: {'line': b'-- Up-to-date symlink: /home/mhpromit7473/Workspaces/ros2_py_ws/install/udemy_ros2_pkg/share/udemy_ros2_pkg/models/ground_plane/model.config\n'}
[0.642807] (udemy_ros2_pkg) StdoutLine: {'line': b'-- Up-to-date symlink: /home/mhpromit7473/Workspaces/ros2_py_ws/install/udemy_ros2_pkg/share/udemy_ros2_pkg/models/ground_plane/my_ground_plane.sdf\n'}
[0.642948] (udemy_ros2_pkg) StdoutLine: {'line': b'-- Up-to-date symlink: /home/mhpromit7473/Workspaces/ros2_py_ws/install/udemy_ros2_pkg/share/udemy_ros2_pkg/models/project_robot_model/model.config\n'}
[0.643040] (udemy_ros2_pkg) StdoutLine: {'line': b'-- Up-to-date symlink: /home/mhpromit7473/Workspaces/ros2_py_ws/install/udemy_ros2_pkg/share/udemy_ros2_pkg/models/project_robot_model/model.sdf\n'}
[0.643205] (udemy_ros2_pkg) StdoutLine: {'line': b'-- Up-to-date symlink: /home/mhpromit7473/Workspaces/ros2_py_ws/install/udemy_ros2_pkg/share/udemy_ros2_pkg/models/wheeled_model/model.config\n'}
[0.643383] (udemy_ros2_pkg) StdoutLine: {'line': b'-- Up-to-date symlink: /home/mhpromit7473/Workspaces/ros2_py_ws/install/udemy_ros2_pkg/share/udemy_ros2_pkg/models/wheeled_model/model.sdf\n'}
[0.643921] (udemy_ros2_pkg) StdoutLine: {'line': b'-- Up-to-date symlink: /home/mhpromit7473/Workspaces/ros2_py_ws/install/udemy_ros2_pkg/share/ament_index/resource_index/package_run_dependencies/udemy_ros2_pkg\n'}
[0.644290] (udemy_ros2_pkg) StdoutLine: {'line': b'-- Up-to-date symlink: /home/mhpromit7473/Workspaces/ros2_py_ws/install/udemy_ros2_pkg/share/ament_index/resource_index/parent_prefix_path/udemy_ros2_pkg\n'}
[0.644462] (udemy_ros2_pkg) StdoutLine: {'line': b'-- Up-to-date symlink: /home/mhpromit7473/Workspaces/ros2_py_ws/install/udemy_ros2_pkg/share/udemy_ros2_pkg/environment/ament_prefix_path.sh\n'}
[0.644644] (udemy_ros2_pkg) StdoutLine: {'line': b'-- Up-to-date symlink: /home/mhpromit7473/Workspaces/ros2_py_ws/install/udemy_ros2_pkg/share/udemy_ros2_pkg/environment/ament_prefix_path.dsv\n'}
[0.644914] (udemy_ros2_pkg) StdoutLine: {'line': b'-- Up-to-date symlink: /home/mhpromit7473/Workspaces/ros2_py_ws/install/udemy_ros2_pkg/share/udemy_ros2_pkg/environment/path.sh\n'}
[0.645039] (udemy_ros2_pkg) StdoutLine: {'line': b'-- Up-to-date symlink: /home/mhpromit7473/Workspaces/ros2_py_ws/install/udemy_ros2_pkg/share/udemy_ros2_pkg/environment/path.dsv\n'}
[0.645155] (udemy_ros2_pkg) StdoutLine: {'line': b'-- Up-to-date symlink: /home/mhpromit7473/Workspaces/ros2_py_ws/install/udemy_ros2_pkg/share/udemy_ros2_pkg/local_setup.bash\n'}
[0.645279] (udemy_ros2_pkg) StdoutLine: {'line': b'-- Up-to-date symlink: /home/mhpromit7473/Workspaces/ros2_py_ws/install/udemy_ros2_pkg/share/udemy_ros2_pkg/local_setup.sh\n'}
[0.645415] (udemy_ros2_pkg) StdoutLine: {'line': b'-- Up-to-date symlink: /home/mhpromit7473/Workspaces/ros2_py_ws/install/udemy_ros2_pkg/share/udemy_ros2_pkg/local_setup.zsh\n'}
[0.645565] (udemy_ros2_pkg) StdoutLine: {'line': b'-- Up-to-date symlink: /home/mhpromit7473/Workspaces/ros2_py_ws/install/udemy_ros2_pkg/share/udemy_ros2_pkg/local_setup.dsv\n'}
[0.645818] (udemy_ros2_pkg) StdoutLine: {'line': b'-- Symlinking: /home/mhpromit7473/Workspaces/ros2_py_ws/install/udemy_ros2_pkg/share/udemy_ros2_pkg/package.dsv\n'}
[0.654037] (udemy_ros2_pkg) StdoutLine: {'line': b'-- Up-to-date symlink: /home/mhpromit7473/Workspaces/ros2_py_ws/install/udemy_ros2_pkg/share/ament_index/resource_index/packages/udemy_ros2_pkg\n'}
[0.654429] (udemy_ros2_pkg) StdoutLine: {'line': b'-- Up-to-date symlink: /home/mhpromit7473/Workspaces/ros2_py_ws/install/udemy_ros2_pkg/share/udemy_ros2_pkg/cmake/rosidl_cmake-extras.cmake\n'}
[0.654539] (udemy_ros2_pkg) StdoutLine: {'line': b'-- Up-to-date symlink: /home/mhpromit7473/Workspaces/ros2_py_ws/install/udemy_ros2_pkg/share/udemy_ros2_pkg/cmake/ament_cmake_export_dependencies-extras.cmake\n'}
[0.654653] (udemy_ros2_pkg) StdoutLine: {'line': b'-- Up-to-date symlink: /home/mhpromit7473/Workspaces/ros2_py_ws/install/udemy_ros2_pkg/share/udemy_ros2_pkg/cmake/ament_cmake_export_include_directories-extras.cmake\n'}
[0.654754] (udemy_ros2_pkg) StdoutLine: {'line': b'-- Up-to-date symlink: /home/mhpromit7473/Workspaces/ros2_py_ws/install/udemy_ros2_pkg/share/udemy_ros2_pkg/cmake/ament_cmake_export_libraries-extras.cmake\n'}
[0.654824] (udemy_ros2_pkg) StdoutLine: {'line': b'-- Up-to-date symlink: /home/mhpromit7473/Workspaces/ros2_py_ws/install/udemy_ros2_pkg/share/udemy_ros2_pkg/cmake/ament_cmake_export_targets-extras.cmake\n'}
[0.654888] (udemy_ros2_pkg) StdoutLine: {'line': b'-- Up-to-date symlink: /home/mhpromit7473/Workspaces/ros2_py_ws/install/udemy_ros2_pkg/share/udemy_ros2_pkg/cmake/rosidl_cmake_export_typesupport_targets-extras.cmake\n'}
[0.654972] (udemy_ros2_pkg) StdoutLine: {'line': b'-- Up-to-date symlink: /home/mhpromit7473/Workspaces/ros2_py_ws/install/udemy_ros2_pkg/share/udemy_ros2_pkg/cmake/rosidl_cmake_export_typesupport_libraries-extras.cmake\n'}
[0.655056] (udemy_ros2_pkg) StdoutLine: {'line': b'-- Up-to-date symlink: /home/mhpromit7473/Workspaces/ros2_py_ws/install/udemy_ros2_pkg/share/udemy_ros2_pkg/cmake/udemy_ros2_pkgConfig.cmake\n'}
[0.655144] (udemy_ros2_pkg) StdoutLine: {'line': b'-- Up-to-date symlink: /home/mhpromit7473/Workspaces/ros2_py_ws/install/udemy_ros2_pkg/share/udemy_ros2_pkg/cmake/udemy_ros2_pkgConfig-version.cmake\n'}
[0.655272] (udemy_ros2_pkg) StdoutLine: {'line': b'-- Up-to-date symlink: /home/mhpromit7473/Workspaces/ros2_py_ws/install/udemy_ros2_pkg/share/udemy_ros2_pkg/package.xml\n'}
[0.655507] (udemy_ros2_pkg) StdoutLine: {'line': b'-- Up-to-date: /home/mhpromit7473/Workspaces/ros2_py_ws/install/udemy_ros2_pkg/lib/libudemy_ros2_pkg__rosidl_generator_c.so\n'}
[0.655793] (udemy_ros2_pkg) StdoutLine: {'line': b'-- Up-to-date: /home/mhpromit7473/Workspaces/ros2_py_ws/install/udemy_ros2_pkg/lib/libudemy_ros2_pkg__rosidl_typesupport_fastrtps_c.so\n'}
[0.656074] (udemy_ros2_pkg) StdoutLine: {'line': b'-- Up-to-date: /home/mhpromit7473/Workspaces/ros2_py_ws/install/udemy_ros2_pkg/lib/libudemy_ros2_pkg__rosidl_typesupport_introspection_c.so\n'}
[0.656339] (udemy_ros2_pkg) StdoutLine: {'line': b'-- Up-to-date: /home/mhpromit7473/Workspaces/ros2_py_ws/install/udemy_ros2_pkg/lib/libudemy_ros2_pkg__rosidl_typesupport_c.so\n'}
[0.656623] (udemy_ros2_pkg) StdoutLine: {'line': b'-- Up-to-date: /home/mhpromit7473/Workspaces/ros2_py_ws/install/udemy_ros2_pkg/lib/libudemy_ros2_pkg__rosidl_typesupport_fastrtps_cpp.so\n'}
[0.656995] (udemy_ros2_pkg) StdoutLine: {'line': b'-- Up-to-date: /home/mhpromit7473/Workspaces/ros2_py_ws/install/udemy_ros2_pkg/lib/libudemy_ros2_pkg__rosidl_typesupport_introspection_cpp.so\n'}
[0.657333] (udemy_ros2_pkg) StdoutLine: {'line': b'-- Up-to-date: /home/mhpromit7473/Workspaces/ros2_py_ws/install/udemy_ros2_pkg/lib/libudemy_ros2_pkg__rosidl_typesupport_cpp.so\n'}
[0.692315] (udemy_ros2_pkg) StdoutLine: {'line': b"Listing '/home/mhpromit7473/Workspaces/ros2_py_ws/install/udemy_ros2_pkg/local/lib/python3.10/dist-packages/udemy_ros2_pkg'...\n"}
[0.692502] (udemy_ros2_pkg) StdoutLine: {'line': b"Listing '/home/mhpromit7473/Workspaces/ros2_py_ws/install/udemy_ros2_pkg/local/lib/python3.10/dist-packages/udemy_ros2_pkg/action'...\n"}
[0.692580] (udemy_ros2_pkg) StdoutLine: {'line': b"Listing '/home/mhpromit7473/Workspaces/ros2_py_ws/install/udemy_ros2_pkg/local/lib/python3.10/dist-packages/udemy_ros2_pkg/srv'...\n"}
[0.696766] (udemy_ros2_pkg) StdoutLine: {'line': b'-- Up-to-date: /home/mhpromit7473/Workspaces/ros2_py_ws/install/udemy_ros2_pkg/lib/libudemy_ros2_pkg__rosidl_generator_py.so\n'}
[0.700620] (-) TimerEvent: {}
[0.726717] (udemy_ros2_pkg) StdoutLine: {'line': b"Listing '/home/mhpromit7473/Workspaces/ros2_py_ws/install/udemy_ros2_pkg/local/lib/python3.10/dist-packages/scripts'...\n"}
[0.731305] (udemy_ros2_pkg) StdoutLine: {'line': b'-- Up-to-date: /home/mhpromit7473/Workspaces/ros2_py_ws/install/udemy_ros2_pkg/share/udemy_ros2_pkg/cmake/export_udemy_ros2_pkg__rosidl_generator_cExport.cmake\n'}
[0.731517] (udemy_ros2_pkg) StdoutLine: {'line': b'-- Up-to-date: /home/mhpromit7473/Workspaces/ros2_py_ws/install/udemy_ros2_pkg/share/udemy_ros2_pkg/cmake/export_udemy_ros2_pkg__rosidl_generator_cExport-noconfig.cmake\n'}
[0.731613] (udemy_ros2_pkg) StdoutLine: {'line': b'-- Up-to-date: /home/mhpromit7473/Workspaces/ros2_py_ws/install/udemy_ros2_pkg/share/udemy_ros2_pkg/cmake/export_udemy_ros2_pkg__rosidl_typesupport_fastrtps_cExport.cmake\n'}
[0.731764] (udemy_ros2_pkg) StdoutLine: {'line': b'-- Up-to-date: /home/mhpromit7473/Workspaces/ros2_py_ws/install/udemy_ros2_pkg/share/udemy_ros2_pkg/cmake/export_udemy_ros2_pkg__rosidl_typesupport_fastrtps_cExport-noconfig.cmake\n'}
[0.731853] (udemy_ros2_pkg) StdoutLine: {'line': b'-- Up-to-date: /home/mhpromit7473/Workspaces/ros2_py_ws/install/udemy_ros2_pkg/share/udemy_ros2_pkg/cmake/udemy_ros2_pkg__rosidl_typesupport_introspection_cExport.cmake\n'}
[0.731938] (udemy_ros2_pkg) StdoutLine: {'line': b'-- Up-to-date: /home/mhpromit7473/Workspaces/ros2_py_ws/install/udemy_ros2_pkg/share/udemy_ros2_pkg/cmake/udemy_ros2_pkg__rosidl_typesupport_introspection_cExport-noconfig.cmake\n'}
[0.732014] (udemy_ros2_pkg) StdoutLine: {'line': b'-- Up-to-date: /home/mhpromit7473/Workspaces/ros2_py_ws/install/udemy_ros2_pkg/share/udemy_ros2_pkg/cmake/udemy_ros2_pkg__rosidl_typesupport_cExport.cmake\n'}
[0.732087] (udemy_ros2_pkg) StdoutLine: {'line': b'-- Up-to-date: /home/mhpromit7473/Workspaces/ros2_py_ws/install/udemy_ros2_pkg/share/udemy_ros2_pkg/cmake/udemy_ros2_pkg__rosidl_typesupport_cExport-noconfig.cmake\n'}
[0.732206] (udemy_ros2_pkg) StdoutLine: {'line': b'-- Up-to-date: /home/mhpromit7473/Workspaces/ros2_py_ws/install/udemy_ros2_pkg/share/udemy_ros2_pkg/cmake/export_udemy_ros2_pkg__rosidl_generator_cppExport.cmake\n'}
[0.732281] (udemy_ros2_pkg) StdoutLine: {'line': b'-- Up-to-date: /home/mhpromit7473/Workspaces/ros2_py_ws/install/udemy_ros2_pkg/share/udemy_ros2_pkg/cmake/export_udemy_ros2_pkg__rosidl_typesupport_fastrtps_cppExport.cmake\n'}
[0.732416] (udemy_ros2_pkg) StdoutLine: {'line': b'-- Up-to-date: /home/mhpromit7473/Workspaces/ros2_py_ws/install/udemy_ros2_pkg/share/udemy_ros2_pkg/cmake/export_udemy_ros2_pkg__rosidl_typesupport_fastrtps_cppExport-noconfig.cmake\n'}
[0.732488] (udemy_ros2_pkg) StdoutLine: {'line': b'-- Up-to-date: /home/mhpromit7473/Workspaces/ros2_py_ws/install/udemy_ros2_pkg/share/udemy_ros2_pkg/cmake/udemy_ros2_pkg__rosidl_typesupport_introspection_cppExport.cmake\n'}
[0.732558] (udemy_ros2_pkg) StdoutLine: {'line': b'-- Up-to-date: /home/mhpromit7473/Workspaces/ros2_py_ws/install/udemy_ros2_pkg/share/udemy_ros2_pkg/cmake/udemy_ros2_pkg__rosidl_typesupport_introspection_cppExport-noconfig.cmake\n'}
[0.732641] (udemy_ros2_pkg) StdoutLine: {'line': b'-- Up-to-date: /home/mhpromit7473/Workspaces/ros2_py_ws/install/udemy_ros2_pkg/share/udemy_ros2_pkg/cmake/udemy_ros2_pkg__rosidl_typesupport_cppExport.cmake\n'}
[0.732714] (udemy_ros2_pkg) StdoutLine: {'line': b'-- Up-to-date: /home/mhpromit7473/Workspaces/ros2_py_ws/install/udemy_ros2_pkg/share/udemy_ros2_pkg/cmake/udemy_ros2_pkg__rosidl_typesupport_cppExport-noconfig.cmake\n'}
[0.732782] (udemy_ros2_pkg) StdoutLine: {'line': b'-- Up-to-date: /home/mhpromit7473/Workspaces/ros2_py_ws/install/udemy_ros2_pkg/share/udemy_ros2_pkg/cmake/export_udemy_ros2_pkg__rosidl_generator_pyExport.cmake\n'}
[0.732850] (udemy_ros2_pkg) StdoutLine: {'line': b'-- Up-to-date: /home/mhpromit7473/Workspaces/ros2_py_ws/install/udemy_ros2_pkg/share/udemy_ros2_pkg/cmake/export_udemy_ros2_pkg__rosidl_generator_pyExport-noconfig.cmake\n'}
[0.735101] (udemy_ros2_pkg) CommandEnded: {'returncode': 0}
[0.800768] (-) TimerEvent: {}
[0.891887] (udemy_ros2_pkg) JobEnded: {'identifier': 'udemy_ros2_pkg', 'rc': 0}
[0.895532] (-) EventReactorShutdown: {}
