[0.009s] Invoking command in '/home/mhpromit7473/Workspaces/ros2_py_ws/build/udemy_ros2_pkg': CMAKE_PREFIX_PATH=${CMAKE_PREFIX_PATH}:/opt/ros/humble /usr/bin/cmake --build /home/mhpromit7473/Workspaces/ros2_py_ws/build/udemy_ros2_pkg -- -j12 -l12
[0.030s] -- Found ament_cmake: 1.3.10 (/opt/ros/humble/share/ament_cmake/cmake)
[0.110s] -- Override CMake install command with custom implementation using symlinks instead of copying resources
[0.114s] -- Found rclpy: 3.3.14 (/opt/ros/humble/share/rclpy/cmake)
[0.114s] -- Found rosidl_default_generators: 1.2.0 (/opt/ros/humble/share/rosidl_default_generators/cmake)
[0.115s] -- Using all available rosidl_typesupport_c: rosidl_typesupport_fastrtps_c;rosidl_typesupport_introspection_c
[0.117s] -- Found rosidl_adapter: 3.1.5 (/opt/ros/humble/share/rosidl_adapter/cmake)
[0.134s] -- Using all available rosidl_typesupport_cpp: rosidl_typesupport_fastrtps_cpp;rosidl_typesupport_introspection_cpp
[0.154s] -- Found cv_bridge: 3.2.1 (/opt/ros/humble/share/cv_bridge/cmake)
[0.189s] -- Found ros_ign_gazebo: 0.244.15 (/opt/ros/humble/share/ros_ign_gazebo/cmake)
[0.207s] -- Found rmw_implementation_cmake: 6.1.2 (/opt/ros/humble/share/rmw_implementation_cmake/cmake)
[0.208s] -- Found rmw_fastrtps_cpp: 6.2.7 (/opt/ros/humble/share/rmw_fastrtps_cpp/cmake)
[0.310s] -- Using RMW implementation 'rmw_fastrtps_cpp' as default
[0.366s] -- Found Protobuf: /usr/lib/x86_64-linux-gnu/libprotobuf.so (found suitable version "3.12.4", minimum required is "3") 
[0.426s] -- Found Protobuf: /usr/lib/x86_64-linux-gnu/libprotobuf.so (found version "3.12.4") 
[0.823s] -- Found ament_cmake_ros: 0.10.0 (/opt/ros/humble/share/ament_cmake_ros/cmake)
[1.063s] -- Using all available rosidl_typesupport_c: rosidl_typesupport_fastrtps_c;rosidl_typesupport_introspection_c
[1.331s] -- Using all available rosidl_typesupport_cpp: rosidl_typesupport_fastrtps_cpp;rosidl_typesupport_introspection_cpp
[1.345s] -- Found python_cmake_module: 0.10.0 (/opt/ros/humble/share/python_cmake_module/cmake)
[1.364s] -- Using PYTHON_EXECUTABLE: /usr/bin/python3
[1.364s] -- Using PYTHON_INCLUDE_DIRS: /usr/include/python3.10
[1.365s] -- Using PYTHON_LIBRARIES: /usr/lib/x86_64-linux-gnu/libpython3.10.so
[1.398s] -- Found ament_lint_auto: 0.12.11 (/opt/ros/humble/share/ament_lint_auto/cmake)
[1.405s] -- Added test 'flake8' to check Python code syntax and style conventions
[1.405s] -- Added test 'lint_cmake' to check CMake code style
[1.405s] -- Added test 'pep257' to check Python code against some of the docstring style conventions in PEP 257
[1.407s] -- Added test 'xmllint' to check XML markup files
[1.408s] -- Configuring done
[1.434s] -- Generating done
[1.437s] -- Build files have been written to: /home/mhpromit7473/Workspaces/ros2_py_ws/build/udemy_ros2_pkg
[1.465s] [35m[1mConsolidate compiler generated dependencies of target udemy_ros2_pkg__rosidl_generator_c[0m
[1.475s] [  2%] Built target udemy_ros2_pkg__cpp
[1.476s] [  2%] Built target ament_cmake_python_symlink_scripts
[1.478s] [ 12%] Built target udemy_ros2_pkg__rosidl_generator_c
[1.479s] [ 12%] Built target ament_cmake_python_symlink_udemy_ros2_pkg
[1.485s] [35m[1mConsolidate compiler generated dependencies of target udemy_ros2_pkg__rosidl_typesupport_fastrtps_cpp[0m
[1.486s] [35m[1mConsolidate compiler generated dependencies of target udemy_ros2_pkg__rosidl_typesupport_c[0m
[1.488s] [35m[1mConsolidate compiler generated dependencies of target udemy_ros2_pkg__rosidl_typesupport_cpp[0m
[1.488s] [35m[1mConsolidate compiler generated dependencies of target udemy_ros2_pkg__rosidl_typesupport_introspection_cpp[0m
[1.492s] [35m[1mConsolidate compiler generated dependencies of target udemy_ros2_pkg__rosidl_typesupport_introspection_c[0m
[1.492s] [35m[1mConsolidate compiler generated dependencies of target udemy_ros2_pkg__rosidl_typesupport_fastrtps_c[0m
[1.498s] [ 23%] Built target udemy_ros2_pkg__rosidl_typesupport_c
[1.499s] [ 34%] Built target udemy_ros2_pkg__rosidl_typesupport_fastrtps_cpp
[1.501s] [ 44%] Built target udemy_ros2_pkg__rosidl_typesupport_cpp
[1.504s] [ 55%] Built target udemy_ros2_pkg__rosidl_typesupport_introspection_c
[1.504s] [ 65%] Built target udemy_ros2_pkg__rosidl_typesupport_introspection_cpp
[1.509s] [ 76%] Built target udemy_ros2_pkg__rosidl_typesupport_fastrtps_c
[1.528s] [ 76%] Built target udemy_ros2_pkg
[1.548s] [ 78%] Built target udemy_ros2_pkg__py
[1.559s] [35m[1mConsolidate compiler generated dependencies of target udemy_ros2_pkg__rosidl_generator_py[0m
[1.573s] [ 87%] Built target udemy_ros2_pkg__rosidl_generator_py
[1.583s] [35m[1mConsolidate compiler generated dependencies of target udemy_ros2_pkg__rosidl_typesupport_c__pyext[0m
[1.584s] [35m[1mConsolidate compiler generated dependencies of target udemy_ros2_pkg__rosidl_typesupport_fastrtps_c__pyext[0m
[1.584s] [35m[1mConsolidate compiler generated dependencies of target udemy_ros2_pkg__rosidl_typesupport_introspection_c__pyext[0m
[1.597s] [100%] Built target udemy_ros2_pkg__rosidl_typesupport_c__pyext
[1.597s] [100%] Built target udemy_ros2_pkg__rosidl_typesupport_fastrtps_c__pyext
[1.597s] [100%] Built target udemy_ros2_pkg__rosidl_typesupport_introspection_c__pyext
[1.647s] running egg_info
[1.648s] writing scripts.egg-info/PKG-INFO
[1.648s] writing dependency_links to scripts.egg-info/dependency_links.txt
[1.648s] writing top-level names to scripts.egg-info/top_level.txt
[1.649s] reading manifest file 'scripts.egg-info/SOURCES.txt'
[1.650s] writing manifest file 'scripts.egg-info/SOURCES.txt'
[1.657s] running egg_info
[1.658s] writing udemy_ros2_pkg.egg-info/PKG-INFO
[1.658s] writing dependency_links to udemy_ros2_pkg.egg-info/dependency_links.txt
[1.658s] writing top-level names to udemy_ros2_pkg.egg-info/top_level.txt
[1.660s] reading manifest file 'udemy_ros2_pkg.egg-info/SOURCES.txt'
[1.660s] writing manifest file 'udemy_ros2_pkg.egg-info/SOURCES.txt'
[1.670s] [100%] Built target ament_cmake_python_build_scripts_egg
[1.680s] [100%] Built target ament_cmake_python_build_udemy_ros2_pkg_egg
[1.687s] Invoked command in '/home/mhpromit7473/Workspaces/ros2_py_ws/build/udemy_ros2_pkg' returned '0': CMAKE_PREFIX_PATH=${CMAKE_PREFIX_PATH}:/opt/ros/humble /usr/bin/cmake --build /home/mhpromit7473/Workspaces/ros2_py_ws/build/udemy_ros2_pkg -- -j12 -l12
[1.774s] Invoking command in '/home/mhpromit7473/Workspaces/ros2_py_ws/build/udemy_ros2_pkg': CMAKE_PREFIX_PATH=${CMAKE_PREFIX_PATH}:/opt/ros/humble /usr/bin/cmake --install /home/mhpromit7473/Workspaces/ros2_py_ws/build/udemy_ros2_pkg
[1.778s] -- Install configuration: ""
[1.779s] -- Execute custom install script
[1.779s] -- Up-to-date symlink: /home/mhpromit7473/Workspaces/ros2_py_ws/install/udemy_ros2_pkg/share/ament_index/resource_index/rosidl_interfaces/udemy_ros2_pkg
[1.779s] -- Up-to-date symlink: /home/mhpromit7473/Workspaces/ros2_py_ws/install/udemy_ros2_pkg/include/udemy_ros2_pkg/udemy_ros2_pkg/action/detail/navigate__functions.h
[1.779s] -- Up-to-date symlink: /home/mhpromit7473/Workspaces/ros2_py_ws/install/udemy_ros2_pkg/include/udemy_ros2_pkg/udemy_ros2_pkg/action/detail/navigate__struct.h
[1.779s] -- Up-to-date symlink: /home/mhpromit7473/Workspaces/ros2_py_ws/install/udemy_ros2_pkg/include/udemy_ros2_pkg/udemy_ros2_pkg/action/detail/navigate__type_support.h
[1.779s] -- Up-to-date symlink: /home/mhpromit7473/Workspaces/ros2_py_ws/install/udemy_ros2_pkg/include/udemy_ros2_pkg/udemy_ros2_pkg/action/navigate.h
[1.780s] -- Up-to-date symlink: /home/mhpromit7473/Workspaces/ros2_py_ws/install/udemy_ros2_pkg/include/udemy_ros2_pkg/udemy_ros2_pkg/msg/rosidl_generator_c__visibility_control.h
[1.780s] -- Up-to-date symlink: /home/mhpromit7473/Workspaces/ros2_py_ws/install/udemy_ros2_pkg/include/udemy_ros2_pkg/udemy_ros2_pkg/srv/detail/odd_even_check__functions.h
[1.780s] -- Up-to-date symlink: /home/mhpromit7473/Workspaces/ros2_py_ws/install/udemy_ros2_pkg/include/udemy_ros2_pkg/udemy_ros2_pkg/srv/detail/odd_even_check__struct.h
[1.780s] -- Up-to-date symlink: /home/mhpromit7473/Workspaces/ros2_py_ws/install/udemy_ros2_pkg/include/udemy_ros2_pkg/udemy_ros2_pkg/srv/detail/odd_even_check__type_support.h
[1.780s] -- Up-to-date symlink: /home/mhpromit7473/Workspaces/ros2_py_ws/install/udemy_ros2_pkg/include/udemy_ros2_pkg/udemy_ros2_pkg/srv/detail/turn_camera__functions.h
[1.780s] -- Up-to-date symlink: /home/mhpromit7473/Workspaces/ros2_py_ws/install/udemy_ros2_pkg/include/udemy_ros2_pkg/udemy_ros2_pkg/srv/detail/turn_camera__struct.h
[1.780s] -- Up-to-date symlink: /home/mhpromit7473/Workspaces/ros2_py_ws/install/udemy_ros2_pkg/include/udemy_ros2_pkg/udemy_ros2_pkg/srv/detail/turn_camera__type_support.h
[1.780s] -- Up-to-date symlink: /home/mhpromit7473/Workspaces/ros2_py_ws/install/udemy_ros2_pkg/include/udemy_ros2_pkg/udemy_ros2_pkg/srv/odd_even_check.h
[1.780s] -- Up-to-date symlink: /home/mhpromit7473/Workspaces/ros2_py_ws/install/udemy_ros2_pkg/include/udemy_ros2_pkg/udemy_ros2_pkg/srv/turn_camera.h
[1.780s] -- Up-to-date symlink: /home/mhpromit7473/Workspaces/ros2_py_ws/install/udemy_ros2_pkg/share/udemy_ros2_pkg/environment/library_path.sh
[1.780s] -- Up-to-date symlink: /home/mhpromit7473/Workspaces/ros2_py_ws/install/udemy_ros2_pkg/share/udemy_ros2_pkg/environment/library_path.dsv
[1.780s] -- Up-to-date symlink: /home/mhpromit7473/Workspaces/ros2_py_ws/install/udemy_ros2_pkg/include/udemy_ros2_pkg/udemy_ros2_pkg/action/detail/navigate__rosidl_typesupport_fastrtps_c.h
[1.780s] -- Up-to-date symlink: /home/mhpromit7473/Workspaces/ros2_py_ws/install/udemy_ros2_pkg/include/udemy_ros2_pkg/udemy_ros2_pkg/msg/rosidl_typesupport_fastrtps_c__visibility_control.h
[1.781s] -- Up-to-date symlink: /home/mhpromit7473/Workspaces/ros2_py_ws/install/udemy_ros2_pkg/include/udemy_ros2_pkg/udemy_ros2_pkg/srv/detail/odd_even_check__rosidl_typesupport_fastrtps_c.h
[1.781s] -- Up-to-date symlink: /home/mhpromit7473/Workspaces/ros2_py_ws/install/udemy_ros2_pkg/include/udemy_ros2_pkg/udemy_ros2_pkg/srv/detail/turn_camera__rosidl_typesupport_fastrtps_c.h
[1.781s] -- Up-to-date symlink: /home/mhpromit7473/Workspaces/ros2_py_ws/install/udemy_ros2_pkg/include/udemy_ros2_pkg/udemy_ros2_pkg/action/detail/navigate__rosidl_typesupport_introspection_c.h
[1.781s] -- Up-to-date symlink: /home/mhpromit7473/Workspaces/ros2_py_ws/install/udemy_ros2_pkg/include/udemy_ros2_pkg/udemy_ros2_pkg/msg/rosidl_typesupport_introspection_c__visibility_control.h
[1.781s] -- Up-to-date symlink: /home/mhpromit7473/Workspaces/ros2_py_ws/install/udemy_ros2_pkg/include/udemy_ros2_pkg/udemy_ros2_pkg/srv/detail/odd_even_check__rosidl_typesupport_introspection_c.h
[1.781s] -- Up-to-date symlink: /home/mhpromit7473/Workspaces/ros2_py_ws/install/udemy_ros2_pkg/include/udemy_ros2_pkg/udemy_ros2_pkg/srv/detail/turn_camera__rosidl_typesupport_introspection_c.h
[1.781s] -- Up-to-date symlink: /home/mhpromit7473/Workspaces/ros2_py_ws/install/udemy_ros2_pkg/include/udemy_ros2_pkg/udemy_ros2_pkg/action/detail/navigate__builder.hpp
[1.781s] -- Up-to-date symlink: /home/mhpromit7473/Workspaces/ros2_py_ws/install/udemy_ros2_pkg/include/udemy_ros2_pkg/udemy_ros2_pkg/action/detail/navigate__struct.hpp
[1.781s] -- Up-to-date symlink: /home/mhpromit7473/Workspaces/ros2_py_ws/install/udemy_ros2_pkg/include/udemy_ros2_pkg/udemy_ros2_pkg/action/detail/navigate__traits.hpp
[1.781s] -- Up-to-date symlink: /home/mhpromit7473/Workspaces/ros2_py_ws/install/udemy_ros2_pkg/include/udemy_ros2_pkg/udemy_ros2_pkg/action/navigate.hpp
[1.781s] -- Up-to-date symlink: /home/mhpromit7473/Workspaces/ros2_py_ws/install/udemy_ros2_pkg/include/udemy_ros2_pkg/udemy_ros2_pkg/srv/detail/odd_even_check__builder.hpp
[1.781s] -- Up-to-date symlink: /home/mhpromit7473/Workspaces/ros2_py_ws/install/udemy_ros2_pkg/include/udemy_ros2_pkg/udemy_ros2_pkg/srv/detail/odd_even_check__struct.hpp
[1.781s] -- Up-to-date symlink: /home/mhpromit7473/Workspaces/ros2_py_ws/install/udemy_ros2_pkg/include/udemy_ros2_pkg/udemy_ros2_pkg/srv/detail/odd_even_check__traits.hpp
[1.781s] -- Up-to-date symlink: /home/mhpromit7473/Workspaces/ros2_py_ws/install/udemy_ros2_pkg/include/udemy_ros2_pkg/udemy_ros2_pkg/srv/detail/turn_camera__builder.hpp
[1.781s] -- Up-to-date symlink: /home/mhpromit7473/Workspaces/ros2_py_ws/install/udemy_ros2_pkg/include/udemy_ros2_pkg/udemy_ros2_pkg/srv/detail/turn_camera__struct.hpp
[1.782s] -- Up-to-date symlink: /home/mhpromit7473/Workspaces/ros2_py_ws/install/udemy_ros2_pkg/include/udemy_ros2_pkg/udemy_ros2_pkg/srv/detail/turn_camera__traits.hpp
[1.782s] -- Up-to-date symlink: /home/mhpromit7473/Workspaces/ros2_py_ws/install/udemy_ros2_pkg/include/udemy_ros2_pkg/udemy_ros2_pkg/srv/odd_even_check.hpp
[1.782s] -- Up-to-date symlink: /home/mhpromit7473/Workspaces/ros2_py_ws/install/udemy_ros2_pkg/include/udemy_ros2_pkg/udemy_ros2_pkg/srv/turn_camera.hpp
[1.782s] -- Up-to-date symlink: /home/mhpromit7473/Workspaces/ros2_py_ws/install/udemy_ros2_pkg/include/udemy_ros2_pkg/udemy_ros2_pkg/action/detail/navigate__rosidl_typesupport_fastrtps_cpp.hpp
[1.782s] -- Up-to-date symlink: /home/mhpromit7473/Workspaces/ros2_py_ws/install/udemy_ros2_pkg/include/udemy_ros2_pkg/udemy_ros2_pkg/msg/rosidl_typesupport_fastrtps_cpp__visibility_control.h
[1.782s] -- Up-to-date symlink: /home/mhpromit7473/Workspaces/ros2_py_ws/install/udemy_ros2_pkg/include/udemy_ros2_pkg/udemy_ros2_pkg/srv/detail/odd_even_check__rosidl_typesupport_fastrtps_cpp.hpp
[1.782s] -- Up-to-date symlink: /home/mhpromit7473/Workspaces/ros2_py_ws/install/udemy_ros2_pkg/include/udemy_ros2_pkg/udemy_ros2_pkg/srv/detail/turn_camera__rosidl_typesupport_fastrtps_cpp.hpp
[1.782s] -- Up-to-date symlink: /home/mhpromit7473/Workspaces/ros2_py_ws/install/udemy_ros2_pkg/include/udemy_ros2_pkg/udemy_ros2_pkg/action/detail/navigate__rosidl_typesupport_introspection_cpp.hpp
[1.782s] -- Up-to-date symlink: /home/mhpromit7473/Workspaces/ros2_py_ws/install/udemy_ros2_pkg/include/udemy_ros2_pkg/udemy_ros2_pkg/srv/detail/odd_even_check__rosidl_typesupport_introspection_cpp.hpp
[1.782s] -- Up-to-date symlink: /home/mhpromit7473/Workspaces/ros2_py_ws/install/udemy_ros2_pkg/include/udemy_ros2_pkg/udemy_ros2_pkg/srv/detail/turn_camera__rosidl_typesupport_introspection_cpp.hpp
[1.782s] -- Up-to-date symlink: /home/mhpromit7473/Workspaces/ros2_py_ws/install/udemy_ros2_pkg/share/udemy_ros2_pkg/environment/pythonpath.sh
[1.782s] -- Up-to-date symlink: /home/mhpromit7473/Workspaces/ros2_py_ws/install/udemy_ros2_pkg/share/udemy_ros2_pkg/environment/pythonpath.dsv
[1.782s] -- Up-to-date symlink: /home/mhpromit7473/Workspaces/ros2_py_ws/install/udemy_ros2_pkg/local/lib/python3.10/dist-packages/udemy_ros2_pkg-0.0.0-py3.10.egg-info/PKG-INFO
[1.783s] -- Up-to-date symlink: /home/mhpromit7473/Workspaces/ros2_py_ws/install/udemy_ros2_pkg/local/lib/python3.10/dist-packages/udemy_ros2_pkg-0.0.0-py3.10.egg-info/SOURCES.txt
[1.783s] -- Up-to-date symlink: /home/mhpromit7473/Workspaces/ros2_py_ws/install/udemy_ros2_pkg/local/lib/python3.10/dist-packages/udemy_ros2_pkg-0.0.0-py3.10.egg-info/dependency_links.txt
[1.783s] -- Up-to-date symlink: /home/mhpromit7473/Workspaces/ros2_py_ws/install/udemy_ros2_pkg/local/lib/python3.10/dist-packages/udemy_ros2_pkg-0.0.0-py3.10.egg-info/top_level.txt
[1.783s] -- Up-to-date symlink: /home/mhpromit7473/Workspaces/ros2_py_ws/install/udemy_ros2_pkg/local/lib/python3.10/dist-packages/udemy_ros2_pkg/__init__.py
[1.783s] -- Up-to-date symlink: /home/mhpromit7473/Workspaces/ros2_py_ws/install/udemy_ros2_pkg/local/lib/python3.10/dist-packages/udemy_ros2_pkg/_udemy_ros2_pkg_s.ep.rosidl_typesupport_c.c
[1.783s] -- Up-to-date symlink: /home/mhpromit7473/Workspaces/ros2_py_ws/install/udemy_ros2_pkg/local/lib/python3.10/dist-packages/udemy_ros2_pkg/_udemy_ros2_pkg_s.ep.rosidl_typesupport_fastrtps_c.c
[1.783s] -- Up-to-date symlink: /home/mhpromit7473/Workspaces/ros2_py_ws/install/udemy_ros2_pkg/local/lib/python3.10/dist-packages/udemy_ros2_pkg/_udemy_ros2_pkg_s.ep.rosidl_typesupport_introspection_c.c
[1.783s] -- Up-to-date symlink: /home/mhpromit7473/Workspaces/ros2_py_ws/install/udemy_ros2_pkg/local/lib/python3.10/dist-packages/udemy_ros2_pkg/action/__init__.py
[1.783s] -- Up-to-date symlink: /home/mhpromit7473/Workspaces/ros2_py_ws/install/udemy_ros2_pkg/local/lib/python3.10/dist-packages/udemy_ros2_pkg/action/_navigate.py
[1.783s] -- Up-to-date symlink: /home/mhpromit7473/Workspaces/ros2_py_ws/install/udemy_ros2_pkg/local/lib/python3.10/dist-packages/udemy_ros2_pkg/action/_navigate_s.c
[1.783s] -- Up-to-date symlink: /home/mhpromit7473/Workspaces/ros2_py_ws/install/udemy_ros2_pkg/local/lib/python3.10/dist-packages/udemy_ros2_pkg/libudemy_ros2_pkg__rosidl_generator_py.so
[1.783s] -- Up-to-date symlink: /home/mhpromit7473/Workspaces/ros2_py_ws/install/udemy_ros2_pkg/local/lib/python3.10/dist-packages/udemy_ros2_pkg/srv/__init__.py
[1.783s] -- Up-to-date symlink: /home/mhpromit7473/Workspaces/ros2_py_ws/install/udemy_ros2_pkg/local/lib/python3.10/dist-packages/udemy_ros2_pkg/srv/_odd_even_check.py
[1.783s] -- Up-to-date symlink: /home/mhpromit7473/Workspaces/ros2_py_ws/install/udemy_ros2_pkg/local/lib/python3.10/dist-packages/udemy_ros2_pkg/srv/_odd_even_check_s.c
[1.784s] -- Up-to-date symlink: /home/mhpromit7473/Workspaces/ros2_py_ws/install/udemy_ros2_pkg/local/lib/python3.10/dist-packages/udemy_ros2_pkg/srv/_turn_camera.py
[1.784s] -- Up-to-date symlink: /home/mhpromit7473/Workspaces/ros2_py_ws/install/udemy_ros2_pkg/local/lib/python3.10/dist-packages/udemy_ros2_pkg/srv/_turn_camera_s.c
[1.784s] -- Up-to-date symlink: /home/mhpromit7473/Workspaces/ros2_py_ws/install/udemy_ros2_pkg/local/lib/python3.10/dist-packages/udemy_ros2_pkg/udemy_ros2_pkg_s__rosidl_typesupport_c.cpython-310-x86_64-linux-gnu.so
[1.784s] -- Up-to-date symlink: /home/mhpromit7473/Workspaces/ros2_py_ws/install/udemy_ros2_pkg/local/lib/python3.10/dist-packages/udemy_ros2_pkg/udemy_ros2_pkg_s__rosidl_typesupport_fastrtps_c.cpython-310-x86_64-linux-gnu.so
[1.784s] -- Up-to-date symlink: /home/mhpromit7473/Workspaces/ros2_py_ws/install/udemy_ros2_pkg/local/lib/python3.10/dist-packages/udemy_ros2_pkg/udemy_ros2_pkg_s__rosidl_typesupport_introspection_c.cpython-310-x86_64-linux-gnu.so
[1.784s] -- Up-to-date symlink: /home/mhpromit7473/Workspaces/ros2_py_ws/install/udemy_ros2_pkg/local/lib/python3.10/dist-packages/udemy_ros2_pkg/udemy_ros2_pkg_s__rosidl_typesupport_fastrtps_c.cpython-310-x86_64-linux-gnu.so
[1.784s] -- Up-to-date symlink: /home/mhpromit7473/Workspaces/ros2_py_ws/install/udemy_ros2_pkg/local/lib/python3.10/dist-packages/udemy_ros2_pkg/udemy_ros2_pkg_s__rosidl_typesupport_introspection_c.cpython-310-x86_64-linux-gnu.so
[1.784s] -- Up-to-date symlink: /home/mhpromit7473/Workspaces/ros2_py_ws/install/udemy_ros2_pkg/local/lib/python3.10/dist-packages/udemy_ros2_pkg/udemy_ros2_pkg_s__rosidl_typesupport_c.cpython-310-x86_64-linux-gnu.so
[1.784s] -- Up-to-date symlink: /home/mhpromit7473/Workspaces/ros2_py_ws/install/udemy_ros2_pkg/share/udemy_ros2_pkg/srv/OddEvenCheck.idl
[1.784s] -- Up-to-date symlink: /home/mhpromit7473/Workspaces/ros2_py_ws/install/udemy_ros2_pkg/share/udemy_ros2_pkg/srv/TurnCamera.idl
[1.784s] -- Up-to-date symlink: /home/mhpromit7473/Workspaces/ros2_py_ws/install/udemy_ros2_pkg/share/udemy_ros2_pkg/action/Navigate.idl
[1.784s] -- Up-to-date symlink: /home/mhpromit7473/Workspaces/ros2_py_ws/install/udemy_ros2_pkg/share/udemy_ros2_pkg/srv/OddEvenCheck.srv
[1.784s] -- Up-to-date symlink: /home/mhpromit7473/Workspaces/ros2_py_ws/install/udemy_ros2_pkg/share/udemy_ros2_pkg/srv/OddEvenCheck_Request.msg
[1.785s] -- Up-to-date symlink: /home/mhpromit7473/Workspaces/ros2_py_ws/install/udemy_ros2_pkg/share/udemy_ros2_pkg/srv/OddEvenCheck_Response.msg
[1.785s] -- Up-to-date symlink: /home/mhpromit7473/Workspaces/ros2_py_ws/install/udemy_ros2_pkg/share/udemy_ros2_pkg/srv/TurnCamera.srv
[1.785s] -- Up-to-date symlink: /home/mhpromit7473/Workspaces/ros2_py_ws/install/udemy_ros2_pkg/share/udemy_ros2_pkg/srv/TurnCamera_Request.msg
[1.785s] -- Up-to-date symlink: /home/mhpromit7473/Workspaces/ros2_py_ws/install/udemy_ros2_pkg/share/udemy_ros2_pkg/srv/TurnCamera_Response.msg
[1.785s] -- Up-to-date symlink: /home/mhpromit7473/Workspaces/ros2_py_ws/install/udemy_ros2_pkg/share/udemy_ros2_pkg/action/Navigate.action
[1.785s] -- Up-to-date symlink: /home/mhpromit7473/Workspaces/ros2_py_ws/install/udemy_ros2_pkg/local/lib/python3.10/dist-packages/scripts-0.0.0-py3.10.egg-info/PKG-INFO
[1.785s] -- Up-to-date symlink: /home/mhpromit7473/Workspaces/ros2_py_ws/install/udemy_ros2_pkg/local/lib/python3.10/dist-packages/scripts-0.0.0-py3.10.egg-info/SOURCES.txt
[1.785s] -- Up-to-date symlink: /home/mhpromit7473/Workspaces/ros2_py_ws/install/udemy_ros2_pkg/local/lib/python3.10/dist-packages/scripts-0.0.0-py3.10.egg-info/dependency_links.txt
[1.785s] -- Up-to-date symlink: /home/mhpromit7473/Workspaces/ros2_py_ws/install/udemy_ros2_pkg/local/lib/python3.10/dist-packages/scripts-0.0.0-py3.10.egg-info/top_level.txt
[1.785s] -- Up-to-date symlink: /home/mhpromit7473/Workspaces/ros2_py_ws/install/udemy_ros2_pkg/local/lib/python3.10/dist-packages/scripts/__init__.py
[1.785s] -- Up-to-date symlink: /home/mhpromit7473/Workspaces/ros2_py_ws/install/udemy_ros2_pkg/local/lib/python3.10/dist-packages/scripts/action_client.py
[1.785s] -- Up-to-date symlink: /home/mhpromit7473/Workspaces/ros2_py_ws/install/udemy_ros2_pkg/local/lib/python3.10/dist-packages/scripts/action_server.py
[1.785s] -- Up-to-date symlink: /home/mhpromit7473/Workspaces/ros2_py_ws/install/udemy_ros2_pkg/local/lib/python3.10/dist-packages/scripts/publisher.py
[1.785s] -- Up-to-date symlink: /home/mhpromit7473/Workspaces/ros2_py_ws/install/udemy_ros2_pkg/local/lib/python3.10/dist-packages/scripts/rpm_pub.py
[1.786s] -- Up-to-date symlink: /home/mhpromit7473/Workspaces/ros2_py_ws/install/udemy_ros2_pkg/local/lib/python3.10/dist-packages/scripts/service_client.py
[1.786s] -- Up-to-date symlink: /home/mhpromit7473/Workspaces/ros2_py_ws/install/udemy_ros2_pkg/local/lib/python3.10/dist-packages/scripts/service_server.py
[1.786s] -- Up-to-date symlink: /home/mhpromit7473/Workspaces/ros2_py_ws/install/udemy_ros2_pkg/local/lib/python3.10/dist-packages/scripts/speed_calc.py
[1.786s] -- Up-to-date symlink: /home/mhpromit7473/Workspaces/ros2_py_ws/install/udemy_ros2_pkg/local/lib/python3.10/dist-packages/scripts/subscriber.py
[1.786s] -- Up-to-date symlink: /home/mhpromit7473/Workspaces/ros2_py_ws/install/udemy_ros2_pkg/local/lib/python3.10/dist-packages/scripts/turn_camera_client.py
[1.786s] -- Up-to-date symlink: /home/mhpromit7473/Workspaces/ros2_py_ws/install/udemy_ros2_pkg/local/lib/python3.10/dist-packages/scripts/turn_camera_server.py
[1.786s] -- Up-to-date symlink: /home/mhpromit7473/Workspaces/ros2_py_ws/install/udemy_ros2_pkg/lib/udemy_ros2_pkg/publisher.py
[1.786s] -- Up-to-date symlink: /home/mhpromit7473/Workspaces/ros2_py_ws/install/udemy_ros2_pkg/lib/udemy_ros2_pkg/subscriber.py
[1.786s] -- Up-to-date symlink: /home/mhpromit7473/Workspaces/ros2_py_ws/install/udemy_ros2_pkg/lib/udemy_ros2_pkg/rpm_pub.py
[1.786s] -- Up-to-date symlink: /home/mhpromit7473/Workspaces/ros2_py_ws/install/udemy_ros2_pkg/lib/udemy_ros2_pkg/speed_calc.py
[1.786s] -- Up-to-date symlink: /home/mhpromit7473/Workspaces/ros2_py_ws/install/udemy_ros2_pkg/lib/udemy_ros2_pkg/service_server.py
[1.786s] -- Up-to-date symlink: /home/mhpromit7473/Workspaces/ros2_py_ws/install/udemy_ros2_pkg/lib/udemy_ros2_pkg/service_client.py
[1.786s] -- Up-to-date symlink: /home/mhpromit7473/Workspaces/ros2_py_ws/install/udemy_ros2_pkg/lib/udemy_ros2_pkg/turn_camera_server.py
[1.786s] -- Up-to-date symlink: /home/mhpromit7473/Workspaces/ros2_py_ws/install/udemy_ros2_pkg/lib/udemy_ros2_pkg/turn_camera_client.py
[1.787s] -- Up-to-date symlink: /home/mhpromit7473/Workspaces/ros2_py_ws/install/udemy_ros2_pkg/lib/udemy_ros2_pkg/action_server.py
[1.787s] -- Up-to-date symlink: /home/mhpromit7473/Workspaces/ros2_py_ws/install/udemy_ros2_pkg/lib/udemy_ros2_pkg/action_client.py
[1.787s] -- Up-to-date symlink: /home/mhpromit7473/Workspaces/ros2_py_ws/install/udemy_ros2_pkg/share/udemy_ros2_pkg/launch/rpm_node.launch.py
[1.787s] -- Up-to-date symlink: /home/mhpromit7473/Workspaces/ros2_py_ws/install/udemy_ros2_pkg/share/udemy_ros2_pkg/launch/simulation.launch.py
[1.787s] -- Up-to-date symlink: /home/mhpromit7473/Workspaces/ros2_py_ws/install/udemy_ros2_pkg/share/udemy_ros2_pkg/launch/speed_project.launch.py
[1.787s] -- Up-to-date symlink: /home/mhpromit7473/Workspaces/ros2_py_ws/install/udemy_ros2_pkg/share/udemy_ros2_pkg/worlds/test_world.sdf
[1.787s] -- Up-to-date symlink: /home/mhpromit7473/Workspaces/ros2_py_ws/install/udemy_ros2_pkg/share/udemy_ros2_pkg/worlds/wheeled_model_world.sdf
[1.787s] -- Up-to-date symlink: /home/mhpromit7473/Workspaces/ros2_py_ws/install/udemy_ros2_pkg/share/udemy_ros2_pkg/models/ground_plane/model.config
[1.787s] -- Up-to-date symlink: /home/mhpromit7473/Workspaces/ros2_py_ws/install/udemy_ros2_pkg/share/udemy_ros2_pkg/models/ground_plane/my_ground_plane.sdf
[1.787s] -- Up-to-date symlink: /home/mhpromit7473/Workspaces/ros2_py_ws/install/udemy_ros2_pkg/share/udemy_ros2_pkg/models/wheeled_model/model.config
[1.787s] -- Up-to-date symlink: /home/mhpromit7473/Workspaces/ros2_py_ws/install/udemy_ros2_pkg/share/udemy_ros2_pkg/models/wheeled_model/model.sdf
[1.787s] -- Up-to-date symlink: /home/mhpromit7473/Workspaces/ros2_py_ws/install/udemy_ros2_pkg/share/ament_index/resource_index/package_run_dependencies/udemy_ros2_pkg
[1.787s] -- Up-to-date symlink: /home/mhpromit7473/Workspaces/ros2_py_ws/install/udemy_ros2_pkg/share/ament_index/resource_index/parent_prefix_path/udemy_ros2_pkg
[1.787s] -- Up-to-date symlink: /home/mhpromit7473/Workspaces/ros2_py_ws/install/udemy_ros2_pkg/share/udemy_ros2_pkg/environment/ament_prefix_path.sh
[1.788s] -- Up-to-date symlink: /home/mhpromit7473/Workspaces/ros2_py_ws/install/udemy_ros2_pkg/share/udemy_ros2_pkg/environment/ament_prefix_path.dsv
[1.788s] -- Up-to-date symlink: /home/mhpromit7473/Workspaces/ros2_py_ws/install/udemy_ros2_pkg/share/udemy_ros2_pkg/environment/path.sh
[1.788s] -- Up-to-date symlink: /home/mhpromit7473/Workspaces/ros2_py_ws/install/udemy_ros2_pkg/share/udemy_ros2_pkg/environment/path.dsv
[1.788s] -- Up-to-date symlink: /home/mhpromit7473/Workspaces/ros2_py_ws/install/udemy_ros2_pkg/share/udemy_ros2_pkg/local_setup.bash
[1.788s] -- Up-to-date symlink: /home/mhpromit7473/Workspaces/ros2_py_ws/install/udemy_ros2_pkg/share/udemy_ros2_pkg/local_setup.sh
[1.788s] -- Up-to-date symlink: /home/mhpromit7473/Workspaces/ros2_py_ws/install/udemy_ros2_pkg/share/udemy_ros2_pkg/local_setup.zsh
[1.788s] -- Up-to-date symlink: /home/mhpromit7473/Workspaces/ros2_py_ws/install/udemy_ros2_pkg/share/udemy_ros2_pkg/local_setup.dsv
[1.788s] -- Symlinking: /home/mhpromit7473/Workspaces/ros2_py_ws/install/udemy_ros2_pkg/share/udemy_ros2_pkg/package.dsv
[1.797s] -- Up-to-date symlink: /home/mhpromit7473/Workspaces/ros2_py_ws/install/udemy_ros2_pkg/share/ament_index/resource_index/packages/udemy_ros2_pkg
[1.797s] -- Up-to-date symlink: /home/mhpromit7473/Workspaces/ros2_py_ws/install/udemy_ros2_pkg/share/udemy_ros2_pkg/cmake/rosidl_cmake-extras.cmake
[1.797s] -- Up-to-date symlink: /home/mhpromit7473/Workspaces/ros2_py_ws/install/udemy_ros2_pkg/share/udemy_ros2_pkg/cmake/ament_cmake_export_dependencies-extras.cmake
[1.797s] -- Up-to-date symlink: /home/mhpromit7473/Workspaces/ros2_py_ws/install/udemy_ros2_pkg/share/udemy_ros2_pkg/cmake/ament_cmake_export_include_directories-extras.cmake
[1.797s] -- Up-to-date symlink: /home/mhpromit7473/Workspaces/ros2_py_ws/install/udemy_ros2_pkg/share/udemy_ros2_pkg/cmake/ament_cmake_export_libraries-extras.cmake
[1.797s] -- Up-to-date symlink: /home/mhpromit7473/Workspaces/ros2_py_ws/install/udemy_ros2_pkg/share/udemy_ros2_pkg/cmake/ament_cmake_export_targets-extras.cmake
[1.797s] -- Up-to-date symlink: /home/mhpromit7473/Workspaces/ros2_py_ws/install/udemy_ros2_pkg/share/udemy_ros2_pkg/cmake/rosidl_cmake_export_typesupport_targets-extras.cmake
[1.797s] -- Up-to-date symlink: /home/mhpromit7473/Workspaces/ros2_py_ws/install/udemy_ros2_pkg/share/udemy_ros2_pkg/cmake/rosidl_cmake_export_typesupport_libraries-extras.cmake
[1.797s] -- Up-to-date symlink: /home/mhpromit7473/Workspaces/ros2_py_ws/install/udemy_ros2_pkg/share/udemy_ros2_pkg/cmake/udemy_ros2_pkgConfig.cmake
[1.797s] -- Up-to-date symlink: /home/mhpromit7473/Workspaces/ros2_py_ws/install/udemy_ros2_pkg/share/udemy_ros2_pkg/cmake/udemy_ros2_pkgConfig-version.cmake
[1.797s] -- Up-to-date symlink: /home/mhpromit7473/Workspaces/ros2_py_ws/install/udemy_ros2_pkg/share/udemy_ros2_pkg/package.xml
[1.797s] -- Up-to-date: /home/mhpromit7473/Workspaces/ros2_py_ws/install/udemy_ros2_pkg/lib/libudemy_ros2_pkg__rosidl_generator_c.so
[1.798s] -- Up-to-date: /home/mhpromit7473/Workspaces/ros2_py_ws/install/udemy_ros2_pkg/lib/libudemy_ros2_pkg__rosidl_typesupport_fastrtps_c.so
[1.798s] -- Up-to-date: /home/mhpromit7473/Workspaces/ros2_py_ws/install/udemy_ros2_pkg/lib/libudemy_ros2_pkg__rosidl_typesupport_introspection_c.so
[1.798s] -- Up-to-date: /home/mhpromit7473/Workspaces/ros2_py_ws/install/udemy_ros2_pkg/lib/libudemy_ros2_pkg__rosidl_typesupport_c.so
[1.798s] -- Up-to-date: /home/mhpromit7473/Workspaces/ros2_py_ws/install/udemy_ros2_pkg/lib/libudemy_ros2_pkg__rosidl_typesupport_fastrtps_cpp.so
[1.798s] -- Up-to-date: /home/mhpromit7473/Workspaces/ros2_py_ws/install/udemy_ros2_pkg/lib/libudemy_ros2_pkg__rosidl_typesupport_introspection_cpp.so
[1.798s] -- Up-to-date: /home/mhpromit7473/Workspaces/ros2_py_ws/install/udemy_ros2_pkg/lib/libudemy_ros2_pkg__rosidl_typesupport_cpp.so
[1.830s] Listing '/home/mhpromit7473/Workspaces/ros2_py_ws/install/udemy_ros2_pkg/local/lib/python3.10/dist-packages/udemy_ros2_pkg'...
[1.830s] Compiling '/home/mhpromit7473/Workspaces/ros2_py_ws/install/udemy_ros2_pkg/local/lib/python3.10/dist-packages/udemy_ros2_pkg/__init__.py'...
[1.830s] Listing '/home/mhpromit7473/Workspaces/ros2_py_ws/install/udemy_ros2_pkg/local/lib/python3.10/dist-packages/udemy_ros2_pkg/action'...
[1.831s] Listing '/home/mhpromit7473/Workspaces/ros2_py_ws/install/udemy_ros2_pkg/local/lib/python3.10/dist-packages/udemy_ros2_pkg/srv'...
[1.835s] -- Up-to-date: /home/mhpromit7473/Workspaces/ros2_py_ws/install/udemy_ros2_pkg/lib/libudemy_ros2_pkg__rosidl_generator_py.so
[1.858s] Listing '/home/mhpromit7473/Workspaces/ros2_py_ws/install/udemy_ros2_pkg/local/lib/python3.10/dist-packages/scripts'...
[1.861s] -- Up-to-date: /home/mhpromit7473/Workspaces/ros2_py_ws/install/udemy_ros2_pkg/share/udemy_ros2_pkg/cmake/export_udemy_ros2_pkg__rosidl_generator_cExport.cmake
[1.861s] -- Up-to-date: /home/mhpromit7473/Workspaces/ros2_py_ws/install/udemy_ros2_pkg/share/udemy_ros2_pkg/cmake/export_udemy_ros2_pkg__rosidl_generator_cExport-noconfig.cmake
[1.862s] -- Up-to-date: /home/mhpromit7473/Workspaces/ros2_py_ws/install/udemy_ros2_pkg/share/udemy_ros2_pkg/cmake/export_udemy_ros2_pkg__rosidl_typesupport_fastrtps_cExport.cmake
[1.862s] -- Up-to-date: /home/mhpromit7473/Workspaces/ros2_py_ws/install/udemy_ros2_pkg/share/udemy_ros2_pkg/cmake/export_udemy_ros2_pkg__rosidl_typesupport_fastrtps_cExport-noconfig.cmake
[1.862s] -- Up-to-date: /home/mhpromit7473/Workspaces/ros2_py_ws/install/udemy_ros2_pkg/share/udemy_ros2_pkg/cmake/udemy_ros2_pkg__rosidl_typesupport_introspection_cExport.cmake
[1.862s] -- Up-to-date: /home/mhpromit7473/Workspaces/ros2_py_ws/install/udemy_ros2_pkg/share/udemy_ros2_pkg/cmake/udemy_ros2_pkg__rosidl_typesupport_introspection_cExport-noconfig.cmake
[1.862s] -- Up-to-date: /home/mhpromit7473/Workspaces/ros2_py_ws/install/udemy_ros2_pkg/share/udemy_ros2_pkg/cmake/udemy_ros2_pkg__rosidl_typesupport_cExport.cmake
[1.862s] -- Up-to-date: /home/mhpromit7473/Workspaces/ros2_py_ws/install/udemy_ros2_pkg/share/udemy_ros2_pkg/cmake/udemy_ros2_pkg__rosidl_typesupport_cExport-noconfig.cmake
[1.862s] -- Up-to-date: /home/mhpromit7473/Workspaces/ros2_py_ws/install/udemy_ros2_pkg/share/udemy_ros2_pkg/cmake/export_udemy_ros2_pkg__rosidl_generator_cppExport.cmake
[1.862s] -- Up-to-date: /home/mhpromit7473/Workspaces/ros2_py_ws/install/udemy_ros2_pkg/share/udemy_ros2_pkg/cmake/export_udemy_ros2_pkg__rosidl_typesupport_fastrtps_cppExport.cmake
[1.862s] -- Up-to-date: /home/mhpromit7473/Workspaces/ros2_py_ws/install/udemy_ros2_pkg/share/udemy_ros2_pkg/cmake/export_udemy_ros2_pkg__rosidl_typesupport_fastrtps_cppExport-noconfig.cmake
[1.862s] -- Up-to-date: /home/mhpromit7473/Workspaces/ros2_py_ws/install/udemy_ros2_pkg/share/udemy_ros2_pkg/cmake/udemy_ros2_pkg__rosidl_typesupport_introspection_cppExport.cmake
[1.862s] -- Up-to-date: /home/mhpromit7473/Workspaces/ros2_py_ws/install/udemy_ros2_pkg/share/udemy_ros2_pkg/cmake/udemy_ros2_pkg__rosidl_typesupport_introspection_cppExport-noconfig.cmake
[1.862s] -- Up-to-date: /home/mhpromit7473/Workspaces/ros2_py_ws/install/udemy_ros2_pkg/share/udemy_ros2_pkg/cmake/udemy_ros2_pkg__rosidl_typesupport_cppExport.cmake
[1.862s] -- Up-to-date: /home/mhpromit7473/Workspaces/ros2_py_ws/install/udemy_ros2_pkg/share/udemy_ros2_pkg/cmake/udemy_ros2_pkg__rosidl_typesupport_cppExport-noconfig.cmake
[1.863s] -- Up-to-date: /home/mhpromit7473/Workspaces/ros2_py_ws/install/udemy_ros2_pkg/share/udemy_ros2_pkg/cmake/export_udemy_ros2_pkg__rosidl_generator_pyExport.cmake
[1.863s] -- Up-to-date: /home/mhpromit7473/Workspaces/ros2_py_ws/install/udemy_ros2_pkg/share/udemy_ros2_pkg/cmake/export_udemy_ros2_pkg__rosidl_generator_pyExport-noconfig.cmake
[1.864s] Invoked command in '/home/mhpromit7473/Workspaces/ros2_py_ws/build/udemy_ros2_pkg' returned '0': CMAKE_PREFIX_PATH=${CMAKE_PREFIX_PATH}:/opt/ros/humble /usr/bin/cmake --install /home/mhpromit7473/Workspaces/ros2_py_ws/build/udemy_ros2_pkg
