[0.043s] Invoking command in '/home/mhpromit7473/Documents/GitHub/ROS2-Robotics-Developer-Course/4.Using ROS2 in Python/workspaces/ros2_py_ws/build/udemy_ros2_pkg': CMAKE_PREFIX_PATH=/opt/ros/humble /usr/bin/cmake /home/mhpromit7473/Documents/GitHub/ROS2-Robotics-Developer-Course/4.Using ROS2 in Python/workspaces/ros2_py_ws/src/udemy_ros2_pkg -DCMAKE_INSTALL_PREFIX=/home/mhpromit7473/Documents/GitHub/ROS2-Robotics-Developer-Course/4.Using ROS2 in Python/workspaces/ros2_py_ws/install/udemy_ros2_pkg
[0.737s] -- The C compiler identification is GNU 11.4.0
[1.166s] -- The CXX compiler identification is GNU 11.4.0
[1.224s] -- Detecting C compiler ABI info
[1.533s] -- Detecting C compiler ABI info - done
[1.548s] -- Check for working C compiler: /usr/bin/cc - skipped
[1.552s] -- Detecting C compile features
[1.559s] -- Detecting C compile features - done
[1.579s] -- Detecting CXX compiler ABI info
[1.936s] -- Detecting CXX compiler ABI info - done
[1.956s] -- Check for working CXX compiler: /usr/bin/c++ - skipped
[1.957s] -- Detecting CXX compile features
[1.960s] -- Detecting CXX compile features - done
[2.015s] -- Found ament_cmake: 1.3.10 (/opt/ros/humble/share/ament_cmake/cmake)
[2.547s] -- Found Python3: /usr/bin/python3 (found version "3.10.12") found components: Interpreter 
[3.036s] -- Found ament_lint_auto: 0.12.11 (/opt/ros/humble/share/ament_lint_auto/cmake)
[3.352s] -- Added test 'lint_cmake' to check CMake code style
[3.363s] -- Added test 'xmllint' to check XML markup files
[3.369s] -- Configuring done
[3.378s] -- Generating done
[3.382s] -- Build files have been written to: /home/mhpromit7473/Documents/GitHub/ROS2-Robotics-Developer-Course/4.Using ROS2 in Python/workspaces/ros2_py_ws/build/udemy_ros2_pkg
[3.399s] Invoked command in '/home/mhpromit7473/Documents/GitHub/ROS2-Robotics-Developer-Course/4.Using ROS2 in Python/workspaces/ros2_py_ws/build/udemy_ros2_pkg' returned '0': CMAKE_PREFIX_PATH=/opt/ros/humble /usr/bin/cmake /home/mhpromit7473/Documents/GitHub/ROS2-Robotics-Developer-Course/4.Using ROS2 in Python/workspaces/ros2_py_ws/src/udemy_ros2_pkg -DCMAKE_INSTALL_PREFIX=/home/mhpromit7473/Documents/GitHub/ROS2-Robotics-Developer-Course/4.Using ROS2 in Python/workspaces/ros2_py_ws/install/udemy_ros2_pkg
[3.413s] Invoking command in '/home/mhpromit7473/Documents/GitHub/ROS2-Robotics-Developer-Course/4.Using ROS2 in Python/workspaces/ros2_py_ws/build/udemy_ros2_pkg': CMAKE_PREFIX_PATH=/opt/ros/humble /usr/bin/cmake --build /home/mhpromit7473/Documents/GitHub/ROS2-Robotics-Developer-Course/4.Using ROS2 in Python/workspaces/ros2_py_ws/build/udemy_ros2_pkg -- -j2 -l2
[3.581s] Invoked command in '/home/mhpromit7473/Documents/GitHub/ROS2-Robotics-Developer-Course/4.Using ROS2 in Python/workspaces/ros2_py_ws/build/udemy_ros2_pkg' returned '0': CMAKE_PREFIX_PATH=/opt/ros/humble /usr/bin/cmake --build /home/mhpromit7473/Documents/GitHub/ROS2-Robotics-Developer-Course/4.Using ROS2 in Python/workspaces/ros2_py_ws/build/udemy_ros2_pkg -- -j2 -l2
[3.747s] Invoking command in '/home/mhpromit7473/Documents/GitHub/ROS2-Robotics-Developer-Course/4.Using ROS2 in Python/workspaces/ros2_py_ws/build/udemy_ros2_pkg': CMAKE_PREFIX_PATH=/opt/ros/humble /usr/bin/cmake --install /home/mhpromit7473/Documents/GitHub/ROS2-Robotics-Developer-Course/4.Using ROS2 in Python/workspaces/ros2_py_ws/build/udemy_ros2_pkg
[3.777s] -- Install configuration: ""
[3.777s] -- Installing: /home/mhpromit7473/Documents/GitHub/ROS2-Robotics-Developer-Course/4.Using ROS2 in Python/workspaces/ros2_py_ws/install/udemy_ros2_pkg/share/ament_index/resource_index/package_run_dependencies/udemy_ros2_pkg
[3.778s] -- Installing: /home/mhpromit7473/Documents/GitHub/ROS2-Robotics-Developer-Course/4.Using ROS2 in Python/workspaces/ros2_py_ws/install/udemy_ros2_pkg/share/ament_index/resource_index/parent_prefix_path/udemy_ros2_pkg
[3.779s] -- Installing: /home/mhpromit7473/Documents/GitHub/ROS2-Robotics-Developer-Course/4.Using ROS2 in Python/workspaces/ros2_py_ws/install/udemy_ros2_pkg/share/udemy_ros2_pkg/environment/ament_prefix_path.sh
[3.780s] -- Installing: /home/mhpromit7473/Documents/GitHub/ROS2-Robotics-Developer-Course/4.Using ROS2 in Python/workspaces/ros2_py_ws/install/udemy_ros2_pkg/share/udemy_ros2_pkg/environment/ament_prefix_path.dsv
[3.780s] -- Installing: /home/mhpromit7473/Documents/GitHub/ROS2-Robotics-Developer-Course/4.Using ROS2 in Python/workspaces/ros2_py_ws/install/udemy_ros2_pkg/share/udemy_ros2_pkg/environment/path.sh
[3.781s] -- Installing: /home/mhpromit7473/Documents/GitHub/ROS2-Robotics-Developer-Course/4.Using ROS2 in Python/workspaces/ros2_py_ws/install/udemy_ros2_pkg/share/udemy_ros2_pkg/environment/path.dsv
[3.782s] -- Installing: /home/mhpromit7473/Documents/GitHub/ROS2-Robotics-Developer-Course/4.Using ROS2 in Python/workspaces/ros2_py_ws/install/udemy_ros2_pkg/share/udemy_ros2_pkg/local_setup.bash
[3.782s] -- Installing: /home/mhpromit7473/Documents/GitHub/ROS2-Robotics-Developer-Course/4.Using ROS2 in Python/workspaces/ros2_py_ws/install/udemy_ros2_pkg/share/udemy_ros2_pkg/local_setup.sh
[3.783s] -- Installing: /home/mhpromit7473/Documents/GitHub/ROS2-Robotics-Developer-Course/4.Using ROS2 in Python/workspaces/ros2_py_ws/install/udemy_ros2_pkg/share/udemy_ros2_pkg/local_setup.zsh
[3.784s] -- Installing: /home/mhpromit7473/Documents/GitHub/ROS2-Robotics-Developer-Course/4.Using ROS2 in Python/workspaces/ros2_py_ws/install/udemy_ros2_pkg/share/udemy_ros2_pkg/local_setup.dsv
[3.784s] -- Installing: /home/mhpromit7473/Documents/GitHub/ROS2-Robotics-Developer-Course/4.Using ROS2 in Python/workspaces/ros2_py_ws/install/udemy_ros2_pkg/share/udemy_ros2_pkg/package.dsv
[3.786s] -- Installing: /home/mhpromit7473/Documents/GitHub/ROS2-Robotics-Developer-Course/4.Using ROS2 in Python/workspaces/ros2_py_ws/install/udemy_ros2_pkg/share/ament_index/resource_index/packages/udemy_ros2_pkg
[3.789s] -- Installing: /home/mhpromit7473/Documents/GitHub/ROS2-Robotics-Developer-Course/4.Using ROS2 in Python/workspaces/ros2_py_ws/install/udemy_ros2_pkg/share/udemy_ros2_pkg/cmake/udemy_ros2_pkgConfig.cmake
[3.789s] -- Installing: /home/mhpromit7473/Documents/GitHub/ROS2-Robotics-Developer-Course/4.Using ROS2 in Python/workspaces/ros2_py_ws/install/udemy_ros2_pkg/share/udemy_ros2_pkg/cmake/udemy_ros2_pkgConfig-version.cmake
[3.790s] -- Installing: /home/mhpromit7473/Documents/GitHub/ROS2-Robotics-Developer-Course/4.Using ROS2 in Python/workspaces/ros2_py_ws/install/udemy_ros2_pkg/share/udemy_ros2_pkg/package.xml
[3.799s] Invoked command in '/home/mhpromit7473/Documents/GitHub/ROS2-Robotics-Developer-Course/4.Using ROS2 in Python/workspaces/ros2_py_ws/build/udemy_ros2_pkg' returned '0': CMAKE_PREFIX_PATH=/opt/ros/humble /usr/bin/cmake --install /home/mhpromit7473/Documents/GitHub/ROS2-Robotics-Developer-Course/4.Using ROS2 in Python/workspaces/ros2_py_ws/build/udemy_ros2_pkg
