[0.000000] (-) TimerEvent: {}
[0.000547] (udemy_ros2_pkg) JobQueued: {'identifier': 'udemy_ros2_pkg', 'dependencies': OrderedDict()}
[0.000883] (udemy_ros2_pkg) JobStarted: {'identifier': 'udemy_ros2_pkg'}
[0.005866] (udemy_ros2_pkg) JobProgress: {'identifier': 'udemy_ros2_pkg', 'progress': 'cmake'}
[0.006721] (udemy_ros2_pkg) JobProgress: {'identifier': 'udemy_ros2_pkg', 'progress': 'build'}
[0.007687] (udemy_ros2_pkg) Command: {'cmd': ['/usr/bin/cmake', '--build', '/home/mhpromit7473/Workspaces/ros2_py_ws/build/udemy_ros2_pkg', '--', '-j12', '-l12'], 'cwd': '/home/mhpromit7473/Workspaces/ros2_py_ws/build/udemy_ros2_pkg', 'env': OrderedDict([('GJS_DEBUG_TOPICS', 'JS ERROR;JS LOG'), ('LESSOPEN', '| /usr/bin/lesspipe %s'), ('USER', 'mhpromit7473'), ('LC_TIME', 'en_US.UTF-8'), ('XDG_SESSION_TYPE', 'wayland'), ('GIT_ASKPASS', '/usr/share/code/resources/app/extensions/git/dist/askpass.sh'), ('SHLVL', '1'), ('LD_LIBRARY_PATH', '/home/mhpromit7473/Workspaces/ros2_py_ws/install/udemy_ros2_pkg/lib:/opt/ros/humble/opt/rviz_ogre_vendor/lib:/opt/ros/humble/lib/x86_64-linux-gnu:/opt/ros/humble/lib'), ('HOME', '/home/mhpromit7473'), ('CHROME_DESKTOP', 'code-url-handler.desktop'), ('TERM_PROGRAM_VERSION', '1.94.0'), ('DESKTOP_SESSION', 'ubuntu'), ('GIO_LAUNCHED_DESKTOP_FILE', '/usr/share/applications/code.desktop'), ('ROS_PYTHON_VERSION', '3'), ('GNOME_SHELL_SESSION_MODE', 'ubuntu'), ('GTK_MODULES', 'gail:atk-bridge'), ('VSCODE_GIT_ASKPASS_MAIN', '/usr/share/code/resources/app/extensions/git/dist/askpass-main.js'), ('LC_MONETARY', 'en_US.UTF-8'), ('VSCODE_GIT_ASKPASS_NODE', '/usr/share/code/code'), ('MANAGERPID', '88752'), ('SYSTEMD_EXEC_PID', '88953'), ('IM_CONFIG_CHECK_ENV', '1'), ('DBUS_SESSION_BUS_ADDRESS', 'unix:path=/run/user/1000/bus'), ('COLORTERM', 'truecolor'), ('GIO_LAUNCHED_DESKTOP_FILE_PID', '100736'), ('IM_CONFIG_PHASE', '1'), ('WAYLAND_DISPLAY', 'wayland-0'), ('COLCON_PREFIX_PATH', '/home/mhpromit7473/Workspaces/ros2_py_ws/install'), ('ROS_DISTRO', 'humble'), ('LOGNAME', 'mhpromit7473'), ('JOURNAL_STREAM', '8:3660610'), ('_', '/usr/bin/colcon'), ('ROS_VERSION', '2'), ('XDG_SESSION_CLASS', 'user'), ('USERNAME', 'mhpromit7473'), ('TERM', 'xterm-256color'), ('GNOME_DESKTOP_SESSION_ID', 'this-is-deprecated'), ('ROS_LOCALHOST_ONLY', '0'), ('PATH', '/home/mhpromit7473/.local/bin:/opt/ros/humble/bin:/home/mhpromit7473/.local/bin:/usr/local/sbin:/usr/local/bin:/usr/sbin:/usr/bin:/sbin:/bin:/usr/games:/usr/local/games:/snap/bin:/snap/bin'), ('SESSION_MANAGER', 'local/rosdev:@/tmp/.ICE-unix/88924,unix/rosdev:/tmp/.ICE-unix/88924'), ('INVOCATION_ID', '28115835f77a4b959e3938aa7ec5d0ac'), ('PAPERSIZE', 'letter'), ('XDG_MENU_PREFIX', 'gnome-'), ('LC_ADDRESS', 'en_US.UTF-8'), ('GNOME_SETUP_DISPLAY', ':1'), ('XDG_RUNTIME_DIR', '/run/user/1000'), ('GDK_BACKEND', 'x11'), ('DISPLAY', ':0'), ('LANG', 'en_US.UTF-8'), ('XDG_CURRENT_DESKTOP', 'Unity'), ('LC_TELEPHONE', 'en_US.UTF-8'), ('XMODIFIERS', '@im=ibus'), ('XDG_SESSION_DESKTOP', 'ubuntu'), ('XAUTHORITY', '/run/user/1000/.mutter-Xwaylandauth.SA2FV2'), ('LS_COLORS', ''), ('VSCODE_GIT_IPC_HANDLE', '/run/user/1000/vscode-git-9b70c361e7.sock'), ('TERM_PROGRAM', 'vscode'), ('SSH_AGENT_LAUNCHER', 'gnome-keyring'), ('SSH_AUTH_SOCK', '/run/user/1000/keyring/ssh'), ('AMENT_PREFIX_PATH', '/home/mhpromit7473/Workspaces/ros2_py_ws/install/udemy_ros2_pkg:/opt/ros/humble'), ('ORIGINAL_XDG_CURRENT_DESKTOP', 'ubuntu:GNOME'), ('SHELL', '/bin/bash'), ('LC_NAME', 'en_US.UTF-8'), ('QT_ACCESSIBILITY', '1'), ('GDMSESSION', 'ubuntu'), ('LESSCLOSE', '/usr/bin/lesspipe %s %s'), ('LC_MEASUREMENT', 'en_US.UTF-8'), ('GJS_DEBUG_OUTPUT', 'stderr'), ('LC_IDENTIFICATION', 'en_US.UTF-8'), ('VSCODE_GIT_ASKPASS_EXTRA_ARGS', ''), ('QT_IM_MODULE', 'ibus'), ('PWD', '/home/mhpromit7473/Workspaces/ros2_py_ws/build/udemy_ros2_pkg'), ('LC_ALL', 'en_US.UTF-8'), ('XDG_CONFIG_DIRS', '/etc/xdg/xdg-ubuntu:/etc/xdg'), ('XDG_DATA_DIRS', '/usr/share/ubuntu:/usr/local/share/:/usr/share/:/var/lib/snapd/desktop'), ('PYTHONPATH', '/home/mhpromit7473/Workspaces/ros2_py_ws/install/udemy_ros2_pkg/local/lib/python3.10/dist-packages:/opt/ros/humble/lib/python3.10/site-packages:/opt/ros/humble/local/lib/python3.10/dist-packages'), ('LC_NUMERIC', 'en_US.UTF-8'), ('LC_PAPER', 'en_US.UTF-8'), ('COLCON', '1'), ('CMAKE_PREFIX_PATH', '/home/mhpromit7473/Workspaces/ros2_py_ws/install/udemy_ros2_pkg:/opt/ros/humble')]), 'shell': False}
[0.031073] (udemy_ros2_pkg) StdoutLine: {'line': b'-- Found ament_cmake: 1.3.10 (/opt/ros/humble/share/ament_cmake/cmake)\n'}
[0.100014] (-) TimerEvent: {}
[0.111172] (udemy_ros2_pkg) StdoutLine: {'line': b'-- Override CMake install command with custom implementation using symlinks instead of copying resources\n'}
[0.115236] (udemy_ros2_pkg) StdoutLine: {'line': b'-- Found rclpy: 3.3.14 (/opt/ros/humble/share/rclpy/cmake)\n'}
[0.115447] (udemy_ros2_pkg) StdoutLine: {'line': b'-- Found rosidl_default_generators: 1.2.0 (/opt/ros/humble/share/rosidl_default_generators/cmake)\n'}
[0.116270] (udemy_ros2_pkg) StdoutLine: {'line': b'-- Using all available rosidl_typesupport_c: rosidl_typesupport_fastrtps_c;rosidl_typesupport_introspection_c\n'}
[0.117753] (udemy_ros2_pkg) StdoutLine: {'line': b'-- Found rosidl_adapter: 3.1.5 (/opt/ros/humble/share/rosidl_adapter/cmake)\n'}
[0.134952] (udemy_ros2_pkg) StdoutLine: {'line': b'-- Using all available rosidl_typesupport_cpp: rosidl_typesupport_fastrtps_cpp;rosidl_typesupport_introspection_cpp\n'}
[0.155178] (udemy_ros2_pkg) StdoutLine: {'line': b'-- Found cv_bridge: 3.2.1 (/opt/ros/humble/share/cv_bridge/cmake)\n'}
[0.189662] (udemy_ros2_pkg) StdoutLine: {'line': b'-- Found ros_ign_gazebo: 0.244.15 (/opt/ros/humble/share/ros_ign_gazebo/cmake)\n'}
[0.200113] (-) TimerEvent: {}
[0.207682] (udemy_ros2_pkg) StdoutLine: {'line': b'-- Found rmw_implementation_cmake: 6.1.2 (/opt/ros/humble/share/rmw_implementation_cmake/cmake)\n'}
[0.209035] (udemy_ros2_pkg) StdoutLine: {'line': b'-- Found rmw_fastrtps_cpp: 6.2.7 (/opt/ros/humble/share/rmw_fastrtps_cpp/cmake)\n'}
[0.300223] (-) TimerEvent: {}
[0.310527] (udemy_ros2_pkg) StdoutLine: {'line': b"-- Using RMW implementation 'rmw_fastrtps_cpp' as default\n"}
[0.366944] (udemy_ros2_pkg) StdoutLine: {'line': b'-- Found Protobuf: /usr/lib/x86_64-linux-gnu/libprotobuf.so (found suitable version "3.12.4", minimum required is "3") \n'}
[0.400424] (-) TimerEvent: {}
[0.426848] (udemy_ros2_pkg) StdoutLine: {'line': b'-- Found Protobuf: /usr/lib/x86_64-linux-gnu/libprotobuf.so (found version "3.12.4") \n'}
[0.500550] (-) TimerEvent: {}
[0.601099] (-) TimerEvent: {}
[0.701378] (-) TimerEvent: {}
[0.801707] (-) TimerEvent: {}
[0.823732] (udemy_ros2_pkg) StdoutLine: {'line': b'-- Found ament_cmake_ros: 0.10.0 (/opt/ros/humble/share/ament_cmake_ros/cmake)\n'}
[0.901818] (-) TimerEvent: {}
[1.002202] (-) TimerEvent: {}
[1.063687] (udemy_ros2_pkg) StdoutLine: {'line': b'-- Using all available rosidl_typesupport_c: rosidl_typesupport_fastrtps_c;rosidl_typesupport_introspection_c\n'}
[1.102335] (-) TimerEvent: {}
[1.202612] (-) TimerEvent: {}
[1.302918] (-) TimerEvent: {}
[1.331714] (udemy_ros2_pkg) StdoutLine: {'line': b'-- Using all available rosidl_typesupport_cpp: rosidl_typesupport_fastrtps_cpp;rosidl_typesupport_introspection_cpp\n'}
[1.346417] (udemy_ros2_pkg) StdoutLine: {'line': b'-- Found python_cmake_module: 0.10.0 (/opt/ros/humble/share/python_cmake_module/cmake)\n'}
[1.365278] (udemy_ros2_pkg) StdoutLine: {'line': b'-- Using PYTHON_EXECUTABLE: /usr/bin/python3\n'}
[1.365444] (udemy_ros2_pkg) StdoutLine: {'line': b'-- Using PYTHON_INCLUDE_DIRS: /usr/include/python3.10\n'}
[1.365520] (udemy_ros2_pkg) StdoutLine: {'line': b'-- Using PYTHON_LIBRARIES: /usr/lib/x86_64-linux-gnu/libpython3.10.so\n'}
[1.399400] (udemy_ros2_pkg) StdoutLine: {'line': b'-- Found ament_lint_auto: 0.12.11 (/opt/ros/humble/share/ament_lint_auto/cmake)\n'}
[1.403064] (-) TimerEvent: {}
[1.405954] (udemy_ros2_pkg) StdoutLine: {'line': b"-- Added test 'flake8' to check Python code syntax and style conventions\n"}
[1.406133] (udemy_ros2_pkg) StdoutLine: {'line': b"-- Added test 'lint_cmake' to check CMake code style\n"}
[1.406358] (udemy_ros2_pkg) StdoutLine: {'line': b"-- Added test 'pep257' to check Python code against some of the docstring style conventions in PEP 257\n"}
[1.407625] (udemy_ros2_pkg) StdoutLine: {'line': b"-- Added test 'xmllint' to check XML markup files\n"}
[1.408718] (udemy_ros2_pkg) StdoutLine: {'line': b'-- Configuring done\n'}
[1.435332] (udemy_ros2_pkg) StdoutLine: {'line': b'-- Generating done\n'}
[1.437592] (udemy_ros2_pkg) StdoutLine: {'line': b'-- Build files have been written to: /home/mhpromit7473/Workspaces/ros2_py_ws/build/udemy_ros2_pkg\n'}
[1.466168] (udemy_ros2_pkg) StdoutLine: {'line': b'\x1b[35m\x1b[1mConsolidate compiler generated dependencies of target udemy_ros2_pkg__rosidl_generator_c\x1b[0m\n'}
[1.475571] (udemy_ros2_pkg) StdoutLine: {'line': b'[  2%] Built target udemy_ros2_pkg__cpp\n'}
[1.477325] (udemy_ros2_pkg) StdoutLine: {'line': b'[  2%] Built target ament_cmake_python_symlink_scripts\n'}
[1.479135] (udemy_ros2_pkg) StdoutLine: {'line': b'[ 12%] Built target udemy_ros2_pkg__rosidl_generator_c\n'}
[1.480251] (udemy_ros2_pkg) StdoutLine: {'line': b'[ 12%] Built target ament_cmake_python_symlink_udemy_ros2_pkg\n'}
[1.485546] (udemy_ros2_pkg) StdoutLine: {'line': b'\x1b[35m\x1b[1mConsolidate compiler generated dependencies of target udemy_ros2_pkg__rosidl_typesupport_fastrtps_cpp\x1b[0m\n'}
[1.487299] (udemy_ros2_pkg) StdoutLine: {'line': b'\x1b[35m\x1b[1mConsolidate compiler generated dependencies of target udemy_ros2_pkg__rosidl_typesupport_c\x1b[0m\n'}
[1.488419] (udemy_ros2_pkg) StdoutLine: {'line': b'\x1b[35m\x1b[1mConsolidate compiler generated dependencies of target udemy_ros2_pkg__rosidl_typesupport_cpp\x1b[0m\n'}
[1.488642] (udemy_ros2_pkg) StdoutLine: {'line': b'\x1b[35m\x1b[1mConsolidate compiler generated dependencies of target udemy_ros2_pkg__rosidl_typesupport_introspection_cpp\x1b[0m\n'}
[1.492367] (udemy_ros2_pkg) StdoutLine: {'line': b'\x1b[35m\x1b[1mConsolidate compiler generated dependencies of target udemy_ros2_pkg__rosidl_typesupport_introspection_c\x1b[0m\n'}
[1.492914] (udemy_ros2_pkg) StdoutLine: {'line': b'\x1b[35m\x1b[1mConsolidate compiler generated dependencies of target udemy_ros2_pkg__rosidl_typesupport_fastrtps_c\x1b[0m\n'}
[1.498755] (udemy_ros2_pkg) StdoutLine: {'line': b'[ 23%] Built target udemy_ros2_pkg__rosidl_typesupport_c\n'}
[1.499619] (udemy_ros2_pkg) StdoutLine: {'line': b'[ 34%] Built target udemy_ros2_pkg__rosidl_typesupport_fastrtps_cpp\n'}
[1.501639] (udemy_ros2_pkg) StdoutLine: {'line': b'[ 44%] Built target udemy_ros2_pkg__rosidl_typesupport_cpp\n'}
[1.503160] (-) TimerEvent: {}
[1.504701] (udemy_ros2_pkg) StdoutLine: {'line': b'[ 55%] Built target udemy_ros2_pkg__rosidl_typesupport_introspection_c\n'}
[1.505371] (udemy_ros2_pkg) StdoutLine: {'line': b'[ 65%] Built target udemy_ros2_pkg__rosidl_typesupport_introspection_cpp\n'}
[1.509623] (udemy_ros2_pkg) StdoutLine: {'line': b'[ 76%] Built target udemy_ros2_pkg__rosidl_typesupport_fastrtps_c\n'}
[1.528640] (udemy_ros2_pkg) StdoutLine: {'line': b'[ 76%] Built target udemy_ros2_pkg\n'}
[1.549324] (udemy_ros2_pkg) StdoutLine: {'line': b'[ 78%] Built target udemy_ros2_pkg__py\n'}
[1.560245] (udemy_ros2_pkg) StdoutLine: {'line': b'\x1b[35m\x1b[1mConsolidate compiler generated dependencies of target udemy_ros2_pkg__rosidl_generator_py\x1b[0m\n'}
[1.574005] (udemy_ros2_pkg) StdoutLine: {'line': b'[ 87%] Built target udemy_ros2_pkg__rosidl_generator_py\n'}
[1.584312] (udemy_ros2_pkg) StdoutLine: {'line': b'\x1b[35m\x1b[1mConsolidate compiler generated dependencies of target udemy_ros2_pkg__rosidl_typesupport_c__pyext\x1b[0m\n'}
[1.584492] (udemy_ros2_pkg) StdoutLine: {'line': b'\x1b[35m\x1b[1mConsolidate compiler generated dependencies of target udemy_ros2_pkg__rosidl_typesupport_fastrtps_c__pyext\x1b[0m\n'}
[1.584588] (udemy_ros2_pkg) StdoutLine: {'line': b'\x1b[35m\x1b[1mConsolidate compiler generated dependencies of target udemy_ros2_pkg__rosidl_typesupport_introspection_c__pyext\x1b[0m\n'}
[1.598045] (udemy_ros2_pkg) StdoutLine: {'line': b'[100%] Built target udemy_ros2_pkg__rosidl_typesupport_c__pyext\n'}
[1.598241] (udemy_ros2_pkg) StdoutLine: {'line': b'[100%] Built target udemy_ros2_pkg__rosidl_typesupport_fastrtps_c__pyext\n'}
[1.598338] (udemy_ros2_pkg) StdoutLine: {'line': b'[100%] Built target udemy_ros2_pkg__rosidl_typesupport_introspection_c__pyext\n'}
[1.603242] (-) TimerEvent: {}
[1.648282] (udemy_ros2_pkg) StdoutLine: {'line': b'running egg_info\n'}
[1.648677] (udemy_ros2_pkg) StdoutLine: {'line': b'writing scripts.egg-info/PKG-INFO\n'}
[1.649039] (udemy_ros2_pkg) StdoutLine: {'line': b'writing dependency_links to scripts.egg-info/dependency_links.txt\n'}
[1.649146] (udemy_ros2_pkg) StdoutLine: {'line': b'writing top-level names to scripts.egg-info/top_level.txt\n'}
[1.650400] (udemy_ros2_pkg) StdoutLine: {'line': b"reading manifest file 'scripts.egg-info/SOURCES.txt'\n"}
[1.650852] (udemy_ros2_pkg) StdoutLine: {'line': b"writing manifest file 'scripts.egg-info/SOURCES.txt'\n"}
[1.658159] (udemy_ros2_pkg) StdoutLine: {'line': b'running egg_info\n'}
[1.658644] (udemy_ros2_pkg) StdoutLine: {'line': b'writing udemy_ros2_pkg.egg-info/PKG-INFO\n'}
[1.658772] (udemy_ros2_pkg) StdoutLine: {'line': b'writing dependency_links to udemy_ros2_pkg.egg-info/dependency_links.txt\n'}
[1.658858] (udemy_ros2_pkg) StdoutLine: {'line': b'writing top-level names to udemy_ros2_pkg.egg-info/top_level.txt\n'}
[1.660747] (udemy_ros2_pkg) StdoutLine: {'line': b"reading manifest file 'udemy_ros2_pkg.egg-info/SOURCES.txt'\n"}
[1.661007] (udemy_ros2_pkg) StdoutLine: {'line': b"writing manifest file 'udemy_ros2_pkg.egg-info/SOURCES.txt'\n"}
[1.670741] (udemy_ros2_pkg) StdoutLine: {'line': b'[100%] Built target ament_cmake_python_build_scripts_egg\n'}
[1.680633] (udemy_ros2_pkg) StdoutLine: {'line': b'[100%] Built target ament_cmake_python_build_udemy_ros2_pkg_egg\n'}
[1.688233] (udemy_ros2_pkg) CommandEnded: {'returncode': 0}
[1.703337] (-) TimerEvent: {}
[1.766754] (udemy_ros2_pkg) JobProgress: {'identifier': 'udemy_ros2_pkg', 'progress': 'install'}
[1.773986] (udemy_ros2_pkg) Command: {'cmd': ['/usr/bin/cmake', '--install', '/home/mhpromit7473/Workspaces/ros2_py_ws/build/udemy_ros2_pkg'], 'cwd': '/home/mhpromit7473/Workspaces/ros2_py_ws/build/udemy_ros2_pkg', 'env': OrderedDict([('GJS_DEBUG_TOPICS', 'JS ERROR;JS LOG'), ('LESSOPEN', '| /usr/bin/lesspipe %s'), ('USER', 'mhpromit7473'), ('LC_TIME', 'en_US.UTF-8'), ('XDG_SESSION_TYPE', 'wayland'), ('GIT_ASKPASS', '/usr/share/code/resources/app/extensions/git/dist/askpass.sh'), ('SHLVL', '1'), ('LD_LIBRARY_PATH', '/home/mhpromit7473/Workspaces/ros2_py_ws/install/udemy_ros2_pkg/lib:/opt/ros/humble/opt/rviz_ogre_vendor/lib:/opt/ros/humble/lib/x86_64-linux-gnu:/opt/ros/humble/lib'), ('HOME', '/home/mhpromit7473'), ('CHROME_DESKTOP', 'code-url-handler.desktop'), ('TERM_PROGRAM_VERSION', '1.94.0'), ('DESKTOP_SESSION', 'ubuntu'), ('GIO_LAUNCHED_DESKTOP_FILE', '/usr/share/applications/code.desktop'), ('ROS_PYTHON_VERSION', '3'), ('GNOME_SHELL_SESSION_MODE', 'ubuntu'), ('GTK_MODULES', 'gail:atk-bridge'), ('VSCODE_GIT_ASKPASS_MAIN', '/usr/share/code/resources/app/extensions/git/dist/askpass-main.js'), ('LC_MONETARY', 'en_US.UTF-8'), ('VSCODE_GIT_ASKPASS_NODE', '/usr/share/code/code'), ('MANAGERPID', '88752'), ('SYSTEMD_EXEC_PID', '88953'), ('IM_CONFIG_CHECK_ENV', '1'), ('DBUS_SESSION_BUS_ADDRESS', 'unix:path=/run/user/1000/bus'), ('COLORTERM', 'truecolor'), ('GIO_LAUNCHED_DESKTOP_FILE_PID', '100736'), ('IM_CONFIG_PHASE', '1'), ('WAYLAND_DISPLAY', 'wayland-0'), ('COLCON_PREFIX_PATH', '/home/mhpromit7473/Workspaces/ros2_py_ws/install'), ('ROS_DISTRO', 'humble'), ('LOGNAME', 'mhpromit7473'), ('JOURNAL_STREAM', '8:3660610'), ('_', '/usr/bin/colcon'), ('ROS_VERSION', '2'), ('XDG_SESSION_CLASS', 'user'), ('USERNAME', 'mhpromit7473'), ('TERM', 'xterm-256color'), ('GNOME_DESKTOP_SESSION_ID', 'this-is-deprecated'), ('ROS_LOCALHOST_ONLY', '0'), ('PATH', '/home/mhpromit7473/.local/bin:/opt/ros/humble/bin:/home/mhpromit7473/.local/bin:/usr/local/sbin:/usr/local/bin:/usr/sbin:/usr/bin:/sbin:/bin:/usr/games:/usr/local/games:/snap/bin:/snap/bin'), ('SESSION_MANAGER', 'local/rosdev:@/tmp/.ICE-unix/88924,unix/rosdev:/tmp/.ICE-unix/88924'), ('INVOCATION_ID', '28115835f77a4b959e3938aa7ec5d0ac'), ('PAPERSIZE', 'letter'), ('XDG_MENU_PREFIX', 'gnome-'), ('LC_ADDRESS', 'en_US.UTF-8'), ('GNOME_SETUP_DISPLAY', ':1'), ('XDG_RUNTIME_DIR', '/run/user/1000'), ('GDK_BACKEND', 'x11'), ('DISPLAY', ':0'), ('LANG', 'en_US.UTF-8'), ('XDG_CURRENT_DESKTOP', 'Unity'), ('LC_TELEPHONE', 'en_US.UTF-8'), ('XMODIFIERS', '@im=ibus'), ('XDG_SESSION_DESKTOP', 'ubuntu'), ('XAUTHORITY', '/run/user/1000/.mutter-Xwaylandauth.SA2FV2'), ('LS_COLORS', ''), ('VSCODE_GIT_IPC_HANDLE', '/run/user/1000/vscode-git-9b70c361e7.sock'), ('TERM_PROGRAM', 'vscode'), ('SSH_AGENT_LAUNCHER', 'gnome-keyring'), ('SSH_AUTH_SOCK', '/run/user/1000/keyring/ssh'), ('AMENT_PREFIX_PATH', '/home/mhpromit7473/Workspaces/ros2_py_ws/install/udemy_ros2_pkg:/opt/ros/humble'), ('ORIGINAL_XDG_CURRENT_DESKTOP', 'ubuntu:GNOME'), ('SHELL', '/bin/bash'), ('LC_NAME', 'en_US.UTF-8'), ('QT_ACCESSIBILITY', '1'), ('GDMSESSION', 'ubuntu'), ('LESSCLOSE', '/usr/bin/lesspipe %s %s'), ('LC_MEASUREMENT', 'en_US.UTF-8'), ('GJS_DEBUG_OUTPUT', 'stderr'), ('LC_IDENTIFICATION', 'en_US.UTF-8'), ('VSCODE_GIT_ASKPASS_EXTRA_ARGS', ''), ('QT_IM_MODULE', 'ibus'), ('PWD', '/home/mhpromit7473/Workspaces/ros2_py_ws/build/udemy_ros2_pkg'), ('LC_ALL', 'en_US.UTF-8'), ('XDG_CONFIG_DIRS', '/etc/xdg/xdg-ubuntu:/etc/xdg'), ('XDG_DATA_DIRS', '/usr/share/ubuntu:/usr/local/share/:/usr/share/:/var/lib/snapd/desktop'), ('PYTHONPATH', '/home/mhpromit7473/Workspaces/ros2_py_ws/install/udemy_ros2_pkg/local/lib/python3.10/dist-packages:/opt/ros/humble/lib/python3.10/site-packages:/opt/ros/humble/local/lib/python3.10/dist-packages'), ('LC_NUMERIC', 'en_US.UTF-8'), ('LC_PAPER', 'en_US.UTF-8'), ('COLCON', '1'), ('CMAKE_PREFIX_PATH', '/home/mhpromit7473/Workspaces/ros2_py_ws/install/udemy_ros2_pkg:/opt/ros/humble')]), 'shell': False}
[1.779223] (udemy_ros2_pkg) StdoutLine: {'line': b'-- Install configuration: ""\n'}
[1.779648] (udemy_ros2_pkg) StdoutLine: {'line': b'-- Execute custom install script\n'}
[1.779785] (udemy_ros2_pkg) StdoutLine: {'line': b'-- Up-to-date symlink: /home/mhpromit7473/Workspaces/ros2_py_ws/install/udemy_ros2_pkg/share/ament_index/resource_index/rosidl_interfaces/udemy_ros2_pkg\n'}
[1.780067] (udemy_ros2_pkg) StdoutLine: {'line': b'-- Up-to-date symlink: /home/mhpromit7473/Workspaces/ros2_py_ws/install/udemy_ros2_pkg/include/udemy_ros2_pkg/udemy_ros2_pkg/action/detail/navigate__functions.h\n'}
[1.780147] (udemy_ros2_pkg) StdoutLine: {'line': b'-- Up-to-date symlink: /home/mhpromit7473/Workspaces/ros2_py_ws/install/udemy_ros2_pkg/include/udemy_ros2_pkg/udemy_ros2_pkg/action/detail/navigate__struct.h\n'}
[1.780239] (udemy_ros2_pkg) StdoutLine: {'line': b'-- Up-to-date symlink: /home/mhpromit7473/Workspaces/ros2_py_ws/install/udemy_ros2_pkg/include/udemy_ros2_pkg/udemy_ros2_pkg/action/detail/navigate__type_support.h\n'}
[1.780316] (udemy_ros2_pkg) StdoutLine: {'line': b'-- Up-to-date symlink: /home/mhpromit7473/Workspaces/ros2_py_ws/install/udemy_ros2_pkg/include/udemy_ros2_pkg/udemy_ros2_pkg/action/navigate.h\n'}
[1.780436] (udemy_ros2_pkg) StdoutLine: {'line': b'-- Up-to-date symlink: /home/mhpromit7473/Workspaces/ros2_py_ws/install/udemy_ros2_pkg/include/udemy_ros2_pkg/udemy_ros2_pkg/msg/rosidl_generator_c__visibility_control.h\n'}
[1.780612] (udemy_ros2_pkg) StdoutLine: {'line': b'-- Up-to-date symlink: /home/mhpromit7473/Workspaces/ros2_py_ws/install/udemy_ros2_pkg/include/udemy_ros2_pkg/udemy_ros2_pkg/srv/detail/odd_even_check__functions.h\n'}
[1.780719] (udemy_ros2_pkg) StdoutLine: {'line': b'-- Up-to-date symlink: /home/mhpromit7473/Workspaces/ros2_py_ws/install/udemy_ros2_pkg/include/udemy_ros2_pkg/udemy_ros2_pkg/srv/detail/odd_even_check__struct.h\n'}
[1.780790] (udemy_ros2_pkg) StdoutLine: {'line': b'-- Up-to-date symlink: /home/mhpromit7473/Workspaces/ros2_py_ws/install/udemy_ros2_pkg/include/udemy_ros2_pkg/udemy_ros2_pkg/srv/detail/odd_even_check__type_support.h\n'}
[1.780858] (udemy_ros2_pkg) StdoutLine: {'line': b'-- Up-to-date symlink: /home/mhpromit7473/Workspaces/ros2_py_ws/install/udemy_ros2_pkg/include/udemy_ros2_pkg/udemy_ros2_pkg/srv/detail/turn_camera__functions.h\n'}
[1.780943] (udemy_ros2_pkg) StdoutLine: {'line': b'-- Up-to-date symlink: /home/mhpromit7473/Workspaces/ros2_py_ws/install/udemy_ros2_pkg/include/udemy_ros2_pkg/udemy_ros2_pkg/srv/detail/turn_camera__struct.h\n'}
[1.781011] (udemy_ros2_pkg) StdoutLine: {'line': b'-- Up-to-date symlink: /home/mhpromit7473/Workspaces/ros2_py_ws/install/udemy_ros2_pkg/include/udemy_ros2_pkg/udemy_ros2_pkg/srv/detail/turn_camera__type_support.h\n'}
[1.781071] (udemy_ros2_pkg) StdoutLine: {'line': b'-- Up-to-date symlink: /home/mhpromit7473/Workspaces/ros2_py_ws/install/udemy_ros2_pkg/include/udemy_ros2_pkg/udemy_ros2_pkg/srv/odd_even_check.h\n'}
[1.781135] (udemy_ros2_pkg) StdoutLine: {'line': b'-- Up-to-date symlink: /home/mhpromit7473/Workspaces/ros2_py_ws/install/udemy_ros2_pkg/include/udemy_ros2_pkg/udemy_ros2_pkg/srv/turn_camera.h\n'}
[1.781198] (udemy_ros2_pkg) StdoutLine: {'line': b'-- Up-to-date symlink: /home/mhpromit7473/Workspaces/ros2_py_ws/install/udemy_ros2_pkg/share/udemy_ros2_pkg/environment/library_path.sh\n'}
[1.781259] (udemy_ros2_pkg) StdoutLine: {'line': b'-- Up-to-date symlink: /home/mhpromit7473/Workspaces/ros2_py_ws/install/udemy_ros2_pkg/share/udemy_ros2_pkg/environment/library_path.dsv\n'}
[1.781339] (udemy_ros2_pkg) StdoutLine: {'line': b'-- Up-to-date symlink: /home/mhpromit7473/Workspaces/ros2_py_ws/install/udemy_ros2_pkg/include/udemy_ros2_pkg/udemy_ros2_pkg/action/detail/navigate__rosidl_typesupport_fastrtps_c.h\n'}
[1.781437] (udemy_ros2_pkg) StdoutLine: {'line': b'-- Up-to-date symlink: /home/mhpromit7473/Workspaces/ros2_py_ws/install/udemy_ros2_pkg/include/udemy_ros2_pkg/udemy_ros2_pkg/msg/rosidl_typesupport_fastrtps_c__visibility_control.h\n'}
[1.781520] (udemy_ros2_pkg) StdoutLine: {'line': b'-- Up-to-date symlink: /home/mhpromit7473/Workspaces/ros2_py_ws/install/udemy_ros2_pkg/include/udemy_ros2_pkg/udemy_ros2_pkg/srv/detail/odd_even_check__rosidl_typesupport_fastrtps_c.h\n'}
[1.781612] (udemy_ros2_pkg) StdoutLine: {'line': b'-- Up-to-date symlink: /home/mhpromit7473/Workspaces/ros2_py_ws/install/udemy_ros2_pkg/include/udemy_ros2_pkg/udemy_ros2_pkg/srv/detail/turn_camera__rosidl_typesupport_fastrtps_c.h\n'}
[1.781672] (udemy_ros2_pkg) StdoutLine: {'line': b'-- Up-to-date symlink: /home/mhpromit7473/Workspaces/ros2_py_ws/install/udemy_ros2_pkg/include/udemy_ros2_pkg/udemy_ros2_pkg/action/detail/navigate__rosidl_typesupport_introspection_c.h\n'}
[1.781729] (udemy_ros2_pkg) StdoutLine: {'line': b'-- Up-to-date symlink: /home/mhpromit7473/Workspaces/ros2_py_ws/install/udemy_ros2_pkg/include/udemy_ros2_pkg/udemy_ros2_pkg/msg/rosidl_typesupport_introspection_c__visibility_control.h\n'}
[1.781787] (udemy_ros2_pkg) StdoutLine: {'line': b'-- Up-to-date symlink: /home/mhpromit7473/Workspaces/ros2_py_ws/install/udemy_ros2_pkg/include/udemy_ros2_pkg/udemy_ros2_pkg/srv/detail/odd_even_check__rosidl_typesupport_introspection_c.h\n'}
[1.781848] (udemy_ros2_pkg) StdoutLine: {'line': b'-- Up-to-date symlink: /home/mhpromit7473/Workspaces/ros2_py_ws/install/udemy_ros2_pkg/include/udemy_ros2_pkg/udemy_ros2_pkg/srv/detail/turn_camera__rosidl_typesupport_introspection_c.h\n'}
[1.781926] (udemy_ros2_pkg) StdoutLine: {'line': b'-- Up-to-date symlink: /home/mhpromit7473/Workspaces/ros2_py_ws/install/udemy_ros2_pkg/include/udemy_ros2_pkg/udemy_ros2_pkg/action/detail/navigate__builder.hpp\n'}
[1.782021] (udemy_ros2_pkg) StdoutLine: {'line': b'-- Up-to-date symlink: /home/mhpromit7473/Workspaces/ros2_py_ws/install/udemy_ros2_pkg/include/udemy_ros2_pkg/udemy_ros2_pkg/action/detail/navigate__struct.hpp\n'}
[1.782082] (udemy_ros2_pkg) StdoutLine: {'line': b'-- Up-to-date symlink: /home/mhpromit7473/Workspaces/ros2_py_ws/install/udemy_ros2_pkg/include/udemy_ros2_pkg/udemy_ros2_pkg/action/detail/navigate__traits.hpp\n'}
[1.782142] (udemy_ros2_pkg) StdoutLine: {'line': b'-- Up-to-date symlink: /home/mhpromit7473/Workspaces/ros2_py_ws/install/udemy_ros2_pkg/include/udemy_ros2_pkg/udemy_ros2_pkg/action/navigate.hpp\n'}
[1.782202] (udemy_ros2_pkg) StdoutLine: {'line': b'-- Up-to-date symlink: /home/mhpromit7473/Workspaces/ros2_py_ws/install/udemy_ros2_pkg/include/udemy_ros2_pkg/udemy_ros2_pkg/srv/detail/odd_even_check__builder.hpp\n'}
[1.782293] (udemy_ros2_pkg) StdoutLine: {'line': b'-- Up-to-date symlink: /home/mhpromit7473/Workspaces/ros2_py_ws/install/udemy_ros2_pkg/include/udemy_ros2_pkg/udemy_ros2_pkg/srv/detail/odd_even_check__struct.hpp\n'}
[1.782353] (udemy_ros2_pkg) StdoutLine: {'line': b'-- Up-to-date symlink: /home/mhpromit7473/Workspaces/ros2_py_ws/install/udemy_ros2_pkg/include/udemy_ros2_pkg/udemy_ros2_pkg/srv/detail/odd_even_check__traits.hpp\n'}
[1.782423] (udemy_ros2_pkg) StdoutLine: {'line': b'-- Up-to-date symlink: /home/mhpromit7473/Workspaces/ros2_py_ws/install/udemy_ros2_pkg/include/udemy_ros2_pkg/udemy_ros2_pkg/srv/detail/turn_camera__builder.hpp\n'}
[1.782487] (udemy_ros2_pkg) StdoutLine: {'line': b'-- Up-to-date symlink: /home/mhpromit7473/Workspaces/ros2_py_ws/install/udemy_ros2_pkg/include/udemy_ros2_pkg/udemy_ros2_pkg/srv/detail/turn_camera__struct.hpp\n'}
[1.782553] (udemy_ros2_pkg) StdoutLine: {'line': b'-- Up-to-date symlink: /home/mhpromit7473/Workspaces/ros2_py_ws/install/udemy_ros2_pkg/include/udemy_ros2_pkg/udemy_ros2_pkg/srv/detail/turn_camera__traits.hpp\n'}
[1.782612] (udemy_ros2_pkg) StdoutLine: {'line': b'-- Up-to-date symlink: /home/mhpromit7473/Workspaces/ros2_py_ws/install/udemy_ros2_pkg/include/udemy_ros2_pkg/udemy_ros2_pkg/srv/odd_even_check.hpp\n'}
[1.782723] (udemy_ros2_pkg) StdoutLine: {'line': b'-- Up-to-date symlink: /home/mhpromit7473/Workspaces/ros2_py_ws/install/udemy_ros2_pkg/include/udemy_ros2_pkg/udemy_ros2_pkg/srv/turn_camera.hpp\n'}
[1.782843] (udemy_ros2_pkg) StdoutLine: {'line': b'-- Up-to-date symlink: /home/mhpromit7473/Workspaces/ros2_py_ws/install/udemy_ros2_pkg/include/udemy_ros2_pkg/udemy_ros2_pkg/action/detail/navigate__rosidl_typesupport_fastrtps_cpp.hpp\n'}
[1.782904] (udemy_ros2_pkg) StdoutLine: {'line': b'-- Up-to-date symlink: /home/mhpromit7473/Workspaces/ros2_py_ws/install/udemy_ros2_pkg/include/udemy_ros2_pkg/udemy_ros2_pkg/msg/rosidl_typesupport_fastrtps_cpp__visibility_control.h\n'}
[1.782986] (udemy_ros2_pkg) StdoutLine: {'line': b'-- Up-to-date symlink: /home/mhpromit7473/Workspaces/ros2_py_ws/install/udemy_ros2_pkg/include/udemy_ros2_pkg/udemy_ros2_pkg/srv/detail/odd_even_check__rosidl_typesupport_fastrtps_cpp.hpp\n'}
[1.783045] (udemy_ros2_pkg) StdoutLine: {'line': b'-- Up-to-date symlink: /home/mhpromit7473/Workspaces/ros2_py_ws/install/udemy_ros2_pkg/include/udemy_ros2_pkg/udemy_ros2_pkg/srv/detail/turn_camera__rosidl_typesupport_fastrtps_cpp.hpp\n'}
[1.783104] (udemy_ros2_pkg) StdoutLine: {'line': b'-- Up-to-date symlink: /home/mhpromit7473/Workspaces/ros2_py_ws/install/udemy_ros2_pkg/include/udemy_ros2_pkg/udemy_ros2_pkg/action/detail/navigate__rosidl_typesupport_introspection_cpp.hpp\n'}
[1.783164] (udemy_ros2_pkg) StdoutLine: {'line': b'-- Up-to-date symlink: /home/mhpromit7473/Workspaces/ros2_py_ws/install/udemy_ros2_pkg/include/udemy_ros2_pkg/udemy_ros2_pkg/srv/detail/odd_even_check__rosidl_typesupport_introspection_cpp.hpp\n'}
[1.783247] (udemy_ros2_pkg) StdoutLine: {'line': b'-- Up-to-date symlink: /home/mhpromit7473/Workspaces/ros2_py_ws/install/udemy_ros2_pkg/include/udemy_ros2_pkg/udemy_ros2_pkg/srv/detail/turn_camera__rosidl_typesupport_introspection_cpp.hpp\n'}
[1.783347] (udemy_ros2_pkg) StdoutLine: {'line': b'-- Up-to-date symlink: /home/mhpromit7473/Workspaces/ros2_py_ws/install/udemy_ros2_pkg/share/udemy_ros2_pkg/environment/pythonpath.sh\n'}
[1.783430] (udemy_ros2_pkg) StdoutLine: {'line': b'-- Up-to-date symlink: /home/mhpromit7473/Workspaces/ros2_py_ws/install/udemy_ros2_pkg/share/udemy_ros2_pkg/environment/pythonpath.dsv\n'}
[1.783497] (udemy_ros2_pkg) StdoutLine: {'line': b'-- Up-to-date symlink: /home/mhpromit7473/Workspaces/ros2_py_ws/install/udemy_ros2_pkg/local/lib/python3.10/dist-packages/udemy_ros2_pkg-0.0.0-py3.10.egg-info/PKG-INFO\n'}
[1.783558] (udemy_ros2_pkg) StdoutLine: {'line': b'-- Up-to-date symlink: /home/mhpromit7473/Workspaces/ros2_py_ws/install/udemy_ros2_pkg/local/lib/python3.10/dist-packages/udemy_ros2_pkg-0.0.0-py3.10.egg-info/SOURCES.txt\n'}
[1.783623] (udemy_ros2_pkg) StdoutLine: {'line': b'-- Up-to-date symlink: /home/mhpromit7473/Workspaces/ros2_py_ws/install/udemy_ros2_pkg/local/lib/python3.10/dist-packages/udemy_ros2_pkg-0.0.0-py3.10.egg-info/dependency_links.txt\n'}
[1.783683] (udemy_ros2_pkg) StdoutLine: {'line': b'-- Up-to-date symlink: /home/mhpromit7473/Workspaces/ros2_py_ws/install/udemy_ros2_pkg/local/lib/python3.10/dist-packages/udemy_ros2_pkg-0.0.0-py3.10.egg-info/top_level.txt\n'}
[1.783770] (udemy_ros2_pkg) StdoutLine: {'line': b'-- Up-to-date symlink: /home/mhpromit7473/Workspaces/ros2_py_ws/install/udemy_ros2_pkg/local/lib/python3.10/dist-packages/udemy_ros2_pkg/__init__.py\n'}
[1.783836] (udemy_ros2_pkg) StdoutLine: {'line': b'-- Up-to-date symlink: /home/mhpromit7473/Workspaces/ros2_py_ws/install/udemy_ros2_pkg/local/lib/python3.10/dist-packages/udemy_ros2_pkg/_udemy_ros2_pkg_s.ep.rosidl_typesupport_c.c\n'}
[1.783916] (udemy_ros2_pkg) StdoutLine: {'line': b'-- Up-to-date symlink: /home/mhpromit7473/Workspaces/ros2_py_ws/install/udemy_ros2_pkg/local/lib/python3.10/dist-packages/udemy_ros2_pkg/_udemy_ros2_pkg_s.ep.rosidl_typesupport_fastrtps_c.c\n'}
[1.784011] (udemy_ros2_pkg) StdoutLine: {'line': b'-- Up-to-date symlink: /home/mhpromit7473/Workspaces/ros2_py_ws/install/udemy_ros2_pkg/local/lib/python3.10/dist-packages/udemy_ros2_pkg/_udemy_ros2_pkg_s.ep.rosidl_typesupport_introspection_c.c\n'}
[1.784073] (udemy_ros2_pkg) StdoutLine: {'line': b'-- Up-to-date symlink: /home/mhpromit7473/Workspaces/ros2_py_ws/install/udemy_ros2_pkg/local/lib/python3.10/dist-packages/udemy_ros2_pkg/action/__init__.py\n'}
[1.784133] (udemy_ros2_pkg) StdoutLine: {'line': b'-- Up-to-date symlink: /home/mhpromit7473/Workspaces/ros2_py_ws/install/udemy_ros2_pkg/local/lib/python3.10/dist-packages/udemy_ros2_pkg/action/_navigate.py\n'}
[1.784192] (udemy_ros2_pkg) StdoutLine: {'line': b'-- Up-to-date symlink: /home/mhpromit7473/Workspaces/ros2_py_ws/install/udemy_ros2_pkg/local/lib/python3.10/dist-packages/udemy_ros2_pkg/action/_navigate_s.c\n'}
[1.784274] (udemy_ros2_pkg) StdoutLine: {'line': b'-- Up-to-date symlink: /home/mhpromit7473/Workspaces/ros2_py_ws/install/udemy_ros2_pkg/local/lib/python3.10/dist-packages/udemy_ros2_pkg/libudemy_ros2_pkg__rosidl_generator_py.so\n'}
[1.784336] (udemy_ros2_pkg) StdoutLine: {'line': b'-- Up-to-date symlink: /home/mhpromit7473/Workspaces/ros2_py_ws/install/udemy_ros2_pkg/local/lib/python3.10/dist-packages/udemy_ros2_pkg/srv/__init__.py\n'}
[1.784400] (udemy_ros2_pkg) StdoutLine: {'line': b'-- Up-to-date symlink: /home/mhpromit7473/Workspaces/ros2_py_ws/install/udemy_ros2_pkg/local/lib/python3.10/dist-packages/udemy_ros2_pkg/srv/_odd_even_check.py\n'}
[1.784489] (udemy_ros2_pkg) StdoutLine: {'line': b'-- Up-to-date symlink: /home/mhpromit7473/Workspaces/ros2_py_ws/install/udemy_ros2_pkg/local/lib/python3.10/dist-packages/udemy_ros2_pkg/srv/_odd_even_check_s.c\n'}
[1.784558] (udemy_ros2_pkg) StdoutLine: {'line': b'-- Up-to-date symlink: /home/mhpromit7473/Workspaces/ros2_py_ws/install/udemy_ros2_pkg/local/lib/python3.10/dist-packages/udemy_ros2_pkg/srv/_turn_camera.py\n'}
[1.784622] (udemy_ros2_pkg) StdoutLine: {'line': b'-- Up-to-date symlink: /home/mhpromit7473/Workspaces/ros2_py_ws/install/udemy_ros2_pkg/local/lib/python3.10/dist-packages/udemy_ros2_pkg/srv/_turn_camera_s.c\n'}
[1.784686] (udemy_ros2_pkg) StdoutLine: {'line': b'-- Up-to-date symlink: /home/mhpromit7473/Workspaces/ros2_py_ws/install/udemy_ros2_pkg/local/lib/python3.10/dist-packages/udemy_ros2_pkg/udemy_ros2_pkg_s__rosidl_typesupport_c.cpython-310-x86_64-linux-gnu.so\n'}
[1.784750] (udemy_ros2_pkg) StdoutLine: {'line': b'-- Up-to-date symlink: /home/mhpromit7473/Workspaces/ros2_py_ws/install/udemy_ros2_pkg/local/lib/python3.10/dist-packages/udemy_ros2_pkg/udemy_ros2_pkg_s__rosidl_typesupport_fastrtps_c.cpython-310-x86_64-linux-gnu.so\n'}
[1.784838] (udemy_ros2_pkg) StdoutLine: {'line': b'-- Up-to-date symlink: /home/mhpromit7473/Workspaces/ros2_py_ws/install/udemy_ros2_pkg/local/lib/python3.10/dist-packages/udemy_ros2_pkg/udemy_ros2_pkg_s__rosidl_typesupport_introspection_c.cpython-310-x86_64-linux-gnu.so\n'}
[1.784917] (udemy_ros2_pkg) StdoutLine: {'line': b'-- Up-to-date symlink: /home/mhpromit7473/Workspaces/ros2_py_ws/install/udemy_ros2_pkg/local/lib/python3.10/dist-packages/udemy_ros2_pkg/udemy_ros2_pkg_s__rosidl_typesupport_fastrtps_c.cpython-310-x86_64-linux-gnu.so\n'}
[1.784996] (udemy_ros2_pkg) StdoutLine: {'line': b'-- Up-to-date symlink: /home/mhpromit7473/Workspaces/ros2_py_ws/install/udemy_ros2_pkg/local/lib/python3.10/dist-packages/udemy_ros2_pkg/udemy_ros2_pkg_s__rosidl_typesupport_introspection_c.cpython-310-x86_64-linux-gnu.so\n'}
[1.785061] (udemy_ros2_pkg) StdoutLine: {'line': b'-- Up-to-date symlink: /home/mhpromit7473/Workspaces/ros2_py_ws/install/udemy_ros2_pkg/local/lib/python3.10/dist-packages/udemy_ros2_pkg/udemy_ros2_pkg_s__rosidl_typesupport_c.cpython-310-x86_64-linux-gnu.so\n'}
[1.785124] (udemy_ros2_pkg) StdoutLine: {'line': b'-- Up-to-date symlink: /home/mhpromit7473/Workspaces/ros2_py_ws/install/udemy_ros2_pkg/share/udemy_ros2_pkg/srv/OddEvenCheck.idl\n'}
[1.785188] (udemy_ros2_pkg) StdoutLine: {'line': b'-- Up-to-date symlink: /home/mhpromit7473/Workspaces/ros2_py_ws/install/udemy_ros2_pkg/share/udemy_ros2_pkg/srv/TurnCamera.idl\n'}
[1.785268] (udemy_ros2_pkg) StdoutLine: {'line': b'-- Up-to-date symlink: /home/mhpromit7473/Workspaces/ros2_py_ws/install/udemy_ros2_pkg/share/udemy_ros2_pkg/action/Navigate.idl\n'}
[1.785364] (udemy_ros2_pkg) StdoutLine: {'line': b'-- Up-to-date symlink: /home/mhpromit7473/Workspaces/ros2_py_ws/install/udemy_ros2_pkg/share/udemy_ros2_pkg/srv/OddEvenCheck.srv\n'}
[1.785455] (udemy_ros2_pkg) StdoutLine: {'line': b'-- Up-to-date symlink: /home/mhpromit7473/Workspaces/ros2_py_ws/install/udemy_ros2_pkg/share/udemy_ros2_pkg/srv/OddEvenCheck_Request.msg\n'}
[1.785531] (udemy_ros2_pkg) StdoutLine: {'line': b'-- Up-to-date symlink: /home/mhpromit7473/Workspaces/ros2_py_ws/install/udemy_ros2_pkg/share/udemy_ros2_pkg/srv/OddEvenCheck_Response.msg\n'}
[1.785592] (udemy_ros2_pkg) StdoutLine: {'line': b'-- Up-to-date symlink: /home/mhpromit7473/Workspaces/ros2_py_ws/install/udemy_ros2_pkg/share/udemy_ros2_pkg/srv/TurnCamera.srv\n'}
[1.785655] (udemy_ros2_pkg) StdoutLine: {'line': b'-- Up-to-date symlink: /home/mhpromit7473/Workspaces/ros2_py_ws/install/udemy_ros2_pkg/share/udemy_ros2_pkg/srv/TurnCamera_Request.msg\n'}
[1.785719] (udemy_ros2_pkg) StdoutLine: {'line': b'-- Up-to-date symlink: /home/mhpromit7473/Workspaces/ros2_py_ws/install/udemy_ros2_pkg/share/udemy_ros2_pkg/srv/TurnCamera_Response.msg\n'}
[1.785782] (udemy_ros2_pkg) StdoutLine: {'line': b'-- Up-to-date symlink: /home/mhpromit7473/Workspaces/ros2_py_ws/install/udemy_ros2_pkg/share/udemy_ros2_pkg/action/Navigate.action\n'}
[1.785868] (udemy_ros2_pkg) StdoutLine: {'line': b'-- Up-to-date symlink: /home/mhpromit7473/Workspaces/ros2_py_ws/install/udemy_ros2_pkg/local/lib/python3.10/dist-packages/scripts-0.0.0-py3.10.egg-info/PKG-INFO\n'}
[1.785928] (udemy_ros2_pkg) StdoutLine: {'line': b'-- Up-to-date symlink: /home/mhpromit7473/Workspaces/ros2_py_ws/install/udemy_ros2_pkg/local/lib/python3.10/dist-packages/scripts-0.0.0-py3.10.egg-info/SOURCES.txt\n'}
[1.785998] (udemy_ros2_pkg) StdoutLine: {'line': b'-- Up-to-date symlink: /home/mhpromit7473/Workspaces/ros2_py_ws/install/udemy_ros2_pkg/local/lib/python3.10/dist-packages/scripts-0.0.0-py3.10.egg-info/dependency_links.txt\n'}
[1.786062] (udemy_ros2_pkg) StdoutLine: {'line': b'-- Up-to-date symlink: /home/mhpromit7473/Workspaces/ros2_py_ws/install/udemy_ros2_pkg/local/lib/python3.10/dist-packages/scripts-0.0.0-py3.10.egg-info/top_level.txt\n'}
[1.786125] (udemy_ros2_pkg) StdoutLine: {'line': b'-- Up-to-date symlink: /home/mhpromit7473/Workspaces/ros2_py_ws/install/udemy_ros2_pkg/local/lib/python3.10/dist-packages/scripts/__init__.py\n'}
[1.786205] (udemy_ros2_pkg) StdoutLine: {'line': b'-- Up-to-date symlink: /home/mhpromit7473/Workspaces/ros2_py_ws/install/udemy_ros2_pkg/local/lib/python3.10/dist-packages/scripts/action_client.py\n'}
[1.786303] (udemy_ros2_pkg) StdoutLine: {'line': b'-- Up-to-date symlink: /home/mhpromit7473/Workspaces/ros2_py_ws/install/udemy_ros2_pkg/local/lib/python3.10/dist-packages/scripts/action_server.py\n'}
[1.786370] (udemy_ros2_pkg) StdoutLine: {'line': b'-- Up-to-date symlink: /home/mhpromit7473/Workspaces/ros2_py_ws/install/udemy_ros2_pkg/local/lib/python3.10/dist-packages/scripts/publisher.py\n'}
[1.786474] (udemy_ros2_pkg) StdoutLine: {'line': b'-- Up-to-date symlink: /home/mhpromit7473/Workspaces/ros2_py_ws/install/udemy_ros2_pkg/local/lib/python3.10/dist-packages/scripts/rpm_pub.py\n'}
[1.786546] (udemy_ros2_pkg) StdoutLine: {'line': b'-- Up-to-date symlink: /home/mhpromit7473/Workspaces/ros2_py_ws/install/udemy_ros2_pkg/local/lib/python3.10/dist-packages/scripts/service_client.py\n'}
[1.786613] (udemy_ros2_pkg) StdoutLine: {'line': b'-- Up-to-date symlink: /home/mhpromit7473/Workspaces/ros2_py_ws/install/udemy_ros2_pkg/local/lib/python3.10/dist-packages/scripts/service_server.py\n'}
[1.786686] (udemy_ros2_pkg) StdoutLine: {'line': b'-- Up-to-date symlink: /home/mhpromit7473/Workspaces/ros2_py_ws/install/udemy_ros2_pkg/local/lib/python3.10/dist-packages/scripts/speed_calc.py\n'}
[1.786755] (udemy_ros2_pkg) StdoutLine: {'line': b'-- Up-to-date symlink: /home/mhpromit7473/Workspaces/ros2_py_ws/install/udemy_ros2_pkg/local/lib/python3.10/dist-packages/scripts/subscriber.py\n'}
[1.786822] (udemy_ros2_pkg) StdoutLine: {'line': b'-- Up-to-date symlink: /home/mhpromit7473/Workspaces/ros2_py_ws/install/udemy_ros2_pkg/local/lib/python3.10/dist-packages/scripts/turn_camera_client.py\n'}
[1.786887] (udemy_ros2_pkg) StdoutLine: {'line': b'-- Up-to-date symlink: /home/mhpromit7473/Workspaces/ros2_py_ws/install/udemy_ros2_pkg/local/lib/python3.10/dist-packages/scripts/turn_camera_server.py\n'}
[1.786970] (udemy_ros2_pkg) StdoutLine: {'line': b'-- Up-to-date symlink: /home/mhpromit7473/Workspaces/ros2_py_ws/install/udemy_ros2_pkg/lib/udemy_ros2_pkg/publisher.py\n'}
[1.787067] (udemy_ros2_pkg) StdoutLine: {'line': b'-- Up-to-date symlink: /home/mhpromit7473/Workspaces/ros2_py_ws/install/udemy_ros2_pkg/lib/udemy_ros2_pkg/subscriber.py\n'}
[1.787134] (udemy_ros2_pkg) StdoutLine: {'line': b'-- Up-to-date symlink: /home/mhpromit7473/Workspaces/ros2_py_ws/install/udemy_ros2_pkg/lib/udemy_ros2_pkg/rpm_pub.py\n'}
[1.787200] (udemy_ros2_pkg) StdoutLine: {'line': b'-- Up-to-date symlink: /home/mhpromit7473/Workspaces/ros2_py_ws/install/udemy_ros2_pkg/lib/udemy_ros2_pkg/speed_calc.py\n'}
[1.787263] (udemy_ros2_pkg) StdoutLine: {'line': b'-- Up-to-date symlink: /home/mhpromit7473/Workspaces/ros2_py_ws/install/udemy_ros2_pkg/lib/udemy_ros2_pkg/service_server.py\n'}
[1.787326] (udemy_ros2_pkg) StdoutLine: {'line': b'-- Up-to-date symlink: /home/mhpromit7473/Workspaces/ros2_py_ws/install/udemy_ros2_pkg/lib/udemy_ros2_pkg/service_client.py\n'}
[1.787396] (udemy_ros2_pkg) StdoutLine: {'line': b'-- Up-to-date symlink: /home/mhpromit7473/Workspaces/ros2_py_ws/install/udemy_ros2_pkg/lib/udemy_ros2_pkg/turn_camera_server.py\n'}
[1.787491] (udemy_ros2_pkg) StdoutLine: {'line': b'-- Up-to-date symlink: /home/mhpromit7473/Workspaces/ros2_py_ws/install/udemy_ros2_pkg/lib/udemy_ros2_pkg/turn_camera_client.py\n'}
[1.787555] (udemy_ros2_pkg) StdoutLine: {'line': b'-- Up-to-date symlink: /home/mhpromit7473/Workspaces/ros2_py_ws/install/udemy_ros2_pkg/lib/udemy_ros2_pkg/action_server.py\n'}
[1.787618] (udemy_ros2_pkg) StdoutLine: {'line': b'-- Up-to-date symlink: /home/mhpromit7473/Workspaces/ros2_py_ws/install/udemy_ros2_pkg/lib/udemy_ros2_pkg/action_client.py\n'}
[1.787682] (udemy_ros2_pkg) StdoutLine: {'line': b'-- Up-to-date symlink: /home/mhpromit7473/Workspaces/ros2_py_ws/install/udemy_ros2_pkg/share/udemy_ros2_pkg/launch/rpm_node.launch.py\n'}
[1.787745] (udemy_ros2_pkg) StdoutLine: {'line': b'-- Up-to-date symlink: /home/mhpromit7473/Workspaces/ros2_py_ws/install/udemy_ros2_pkg/share/udemy_ros2_pkg/launch/simulation.launch.py\n'}
[1.787809] (udemy_ros2_pkg) StdoutLine: {'line': b'-- Up-to-date symlink: /home/mhpromit7473/Workspaces/ros2_py_ws/install/udemy_ros2_pkg/share/udemy_ros2_pkg/launch/speed_project.launch.py\n'}
[1.787872] (udemy_ros2_pkg) StdoutLine: {'line': b'-- Up-to-date symlink: /home/mhpromit7473/Workspaces/ros2_py_ws/install/udemy_ros2_pkg/share/udemy_ros2_pkg/worlds/test_world.sdf\n'}
[1.787967] (udemy_ros2_pkg) StdoutLine: {'line': b'-- Up-to-date symlink: /home/mhpromit7473/Workspaces/ros2_py_ws/install/udemy_ros2_pkg/share/udemy_ros2_pkg/worlds/wheeled_model_world.sdf\n'}
[1.788048] (udemy_ros2_pkg) StdoutLine: {'line': b'-- Up-to-date symlink: /home/mhpromit7473/Workspaces/ros2_py_ws/install/udemy_ros2_pkg/share/udemy_ros2_pkg/models/ground_plane/model.config\n'}
[1.788113] (udemy_ros2_pkg) StdoutLine: {'line': b'-- Up-to-date symlink: /home/mhpromit7473/Workspaces/ros2_py_ws/install/udemy_ros2_pkg/share/udemy_ros2_pkg/models/ground_plane/my_ground_plane.sdf\n'}
[1.788176] (udemy_ros2_pkg) StdoutLine: {'line': b'-- Up-to-date symlink: /home/mhpromit7473/Workspaces/ros2_py_ws/install/udemy_ros2_pkg/share/udemy_ros2_pkg/models/wheeled_model/model.config\n'}
[1.788238] (udemy_ros2_pkg) StdoutLine: {'line': b'-- Up-to-date symlink: /home/mhpromit7473/Workspaces/ros2_py_ws/install/udemy_ros2_pkg/share/udemy_ros2_pkg/models/wheeled_model/model.sdf\n'}
[1.788301] (udemy_ros2_pkg) StdoutLine: {'line': b'-- Up-to-date symlink: /home/mhpromit7473/Workspaces/ros2_py_ws/install/udemy_ros2_pkg/share/ament_index/resource_index/package_run_dependencies/udemy_ros2_pkg\n'}
[1.788365] (udemy_ros2_pkg) StdoutLine: {'line': b'-- Up-to-date symlink: /home/mhpromit7473/Workspaces/ros2_py_ws/install/udemy_ros2_pkg/share/ament_index/resource_index/parent_prefix_path/udemy_ros2_pkg\n'}
[1.788484] (udemy_ros2_pkg) StdoutLine: {'line': b'-- Up-to-date symlink: /home/mhpromit7473/Workspaces/ros2_py_ws/install/udemy_ros2_pkg/share/udemy_ros2_pkg/environment/ament_prefix_path.sh\n'}
[1.788550] (udemy_ros2_pkg) StdoutLine: {'line': b'-- Up-to-date symlink: /home/mhpromit7473/Workspaces/ros2_py_ws/install/udemy_ros2_pkg/share/udemy_ros2_pkg/environment/ament_prefix_path.dsv\n'}
[1.788612] (udemy_ros2_pkg) StdoutLine: {'line': b'-- Up-to-date symlink: /home/mhpromit7473/Workspaces/ros2_py_ws/install/udemy_ros2_pkg/share/udemy_ros2_pkg/environment/path.sh\n'}
[1.788672] (udemy_ros2_pkg) StdoutLine: {'line': b'-- Up-to-date symlink: /home/mhpromit7473/Workspaces/ros2_py_ws/install/udemy_ros2_pkg/share/udemy_ros2_pkg/environment/path.dsv\n'}
[1.788733] (udemy_ros2_pkg) StdoutLine: {'line': b'-- Up-to-date symlink: /home/mhpromit7473/Workspaces/ros2_py_ws/install/udemy_ros2_pkg/share/udemy_ros2_pkg/local_setup.bash\n'}
[1.788793] (udemy_ros2_pkg) StdoutLine: {'line': b'-- Up-to-date symlink: /home/mhpromit7473/Workspaces/ros2_py_ws/install/udemy_ros2_pkg/share/udemy_ros2_pkg/local_setup.sh\n'}
[1.788854] (udemy_ros2_pkg) StdoutLine: {'line': b'-- Up-to-date symlink: /home/mhpromit7473/Workspaces/ros2_py_ws/install/udemy_ros2_pkg/share/udemy_ros2_pkg/local_setup.zsh\n'}
[1.788916] (udemy_ros2_pkg) StdoutLine: {'line': b'-- Up-to-date symlink: /home/mhpromit7473/Workspaces/ros2_py_ws/install/udemy_ros2_pkg/share/udemy_ros2_pkg/local_setup.dsv\n'}
[1.788976] (udemy_ros2_pkg) StdoutLine: {'line': b'-- Symlinking: /home/mhpromit7473/Workspaces/ros2_py_ws/install/udemy_ros2_pkg/share/udemy_ros2_pkg/package.dsv\n'}
[1.797415] (udemy_ros2_pkg) StdoutLine: {'line': b'-- Up-to-date symlink: /home/mhpromit7473/Workspaces/ros2_py_ws/install/udemy_ros2_pkg/share/ament_index/resource_index/packages/udemy_ros2_pkg\n'}
[1.797607] (udemy_ros2_pkg) StdoutLine: {'line': b'-- Up-to-date symlink: /home/mhpromit7473/Workspaces/ros2_py_ws/install/udemy_ros2_pkg/share/udemy_ros2_pkg/cmake/rosidl_cmake-extras.cmake\n'}
[1.797697] (udemy_ros2_pkg) StdoutLine: {'line': b'-- Up-to-date symlink: /home/mhpromit7473/Workspaces/ros2_py_ws/install/udemy_ros2_pkg/share/udemy_ros2_pkg/cmake/ament_cmake_export_dependencies-extras.cmake\n'}
[1.797770] (udemy_ros2_pkg) StdoutLine: {'line': b'-- Up-to-date symlink: /home/mhpromit7473/Workspaces/ros2_py_ws/install/udemy_ros2_pkg/share/udemy_ros2_pkg/cmake/ament_cmake_export_include_directories-extras.cmake\n'}
[1.797843] (udemy_ros2_pkg) StdoutLine: {'line': b'-- Up-to-date symlink: /home/mhpromit7473/Workspaces/ros2_py_ws/install/udemy_ros2_pkg/share/udemy_ros2_pkg/cmake/ament_cmake_export_libraries-extras.cmake\n'}
[1.797944] (udemy_ros2_pkg) StdoutLine: {'line': b'-- Up-to-date symlink: /home/mhpromit7473/Workspaces/ros2_py_ws/install/udemy_ros2_pkg/share/udemy_ros2_pkg/cmake/ament_cmake_export_targets-extras.cmake\n'}
[1.798018] (udemy_ros2_pkg) StdoutLine: {'line': b'-- Up-to-date symlink: /home/mhpromit7473/Workspaces/ros2_py_ws/install/udemy_ros2_pkg/share/udemy_ros2_pkg/cmake/rosidl_cmake_export_typesupport_targets-extras.cmake\n'}
[1.798091] (udemy_ros2_pkg) StdoutLine: {'line': b'-- Up-to-date symlink: /home/mhpromit7473/Workspaces/ros2_py_ws/install/udemy_ros2_pkg/share/udemy_ros2_pkg/cmake/rosidl_cmake_export_typesupport_libraries-extras.cmake\n'}
[1.798185] (udemy_ros2_pkg) StdoutLine: {'line': b'-- Up-to-date symlink: /home/mhpromit7473/Workspaces/ros2_py_ws/install/udemy_ros2_pkg/share/udemy_ros2_pkg/cmake/udemy_ros2_pkgConfig.cmake\n'}
[1.798274] (udemy_ros2_pkg) StdoutLine: {'line': b'-- Up-to-date symlink: /home/mhpromit7473/Workspaces/ros2_py_ws/install/udemy_ros2_pkg/share/udemy_ros2_pkg/cmake/udemy_ros2_pkgConfig-version.cmake\n'}
[1.798338] (udemy_ros2_pkg) StdoutLine: {'line': b'-- Up-to-date symlink: /home/mhpromit7473/Workspaces/ros2_py_ws/install/udemy_ros2_pkg/share/udemy_ros2_pkg/package.xml\n'}
[1.798420] (udemy_ros2_pkg) StdoutLine: {'line': b'-- Up-to-date: /home/mhpromit7473/Workspaces/ros2_py_ws/install/udemy_ros2_pkg/lib/libudemy_ros2_pkg__rosidl_generator_c.so\n'}
[1.798523] (udemy_ros2_pkg) StdoutLine: {'line': b'-- Up-to-date: /home/mhpromit7473/Workspaces/ros2_py_ws/install/udemy_ros2_pkg/lib/libudemy_ros2_pkg__rosidl_typesupport_fastrtps_c.so\n'}
[1.798592] (udemy_ros2_pkg) StdoutLine: {'line': b'-- Up-to-date: /home/mhpromit7473/Workspaces/ros2_py_ws/install/udemy_ros2_pkg/lib/libudemy_ros2_pkg__rosidl_typesupport_introspection_c.so\n'}
[1.798691] (udemy_ros2_pkg) StdoutLine: {'line': b'-- Up-to-date: /home/mhpromit7473/Workspaces/ros2_py_ws/install/udemy_ros2_pkg/lib/libudemy_ros2_pkg__rosidl_typesupport_c.so\n'}
[1.798783] (udemy_ros2_pkg) StdoutLine: {'line': b'-- Up-to-date: /home/mhpromit7473/Workspaces/ros2_py_ws/install/udemy_ros2_pkg/lib/libudemy_ros2_pkg__rosidl_typesupport_fastrtps_cpp.so\n'}
[1.798869] (udemy_ros2_pkg) StdoutLine: {'line': b'-- Up-to-date: /home/mhpromit7473/Workspaces/ros2_py_ws/install/udemy_ros2_pkg/lib/libudemy_ros2_pkg__rosidl_typesupport_introspection_cpp.so\n'}
[1.798960] (udemy_ros2_pkg) StdoutLine: {'line': b'-- Up-to-date: /home/mhpromit7473/Workspaces/ros2_py_ws/install/udemy_ros2_pkg/lib/libudemy_ros2_pkg__rosidl_typesupport_cpp.so\n'}
[1.803415] (-) TimerEvent: {}
[1.831240] (udemy_ros2_pkg) StdoutLine: {'line': b"Listing '/home/mhpromit7473/Workspaces/ros2_py_ws/install/udemy_ros2_pkg/local/lib/python3.10/dist-packages/udemy_ros2_pkg'...\n"}
[1.831417] (udemy_ros2_pkg) StdoutLine: {'line': b"Compiling '/home/mhpromit7473/Workspaces/ros2_py_ws/install/udemy_ros2_pkg/local/lib/python3.10/dist-packages/udemy_ros2_pkg/__init__.py'...\n"}
[1.831507] (udemy_ros2_pkg) StdoutLine: {'line': b"Listing '/home/mhpromit7473/Workspaces/ros2_py_ws/install/udemy_ros2_pkg/local/lib/python3.10/dist-packages/udemy_ros2_pkg/action'...\n"}
[1.831577] (udemy_ros2_pkg) StdoutLine: {'line': b"Listing '/home/mhpromit7473/Workspaces/ros2_py_ws/install/udemy_ros2_pkg/local/lib/python3.10/dist-packages/udemy_ros2_pkg/srv'...\n"}
[1.836195] (udemy_ros2_pkg) StdoutLine: {'line': b'-- Up-to-date: /home/mhpromit7473/Workspaces/ros2_py_ws/install/udemy_ros2_pkg/lib/libudemy_ros2_pkg__rosidl_generator_py.so\n'}
[1.858543] (udemy_ros2_pkg) StdoutLine: {'line': b"Listing '/home/mhpromit7473/Workspaces/ros2_py_ws/install/udemy_ros2_pkg/local/lib/python3.10/dist-packages/scripts'...\n"}
[1.862035] (udemy_ros2_pkg) StdoutLine: {'line': b'-- Up-to-date: /home/mhpromit7473/Workspaces/ros2_py_ws/install/udemy_ros2_pkg/share/udemy_ros2_pkg/cmake/export_udemy_ros2_pkg__rosidl_generator_cExport.cmake\n'}
[1.862426] (udemy_ros2_pkg) StdoutLine: {'line': b'-- Up-to-date: /home/mhpromit7473/Workspaces/ros2_py_ws/install/udemy_ros2_pkg/share/udemy_ros2_pkg/cmake/export_udemy_ros2_pkg__rosidl_generator_cExport-noconfig.cmake\n'}
[1.862591] (udemy_ros2_pkg) StdoutLine: {'line': b'-- Up-to-date: /home/mhpromit7473/Workspaces/ros2_py_ws/install/udemy_ros2_pkg/share/udemy_ros2_pkg/cmake/export_udemy_ros2_pkg__rosidl_typesupport_fastrtps_cExport.cmake\n'}
[1.862672] (udemy_ros2_pkg) StdoutLine: {'line': b'-- Up-to-date: /home/mhpromit7473/Workspaces/ros2_py_ws/install/udemy_ros2_pkg/share/udemy_ros2_pkg/cmake/export_udemy_ros2_pkg__rosidl_typesupport_fastrtps_cExport-noconfig.cmake\n'}
[1.862753] (udemy_ros2_pkg) StdoutLine: {'line': b'-- Up-to-date: /home/mhpromit7473/Workspaces/ros2_py_ws/install/udemy_ros2_pkg/share/udemy_ros2_pkg/cmake/udemy_ros2_pkg__rosidl_typesupport_introspection_cExport.cmake\n'}
[1.862827] (udemy_ros2_pkg) StdoutLine: {'line': b'-- Up-to-date: /home/mhpromit7473/Workspaces/ros2_py_ws/install/udemy_ros2_pkg/share/udemy_ros2_pkg/cmake/udemy_ros2_pkg__rosidl_typesupport_introspection_cExport-noconfig.cmake\n'}
[1.862908] (udemy_ros2_pkg) StdoutLine: {'line': b'-- Up-to-date: /home/mhpromit7473/Workspaces/ros2_py_ws/install/udemy_ros2_pkg/share/udemy_ros2_pkg/cmake/udemy_ros2_pkg__rosidl_typesupport_cExport.cmake\n'}
[1.862978] (udemy_ros2_pkg) StdoutLine: {'line': b'-- Up-to-date: /home/mhpromit7473/Workspaces/ros2_py_ws/install/udemy_ros2_pkg/share/udemy_ros2_pkg/cmake/udemy_ros2_pkg__rosidl_typesupport_cExport-noconfig.cmake\n'}
[1.863049] (udemy_ros2_pkg) StdoutLine: {'line': b'-- Up-to-date: /home/mhpromit7473/Workspaces/ros2_py_ws/install/udemy_ros2_pkg/share/udemy_ros2_pkg/cmake/export_udemy_ros2_pkg__rosidl_generator_cppExport.cmake\n'}
[1.863121] (udemy_ros2_pkg) StdoutLine: {'line': b'-- Up-to-date: /home/mhpromit7473/Workspaces/ros2_py_ws/install/udemy_ros2_pkg/share/udemy_ros2_pkg/cmake/export_udemy_ros2_pkg__rosidl_typesupport_fastrtps_cppExport.cmake\n'}
[1.863192] (udemy_ros2_pkg) StdoutLine: {'line': b'-- Up-to-date: /home/mhpromit7473/Workspaces/ros2_py_ws/install/udemy_ros2_pkg/share/udemy_ros2_pkg/cmake/export_udemy_ros2_pkg__rosidl_typesupport_fastrtps_cppExport-noconfig.cmake\n'}
[1.863263] (udemy_ros2_pkg) StdoutLine: {'line': b'-- Up-to-date: /home/mhpromit7473/Workspaces/ros2_py_ws/install/udemy_ros2_pkg/share/udemy_ros2_pkg/cmake/udemy_ros2_pkg__rosidl_typesupport_introspection_cppExport.cmake\n'}
[1.863333] (udemy_ros2_pkg) StdoutLine: {'line': b'-- Up-to-date: /home/mhpromit7473/Workspaces/ros2_py_ws/install/udemy_ros2_pkg/share/udemy_ros2_pkg/cmake/udemy_ros2_pkg__rosidl_typesupport_introspection_cppExport-noconfig.cmake\n'}
[1.863415] (udemy_ros2_pkg) StdoutLine: {'line': b'-- Up-to-date: /home/mhpromit7473/Workspaces/ros2_py_ws/install/udemy_ros2_pkg/share/udemy_ros2_pkg/cmake/udemy_ros2_pkg__rosidl_typesupport_cppExport.cmake\n'}
[1.863495] (udemy_ros2_pkg) StdoutLine: {'line': b'-- Up-to-date: /home/mhpromit7473/Workspaces/ros2_py_ws/install/udemy_ros2_pkg/share/udemy_ros2_pkg/cmake/udemy_ros2_pkg__rosidl_typesupport_cppExport-noconfig.cmake\n'}
[1.863559] (udemy_ros2_pkg) StdoutLine: {'line': b'-- Up-to-date: /home/mhpromit7473/Workspaces/ros2_py_ws/install/udemy_ros2_pkg/share/udemy_ros2_pkg/cmake/export_udemy_ros2_pkg__rosidl_generator_pyExport.cmake\n'}
[1.863628] (udemy_ros2_pkg) StdoutLine: {'line': b'-- Up-to-date: /home/mhpromit7473/Workspaces/ros2_py_ws/install/udemy_ros2_pkg/share/udemy_ros2_pkg/cmake/export_udemy_ros2_pkg__rosidl_generator_pyExport-noconfig.cmake\n'}
[1.864416] (udemy_ros2_pkg) CommandEnded: {'returncode': 0}
[1.903503] (-) TimerEvent: {}
[1.968425] (udemy_ros2_pkg) JobEnded: {'identifier': 'udemy_ros2_pkg', 'rc': 0}
[1.969187] (-) EventReactorShutdown: {}
