[0.518s] DEBUG:colcon:Command line arguments: ['/usr/bin/colcon', 'build']
[0.518s] DEBUG:colcon:Parsed command line arguments: Namespace(log_base=None, log_level=None, verb_name='build', build_base='build', install_base='install', merge_install=False, symlink_install=False, test_result_base=None, continue_on_error=False, executor='parallel', parallel_workers=2, event_handlers=None, ignore_user_meta=False, metas=['./colcon.meta'], base_paths=['.'], packages_ignore=None, packages_ignore_regex=None, paths=None, packages_up_to=None, packages_up_to_regex=None, packages_above=None, packages_above_and_dependencies=None, packages_above_depth=None, packages_select_by_dep=None, packages_skip_by_dep=None, packages_skip_up_to=None, packages_select_build_failed=False, packages_skip_build_finished=False, packages_select_test_failures=False, packages_skip_test_passed=False, packages_select=None, packages_skip=None, packages_select_regex=None, packages_skip_regex=None, packages_start=None, packages_end=None, allow_overriding=[], cmake_args=None, cmake_target=None, cmake_target_skip_unavailable=False, cmake_clean_cache=False, cmake_clean_first=False, cmake_force_configure=False, ament_cmake_args=None, catkin_cmake_args=None, catkin_skip_building_tests=False, verb_parser=<colcon_defaults.argument_parser.defaults.DefaultArgumentsDecorator object at 0x76c850f036d0>, verb_extension=<colcon_core.verb.build.BuildVerb object at 0x76c850f031c0>, main=<bound method BuildVerb.main of <colcon_core.verb.build.BuildVerb object at 0x76c850f031c0>>)
[1.429s] Level 1:colcon.colcon_core.package_discovery:discover_packages(colcon_meta) check parameters
[1.430s] Level 1:colcon.colcon_core.package_discovery:discover_packages(recursive) check parameters
[1.430s] Level 1:colcon.colcon_core.package_discovery:discover_packages(ignore) check parameters
[1.430s] Level 1:colcon.colcon_core.package_discovery:discover_packages(path) check parameters
[1.430s] Level 1:colcon.colcon_core.package_discovery:discover_packages(colcon_meta) discover
[1.430s] Level 1:colcon.colcon_core.package_discovery:discover_packages(recursive) discover
[1.431s] INFO:colcon.colcon_core.package_discovery:Crawling recursively for packages in '/home/mhpromit7473/Workspaces/ros2_py_ws'
[1.431s] Level 1:colcon.colcon_core.package_identification:_identify(.) by extensions ['ignore', 'ignore_ament_install']
[1.432s] Level 1:colcon.colcon_core.package_identification:_identify(.) by extension 'ignore'
[1.432s] Level 1:colcon.colcon_core.package_identification:_identify(.) by extension 'ignore_ament_install'
[1.433s] Level 1:colcon.colcon_core.package_identification:_identify(.) by extensions ['colcon_pkg']
[1.433s] Level 1:colcon.colcon_core.package_identification:_identify(.) by extension 'colcon_pkg'
[1.433s] Level 1:colcon.colcon_core.package_identification:_identify(.) by extensions ['colcon_meta']
[1.433s] Level 1:colcon.colcon_core.package_identification:_identify(.) by extension 'colcon_meta'
[1.434s] Level 1:colcon.colcon_core.package_identification:_identify(.) by extensions ['ros']
[1.434s] Level 1:colcon.colcon_core.package_identification:_identify(.) by extension 'ros'
[1.522s] Level 1:colcon.colcon_core.package_identification:_identify(.) by extensions ['cmake', 'python']
[1.523s] Level 1:colcon.colcon_core.package_identification:_identify(.) by extension 'cmake'
[1.523s] Level 1:colcon.colcon_core.package_identification:_identify(.) by extension 'python'
[1.524s] Level 1:colcon.colcon_core.package_identification:_identify(.) by extensions ['python_setup_py']
[1.524s] Level 1:colcon.colcon_core.package_identification:_identify(.) by extension 'python_setup_py'
[1.524s] Level 1:colcon.colcon_core.package_identification:_identify(build) by extensions ['ignore', 'ignore_ament_install']
[1.525s] Level 1:colcon.colcon_core.package_identification:_identify(build) by extension 'ignore'
[1.525s] Level 1:colcon.colcon_core.package_identification:_identify(build) ignored
[1.526s] Level 1:colcon.colcon_core.package_identification:_identify(install) by extensions ['ignore', 'ignore_ament_install']
[1.530s] Level 1:colcon.colcon_core.package_identification:_identify(install) by extension 'ignore'
[1.530s] Level 1:colcon.colcon_core.package_identification:_identify(install) ignored
[1.531s] Level 1:colcon.colcon_core.package_identification:_identify(log) by extensions ['ignore', 'ignore_ament_install']
[1.532s] Level 1:colcon.colcon_core.package_identification:_identify(log) by extension 'ignore'
[1.532s] Level 1:colcon.colcon_core.package_identification:_identify(log) ignored
[1.533s] Level 1:colcon.colcon_core.package_identification:_identify(src) by extensions ['ignore', 'ignore_ament_install']
[1.533s] Level 1:colcon.colcon_core.package_identification:_identify(src) by extension 'ignore'
[1.533s] Level 1:colcon.colcon_core.package_identification:_identify(src) by extension 'ignore_ament_install'
[1.534s] Level 1:colcon.colcon_core.package_identification:_identify(src) by extensions ['colcon_pkg']
[1.534s] Level 1:colcon.colcon_core.package_identification:_identify(src) by extension 'colcon_pkg'
[1.534s] Level 1:colcon.colcon_core.package_identification:_identify(src) by extensions ['colcon_meta']
[1.534s] Level 1:colcon.colcon_core.package_identification:_identify(src) by extension 'colcon_meta'
[1.534s] Level 1:colcon.colcon_core.package_identification:_identify(src) by extensions ['ros']
[1.534s] Level 1:colcon.colcon_core.package_identification:_identify(src) by extension 'ros'
[1.538s] Level 1:colcon.colcon_core.package_identification:_identify(src) by extensions ['cmake', 'python']
[1.541s] Level 1:colcon.colcon_core.package_identification:_identify(src) by extension 'cmake'
[1.541s] Level 1:colcon.colcon_core.package_identification:_identify(src) by extension 'python'
[1.542s] Level 1:colcon.colcon_core.package_identification:_identify(src) by extensions ['python_setup_py']
[1.542s] Level 1:colcon.colcon_core.package_identification:_identify(src) by extension 'python_setup_py'
[1.543s] Level 1:colcon.colcon_core.package_identification:_identify(src/udemy_ros2_pkg) by extensions ['ignore', 'ignore_ament_install']
[1.544s] Level 1:colcon.colcon_core.package_identification:_identify(src/udemy_ros2_pkg) by extension 'ignore'
[1.544s] Level 1:colcon.colcon_core.package_identification:_identify(src/udemy_ros2_pkg) by extension 'ignore_ament_install'
[1.545s] Level 1:colcon.colcon_core.package_identification:_identify(src/udemy_ros2_pkg) by extensions ['colcon_pkg']
[1.546s] Level 1:colcon.colcon_core.package_identification:_identify(src/udemy_ros2_pkg) by extension 'colcon_pkg'
[1.546s] Level 1:colcon.colcon_core.package_identification:_identify(src/udemy_ros2_pkg) by extensions ['colcon_meta']
[1.546s] Level 1:colcon.colcon_core.package_identification:_identify(src/udemy_ros2_pkg) by extension 'colcon_meta'
[1.550s] Level 1:colcon.colcon_core.package_identification:_identify(src/udemy_ros2_pkg) by extensions ['ros']
[1.551s] Level 1:colcon.colcon_core.package_identification:_identify(src/udemy_ros2_pkg) by extension 'ros'
[1.562s] DEBUG:colcon.colcon_core.package_identification:Package 'src/udemy_ros2_pkg' with type 'ros.ament_cmake' and name 'udemy_ros2_pkg'
[1.562s] Level 1:colcon.colcon_core.package_discovery:discover_packages(recursive) using defaults
[1.562s] Level 1:colcon.colcon_core.package_discovery:discover_packages(ignore) discover
[1.562s] Level 1:colcon.colcon_core.package_discovery:discover_packages(ignore) using defaults
[1.562s] Level 1:colcon.colcon_core.package_discovery:discover_packages(path) discover
[1.563s] Level 1:colcon.colcon_core.package_discovery:discover_packages(path) using defaults
[1.644s] Level 1:colcon.colcon_core.package_discovery:discover_packages(prefix_path) check parameters
[1.644s] Level 1:colcon.colcon_core.package_discovery:discover_packages(prefix_path) discover
[1.657s] DEBUG:colcon.colcon_installed_package_information.package_discovery:Found 1 installed packages in /home/mhpromit7473/Workspaces/ros2_py_ws/install
[1.663s] DEBUG:colcon.colcon_installed_package_information.package_discovery:Found 270 installed packages in /opt/ros/humble
[1.669s] Level 1:colcon.colcon_core.package_discovery:discover_packages(prefix_path) using defaults
[1.820s] Level 5:colcon.colcon_core.verb:set package 'udemy_ros2_pkg' build argument 'cmake_args' from command line to 'None'
[1.820s] Level 5:colcon.colcon_core.verb:set package 'udemy_ros2_pkg' build argument 'cmake_target' from command line to 'None'
[1.820s] Level 5:colcon.colcon_core.verb:set package 'udemy_ros2_pkg' build argument 'cmake_target_skip_unavailable' from command line to 'False'
[1.821s] Level 5:colcon.colcon_core.verb:set package 'udemy_ros2_pkg' build argument 'cmake_clean_cache' from command line to 'False'
[1.821s] Level 5:colcon.colcon_core.verb:set package 'udemy_ros2_pkg' build argument 'cmake_clean_first' from command line to 'False'
[1.821s] Level 5:colcon.colcon_core.verb:set package 'udemy_ros2_pkg' build argument 'cmake_force_configure' from command line to 'False'
[1.821s] Level 5:colcon.colcon_core.verb:set package 'udemy_ros2_pkg' build argument 'ament_cmake_args' from command line to 'None'
[1.821s] Level 5:colcon.colcon_core.verb:set package 'udemy_ros2_pkg' build argument 'catkin_cmake_args' from command line to 'None'
[1.821s] Level 5:colcon.colcon_core.verb:set package 'udemy_ros2_pkg' build argument 'catkin_skip_building_tests' from command line to 'False'
[1.821s] DEBUG:colcon.colcon_core.verb:Building package 'udemy_ros2_pkg' with the following arguments: {'ament_cmake_args': None, 'build_base': '/home/mhpromit7473/Workspaces/ros2_py_ws/build/udemy_ros2_pkg', 'catkin_cmake_args': None, 'catkin_skip_building_tests': False, 'cmake_args': None, 'cmake_clean_cache': False, 'cmake_clean_first': False, 'cmake_force_configure': False, 'cmake_target': None, 'cmake_target_skip_unavailable': False, 'install_base': '/home/mhpromit7473/Workspaces/ros2_py_ws/install/udemy_ros2_pkg', 'merge_install': False, 'path': '/home/mhpromit7473/Workspaces/ros2_py_ws/src/udemy_ros2_pkg', 'symlink_install': False, 'test_result_base': None}
[1.822s] INFO:colcon.colcon_core.executor:Executing jobs using 'parallel' executor
[1.825s] DEBUG:colcon.colcon_parallel_executor.executor.parallel:run_until_complete
[1.826s] INFO:colcon.colcon_ros.task.ament_cmake.build:Building ROS package in '/home/mhpromit7473/Workspaces/ros2_py_ws/src/udemy_ros2_pkg' with build type 'ament_cmake'
[1.826s] INFO:colcon.colcon_cmake.task.cmake.build:Building CMake package in '/home/mhpromit7473/Workspaces/ros2_py_ws/src/udemy_ros2_pkg'
[1.844s] INFO:colcon.colcon_core.plugin_system:Skipping extension 'colcon_core.shell.bat': Not used on non-Windows systems
[1.844s] INFO:colcon.colcon_core.shell:Skip shell extension 'powershell' for command environment: Not usable outside of PowerShell
[1.844s] DEBUG:colcon.colcon_core.shell:Skip shell extension 'dsv' for command environment
[1.895s] DEBUG:colcon.colcon_core.event_handler.log_command:Invoking command in '/home/mhpromit7473/Workspaces/ros2_py_ws/build/udemy_ros2_pkg': CMAKE_PREFIX_PATH=${CMAKE_PREFIX_PATH}:/opt/ros/humble /usr/bin/cmake --build /home/mhpromit7473/Workspaces/ros2_py_ws/build/udemy_ros2_pkg -- -j2 -l2
[6.014s] DEBUG:colcon.colcon_core.event_handler.log_command:Invoked command in '/home/mhpromit7473/Workspaces/ros2_py_ws/build/udemy_ros2_pkg' returned '0': CMAKE_PREFIX_PATH=${CMAKE_PREFIX_PATH}:/opt/ros/humble /usr/bin/cmake --build /home/mhpromit7473/Workspaces/ros2_py_ws/build/udemy_ros2_pkg -- -j2 -l2
[6.375s] DEBUG:colcon.colcon_core.event_handler.log_command:Invoking command in '/home/mhpromit7473/Workspaces/ros2_py_ws/build/udemy_ros2_pkg': CMAKE_PREFIX_PATH=${CMAKE_PREFIX_PATH}:/opt/ros/humble /usr/bin/cmake --install /home/mhpromit7473/Workspaces/ros2_py_ws/build/udemy_ros2_pkg
[6.532s] Level 1:colcon.colcon_core.environment:create_environment_scripts_only(udemy_ros2_pkg)
[6.540s] DEBUG:colcon.colcon_core.event_handler.log_command:Invoked command in '/home/mhpromit7473/Workspaces/ros2_py_ws/build/udemy_ros2_pkg' returned '0': CMAKE_PREFIX_PATH=${CMAKE_PREFIX_PATH}:/opt/ros/humble /usr/bin/cmake --install /home/mhpromit7473/Workspaces/ros2_py_ws/build/udemy_ros2_pkg
[6.550s] Level 1:colcon.colcon_core.environment:checking '/home/mhpromit7473/Workspaces/ros2_py_ws/install/udemy_ros2_pkg' for CMake module files
[6.552s] Level 1:colcon.colcon_core.environment:checking '/home/mhpromit7473/Workspaces/ros2_py_ws/install/udemy_ros2_pkg' for CMake config files
[6.554s] Level 1:colcon.colcon_core.shell:create_environment_hook('udemy_ros2_pkg', 'cmake_prefix_path')
[6.555s] INFO:colcon.colcon_core.shell:Creating environment hook '/home/mhpromit7473/Workspaces/ros2_py_ws/install/udemy_ros2_pkg/share/udemy_ros2_pkg/hook/cmake_prefix_path.ps1'
[6.558s] INFO:colcon.colcon_core.shell:Creating environment descriptor '/home/mhpromit7473/Workspaces/ros2_py_ws/install/udemy_ros2_pkg/share/udemy_ros2_pkg/hook/cmake_prefix_path.dsv'
[6.559s] INFO:colcon.colcon_core.shell:Creating environment hook '/home/mhpromit7473/Workspaces/ros2_py_ws/install/udemy_ros2_pkg/share/udemy_ros2_pkg/hook/cmake_prefix_path.sh'
[6.563s] Level 1:colcon.colcon_core.environment:checking '/home/mhpromit7473/Workspaces/ros2_py_ws/install/udemy_ros2_pkg/lib'
[6.563s] Level 1:colcon.colcon_core.environment:checking '/home/mhpromit7473/Workspaces/ros2_py_ws/install/udemy_ros2_pkg/bin'
[6.563s] Level 1:colcon.colcon_core.environment:checking '/home/mhpromit7473/Workspaces/ros2_py_ws/install/udemy_ros2_pkg/lib/pkgconfig/udemy_ros2_pkg.pc'
[6.564s] Level 1:colcon.colcon_core.environment:checking '/home/mhpromit7473/Workspaces/ros2_py_ws/install/udemy_ros2_pkg/lib/python3.10/site-packages'
[6.564s] Level 1:colcon.colcon_core.environment:checking '/home/mhpromit7473/Workspaces/ros2_py_ws/install/udemy_ros2_pkg/bin'
[6.565s] INFO:colcon.colcon_core.shell:Creating package script '/home/mhpromit7473/Workspaces/ros2_py_ws/install/udemy_ros2_pkg/share/udemy_ros2_pkg/package.ps1'
[6.567s] INFO:colcon.colcon_core.shell:Creating package descriptor '/home/mhpromit7473/Workspaces/ros2_py_ws/install/udemy_ros2_pkg/share/udemy_ros2_pkg/package.dsv'
[6.569s] INFO:colcon.colcon_core.shell:Creating package script '/home/mhpromit7473/Workspaces/ros2_py_ws/install/udemy_ros2_pkg/share/udemy_ros2_pkg/package.sh'
[6.573s] INFO:colcon.colcon_core.shell:Creating package script '/home/mhpromit7473/Workspaces/ros2_py_ws/install/udemy_ros2_pkg/share/udemy_ros2_pkg/package.bash'
[6.575s] INFO:colcon.colcon_core.shell:Creating package script '/home/mhpromit7473/Workspaces/ros2_py_ws/install/udemy_ros2_pkg/share/udemy_ros2_pkg/package.zsh'
[6.578s] Level 1:colcon.colcon_core.environment:create_file_with_runtime_dependencies(/home/mhpromit7473/Workspaces/ros2_py_ws/install/udemy_ros2_pkg/share/colcon-core/packages/udemy_ros2_pkg)
[6.700s] Level 1:colcon.colcon_core.environment:create_environment_scripts_only(udemy_ros2_pkg)
[6.700s] Level 1:colcon.colcon_core.environment:checking '/home/mhpromit7473/Workspaces/ros2_py_ws/install/udemy_ros2_pkg' for CMake module files
[6.702s] Level 1:colcon.colcon_core.environment:checking '/home/mhpromit7473/Workspaces/ros2_py_ws/install/udemy_ros2_pkg' for CMake config files
[6.704s] Level 1:colcon.colcon_core.shell:create_environment_hook('udemy_ros2_pkg', 'cmake_prefix_path')
[6.705s] INFO:colcon.colcon_core.shell:Creating environment hook '/home/mhpromit7473/Workspaces/ros2_py_ws/install/udemy_ros2_pkg/share/udemy_ros2_pkg/hook/cmake_prefix_path.ps1'
[6.707s] INFO:colcon.colcon_core.shell:Creating environment descriptor '/home/mhpromit7473/Workspaces/ros2_py_ws/install/udemy_ros2_pkg/share/udemy_ros2_pkg/hook/cmake_prefix_path.dsv'
[6.709s] INFO:colcon.colcon_core.shell:Creating environment hook '/home/mhpromit7473/Workspaces/ros2_py_ws/install/udemy_ros2_pkg/share/udemy_ros2_pkg/hook/cmake_prefix_path.sh'
[6.711s] Level 1:colcon.colcon_core.environment:checking '/home/mhpromit7473/Workspaces/ros2_py_ws/install/udemy_ros2_pkg/lib'
[6.711s] Level 1:colcon.colcon_core.environment:checking '/home/mhpromit7473/Workspaces/ros2_py_ws/install/udemy_ros2_pkg/bin'
[6.711s] Level 1:colcon.colcon_core.environment:checking '/home/mhpromit7473/Workspaces/ros2_py_ws/install/udemy_ros2_pkg/lib/pkgconfig/udemy_ros2_pkg.pc'
[6.712s] Level 1:colcon.colcon_core.environment:checking '/home/mhpromit7473/Workspaces/ros2_py_ws/install/udemy_ros2_pkg/lib/python3.10/site-packages'
[6.712s] Level 1:colcon.colcon_core.environment:checking '/home/mhpromit7473/Workspaces/ros2_py_ws/install/udemy_ros2_pkg/bin'
[6.713s] INFO:colcon.colcon_core.shell:Creating package script '/home/mhpromit7473/Workspaces/ros2_py_ws/install/udemy_ros2_pkg/share/udemy_ros2_pkg/package.ps1'
[6.716s] INFO:colcon.colcon_core.shell:Creating package descriptor '/home/mhpromit7473/Workspaces/ros2_py_ws/install/udemy_ros2_pkg/share/udemy_ros2_pkg/package.dsv'
[6.717s] INFO:colcon.colcon_core.shell:Creating package script '/home/mhpromit7473/Workspaces/ros2_py_ws/install/udemy_ros2_pkg/share/udemy_ros2_pkg/package.sh'
[6.719s] INFO:colcon.colcon_core.shell:Creating package script '/home/mhpromit7473/Workspaces/ros2_py_ws/install/udemy_ros2_pkg/share/udemy_ros2_pkg/package.bash'
[6.720s] INFO:colcon.colcon_core.shell:Creating package script '/home/mhpromit7473/Workspaces/ros2_py_ws/install/udemy_ros2_pkg/share/udemy_ros2_pkg/package.zsh'
[6.721s] Level 1:colcon.colcon_core.environment:create_file_with_runtime_dependencies(/home/mhpromit7473/Workspaces/ros2_py_ws/install/udemy_ros2_pkg/share/colcon-core/packages/udemy_ros2_pkg)
[6.723s] DEBUG:colcon.colcon_parallel_executor.executor.parallel:closing loop
[6.724s] DEBUG:colcon.colcon_parallel_executor.executor.parallel:loop closed
[6.725s] DEBUG:colcon.colcon_parallel_executor.executor.parallel:run_until_complete finished with '0'
[6.725s] DEBUG:colcon.colcon_core.event_reactor:joining thread
[6.768s] INFO:colcon.colcon_core.plugin_system:Skipping extension 'colcon_notification.desktop_notification.terminal_notifier': Not used on non-Darwin systems
[6.769s] INFO:colcon.colcon_core.plugin_system:Skipping extension 'colcon_notification.desktop_notification.win32': Not used on non-Windows systems
[6.770s] INFO:colcon.colcon_notification.desktop_notification:Sending desktop notification using 'notify2'
[6.819s] DEBUG:colcon.colcon_core.event_reactor:joined thread
[6.820s] INFO:colcon.colcon_core.shell:Creating prefix script '/home/mhpromit7473/Workspaces/ros2_py_ws/install/local_setup.ps1'
[6.824s] INFO:colcon.colcon_core.shell:Creating prefix util module '/home/mhpromit7473/Workspaces/ros2_py_ws/install/_local_setup_util_ps1.py'
[6.828s] INFO:colcon.colcon_core.shell:Creating prefix chain script '/home/mhpromit7473/Workspaces/ros2_py_ws/install/setup.ps1'
[6.835s] INFO:colcon.colcon_core.shell:Creating prefix script '/home/mhpromit7473/Workspaces/ros2_py_ws/install/local_setup.sh'
[6.839s] INFO:colcon.colcon_core.shell:Creating prefix util module '/home/mhpromit7473/Workspaces/ros2_py_ws/install/_local_setup_util_sh.py'
[6.842s] INFO:colcon.colcon_core.shell:Creating prefix chain script '/home/mhpromit7473/Workspaces/ros2_py_ws/install/setup.sh'
[6.847s] INFO:colcon.colcon_core.shell:Creating prefix script '/home/mhpromit7473/Workspaces/ros2_py_ws/install/local_setup.bash'
[6.850s] INFO:colcon.colcon_core.shell:Creating prefix chain script '/home/mhpromit7473/Workspaces/ros2_py_ws/install/setup.bash'
[6.854s] INFO:colcon.colcon_core.shell:Creating prefix script '/home/mhpromit7473/Workspaces/ros2_py_ws/install/local_setup.zsh'
[6.857s] INFO:colcon.colcon_core.shell:Creating prefix chain script '/home/mhpromit7473/Workspaces/ros2_py_ws/install/setup.zsh'
