[0.056s] Invoking command in '/home/mhpromit7473/Documents/GitHub/ROS2-Robotics-Developer-Course/4.Using ROS2 in Python/workspaces/ros2_py_ws/build/udemy_ros2_pkg': CMAKE_PREFIX_PATH=/opt/ros/humble /usr/bin/cmake /home/mhpromit7473/Documents/GitHub/ROS2-Robotics-Developer-Course/4.Using ROS2 in Python/workspaces/ros2_py_ws/src/udemy_ros2_pkg -DCMAKE_INSTALL_PREFIX=/home/mhpromit7473/Documents/GitHub/ROS2-Robotics-Developer-Course/4.Using ROS2 in Python/workspaces/ros2_py_ws/install/udemy_ros2_pkg
[0.925s] -- The C compiler identification is GNU 11.4.0
[1.589s] -- The CXX compiler identification is GNU 11.4.0
[1.670s] -- Detecting C compiler ABI info
[2.193s] -- Detecting C compiler ABI info - done
[2.224s] -- Check for working C compiler: /usr/bin/cc - skipped
[2.230s] -- Detecting C compile features
[2.233s] -- Detecting C compile features - done
[2.258s] -- Detecting CXX compiler ABI info
[2.826s] -- Detecting CXX compiler ABI info - done
[2.859s] -- Check for working CXX compiler: /usr/bin/c++ - skipped
[2.861s] -- Detecting CXX compile features
[2.868s] -- Detecting CXX compile features - done
[2.911s] -- Found ament_cmake: 1.3.10 (/opt/ros/humble/share/ament_cmake/cmake)
[3.703s] -- Found Python3: /usr/bin/python3 (found version "3.10.12") found components: Interpreter 
[4.221s] -- Found rclpy: 3.3.14 (/opt/ros/humble/share/rclpy/cmake)
[4.572s] -- Found ament_lint_auto: 0.12.11 (/opt/ros/humble/share/ament_lint_auto/cmake)
[4.891s] -- Added test 'flake8' to check Python code syntax and style conventions
[4.893s] -- Added test 'lint_cmake' to check CMake code style
[4.899s] -- Added test 'pep257' to check Python code against some of the docstring style conventions in PEP 257
[4.907s] -- Added test 'xmllint' to check XML markup files
[4.915s] -- Configuring done
[4.940s] -- Generating done
[4.941s] -- Build files have been written to: /home/mhpromit7473/Documents/GitHub/ROS2-Robotics-Developer-Course/4.Using ROS2 in Python/workspaces/ros2_py_ws/build/udemy_ros2_pkg
[4.952s] Invoked command in '/home/mhpromit7473/Documents/GitHub/ROS2-Robotics-Developer-Course/4.Using ROS2 in Python/workspaces/ros2_py_ws/build/udemy_ros2_pkg' returned '0': CMAKE_PREFIX_PATH=/opt/ros/humble /usr/bin/cmake /home/mhpromit7473/Documents/GitHub/ROS2-Robotics-Developer-Course/4.Using ROS2 in Python/workspaces/ros2_py_ws/src/udemy_ros2_pkg -DCMAKE_INSTALL_PREFIX=/home/mhpromit7473/Documents/GitHub/ROS2-Robotics-Developer-Course/4.Using ROS2 in Python/workspaces/ros2_py_ws/install/udemy_ros2_pkg
[4.960s] Invoking command in '/home/mhpromit7473/Documents/GitHub/ROS2-Robotics-Developer-Course/4.Using ROS2 in Python/workspaces/ros2_py_ws/build/udemy_ros2_pkg': CMAKE_PREFIX_PATH=/opt/ros/humble /usr/bin/cmake --build /home/mhpromit7473/Documents/GitHub/ROS2-Robotics-Developer-Course/4.Using ROS2 in Python/workspaces/ros2_py_ws/build/udemy_ros2_pkg -- -j2 -l2
[5.226s] Built target ament_cmake_python_copy_scripts
[6.013s] running egg_info
[6.015s] creating scripts.egg-info
[6.017s] writing scripts.egg-info/PKG-INFO
[6.018s] writing dependency_links to scripts.egg-info/dependency_links.txt
[6.018s] writing top-level names to scripts.egg-info/top_level.txt
[6.018s] writing manifest file 'scripts.egg-info/SOURCES.txt'
[6.022s] reading manifest file 'scripts.egg-info/SOURCES.txt'
[6.024s] writing manifest file 'scripts.egg-info/SOURCES.txt'
[6.098s] Built target ament_cmake_python_build_scripts_egg
[6.158s] Invoked command in '/home/mhpromit7473/Documents/GitHub/ROS2-Robotics-Developer-Course/4.Using ROS2 in Python/workspaces/ros2_py_ws/build/udemy_ros2_pkg' returned '0': CMAKE_PREFIX_PATH=/opt/ros/humble /usr/bin/cmake --build /home/mhpromit7473/Documents/GitHub/ROS2-Robotics-Developer-Course/4.Using ROS2 in Python/workspaces/ros2_py_ws/build/udemy_ros2_pkg -- -j2 -l2
[6.342s] Invoking command in '/home/mhpromit7473/Documents/GitHub/ROS2-Robotics-Developer-Course/4.Using ROS2 in Python/workspaces/ros2_py_ws/build/udemy_ros2_pkg': CMAKE_PREFIX_PATH=/opt/ros/humble /usr/bin/cmake --install /home/mhpromit7473/Documents/GitHub/ROS2-Robotics-Developer-Course/4.Using ROS2 in Python/workspaces/ros2_py_ws/build/udemy_ros2_pkg
[6.379s] -- Install configuration: ""
[6.381s] -- Installing: /home/mhpromit7473/Documents/GitHub/ROS2-Robotics-Developer-Course/4.Using ROS2 in Python/workspaces/ros2_py_ws/install/udemy_ros2_pkg/share/udemy_ros2_pkg/environment/pythonpath.sh
[6.381s] -- Installing: /home/mhpromit7473/Documents/GitHub/ROS2-Robotics-Developer-Course/4.Using ROS2 in Python/workspaces/ros2_py_ws/install/udemy_ros2_pkg/share/udemy_ros2_pkg/environment/pythonpath.dsv
[6.382s] -- Installing: /home/mhpromit7473/Documents/GitHub/ROS2-Robotics-Developer-Course/4.Using ROS2 in Python/workspaces/ros2_py_ws/install/udemy_ros2_pkg/local/lib/python3.10/dist-packages/scripts-0.0.0-py3.10.egg-info
[6.383s] -- Installing: /home/mhpromit7473/Documents/GitHub/ROS2-Robotics-Developer-Course/4.Using ROS2 in Python/workspaces/ros2_py_ws/install/udemy_ros2_pkg/local/lib/python3.10/dist-packages/scripts-0.0.0-py3.10.egg-info/top_level.txt
[6.385s] -- Installing: /home/mhpromit7473/Documents/GitHub/ROS2-Robotics-Developer-Course/4.Using ROS2 in Python/workspaces/ros2_py_ws/install/udemy_ros2_pkg/local/lib/python3.10/dist-packages/scripts-0.0.0-py3.10.egg-info/PKG-INFO
[6.385s] -- Installing: /home/mhpromit7473/Documents/GitHub/ROS2-Robotics-Developer-Course/4.Using ROS2 in Python/workspaces/ros2_py_ws/install/udemy_ros2_pkg/local/lib/python3.10/dist-packages/scripts-0.0.0-py3.10.egg-info/SOURCES.txt
[6.386s] -- Installing: /home/mhpromit7473/Documents/GitHub/ROS2-Robotics-Developer-Course/4.Using ROS2 in Python/workspaces/ros2_py_ws/install/udemy_ros2_pkg/local/lib/python3.10/dist-packages/scripts-0.0.0-py3.10.egg-info/dependency_links.txt
[6.386s] -- Installing: /home/mhpromit7473/Documents/GitHub/ROS2-Robotics-Developer-Course/4.Using ROS2 in Python/workspaces/ros2_py_ws/install/udemy_ros2_pkg/local/lib/python3.10/dist-packages/scripts
[6.386s] -- Installing: /home/mhpromit7473/Documents/GitHub/ROS2-Robotics-Developer-Course/4.Using ROS2 in Python/workspaces/ros2_py_ws/install/udemy_ros2_pkg/local/lib/python3.10/dist-packages/scripts/subscriber.py
[6.387s] -- Installing: /home/mhpromit7473/Documents/GitHub/ROS2-Robotics-Developer-Course/4.Using ROS2 in Python/workspaces/ros2_py_ws/install/udemy_ros2_pkg/local/lib/python3.10/dist-packages/scripts/publisher.py
[6.387s] -- Installing: /home/mhpromit7473/Documents/GitHub/ROS2-Robotics-Developer-Course/4.Using ROS2 in Python/workspaces/ros2_py_ws/install/udemy_ros2_pkg/local/lib/python3.10/dist-packages/scripts/__init__.py
[6.506s] Listing '/home/mhpromit7473/Documents/GitHub/ROS2-Robotics-Developer-Course/4.Using ROS2 in Python/workspaces/ros2_py_ws/install/udemy_ros2_pkg/local/lib/python3.10/dist-packages/scripts'...
[6.506s] Compiling '/home/mhpromit7473/Documents/GitHub/ROS2-Robotics-Developer-Course/4.Using ROS2 in Python/workspaces/ros2_py_ws/install/udemy_ros2_pkg/local/lib/python3.10/dist-packages/scripts/__init__.py'...
[6.506s] Compiling '/home/mhpromit7473/Documents/GitHub/ROS2-Robotics-Developer-Course/4.Using ROS2 in Python/workspaces/ros2_py_ws/install/udemy_ros2_pkg/local/lib/python3.10/dist-packages/scripts/publisher.py'...
[6.507s] Compiling '/home/mhpromit7473/Documents/GitHub/ROS2-Robotics-Developer-Course/4.Using ROS2 in Python/workspaces/ros2_py_ws/install/udemy_ros2_pkg/local/lib/python3.10/dist-packages/scripts/subscriber.py'...
[6.515s] -- Installing: /home/mhpromit7473/Documents/GitHub/ROS2-Robotics-Developer-Course/4.Using ROS2 in Python/workspaces/ros2_py_ws/install/udemy_ros2_pkg/share/ament_index/resource_index/package_run_dependencies/udemy_ros2_pkg
[6.520s] -- Installing: /home/mhpromit7473/Documents/GitHub/ROS2-Robotics-Developer-Course/4.Using ROS2 in Python/workspaces/ros2_py_ws/install/udemy_ros2_pkg/share/ament_index/resource_index/parent_prefix_path/udemy_ros2_pkg
[6.522s] -- Installing: /home/mhpromit7473/Documents/GitHub/ROS2-Robotics-Developer-Course/4.Using ROS2 in Python/workspaces/ros2_py_ws/install/udemy_ros2_pkg/share/udemy_ros2_pkg/environment/ament_prefix_path.sh
[6.524s] -- Installing: /home/mhpromit7473/Documents/GitHub/ROS2-Robotics-Developer-Course/4.Using ROS2 in Python/workspaces/ros2_py_ws/install/udemy_ros2_pkg/share/udemy_ros2_pkg/environment/ament_prefix_path.dsv
[6.525s] -- Installing: /home/mhpromit7473/Documents/GitHub/ROS2-Robotics-Developer-Course/4.Using ROS2 in Python/workspaces/ros2_py_ws/install/udemy_ros2_pkg/share/udemy_ros2_pkg/environment/path.sh
[6.525s] -- Installing: /home/mhpromit7473/Documents/GitHub/ROS2-Robotics-Developer-Course/4.Using ROS2 in Python/workspaces/ros2_py_ws/install/udemy_ros2_pkg/share/udemy_ros2_pkg/environment/path.dsv
[6.526s] -- Installing: /home/mhpromit7473/Documents/GitHub/ROS2-Robotics-Developer-Course/4.Using ROS2 in Python/workspaces/ros2_py_ws/install/udemy_ros2_pkg/share/udemy_ros2_pkg/local_setup.bash
[6.527s] -- Installing: /home/mhpromit7473/Documents/GitHub/ROS2-Robotics-Developer-Course/4.Using ROS2 in Python/workspaces/ros2_py_ws/install/udemy_ros2_pkg/share/udemy_ros2_pkg/local_setup.sh
[6.527s] -- Installing: /home/mhpromit7473/Documents/GitHub/ROS2-Robotics-Developer-Course/4.Using ROS2 in Python/workspaces/ros2_py_ws/install/udemy_ros2_pkg/share/udemy_ros2_pkg/local_setup.zsh
[6.527s] -- Installing: /home/mhpromit7473/Documents/GitHub/ROS2-Robotics-Developer-Course/4.Using ROS2 in Python/workspaces/ros2_py_ws/install/udemy_ros2_pkg/share/udemy_ros2_pkg/local_setup.dsv
[6.530s] -- Installing: /home/mhpromit7473/Documents/GitHub/ROS2-Robotics-Developer-Course/4.Using ROS2 in Python/workspaces/ros2_py_ws/install/udemy_ros2_pkg/share/udemy_ros2_pkg/package.dsv
[6.530s] -- Installing: /home/mhpromit7473/Documents/GitHub/ROS2-Robotics-Developer-Course/4.Using ROS2 in Python/workspaces/ros2_py_ws/install/udemy_ros2_pkg/share/ament_index/resource_index/packages/udemy_ros2_pkg
[6.531s] -- Installing: /home/mhpromit7473/Documents/GitHub/ROS2-Robotics-Developer-Course/4.Using ROS2 in Python/workspaces/ros2_py_ws/install/udemy_ros2_pkg/share/udemy_ros2_pkg/cmake/udemy_ros2_pkgConfig.cmake
[6.531s] -- Installing: /home/mhpromit7473/Documents/GitHub/ROS2-Robotics-Developer-Course/4.Using ROS2 in Python/workspaces/ros2_py_ws/install/udemy_ros2_pkg/share/udemy_ros2_pkg/cmake/udemy_ros2_pkgConfig-version.cmake
[6.531s] -- Installing: /home/mhpromit7473/Documents/GitHub/ROS2-Robotics-Developer-Course/4.Using ROS2 in Python/workspaces/ros2_py_ws/install/udemy_ros2_pkg/share/udemy_ros2_pkg/package.xml
[6.537s] Invoked command in '/home/mhpromit7473/Documents/GitHub/ROS2-Robotics-Developer-Course/4.Using ROS2 in Python/workspaces/ros2_py_ws/build/udemy_ros2_pkg' returned '0': CMAKE_PREFIX_PATH=/opt/ros/humble /usr/bin/cmake --install /home/mhpromit7473/Documents/GitHub/ROS2-Robotics-Developer-Course/4.Using ROS2 in Python/workspaces/ros2_py_ws/build/udemy_ros2_pkg
