[0.364s] DEBUG:colcon:Command line arguments: ['/usr/bin/colcon', 'build']
[0.364s] DEBUG:colcon:Parsed command line arguments: Namespace(log_base=None, log_level=None, verb_name='build', build_base='build', install_base='install', merge_install=False, symlink_install=False, test_result_base=None, continue_on_error=False, executor='parallel', parallel_workers=2, event_handlers=None, ignore_user_meta=False, metas=['./colcon.meta'], base_paths=['.'], packages_ignore=None, packages_ignore_regex=None, paths=None, packages_up_to=None, packages_up_to_regex=None, packages_above=None, packages_above_and_dependencies=None, packages_above_depth=None, packages_select_by_dep=None, packages_skip_by_dep=None, packages_skip_up_to=None, packages_select_build_failed=False, packages_skip_build_finished=False, packages_select_test_failures=False, packages_skip_test_passed=False, packages_select=None, packages_skip=None, packages_select_regex=None, packages_skip_regex=None, packages_start=None, packages_end=None, allow_overriding=[], cmake_args=None, cmake_target=None, cmake_target_skip_unavailable=False, cmake_clean_cache=False, cmake_clean_first=False, cmake_force_configure=False, ament_cmake_args=None, catkin_cmake_args=None, catkin_skip_building_tests=False, verb_parser=<colcon_defaults.argument_parser.defaults.DefaultArgumentsDecorator object at 0x7b07cc3cb700>, verb_extension=<colcon_core.verb.build.BuildVerb object at 0x7b07cc3cb1f0>, main=<bound method BuildVerb.main of <colcon_core.verb.build.BuildVerb object at 0x7b07cc3cb1f0>>)
[0.842s] Level 1:colcon.colcon_core.package_discovery:discover_packages(colcon_meta) check parameters
[0.843s] Level 1:colcon.colcon_core.package_discovery:discover_packages(recursive) check parameters
[0.843s] Level 1:colcon.colcon_core.package_discovery:discover_packages(ignore) check parameters
[0.843s] Level 1:colcon.colcon_core.package_discovery:discover_packages(path) check parameters
[0.843s] Level 1:colcon.colcon_core.package_discovery:discover_packages(colcon_meta) discover
[0.843s] Level 1:colcon.colcon_core.package_discovery:discover_packages(recursive) discover
[0.843s] INFO:colcon.colcon_core.package_discovery:Crawling recursively for packages in '/home/mhpromit7473/Workspaces/ros2_py_ws'
[0.843s] Level 1:colcon.colcon_core.package_identification:_identify(.) by extensions ['ignore', 'ignore_ament_install']
[0.844s] Level 1:colcon.colcon_core.package_identification:_identify(.) by extension 'ignore'
[0.844s] Level 1:colcon.colcon_core.package_identification:_identify(.) by extension 'ignore_ament_install'
[0.845s] Level 1:colcon.colcon_core.package_identification:_identify(.) by extensions ['colcon_pkg']
[0.845s] Level 1:colcon.colcon_core.package_identification:_identify(.) by extension 'colcon_pkg'
[0.845s] Level 1:colcon.colcon_core.package_identification:_identify(.) by extensions ['colcon_meta']
[0.845s] Level 1:colcon.colcon_core.package_identification:_identify(.) by extension 'colcon_meta'
[0.845s] Level 1:colcon.colcon_core.package_identification:_identify(.) by extensions ['ros']
[0.845s] Level 1:colcon.colcon_core.package_identification:_identify(.) by extension 'ros'
[0.877s] Level 1:colcon.colcon_core.package_identification:_identify(.) by extensions ['cmake', 'python']
[0.878s] Level 1:colcon.colcon_core.package_identification:_identify(.) by extension 'cmake'
[0.878s] Level 1:colcon.colcon_core.package_identification:_identify(.) by extension 'python'
[0.878s] Level 1:colcon.colcon_core.package_identification:_identify(.) by extensions ['python_setup_py']
[0.878s] Level 1:colcon.colcon_core.package_identification:_identify(.) by extension 'python_setup_py'
[0.878s] Level 1:colcon.colcon_core.package_identification:_identify(build) by extensions ['ignore', 'ignore_ament_install']
[0.879s] Level 1:colcon.colcon_core.package_identification:_identify(build) by extension 'ignore'
[0.879s] Level 1:colcon.colcon_core.package_identification:_identify(build) ignored
[0.879s] Level 1:colcon.colcon_core.package_identification:_identify(install) by extensions ['ignore', 'ignore_ament_install']
[0.879s] Level 1:colcon.colcon_core.package_identification:_identify(install) by extension 'ignore'
[0.880s] Level 1:colcon.colcon_core.package_identification:_identify(install) ignored
[0.880s] Level 1:colcon.colcon_core.package_identification:_identify(log) by extensions ['ignore', 'ignore_ament_install']
[0.880s] Level 1:colcon.colcon_core.package_identification:_identify(log) by extension 'ignore'
[0.880s] Level 1:colcon.colcon_core.package_identification:_identify(log) ignored
[0.880s] Level 1:colcon.colcon_core.package_identification:_identify(src) by extensions ['ignore', 'ignore_ament_install']
[0.881s] Level 1:colcon.colcon_core.package_identification:_identify(src) by extension 'ignore'
[0.881s] Level 1:colcon.colcon_core.package_identification:_identify(src) by extension 'ignore_ament_install'
[0.881s] Level 1:colcon.colcon_core.package_identification:_identify(src) by extensions ['colcon_pkg']
[0.881s] Level 1:colcon.colcon_core.package_identification:_identify(src) by extension 'colcon_pkg'
[0.881s] Level 1:colcon.colcon_core.package_identification:_identify(src) by extensions ['colcon_meta']
[0.882s] Level 1:colcon.colcon_core.package_identification:_identify(src) by extension 'colcon_meta'
[0.882s] Level 1:colcon.colcon_core.package_identification:_identify(src) by extensions ['ros']
[0.882s] Level 1:colcon.colcon_core.package_identification:_identify(src) by extension 'ros'
[0.882s] Level 1:colcon.colcon_core.package_identification:_identify(src) by extensions ['cmake', 'python']
[0.882s] Level 1:colcon.colcon_core.package_identification:_identify(src) by extension 'cmake'
[0.882s] Level 1:colcon.colcon_core.package_identification:_identify(src) by extension 'python'
[0.882s] Level 1:colcon.colcon_core.package_identification:_identify(src) by extensions ['python_setup_py']
[0.883s] Level 1:colcon.colcon_core.package_identification:_identify(src) by extension 'python_setup_py'
[0.883s] Level 1:colcon.colcon_core.package_identification:_identify(src/udemy_ros2_pkg) by extensions ['ignore', 'ignore_ament_install']
[0.883s] Level 1:colcon.colcon_core.package_identification:_identify(src/udemy_ros2_pkg) by extension 'ignore'
[0.883s] Level 1:colcon.colcon_core.package_identification:_identify(src/udemy_ros2_pkg) by extension 'ignore_ament_install'
[0.883s] Level 1:colcon.colcon_core.package_identification:_identify(src/udemy_ros2_pkg) by extensions ['colcon_pkg']
[0.884s] Level 1:colcon.colcon_core.package_identification:_identify(src/udemy_ros2_pkg) by extension 'colcon_pkg'
[0.884s] Level 1:colcon.colcon_core.package_identification:_identify(src/udemy_ros2_pkg) by extensions ['colcon_meta']
[0.884s] Level 1:colcon.colcon_core.package_identification:_identify(src/udemy_ros2_pkg) by extension 'colcon_meta'
[0.884s] Level 1:colcon.colcon_core.package_identification:_identify(src/udemy_ros2_pkg) by extensions ['ros']
[0.884s] Level 1:colcon.colcon_core.package_identification:_identify(src/udemy_ros2_pkg) by extension 'ros'
[0.894s] DEBUG:colcon.colcon_core.package_identification:Package 'src/udemy_ros2_pkg' with type 'ros.ament_cmake' and name 'udemy_ros2_pkg'
[0.894s] Level 1:colcon.colcon_core.package_discovery:discover_packages(recursive) using defaults
[0.894s] Level 1:colcon.colcon_core.package_discovery:discover_packages(ignore) discover
[0.894s] Level 1:colcon.colcon_core.package_discovery:discover_packages(ignore) using defaults
[0.895s] Level 1:colcon.colcon_core.package_discovery:discover_packages(path) discover
[0.895s] Level 1:colcon.colcon_core.package_discovery:discover_packages(path) using defaults
[0.960s] Level 1:colcon.colcon_core.package_discovery:discover_packages(prefix_path) check parameters
[0.960s] Level 1:colcon.colcon_core.package_discovery:discover_packages(prefix_path) discover
[0.975s] DEBUG:colcon.colcon_installed_package_information.package_discovery:Found 270 installed packages in /opt/ros/humble
[0.980s] Level 1:colcon.colcon_core.package_discovery:discover_packages(prefix_path) using defaults
[1.128s] Level 5:colcon.colcon_core.verb:set package 'udemy_ros2_pkg' build argument 'cmake_args' from command line to 'None'
[1.128s] Level 5:colcon.colcon_core.verb:set package 'udemy_ros2_pkg' build argument 'cmake_target' from command line to 'None'
[1.128s] Level 5:colcon.colcon_core.verb:set package 'udemy_ros2_pkg' build argument 'cmake_target_skip_unavailable' from command line to 'False'
[1.128s] Level 5:colcon.colcon_core.verb:set package 'udemy_ros2_pkg' build argument 'cmake_clean_cache' from command line to 'False'
[1.129s] Level 5:colcon.colcon_core.verb:set package 'udemy_ros2_pkg' build argument 'cmake_clean_first' from command line to 'False'
[1.129s] Level 5:colcon.colcon_core.verb:set package 'udemy_ros2_pkg' build argument 'cmake_force_configure' from command line to 'False'
[1.129s] Level 5:colcon.colcon_core.verb:set package 'udemy_ros2_pkg' build argument 'ament_cmake_args' from command line to 'None'
[1.129s] Level 5:colcon.colcon_core.verb:set package 'udemy_ros2_pkg' build argument 'catkin_cmake_args' from command line to 'None'
[1.129s] Level 5:colcon.colcon_core.verb:set package 'udemy_ros2_pkg' build argument 'catkin_skip_building_tests' from command line to 'False'
[1.129s] DEBUG:colcon.colcon_core.verb:Building package 'udemy_ros2_pkg' with the following arguments: {'ament_cmake_args': None, 'build_base': '/home/mhpromit7473/Workspaces/ros2_py_ws/build/udemy_ros2_pkg', 'catkin_cmake_args': None, 'catkin_skip_building_tests': False, 'cmake_args': None, 'cmake_clean_cache': False, 'cmake_clean_first': False, 'cmake_force_configure': False, 'cmake_target': None, 'cmake_target_skip_unavailable': False, 'install_base': '/home/mhpromit7473/Workspaces/ros2_py_ws/install/udemy_ros2_pkg', 'merge_install': False, 'path': '/home/mhpromit7473/Workspaces/ros2_py_ws/src/udemy_ros2_pkg', 'symlink_install': False, 'test_result_base': None}
[1.129s] INFO:colcon.colcon_core.executor:Executing jobs using 'parallel' executor
[1.133s] DEBUG:colcon.colcon_parallel_executor.executor.parallel:run_until_complete
[1.134s] INFO:colcon.colcon_ros.task.ament_cmake.build:Building ROS package in '/home/mhpromit7473/Workspaces/ros2_py_ws/src/udemy_ros2_pkg' with build type 'ament_cmake'
[1.134s] INFO:colcon.colcon_cmake.task.cmake.build:Building CMake package in '/home/mhpromit7473/Workspaces/ros2_py_ws/src/udemy_ros2_pkg'
[1.151s] INFO:colcon.colcon_core.plugin_system:Skipping extension 'colcon_core.shell.bat': Not used on non-Windows systems
[1.152s] INFO:colcon.colcon_core.shell:Skip shell extension 'powershell' for command environment: Not usable outside of PowerShell
[1.152s] DEBUG:colcon.colcon_core.shell:Skip shell extension 'dsv' for command environment
[1.189s] DEBUG:colcon.colcon_core.event_handler.log_command:Invoking command in '/home/mhpromit7473/Workspaces/ros2_py_ws/build/udemy_ros2_pkg': CMAKE_PREFIX_PATH=/opt/ros/humble /usr/bin/cmake /home/mhpromit7473/Workspaces/ros2_py_ws/src/udemy_ros2_pkg -DCMAKE_INSTALL_PREFIX=/home/mhpromit7473/Workspaces/ros2_py_ws/install/udemy_ros2_pkg
[3.898s] DEBUG:colcon.colcon_core.event_handler.log_command:Invoked command in '/home/mhpromit7473/Workspaces/ros2_py_ws/build/udemy_ros2_pkg' returned '0': CMAKE_PREFIX_PATH=/opt/ros/humble /usr/bin/cmake /home/mhpromit7473/Workspaces/ros2_py_ws/src/udemy_ros2_pkg -DCMAKE_INSTALL_PREFIX=/home/mhpromit7473/Workspaces/ros2_py_ws/install/udemy_ros2_pkg
[3.905s] DEBUG:colcon.colcon_core.event_handler.log_command:Invoking command in '/home/mhpromit7473/Workspaces/ros2_py_ws/build/udemy_ros2_pkg': CMAKE_PREFIX_PATH=/opt/ros/humble /usr/bin/cmake --build /home/mhpromit7473/Workspaces/ros2_py_ws/build/udemy_ros2_pkg -- -j2 -l2
[4.049s] DEBUG:colcon.colcon_core.event_handler.log_command:Invoked command in '/home/mhpromit7473/Workspaces/ros2_py_ws/build/udemy_ros2_pkg' returned '0': CMAKE_PREFIX_PATH=/opt/ros/humble /usr/bin/cmake --build /home/mhpromit7473/Workspaces/ros2_py_ws/build/udemy_ros2_pkg -- -j2 -l2
[4.241s] DEBUG:colcon.colcon_core.event_handler.log_command:Invoking command in '/home/mhpromit7473/Workspaces/ros2_py_ws/build/udemy_ros2_pkg': CMAKE_PREFIX_PATH=/opt/ros/humble /usr/bin/cmake --install /home/mhpromit7473/Workspaces/ros2_py_ws/build/udemy_ros2_pkg
[4.280s] Level 1:colcon.colcon_core.environment:create_environment_scripts_only(udemy_ros2_pkg)
[4.283s] DEBUG:colcon.colcon_core.event_handler.log_command:Invoked command in '/home/mhpromit7473/Workspaces/ros2_py_ws/build/udemy_ros2_pkg' returned '0': CMAKE_PREFIX_PATH=/opt/ros/humble /usr/bin/cmake --install /home/mhpromit7473/Workspaces/ros2_py_ws/build/udemy_ros2_pkg
[4.303s] Level 1:colcon.colcon_core.environment:checking '/home/mhpromit7473/Workspaces/ros2_py_ws/install/udemy_ros2_pkg' for CMake module files
[4.305s] Level 1:colcon.colcon_core.environment:checking '/home/mhpromit7473/Workspaces/ros2_py_ws/install/udemy_ros2_pkg' for CMake config files
[4.305s] Level 1:colcon.colcon_core.shell:create_environment_hook('udemy_ros2_pkg', 'cmake_prefix_path')
[4.306s] INFO:colcon.colcon_core.shell:Creating environment hook '/home/mhpromit7473/Workspaces/ros2_py_ws/install/udemy_ros2_pkg/share/udemy_ros2_pkg/hook/cmake_prefix_path.ps1'
[4.308s] INFO:colcon.colcon_core.shell:Creating environment descriptor '/home/mhpromit7473/Workspaces/ros2_py_ws/install/udemy_ros2_pkg/share/udemy_ros2_pkg/hook/cmake_prefix_path.dsv'
[4.311s] INFO:colcon.colcon_core.shell:Creating environment hook '/home/mhpromit7473/Workspaces/ros2_py_ws/install/udemy_ros2_pkg/share/udemy_ros2_pkg/hook/cmake_prefix_path.sh'
[4.317s] Level 1:colcon.colcon_core.environment:checking '/home/mhpromit7473/Workspaces/ros2_py_ws/install/udemy_ros2_pkg/bin'
[4.318s] Level 1:colcon.colcon_core.environment:checking '/home/mhpromit7473/Workspaces/ros2_py_ws/install/udemy_ros2_pkg/lib/pkgconfig/udemy_ros2_pkg.pc'
[4.318s] Level 1:colcon.colcon_core.environment:checking '/home/mhpromit7473/Workspaces/ros2_py_ws/install/udemy_ros2_pkg/lib/python3.10/site-packages'
[4.319s] Level 1:colcon.colcon_core.environment:checking '/home/mhpromit7473/Workspaces/ros2_py_ws/install/udemy_ros2_pkg/bin'
[4.320s] INFO:colcon.colcon_core.shell:Creating package script '/home/mhpromit7473/Workspaces/ros2_py_ws/install/udemy_ros2_pkg/share/udemy_ros2_pkg/package.ps1'
[4.323s] INFO:colcon.colcon_core.shell:Creating package descriptor '/home/mhpromit7473/Workspaces/ros2_py_ws/install/udemy_ros2_pkg/share/udemy_ros2_pkg/package.dsv'
[4.326s] INFO:colcon.colcon_core.shell:Creating package script '/home/mhpromit7473/Workspaces/ros2_py_ws/install/udemy_ros2_pkg/share/udemy_ros2_pkg/package.sh'
[4.329s] INFO:colcon.colcon_core.shell:Creating package script '/home/mhpromit7473/Workspaces/ros2_py_ws/install/udemy_ros2_pkg/share/udemy_ros2_pkg/package.bash'
[4.332s] INFO:colcon.colcon_core.shell:Creating package script '/home/mhpromit7473/Workspaces/ros2_py_ws/install/udemy_ros2_pkg/share/udemy_ros2_pkg/package.zsh'
[4.334s] Level 1:colcon.colcon_core.environment:create_file_with_runtime_dependencies(/home/mhpromit7473/Workspaces/ros2_py_ws/install/udemy_ros2_pkg/share/colcon-core/packages/udemy_ros2_pkg)
[4.466s] Level 1:colcon.colcon_core.environment:create_environment_scripts_only(udemy_ros2_pkg)
[4.467s] Level 1:colcon.colcon_core.environment:checking '/home/mhpromit7473/Workspaces/ros2_py_ws/install/udemy_ros2_pkg' for CMake module files
[4.469s] Level 1:colcon.colcon_core.environment:checking '/home/mhpromit7473/Workspaces/ros2_py_ws/install/udemy_ros2_pkg' for CMake config files
[4.469s] Level 1:colcon.colcon_core.shell:create_environment_hook('udemy_ros2_pkg', 'cmake_prefix_path')
[4.470s] INFO:colcon.colcon_core.shell:Creating environment hook '/home/mhpromit7473/Workspaces/ros2_py_ws/install/udemy_ros2_pkg/share/udemy_ros2_pkg/hook/cmake_prefix_path.ps1'
[4.471s] INFO:colcon.colcon_core.shell:Creating environment descriptor '/home/mhpromit7473/Workspaces/ros2_py_ws/install/udemy_ros2_pkg/share/udemy_ros2_pkg/hook/cmake_prefix_path.dsv'
[4.473s] INFO:colcon.colcon_core.shell:Creating environment hook '/home/mhpromit7473/Workspaces/ros2_py_ws/install/udemy_ros2_pkg/share/udemy_ros2_pkg/hook/cmake_prefix_path.sh'
[4.475s] Level 1:colcon.colcon_core.environment:checking '/home/mhpromit7473/Workspaces/ros2_py_ws/install/udemy_ros2_pkg/bin'
[4.475s] Level 1:colcon.colcon_core.environment:checking '/home/mhpromit7473/Workspaces/ros2_py_ws/install/udemy_ros2_pkg/lib/pkgconfig/udemy_ros2_pkg.pc'
[4.476s] Level 1:colcon.colcon_core.environment:checking '/home/mhpromit7473/Workspaces/ros2_py_ws/install/udemy_ros2_pkg/lib/python3.10/site-packages'
[4.476s] Level 1:colcon.colcon_core.environment:checking '/home/mhpromit7473/Workspaces/ros2_py_ws/install/udemy_ros2_pkg/bin'
[4.477s] INFO:colcon.colcon_core.shell:Creating package script '/home/mhpromit7473/Workspaces/ros2_py_ws/install/udemy_ros2_pkg/share/udemy_ros2_pkg/package.ps1'
[4.479s] INFO:colcon.colcon_core.shell:Creating package descriptor '/home/mhpromit7473/Workspaces/ros2_py_ws/install/udemy_ros2_pkg/share/udemy_ros2_pkg/package.dsv'
[4.481s] INFO:colcon.colcon_core.shell:Creating package script '/home/mhpromit7473/Workspaces/ros2_py_ws/install/udemy_ros2_pkg/share/udemy_ros2_pkg/package.sh'
[4.483s] INFO:colcon.colcon_core.shell:Creating package script '/home/mhpromit7473/Workspaces/ros2_py_ws/install/udemy_ros2_pkg/share/udemy_ros2_pkg/package.bash'
[4.484s] INFO:colcon.colcon_core.shell:Creating package script '/home/mhpromit7473/Workspaces/ros2_py_ws/install/udemy_ros2_pkg/share/udemy_ros2_pkg/package.zsh'
[4.486s] Level 1:colcon.colcon_core.environment:create_file_with_runtime_dependencies(/home/mhpromit7473/Workspaces/ros2_py_ws/install/udemy_ros2_pkg/share/colcon-core/packages/udemy_ros2_pkg)
[4.488s] DEBUG:colcon.colcon_parallel_executor.executor.parallel:closing loop
[4.489s] DEBUG:colcon.colcon_parallel_executor.executor.parallel:loop closed
[4.489s] DEBUG:colcon.colcon_parallel_executor.executor.parallel:run_until_complete finished with '0'
[4.489s] DEBUG:colcon.colcon_core.event_reactor:joining thread
[4.546s] INFO:colcon.colcon_core.plugin_system:Skipping extension 'colcon_notification.desktop_notification.terminal_notifier': Not used on non-Darwin systems
[4.546s] INFO:colcon.colcon_core.plugin_system:Skipping extension 'colcon_notification.desktop_notification.win32': Not used on non-Windows systems
[4.547s] INFO:colcon.colcon_notification.desktop_notification:Sending desktop notification using 'notify2'
[4.591s] DEBUG:colcon.colcon_core.event_reactor:joined thread
[4.592s] INFO:colcon.colcon_core.shell:Creating prefix script '/home/mhpromit7473/Workspaces/ros2_py_ws/install/local_setup.ps1'
[4.595s] INFO:colcon.colcon_core.shell:Creating prefix util module '/home/mhpromit7473/Workspaces/ros2_py_ws/install/_local_setup_util_ps1.py'
[4.600s] INFO:colcon.colcon_core.shell:Creating prefix chain script '/home/mhpromit7473/Workspaces/ros2_py_ws/install/setup.ps1'
[4.604s] INFO:colcon.colcon_core.shell:Creating prefix script '/home/mhpromit7473/Workspaces/ros2_py_ws/install/local_setup.sh'
[4.607s] INFO:colcon.colcon_core.shell:Creating prefix util module '/home/mhpromit7473/Workspaces/ros2_py_ws/install/_local_setup_util_sh.py'
[4.609s] INFO:colcon.colcon_core.shell:Creating prefix chain script '/home/mhpromit7473/Workspaces/ros2_py_ws/install/setup.sh'
[4.613s] INFO:colcon.colcon_core.shell:Creating prefix script '/home/mhpromit7473/Workspaces/ros2_py_ws/install/local_setup.bash'
[4.617s] INFO:colcon.colcon_core.shell:Creating prefix chain script '/home/mhpromit7473/Workspaces/ros2_py_ws/install/setup.bash'
[4.620s] INFO:colcon.colcon_core.shell:Creating prefix script '/home/mhpromit7473/Workspaces/ros2_py_ws/install/local_setup.zsh'
[4.623s] INFO:colcon.colcon_core.shell:Creating prefix chain script '/home/mhpromit7473/Workspaces/ros2_py_ws/install/setup.zsh'
